[2024-09-08T02:29:52.481+0000] {processor.py:186} INFO - Started process (PID=184) to work on /opt/airflow/dags/main.py
[2024-09-08T02:29:52.482+0000] {processor.py:914} INFO - Processing file /opt/airflow/dags/main.py for tasks to queue
[2024-09-08T02:29:52.484+0000] {logging_mixin.py:190} INFO - [2024-09-08T02:29:52.484+0000] {dagbag.py:587} INFO - Filling up the DagBag from /opt/airflow/dags/main.py
[2024-09-08T02:29:52.520+0000] {processor.py:925} INFO - DAG(s) 'main' retrieved from /opt/airflow/dags/main.py
[2024-09-08T02:29:52.790+0000] {logging_mixin.py:190} INFO - [2024-09-08T02:29:52.789+0000] {override.py:1858} INFO - Created Permission View: can edit on DAG:main
[2024-09-08T02:29:52.802+0000] {logging_mixin.py:190} INFO - [2024-09-08T02:29:52.801+0000] {override.py:1858} INFO - Created Permission View: can delete on DAG:main
[2024-09-08T02:29:52.809+0000] {logging_mixin.py:190} INFO - [2024-09-08T02:29:52.808+0000] {override.py:1858} INFO - Created Permission View: can read on DAG:main
[2024-09-08T02:29:52.810+0000] {logging_mixin.py:190} INFO - [2024-09-08T02:29:52.810+0000] {dag.py:3211} INFO - Sync 1 DAGs
[2024-09-08T02:29:52.829+0000] {logging_mixin.py:190} INFO - [2024-09-08T02:29:52.829+0000] {dag.py:3234} INFO - Creating ORM DAG for main
[2024-09-08T02:29:52.840+0000] {logging_mixin.py:190} INFO - [2024-09-08T02:29:52.840+0000] {dag.py:4138} INFO - Setting next_dagrun for main to 2024-09-01 00:00:00+00:00, run_after=2024-10-01 00:00:00+00:00
[2024-09-08T02:29:52.861+0000] {processor.py:208} INFO - Processing /opt/airflow/dags/main.py took 0.387 seconds
[2024-09-08T02:30:23.132+0000] {processor.py:186} INFO - Started process (PID=189) to work on /opt/airflow/dags/main.py
[2024-09-08T02:30:23.133+0000] {processor.py:914} INFO - Processing file /opt/airflow/dags/main.py for tasks to queue
[2024-09-08T02:30:23.135+0000] {logging_mixin.py:190} INFO - [2024-09-08T02:30:23.135+0000] {dagbag.py:587} INFO - Filling up the DagBag from /opt/airflow/dags/main.py
[2024-09-08T02:30:23.155+0000] {processor.py:925} INFO - DAG(s) 'main' retrieved from /opt/airflow/dags/main.py
[2024-09-08T02:30:23.185+0000] {logging_mixin.py:190} INFO - [2024-09-08T02:30:23.184+0000] {dag.py:3211} INFO - Sync 1 DAGs
[2024-09-08T02:30:23.213+0000] {logging_mixin.py:190} INFO - [2024-09-08T02:30:23.212+0000] {dag.py:4138} INFO - Setting next_dagrun for main to 2024-09-01 00:00:00+00:00, run_after=2024-10-01 00:00:00+00:00
[2024-09-08T02:30:23.233+0000] {processor.py:208} INFO - Processing /opt/airflow/dags/main.py took 0.106 seconds
[2024-09-08T02:30:53.492+0000] {processor.py:186} INFO - Started process (PID=194) to work on /opt/airflow/dags/main.py
[2024-09-08T02:30:53.493+0000] {processor.py:914} INFO - Processing file /opt/airflow/dags/main.py for tasks to queue
[2024-09-08T02:30:53.496+0000] {logging_mixin.py:190} INFO - [2024-09-08T02:30:53.495+0000] {dagbag.py:587} INFO - Filling up the DagBag from /opt/airflow/dags/main.py
[2024-09-08T02:30:53.514+0000] {processor.py:925} INFO - DAG(s) 'main' retrieved from /opt/airflow/dags/main.py
[2024-09-08T02:30:53.543+0000] {logging_mixin.py:190} INFO - [2024-09-08T02:30:53.543+0000] {dag.py:3211} INFO - Sync 1 DAGs
[2024-09-08T02:30:53.566+0000] {logging_mixin.py:190} INFO - [2024-09-08T02:30:53.566+0000] {dag.py:4138} INFO - Setting next_dagrun for main to 2024-09-01 00:00:00+00:00, run_after=2024-10-01 00:00:00+00:00
[2024-09-08T02:30:53.598+0000] {processor.py:208} INFO - Processing /opt/airflow/dags/main.py took 0.112 seconds
[2024-09-08T02:31:23.959+0000] {processor.py:186} INFO - Started process (PID=199) to work on /opt/airflow/dags/main.py
[2024-09-08T02:31:23.960+0000] {processor.py:914} INFO - Processing file /opt/airflow/dags/main.py for tasks to queue
[2024-09-08T02:31:23.963+0000] {logging_mixin.py:190} INFO - [2024-09-08T02:31:23.963+0000] {dagbag.py:587} INFO - Filling up the DagBag from /opt/airflow/dags/main.py
[2024-09-08T02:31:24.006+0000] {processor.py:925} INFO - DAG(s) 'main' retrieved from /opt/airflow/dags/main.py
[2024-09-08T02:31:24.033+0000] {logging_mixin.py:190} INFO - [2024-09-08T02:31:24.033+0000] {dag.py:3211} INFO - Sync 1 DAGs
[2024-09-08T02:31:24.059+0000] {logging_mixin.py:190} INFO - [2024-09-08T02:31:24.059+0000] {dag.py:4138} INFO - Setting next_dagrun for main to 2024-09-01 00:00:00+00:00, run_after=2024-10-01 00:00:00+00:00
[2024-09-08T02:31:24.098+0000] {processor.py:208} INFO - Processing /opt/airflow/dags/main.py took 0.143 seconds
