[2024-08-28T13:57:15.283+0000] {manager.py:483} INFO - Processing files using up to 2 processes at a time 
[2024-08-28T13:57:15.284+0000] {manager.py:484} INFO - Process each file at most once every 30 seconds
[2024-08-28T13:57:15.285+0000] {manager.py:485} INFO - Checking for new files in /opt/airflow/dags every 300 seconds
[2024-08-28T13:57:15.285+0000] {manager.py:821} INFO - Searching for files in /opt/airflow/dags
[2024-08-28T13:57:15.289+0000] {manager.py:824} INFO - There are 0 files in /opt/airflow/dags
[2024-08-28T14:02:15.370+0000] {manager.py:821} INFO - Searching for files in /opt/airflow/dags
[2024-08-28T14:02:15.381+0000] {manager.py:824} INFO - There are 0 files in /opt/airflow/dags
[2024-08-28T14:07:15.709+0000] {manager.py:821} INFO - Searching for files in /opt/airflow/dags
[2024-08-28T14:07:15.714+0000] {manager.py:824} INFO - There are 0 files in /opt/airflow/dags
[2024-08-28T14:12:16.086+0000] {manager.py:821} INFO - Searching for files in /opt/airflow/dags
[2024-08-28T14:12:16.099+0000] {manager.py:824} INFO - There are 0 files in /opt/airflow/dags
[2024-08-28T14:17:16.581+0000] {manager.py:821} INFO - Searching for files in /opt/airflow/dags
[2024-08-28T14:17:16.592+0000] {manager.py:824} INFO - There are 0 files in /opt/airflow/dags
[2024-08-28T14:22:16.949+0000] {manager.py:821} INFO - Searching for files in /opt/airflow/dags
[2024-08-28T14:22:16.957+0000] {manager.py:824} INFO - There are 0 files in /opt/airflow/dags
[2024-08-28T14:27:17.394+0000] {manager.py:821} INFO - Searching for files in /opt/airflow/dags
[2024-08-28T14:27:17.408+0000] {manager.py:824} INFO - There are 0 files in /opt/airflow/dags
[2024-08-28T14:32:17.704+0000] {manager.py:821} INFO - Searching for files in /opt/airflow/dags
[2024-08-28T14:32:17.716+0000] {manager.py:824} INFO - There are 0 files in /opt/airflow/dags
[2024-08-28T14:37:17.994+0000] {manager.py:821} INFO - Searching for files in /opt/airflow/dags
[2024-08-28T14:37:18.002+0000] {manager.py:824} INFO - There are 0 files in /opt/airflow/dags
[2024-08-28T14:42:18.226+0000] {manager.py:821} INFO - Searching for files in /opt/airflow/dags
[2024-08-28T14:42:18.230+0000] {manager.py:824} INFO - There are 0 files in /opt/airflow/dags
[2024-08-28T14:47:18.434+0000] {manager.py:821} INFO - Searching for files in /opt/airflow/dags
[2024-08-28T14:47:18.448+0000] {manager.py:824} INFO - There are 0 files in /opt/airflow/dags
[2024-08-28T14:52:18.880+0000] {manager.py:821} INFO - Searching for files in /opt/airflow/dags
[2024-08-28T14:52:18.883+0000] {manager.py:824} INFO - There are 0 files in /opt/airflow/dags
[2024-08-28T14:57:19.155+0000] {manager.py:821} INFO - Searching for files in /opt/airflow/dags
[2024-08-28T14:57:19.163+0000] {manager.py:824} INFO - There are 0 files in /opt/airflow/dags
[2024-08-28T15:02:19.707+0000] {manager.py:821} INFO - Searching for files in /opt/airflow/dags
[2024-08-28T15:02:19.719+0000] {manager.py:824} INFO - There are 0 files in /opt/airflow/dags
[2024-08-28T15:07:20.149+0000] {manager.py:821} INFO - Searching for files in /opt/airflow/dags
[2024-08-28T15:07:20.153+0000] {manager.py:824} INFO - There are 0 files in /opt/airflow/dags
[2024-08-28T15:12:20.473+0000] {manager.py:821} INFO - Searching for files in /opt/airflow/dags
[2024-08-28T15:12:20.484+0000] {manager.py:824} INFO - There are 0 files in /opt/airflow/dags
[2024-08-28T15:17:21.007+0000] {manager.py:821} INFO - Searching for files in /opt/airflow/dags
[2024-08-28T15:17:21.017+0000] {manager.py:824} INFO - There are 0 files in /opt/airflow/dags
[2024-08-28T15:22:21.455+0000] {manager.py:821} INFO - Searching for files in /opt/airflow/dags
[2024-08-28T15:22:21.468+0000] {manager.py:824} INFO - There are 0 files in /opt/airflow/dags
[2024-08-28T15:27:21.905+0000] {manager.py:821} INFO - Searching for files in /opt/airflow/dags
[2024-08-28T15:27:21.919+0000] {manager.py:824} INFO - There are 0 files in /opt/airflow/dags
[2024-08-28T15:32:22.412+0000] {manager.py:821} INFO - Searching for files in /opt/airflow/dags
[2024-08-28T15:32:22.425+0000] {manager.py:824} INFO - There are 0 files in /opt/airflow/dags
[2024-08-28T15:35:28.966+0000] {manager.py:465} INFO - Exiting gracefully upon receiving signal 15
[2024-08-28T15:43:05.120+0000] {manager.py:483} INFO - Processing files using up to 2 processes at a time 
[2024-08-28T15:43:05.121+0000] {manager.py:484} INFO - Process each file at most once every 30 seconds
[2024-08-28T15:43:05.122+0000] {manager.py:485} INFO - Checking for new files in /opt/airflow/dags every 300 seconds
[2024-08-28T15:43:05.122+0000] {manager.py:821} INFO - Searching for files in /opt/airflow/dags
[2024-08-28T15:43:05.128+0000] {manager.py:824} INFO - There are 0 files in /opt/airflow/dags
[2024-08-28T15:48:05.187+0000] {manager.py:821} INFO - Searching for files in /opt/airflow/dags
[2024-08-28T15:48:05.194+0000] {manager.py:824} INFO - There are 0 files in /opt/airflow/dags
[2024-08-28T15:53:05.367+0000] {manager.py:821} INFO - Searching for files in /opt/airflow/dags
[2024-08-28T15:53:05.371+0000] {manager.py:824} INFO - There are 0 files in /opt/airflow/dags
[2024-08-28T15:53:40.129+0000] {manager.py:465} INFO - Exiting gracefully upon receiving signal 15
[2024-08-28T15:56:00.134+0000] {manager.py:483} INFO - Processing files using up to 2 processes at a time 
[2024-08-28T15:56:00.136+0000] {manager.py:484} INFO - Process each file at most once every 30 seconds
[2024-08-28T15:56:00.137+0000] {manager.py:485} INFO - Checking for new files in /opt/airflow/dags every 300 seconds
[2024-08-28T15:56:00.138+0000] {manager.py:821} INFO - Searching for files in /opt/airflow/dags
[2024-08-28T15:56:00.143+0000] {manager.py:824} INFO - There are 0 files in /opt/airflow/dags
[2024-08-28T15:57:23.655+0000] {manager.py:465} INFO - Exiting gracefully upon receiving signal 15
[2024-08-28T16:18:11.281+0000] {manager.py:483} INFO - Processing files using up to 2 processes at a time 
[2024-08-28T16:18:11.281+0000] {manager.py:484} INFO - Process each file at most once every 30 seconds
[2024-08-28T16:18:11.282+0000] {manager.py:485} INFO - Checking for new files in /opt/airflow/dags every 300 seconds
[2024-08-28T16:18:11.283+0000] {manager.py:821} INFO - Searching for files in /opt/airflow/dags
[2024-08-28T16:18:11.288+0000] {manager.py:824} INFO - There are 0 files in /opt/airflow/dags
[2024-08-28T16:19:44.853+0000] {manager.py:465} INFO - Exiting gracefully upon receiving signal 15
[2024-08-31T02:14:57.561+0000] {manager.py:483} INFO - Processing files using up to 2 processes at a time 
[2024-08-31T02:14:57.563+0000] {manager.py:484} INFO - Process each file at most once every 30 seconds
[2024-08-31T02:14:57.563+0000] {manager.py:485} INFO - Checking for new files in /opt/airflow/dags every 300 seconds
[2024-08-31T02:14:57.564+0000] {manager.py:821} INFO - Searching for files in /opt/airflow/dags
[2024-08-31T02:14:57.567+0000] {manager.py:824} INFO - There are 0 files in /opt/airflow/dags
[2024-08-31T02:19:57.633+0000] {manager.py:821} INFO - Searching for files in /opt/airflow/dags
[2024-08-31T02:19:57.639+0000] {manager.py:824} INFO - There are 0 files in /opt/airflow/dags
[2024-08-31T02:23:02.361+0000] {manager.py:465} INFO - Exiting gracefully upon receiving signal 15
[2024-08-31T02:35:20.458+0000] {manager.py:483} INFO - Processing files using up to 2 processes at a time 
[2024-08-31T02:35:20.459+0000] {manager.py:484} INFO - Process each file at most once every 30 seconds
[2024-08-31T02:35:20.459+0000] {manager.py:485} INFO - Checking for new files in /opt/airflow/dags every 300 seconds
[2024-08-31T02:35:20.460+0000] {manager.py:821} INFO - Searching for files in /opt/airflow/dags
[2024-08-31T02:35:20.464+0000] {manager.py:824} INFO - There are 0 files in /opt/airflow/dags
[2024-08-31T02:38:51.610+0000] {manager.py:465} INFO - Exiting gracefully upon receiving signal 15
[2024-09-01T12:27:09.311+0000] {manager.py:483} INFO - Processing files using up to 2 processes at a time 
[2024-09-01T12:27:09.313+0000] {manager.py:484} INFO - Process each file at most once every 30 seconds
[2024-09-01T12:27:09.313+0000] {manager.py:485} INFO - Checking for new files in /opt/airflow/dags every 300 seconds
[2024-09-01T12:27:09.314+0000] {manager.py:821} INFO - Searching for files in /opt/airflow/dags
[2024-09-01T12:27:09.318+0000] {manager.py:824} INFO - There are 0 files in /opt/airflow/dags
[2024-09-01T12:32:09.769+0000] {manager.py:821} INFO - Searching for files in /opt/airflow/dags
[2024-09-01T12:32:09.774+0000] {manager.py:824} INFO - There are 0 files in /opt/airflow/dags
[2024-09-01T12:37:10.283+0000] {manager.py:821} INFO - Searching for files in /opt/airflow/dags
[2024-09-01T12:37:10.298+0000] {manager.py:824} INFO - There are 0 files in /opt/airflow/dags
[2024-09-01T12:42:10.881+0000] {manager.py:821} INFO - Searching for files in /opt/airflow/dags
[2024-09-01T12:42:10.890+0000] {manager.py:824} INFO - There are 0 files in /opt/airflow/dags
[2024-09-01T12:46:11.367+0000] {manager.py:465} INFO - Exiting gracefully upon receiving signal 15
[2024-09-01T13:12:48.103+0000] {manager.py:483} INFO - Processing files using up to 2 processes at a time 
[2024-09-01T13:12:48.104+0000] {manager.py:484} INFO - Process each file at most once every 30 seconds
[2024-09-01T13:12:48.105+0000] {manager.py:485} INFO - Checking for new files in /opt/airflow/dags every 300 seconds
[2024-09-01T13:12:48.106+0000] {manager.py:821} INFO - Searching for files in /opt/airflow/dags
[2024-09-01T13:12:48.114+0000] {manager.py:824} INFO - There are 0 files in /opt/airflow/dags
[2024-09-01T13:17:48.932+0000] {manager.py:821} INFO - Searching for files in /opt/airflow/dags
[2024-09-01T13:17:48.946+0000] {manager.py:824} INFO - There are 0 files in /opt/airflow/dags
[2024-09-01T13:22:49.446+0000] {manager.py:821} INFO - Searching for files in /opt/airflow/dags
[2024-09-01T13:22:49.493+0000] {manager.py:824} INFO - There are 1 files in /opt/airflow/dags
[2024-09-01T13:23:07.427+0000] {manager.py:997} INFO - 
================================================================================
DAG File Processing Stats

File Path                  PID    Runtime      # DAGs    # Errors  Last Runtime    Last Run               Last # of DB Queries
-------------------------  -----  ---------  --------  ----------  --------------  -------------------  ----------------------
/opt/airflow/dags/test.py                           1           0  0.21s           2024-09-01T13:23:06                      11
================================================================================
[2024-09-01T13:23:37.947+0000] {manager.py:997} INFO - 
================================================================================
DAG File Processing Stats

File Path                  PID    Runtime      # DAGs    # Errors  Last Runtime    Last Run               Last # of DB Queries
-------------------------  -----  ---------  --------  ----------  --------------  -------------------  ----------------------
/opt/airflow/dags/test.py                           1           0  0.19s           2024-09-01T13:23:10                      11
================================================================================
[2024-09-01T13:24:08.436+0000] {manager.py:997} INFO - 
================================================================================
DAG File Processing Stats

File Path                  PID    Runtime      # DAGs    # Errors  Last Runtime    Last Run               Last # of DB Queries
-------------------------  -----  ---------  --------  ----------  --------------  -------------------  ----------------------
/opt/airflow/dags/test.py                           1           0  0.47s           2024-09-01T13:23:47                      22
================================================================================
[2024-09-01T13:24:39.135+0000] {manager.py:997} INFO - 
================================================================================
DAG File Processing Stats

File Path                  PID    Runtime      # DAGs    # Errors  Last Runtime    Last Run               Last # of DB Queries
-------------------------  -----  ---------  --------  ----------  --------------  -------------------  ----------------------
/opt/airflow/dags/test.py                           1           0  0.30s           2024-09-01T13:24:18                      12
================================================================================
[2024-09-01T13:25:09.818+0000] {manager.py:997} INFO - 
================================================================================
DAG File Processing Stats

File Path                  PID    Runtime      # DAGs    # Errors  Last Runtime    Last Run               Last # of DB Queries
-------------------------  -----  ---------  --------  ----------  --------------  -------------------  ----------------------
/opt/airflow/dags/test.py                           1           0  0.32s           2024-09-01T13:24:48                      12
================================================================================
[2024-09-01T13:25:40.174+0000] {manager.py:997} INFO - 
================================================================================
DAG File Processing Stats

File Path                  PID    Runtime      # DAGs    # Errors  Last Runtime    Last Run               Last # of DB Queries
-------------------------  -----  ---------  --------  ----------  --------------  -------------------  ----------------------
/opt/airflow/dags/test.py                           1           0  0.33s           2024-09-01T13:25:19                      12
================================================================================
[2024-09-01T13:26:10.781+0000] {manager.py:997} INFO - 
================================================================================
DAG File Processing Stats

File Path                  PID    Runtime      # DAGs    # Errors  Last Runtime    Last Run               Last # of DB Queries
-------------------------  -----  ---------  --------  ----------  --------------  -------------------  ----------------------
/opt/airflow/dags/test.py                           1           0  0.20s           2024-09-01T13:25:49                      12
================================================================================
[2024-09-01T13:26:41.106+0000] {manager.py:997} INFO - 
================================================================================
DAG File Processing Stats

File Path                  PID    Runtime      # DAGs    # Errors  Last Runtime    Last Run               Last # of DB Queries
-------------------------  -----  ---------  --------  ----------  --------------  -------------------  ----------------------
/opt/airflow/dags/test.py                           1           0  0.18s           2024-09-01T13:26:20                      12
================================================================================
[2024-09-01T13:27:11.573+0000] {manager.py:997} INFO - 
================================================================================
DAG File Processing Stats

File Path                  PID    Runtime      # DAGs    # Errors  Last Runtime    Last Run               Last # of DB Queries
-------------------------  -----  ---------  --------  ----------  --------------  -------------------  ----------------------
/opt/airflow/dags/test.py                           1           0  0.20s           2024-09-01T13:26:50                      12
================================================================================
[2024-09-01T13:27:42.177+0000] {manager.py:997} INFO - 
================================================================================
DAG File Processing Stats

File Path                  PID    Runtime      # DAGs    # Errors  Last Runtime    Last Run               Last # of DB Queries
-------------------------  -----  ---------  --------  ----------  --------------  -------------------  ----------------------
/opt/airflow/dags/test.py                           1           0  0.21s           2024-09-01T13:27:34                      11
================================================================================
[2024-09-01T13:27:50.260+0000] {manager.py:821} INFO - Searching for files in /opt/airflow/dags
[2024-09-01T13:27:50.289+0000] {manager.py:824} INFO - There are 1 files in /opt/airflow/dags
[2024-09-01T13:28:12.584+0000] {manager.py:997} INFO - 
================================================================================
DAG File Processing Stats

File Path                  PID    Runtime      # DAGs    # Errors  Last Runtime    Last Run               Last # of DB Queries
-------------------------  -----  ---------  --------  ----------  --------------  -------------------  ----------------------
/opt/airflow/dags/test.py                           1           0  0.38s           2024-09-01T13:28:04                      22
================================================================================
[2024-09-01T13:28:43.335+0000] {manager.py:997} INFO - 
================================================================================
DAG File Processing Stats

File Path                  PID    Runtime      # DAGs    # Errors  Last Runtime    Last Run               Last # of DB Queries
-------------------------  -----  ---------  --------  ----------  --------------  -------------------  ----------------------
/opt/airflow/dags/test.py                           1           0  0.19s           2024-09-01T13:28:35                      12
================================================================================
[2024-09-01T13:29:13.827+0000] {manager.py:997} INFO - 
================================================================================
DAG File Processing Stats

File Path                  PID    Runtime      # DAGs    # Errors  Last Runtime    Last Run               Last # of DB Queries
-------------------------  -----  ---------  --------  ----------  --------------  -------------------  ----------------------
/opt/airflow/dags/test.py                           1           0  0.20s           2024-09-01T13:29:05                      12
================================================================================
[2024-09-01T13:29:44.243+0000] {manager.py:997} INFO - 
================================================================================
DAG File Processing Stats

File Path                  PID    Runtime      # DAGs    # Errors  Last Runtime    Last Run               Last # of DB Queries
-------------------------  -----  ---------  --------  ----------  --------------  -------------------  ----------------------
/opt/airflow/dags/test.py                           1           0  0.19s           2024-09-01T13:29:36                      12
================================================================================
[2024-09-01T13:30:14.721+0000] {manager.py:997} INFO - 
================================================================================
DAG File Processing Stats

File Path                  PID    Runtime      # DAGs    # Errors  Last Runtime    Last Run               Last # of DB Queries
-------------------------  -----  ---------  --------  ----------  --------------  -------------------  ----------------------
/opt/airflow/dags/test.py                           1           0  0.30s           2024-09-01T13:30:06                      12
================================================================================
[2024-09-01T13:30:45.235+0000] {manager.py:997} INFO - 
================================================================================
DAG File Processing Stats

File Path                  PID    Runtime      # DAGs    # Errors  Last Runtime    Last Run               Last # of DB Queries
-------------------------  -----  ---------  --------  ----------  --------------  -------------------  ----------------------
/opt/airflow/dags/test.py                           1           0  0.30s           2024-09-01T13:30:37                      12
================================================================================
[2024-09-01T13:31:15.754+0000] {manager.py:997} INFO - 
================================================================================
DAG File Processing Stats

File Path                  PID    Runtime      # DAGs    # Errors  Last Runtime    Last Run               Last # of DB Queries
-------------------------  -----  ---------  --------  ----------  --------------  -------------------  ----------------------
/opt/airflow/dags/test.py                           1           0  0.31s           2024-09-01T13:31:07                      12
================================================================================
[2024-09-01T13:31:46.266+0000] {manager.py:997} INFO - 
================================================================================
DAG File Processing Stats

File Path                  PID    Runtime      # DAGs    # Errors  Last Runtime    Last Run               Last # of DB Queries
-------------------------  -----  ---------  --------  ----------  --------------  -------------------  ----------------------
/opt/airflow/dags/test.py                           1           0  0.30s           2024-09-01T13:31:23                      12
================================================================================
[2024-09-01T13:32:16.778+0000] {manager.py:997} INFO - 
================================================================================
DAG File Processing Stats

File Path                  PID    Runtime      # DAGs    # Errors  Last Runtime    Last Run               Last # of DB Queries
-------------------------  -----  ---------  --------  ----------  --------------  -------------------  ----------------------
/opt/airflow/dags/test.py                           1           0  0.17s           2024-09-01T13:31:53                      12
================================================================================
[2024-09-01T13:32:47.147+0000] {manager.py:997} INFO - 
================================================================================
DAG File Processing Stats

File Path                  PID    Runtime      # DAGs    # Errors  Last Runtime    Last Run               Last # of DB Queries
-------------------------  -----  ---------  --------  ----------  --------------  -------------------  ----------------------
/opt/airflow/dags/test.py                           1           0  0.18s           2024-09-01T13:32:24                      12
================================================================================
[2024-09-01T13:32:50.394+0000] {manager.py:821} INFO - Searching for files in /opt/airflow/dags
[2024-09-01T13:32:50.458+0000] {manager.py:824} INFO - There are 1 files in /opt/airflow/dags
[2024-09-01T13:32:56.669+0000] {manager.py:465} INFO - Exiting gracefully upon receiving signal 15
[2024-09-01T13:38:25.060+0000] {manager.py:483} INFO - Processing files using up to 2 processes at a time 
[2024-09-01T13:38:25.061+0000] {manager.py:484} INFO - Process each file at most once every 30 seconds
[2024-09-01T13:38:25.062+0000] {manager.py:485} INFO - Checking for new files in /opt/airflow/dags every 300 seconds
[2024-09-01T13:38:25.062+0000] {manager.py:821} INFO - Searching for files in /opt/airflow/dags
[2024-09-01T13:38:25.078+0000] {manager.py:824} INFO - There are 1 files in /opt/airflow/dags
[2024-09-01T13:38:25.145+0000] {manager.py:997} INFO - 
================================================================================
DAG File Processing Stats

File Path                    PID  Runtime      # DAGs    # Errors  Last Runtime    Last Run      Last # of DB Queries
-------------------------  -----  ---------  --------  ----------  --------------  ----------  ----------------------
/opt/airflow/dags/test.py    185  0.02s             0           0                                                   0
================================================================================
[2024-09-01T13:38:39.433+0000] {manager.py:465} INFO - Exiting gracefully upon receiving signal 15
