[2024-08-24T09:47:05.324+0000] {processor.py:186} INFO - Started process (PID=91) to work on /home/airflow/.local/lib/python3.12/site-packages/airflow/example_dags/example_branch_python_dop_operator_3.py
[2024-08-24T09:47:05.326+0000] {processor.py:914} INFO - Processing file /home/airflow/.local/lib/python3.12/site-packages/airflow/example_dags/example_branch_python_dop_operator_3.py for tasks to queue
[2024-08-24T09:47:05.329+0000] {logging_mixin.py:190} INFO - [2024-08-24T09:47:05.328+0000] {dagbag.py:587} INFO - Filling up the DagBag from /home/airflow/.local/lib/python3.12/site-packages/airflow/example_dags/example_branch_python_dop_operator_3.py
[2024-08-24T09:47:05.349+0000] {processor.py:925} INFO - DAG(s) 'example_branch_dop_operator_v3' retrieved from /home/airflow/.local/lib/python3.12/site-packages/airflow/example_dags/example_branch_python_dop_operator_3.py
[2024-08-24T09:47:05.559+0000] {logging_mixin.py:190} INFO - [2024-08-24T09:47:05.558+0000] {override.py:1858} INFO - Created Permission View: can delete on DAG:example_branch_dop_operator_v3
[2024-08-24T09:47:05.575+0000] {logging_mixin.py:190} INFO - [2024-08-24T09:47:05.574+0000] {override.py:1858} INFO - Created Permission View: can edit on DAG:example_branch_dop_operator_v3
[2024-08-24T09:47:05.591+0000] {logging_mixin.py:190} INFO - [2024-08-24T09:47:05.590+0000] {override.py:1858} INFO - Created Permission View: can read on DAG:example_branch_dop_operator_v3
[2024-08-24T09:47:05.592+0000] {logging_mixin.py:190} INFO - [2024-08-24T09:47:05.591+0000] {dag.py:3211} INFO - Sync 1 DAGs
[2024-08-24T09:47:05.612+0000] {logging_mixin.py:190} INFO - [2024-08-24T09:47:05.612+0000] {dag.py:3234} INFO - Creating ORM DAG for example_branch_dop_operator_v3
[2024-08-24T09:47:05.635+0000] {logging_mixin.py:190} INFO - [2024-08-24T09:47:05.635+0000] {dag.py:4138} INFO - Setting next_dagrun for example_branch_dop_operator_v3 to 2024-08-24 09:46:00+00:00, run_after=2024-08-24 09:47:00+00:00
[2024-08-24T09:47:05.670+0000] {processor.py:208} INFO - Processing /home/airflow/.local/lib/python3.12/site-packages/airflow/example_dags/example_branch_python_dop_operator_3.py took 0.356 seconds
[2024-08-24T09:47:36.529+0000] {processor.py:186} INFO - Started process (PID=154) to work on /home/airflow/.local/lib/python3.12/site-packages/airflow/example_dags/example_branch_python_dop_operator_3.py
[2024-08-24T09:47:36.530+0000] {processor.py:914} INFO - Processing file /home/airflow/.local/lib/python3.12/site-packages/airflow/example_dags/example_branch_python_dop_operator_3.py for tasks to queue
[2024-08-24T09:47:36.533+0000] {logging_mixin.py:190} INFO - [2024-08-24T09:47:36.532+0000] {dagbag.py:587} INFO - Filling up the DagBag from /home/airflow/.local/lib/python3.12/site-packages/airflow/example_dags/example_branch_python_dop_operator_3.py
[2024-08-24T09:47:36.542+0000] {processor.py:925} INFO - DAG(s) 'example_branch_dop_operator_v3' retrieved from /home/airflow/.local/lib/python3.12/site-packages/airflow/example_dags/example_branch_python_dop_operator_3.py
[2024-08-24T09:47:36.564+0000] {logging_mixin.py:190} INFO - [2024-08-24T09:47:36.564+0000] {dag.py:3211} INFO - Sync 1 DAGs
[2024-08-24T09:47:36.591+0000] {logging_mixin.py:190} INFO - [2024-08-24T09:47:36.591+0000] {dag.py:4138} INFO - Setting next_dagrun for example_branch_dop_operator_v3 to 2024-08-24 09:46:00+00:00, run_after=2024-08-24 09:47:00+00:00
[2024-08-24T09:47:36.615+0000] {processor.py:208} INFO - Processing /home/airflow/.local/lib/python3.12/site-packages/airflow/example_dags/example_branch_python_dop_operator_3.py took 0.091 seconds
[2024-08-24T09:48:06.848+0000] {processor.py:186} INFO - Started process (PID=217) to work on /home/airflow/.local/lib/python3.12/site-packages/airflow/example_dags/example_branch_python_dop_operator_3.py
[2024-08-24T09:48:06.850+0000] {processor.py:914} INFO - Processing file /home/airflow/.local/lib/python3.12/site-packages/airflow/example_dags/example_branch_python_dop_operator_3.py for tasks to queue
[2024-08-24T09:48:06.853+0000] {logging_mixin.py:190} INFO - [2024-08-24T09:48:06.853+0000] {dagbag.py:587} INFO - Filling up the DagBag from /home/airflow/.local/lib/python3.12/site-packages/airflow/example_dags/example_branch_python_dop_operator_3.py
[2024-08-24T09:48:06.869+0000] {processor.py:925} INFO - DAG(s) 'example_branch_dop_operator_v3' retrieved from /home/airflow/.local/lib/python3.12/site-packages/airflow/example_dags/example_branch_python_dop_operator_3.py
[2024-08-24T09:48:06.895+0000] {logging_mixin.py:190} INFO - [2024-08-24T09:48:06.895+0000] {dag.py:3211} INFO - Sync 1 DAGs
[2024-08-24T09:48:06.933+0000] {logging_mixin.py:190} INFO - [2024-08-24T09:48:06.933+0000] {dag.py:4138} INFO - Setting next_dagrun for example_branch_dop_operator_v3 to 2024-08-24 09:47:00+00:00, run_after=2024-08-24 09:48:00+00:00
[2024-08-24T09:48:06.958+0000] {processor.py:208} INFO - Processing /home/airflow/.local/lib/python3.12/site-packages/airflow/example_dags/example_branch_python_dop_operator_3.py took 0.117 seconds
[2024-08-24T09:48:37.779+0000] {processor.py:186} INFO - Started process (PID=280) to work on /home/airflow/.local/lib/python3.12/site-packages/airflow/example_dags/example_branch_python_dop_operator_3.py
[2024-08-24T09:48:37.780+0000] {processor.py:914} INFO - Processing file /home/airflow/.local/lib/python3.12/site-packages/airflow/example_dags/example_branch_python_dop_operator_3.py for tasks to queue
[2024-08-24T09:48:37.784+0000] {logging_mixin.py:190} INFO - [2024-08-24T09:48:37.783+0000] {dagbag.py:587} INFO - Filling up the DagBag from /home/airflow/.local/lib/python3.12/site-packages/airflow/example_dags/example_branch_python_dop_operator_3.py
[2024-08-24T09:48:37.803+0000] {processor.py:925} INFO - DAG(s) 'example_branch_dop_operator_v3' retrieved from /home/airflow/.local/lib/python3.12/site-packages/airflow/example_dags/example_branch_python_dop_operator_3.py
[2024-08-24T09:48:37.833+0000] {logging_mixin.py:190} INFO - [2024-08-24T09:48:37.833+0000] {dag.py:3211} INFO - Sync 1 DAGs
[2024-08-24T09:48:37.873+0000] {logging_mixin.py:190} INFO - [2024-08-24T09:48:37.873+0000] {dag.py:4138} INFO - Setting next_dagrun for example_branch_dop_operator_v3 to 2024-08-24 09:47:00+00:00, run_after=2024-08-24 09:48:00+00:00
[2024-08-24T09:48:37.907+0000] {processor.py:208} INFO - Processing /home/airflow/.local/lib/python3.12/site-packages/airflow/example_dags/example_branch_python_dop_operator_3.py took 0.137 seconds
[2024-08-24T09:49:08.903+0000] {processor.py:186} INFO - Started process (PID=343) to work on /home/airflow/.local/lib/python3.12/site-packages/airflow/example_dags/example_branch_python_dop_operator_3.py
[2024-08-24T09:49:08.904+0000] {processor.py:914} INFO - Processing file /home/airflow/.local/lib/python3.12/site-packages/airflow/example_dags/example_branch_python_dop_operator_3.py for tasks to queue
[2024-08-24T09:49:08.906+0000] {logging_mixin.py:190} INFO - [2024-08-24T09:49:08.906+0000] {dagbag.py:587} INFO - Filling up the DagBag from /home/airflow/.local/lib/python3.12/site-packages/airflow/example_dags/example_branch_python_dop_operator_3.py
[2024-08-24T09:49:08.914+0000] {processor.py:925} INFO - DAG(s) 'example_branch_dop_operator_v3' retrieved from /home/airflow/.local/lib/python3.12/site-packages/airflow/example_dags/example_branch_python_dop_operator_3.py
[2024-08-24T09:49:08.937+0000] {logging_mixin.py:190} INFO - [2024-08-24T09:49:08.937+0000] {dag.py:3211} INFO - Sync 1 DAGs
[2024-08-24T09:49:08.962+0000] {logging_mixin.py:190} INFO - [2024-08-24T09:49:08.962+0000] {dag.py:4138} INFO - Setting next_dagrun for example_branch_dop_operator_v3 to 2024-08-24 09:48:00+00:00, run_after=2024-08-24 09:49:00+00:00
[2024-08-24T09:49:08.986+0000] {processor.py:208} INFO - Processing /home/airflow/.local/lib/python3.12/site-packages/airflow/example_dags/example_branch_python_dop_operator_3.py took 0.088 seconds
[2024-08-24T09:49:39.436+0000] {processor.py:186} INFO - Started process (PID=406) to work on /home/airflow/.local/lib/python3.12/site-packages/airflow/example_dags/example_branch_python_dop_operator_3.py
[2024-08-24T09:49:39.437+0000] {processor.py:914} INFO - Processing file /home/airflow/.local/lib/python3.12/site-packages/airflow/example_dags/example_branch_python_dop_operator_3.py for tasks to queue
[2024-08-24T09:49:39.439+0000] {logging_mixin.py:190} INFO - [2024-08-24T09:49:39.439+0000] {dagbag.py:587} INFO - Filling up the DagBag from /home/airflow/.local/lib/python3.12/site-packages/airflow/example_dags/example_branch_python_dop_operator_3.py
[2024-08-24T09:49:39.447+0000] {processor.py:925} INFO - DAG(s) 'example_branch_dop_operator_v3' retrieved from /home/airflow/.local/lib/python3.12/site-packages/airflow/example_dags/example_branch_python_dop_operator_3.py
[2024-08-24T09:49:39.468+0000] {logging_mixin.py:190} INFO - [2024-08-24T09:49:39.468+0000] {dag.py:3211} INFO - Sync 1 DAGs
[2024-08-24T09:49:39.495+0000] {logging_mixin.py:190} INFO - [2024-08-24T09:49:39.495+0000] {dag.py:4138} INFO - Setting next_dagrun for example_branch_dop_operator_v3 to 2024-08-24 09:48:00+00:00, run_after=2024-08-24 09:49:00+00:00
[2024-08-24T09:49:39.523+0000] {processor.py:208} INFO - Processing /home/airflow/.local/lib/python3.12/site-packages/airflow/example_dags/example_branch_python_dop_operator_3.py took 0.093 seconds
[2024-08-24T09:50:10.145+0000] {processor.py:186} INFO - Started process (PID=469) to work on /home/airflow/.local/lib/python3.12/site-packages/airflow/example_dags/example_branch_python_dop_operator_3.py
[2024-08-24T09:50:10.146+0000] {processor.py:914} INFO - Processing file /home/airflow/.local/lib/python3.12/site-packages/airflow/example_dags/example_branch_python_dop_operator_3.py for tasks to queue
[2024-08-24T09:50:10.149+0000] {logging_mixin.py:190} INFO - [2024-08-24T09:50:10.149+0000] {dagbag.py:587} INFO - Filling up the DagBag from /home/airflow/.local/lib/python3.12/site-packages/airflow/example_dags/example_branch_python_dop_operator_3.py
[2024-08-24T09:50:10.163+0000] {processor.py:925} INFO - DAG(s) 'example_branch_dop_operator_v3' retrieved from /home/airflow/.local/lib/python3.12/site-packages/airflow/example_dags/example_branch_python_dop_operator_3.py
[2024-08-24T09:50:10.196+0000] {logging_mixin.py:190} INFO - [2024-08-24T09:50:10.196+0000] {dag.py:3211} INFO - Sync 1 DAGs
[2024-08-24T09:50:10.237+0000] {logging_mixin.py:190} INFO - [2024-08-24T09:50:10.236+0000] {dag.py:4138} INFO - Setting next_dagrun for example_branch_dop_operator_v3 to 2024-08-24 09:49:00+00:00, run_after=2024-08-24 09:50:00+00:00
[2024-08-24T09:50:10.268+0000] {processor.py:208} INFO - Processing /home/airflow/.local/lib/python3.12/site-packages/airflow/example_dags/example_branch_python_dop_operator_3.py took 0.133 seconds
[2024-08-24T09:50:40.826+0000] {processor.py:186} INFO - Started process (PID=532) to work on /home/airflow/.local/lib/python3.12/site-packages/airflow/example_dags/example_branch_python_dop_operator_3.py
[2024-08-24T09:50:40.827+0000] {processor.py:914} INFO - Processing file /home/airflow/.local/lib/python3.12/site-packages/airflow/example_dags/example_branch_python_dop_operator_3.py for tasks to queue
[2024-08-24T09:50:40.829+0000] {logging_mixin.py:190} INFO - [2024-08-24T09:50:40.829+0000] {dagbag.py:587} INFO - Filling up the DagBag from /home/airflow/.local/lib/python3.12/site-packages/airflow/example_dags/example_branch_python_dop_operator_3.py
[2024-08-24T09:50:40.838+0000] {processor.py:925} INFO - DAG(s) 'example_branch_dop_operator_v3' retrieved from /home/airflow/.local/lib/python3.12/site-packages/airflow/example_dags/example_branch_python_dop_operator_3.py
[2024-08-24T09:50:40.865+0000] {logging_mixin.py:190} INFO - [2024-08-24T09:50:40.865+0000] {dag.py:3211} INFO - Sync 1 DAGs
[2024-08-24T09:50:40.892+0000] {logging_mixin.py:190} INFO - [2024-08-24T09:50:40.892+0000] {dag.py:4138} INFO - Setting next_dagrun for example_branch_dop_operator_v3 to 2024-08-24 09:49:00+00:00, run_after=2024-08-24 09:50:00+00:00
[2024-08-24T09:50:40.928+0000] {processor.py:208} INFO - Processing /home/airflow/.local/lib/python3.12/site-packages/airflow/example_dags/example_branch_python_dop_operator_3.py took 0.109 seconds
[2024-08-24T09:51:11.274+0000] {processor.py:186} INFO - Started process (PID=595) to work on /home/airflow/.local/lib/python3.12/site-packages/airflow/example_dags/example_branch_python_dop_operator_3.py
[2024-08-24T09:51:11.276+0000] {processor.py:914} INFO - Processing file /home/airflow/.local/lib/python3.12/site-packages/airflow/example_dags/example_branch_python_dop_operator_3.py for tasks to queue
[2024-08-24T09:51:11.279+0000] {logging_mixin.py:190} INFO - [2024-08-24T09:51:11.278+0000] {dagbag.py:587} INFO - Filling up the DagBag from /home/airflow/.local/lib/python3.12/site-packages/airflow/example_dags/example_branch_python_dop_operator_3.py
[2024-08-24T09:51:11.290+0000] {processor.py:925} INFO - DAG(s) 'example_branch_dop_operator_v3' retrieved from /home/airflow/.local/lib/python3.12/site-packages/airflow/example_dags/example_branch_python_dop_operator_3.py
[2024-08-24T09:51:11.314+0000] {logging_mixin.py:190} INFO - [2024-08-24T09:51:11.313+0000] {dag.py:3211} INFO - Sync 1 DAGs
[2024-08-24T09:51:11.363+0000] {logging_mixin.py:190} INFO - [2024-08-24T09:51:11.363+0000] {dag.py:4138} INFO - Setting next_dagrun for example_branch_dop_operator_v3 to 2024-08-24 09:50:00+00:00, run_after=2024-08-24 09:51:00+00:00
[2024-08-24T09:51:11.391+0000] {processor.py:208} INFO - Processing /home/airflow/.local/lib/python3.12/site-packages/airflow/example_dags/example_branch_python_dop_operator_3.py took 0.123 seconds
[2024-08-24T12:31:29.643+0000] {processor.py:186} INFO - Started process (PID=88) to work on /home/airflow/.local/lib/python3.12/site-packages/airflow/example_dags/example_branch_python_dop_operator_3.py
[2024-08-24T12:31:29.645+0000] {processor.py:914} INFO - Processing file /home/airflow/.local/lib/python3.12/site-packages/airflow/example_dags/example_branch_python_dop_operator_3.py for tasks to queue
[2024-08-24T12:31:29.649+0000] {logging_mixin.py:190} INFO - [2024-08-24T12:31:29.648+0000] {dagbag.py:587} INFO - Filling up the DagBag from /home/airflow/.local/lib/python3.12/site-packages/airflow/example_dags/example_branch_python_dop_operator_3.py
[2024-08-24T12:31:29.663+0000] {processor.py:925} INFO - DAG(s) 'example_branch_dop_operator_v3' retrieved from /home/airflow/.local/lib/python3.12/site-packages/airflow/example_dags/example_branch_python_dop_operator_3.py
[2024-08-24T12:31:29.697+0000] {logging_mixin.py:190} INFO - [2024-08-24T12:31:29.697+0000] {dag.py:3211} INFO - Sync 1 DAGs
[2024-08-24T12:31:29.730+0000] {logging_mixin.py:190} INFO - [2024-08-24T12:31:29.729+0000] {dag.py:4138} INFO - Setting next_dagrun for example_branch_dop_operator_v3 to 2024-08-24 12:30:00+00:00, run_after=2024-08-24 12:31:00+00:00
[2024-08-24T12:31:29.758+0000] {processor.py:208} INFO - Processing /home/airflow/.local/lib/python3.12/site-packages/airflow/example_dags/example_branch_python_dop_operator_3.py took 0.123 seconds
[2024-08-24T12:31:59.969+0000] {processor.py:186} INFO - Started process (PID=151) to work on /home/airflow/.local/lib/python3.12/site-packages/airflow/example_dags/example_branch_python_dop_operator_3.py
[2024-08-24T12:31:59.970+0000] {processor.py:914} INFO - Processing file /home/airflow/.local/lib/python3.12/site-packages/airflow/example_dags/example_branch_python_dop_operator_3.py for tasks to queue
[2024-08-24T12:31:59.971+0000] {logging_mixin.py:190} INFO - [2024-08-24T12:31:59.971+0000] {dagbag.py:587} INFO - Filling up the DagBag from /home/airflow/.local/lib/python3.12/site-packages/airflow/example_dags/example_branch_python_dop_operator_3.py
[2024-08-24T12:31:59.980+0000] {processor.py:925} INFO - DAG(s) 'example_branch_dop_operator_v3' retrieved from /home/airflow/.local/lib/python3.12/site-packages/airflow/example_dags/example_branch_python_dop_operator_3.py
[2024-08-24T12:32:00.004+0000] {logging_mixin.py:190} INFO - [2024-08-24T12:32:00.004+0000] {dag.py:3211} INFO - Sync 1 DAGs
[2024-08-24T12:32:00.040+0000] {logging_mixin.py:190} INFO - [2024-08-24T12:32:00.040+0000] {dag.py:4138} INFO - Setting next_dagrun for example_branch_dop_operator_v3 to 2024-08-24 12:31:00+00:00, run_after=2024-08-24 12:32:00+00:00
[2024-08-24T12:32:00.076+0000] {processor.py:208} INFO - Processing /home/airflow/.local/lib/python3.12/site-packages/airflow/example_dags/example_branch_python_dop_operator_3.py took 0.111 seconds
[2024-08-24T12:32:30.491+0000] {processor.py:186} INFO - Started process (PID=214) to work on /home/airflow/.local/lib/python3.12/site-packages/airflow/example_dags/example_branch_python_dop_operator_3.py
[2024-08-24T12:32:30.492+0000] {processor.py:914} INFO - Processing file /home/airflow/.local/lib/python3.12/site-packages/airflow/example_dags/example_branch_python_dop_operator_3.py for tasks to queue
[2024-08-24T12:32:30.494+0000] {logging_mixin.py:190} INFO - [2024-08-24T12:32:30.494+0000] {dagbag.py:587} INFO - Filling up the DagBag from /home/airflow/.local/lib/python3.12/site-packages/airflow/example_dags/example_branch_python_dop_operator_3.py
[2024-08-24T12:32:30.502+0000] {processor.py:925} INFO - DAG(s) 'example_branch_dop_operator_v3' retrieved from /home/airflow/.local/lib/python3.12/site-packages/airflow/example_dags/example_branch_python_dop_operator_3.py
[2024-08-24T12:32:30.523+0000] {logging_mixin.py:190} INFO - [2024-08-24T12:32:30.523+0000] {dag.py:3211} INFO - Sync 1 DAGs
[2024-08-24T12:32:30.547+0000] {logging_mixin.py:190} INFO - [2024-08-24T12:32:30.547+0000] {dag.py:4138} INFO - Setting next_dagrun for example_branch_dop_operator_v3 to 2024-08-24 12:31:00+00:00, run_after=2024-08-24 12:32:00+00:00
[2024-08-24T12:32:30.567+0000] {processor.py:208} INFO - Processing /home/airflow/.local/lib/python3.12/site-packages/airflow/example_dags/example_branch_python_dop_operator_3.py took 0.081 seconds
[2024-08-24T12:33:00.869+0000] {processor.py:186} INFO - Started process (PID=277) to work on /home/airflow/.local/lib/python3.12/site-packages/airflow/example_dags/example_branch_python_dop_operator_3.py
[2024-08-24T12:33:00.870+0000] {processor.py:914} INFO - Processing file /home/airflow/.local/lib/python3.12/site-packages/airflow/example_dags/example_branch_python_dop_operator_3.py for tasks to queue
[2024-08-24T12:33:00.872+0000] {logging_mixin.py:190} INFO - [2024-08-24T12:33:00.872+0000] {dagbag.py:587} INFO - Filling up the DagBag from /home/airflow/.local/lib/python3.12/site-packages/airflow/example_dags/example_branch_python_dop_operator_3.py
[2024-08-24T12:33:00.880+0000] {processor.py:925} INFO - DAG(s) 'example_branch_dop_operator_v3' retrieved from /home/airflow/.local/lib/python3.12/site-packages/airflow/example_dags/example_branch_python_dop_operator_3.py
[2024-08-24T12:33:00.900+0000] {logging_mixin.py:190} INFO - [2024-08-24T12:33:00.899+0000] {dag.py:3211} INFO - Sync 1 DAGs
[2024-08-24T12:33:00.920+0000] {logging_mixin.py:190} INFO - [2024-08-24T12:33:00.920+0000] {dag.py:4138} INFO - Setting next_dagrun for example_branch_dop_operator_v3 to 2024-08-24 12:32:00+00:00, run_after=2024-08-24 12:33:00+00:00
[2024-08-24T12:33:00.940+0000] {processor.py:208} INFO - Processing /home/airflow/.local/lib/python3.12/site-packages/airflow/example_dags/example_branch_python_dop_operator_3.py took 0.075 seconds
[2024-08-24T12:33:31.850+0000] {processor.py:186} INFO - Started process (PID=340) to work on /home/airflow/.local/lib/python3.12/site-packages/airflow/example_dags/example_branch_python_dop_operator_3.py
[2024-08-24T12:33:31.851+0000] {processor.py:914} INFO - Processing file /home/airflow/.local/lib/python3.12/site-packages/airflow/example_dags/example_branch_python_dop_operator_3.py for tasks to queue
[2024-08-24T12:33:31.852+0000] {logging_mixin.py:190} INFO - [2024-08-24T12:33:31.852+0000] {dagbag.py:587} INFO - Filling up the DagBag from /home/airflow/.local/lib/python3.12/site-packages/airflow/example_dags/example_branch_python_dop_operator_3.py
[2024-08-24T12:33:31.860+0000] {processor.py:925} INFO - DAG(s) 'example_branch_dop_operator_v3' retrieved from /home/airflow/.local/lib/python3.12/site-packages/airflow/example_dags/example_branch_python_dop_operator_3.py
[2024-08-24T12:33:31.881+0000] {logging_mixin.py:190} INFO - [2024-08-24T12:33:31.881+0000] {dag.py:3211} INFO - Sync 1 DAGs
[2024-08-24T12:33:31.902+0000] {logging_mixin.py:190} INFO - [2024-08-24T12:33:31.902+0000] {dag.py:4138} INFO - Setting next_dagrun for example_branch_dop_operator_v3 to 2024-08-24 12:32:00+00:00, run_after=2024-08-24 12:33:00+00:00
[2024-08-24T12:33:31.920+0000] {processor.py:208} INFO - Processing /home/airflow/.local/lib/python3.12/site-packages/airflow/example_dags/example_branch_python_dop_operator_3.py took 0.075 seconds
[2024-08-24T12:34:02.856+0000] {processor.py:186} INFO - Started process (PID=403) to work on /home/airflow/.local/lib/python3.12/site-packages/airflow/example_dags/example_branch_python_dop_operator_3.py
[2024-08-24T12:34:02.857+0000] {processor.py:914} INFO - Processing file /home/airflow/.local/lib/python3.12/site-packages/airflow/example_dags/example_branch_python_dop_operator_3.py for tasks to queue
[2024-08-24T12:34:02.860+0000] {logging_mixin.py:190} INFO - [2024-08-24T12:34:02.859+0000] {dagbag.py:587} INFO - Filling up the DagBag from /home/airflow/.local/lib/python3.12/site-packages/airflow/example_dags/example_branch_python_dop_operator_3.py
[2024-08-24T12:34:02.870+0000] {processor.py:925} INFO - DAG(s) 'example_branch_dop_operator_v3' retrieved from /home/airflow/.local/lib/python3.12/site-packages/airflow/example_dags/example_branch_python_dop_operator_3.py
[2024-08-24T12:34:02.892+0000] {logging_mixin.py:190} INFO - [2024-08-24T12:34:02.892+0000] {dag.py:3211} INFO - Sync 1 DAGs
[2024-08-24T12:34:02.916+0000] {logging_mixin.py:190} INFO - [2024-08-24T12:34:02.916+0000] {dag.py:4138} INFO - Setting next_dagrun for example_branch_dop_operator_v3 to 2024-08-24 12:33:00+00:00, run_after=2024-08-24 12:34:00+00:00
[2024-08-24T12:34:02.933+0000] {processor.py:208} INFO - Processing /home/airflow/.local/lib/python3.12/site-packages/airflow/example_dags/example_branch_python_dop_operator_3.py took 0.083 seconds
