[2024-08-24T09:47:03.142+0000] {processor.py:186} INFO - Started process (PID=82) to work on /home/airflow/.local/lib/python3.12/site-packages/airflow/example_dags/example_outlet_event_extra.py
[2024-08-24T09:47:03.144+0000] {processor.py:914} INFO - Processing file /home/airflow/.local/lib/python3.12/site-packages/airflow/example_dags/example_outlet_event_extra.py for tasks to queue
[2024-08-24T09:47:03.148+0000] {logging_mixin.py:190} INFO - [2024-08-24T09:47:03.147+0000] {dagbag.py:587} INFO - Filling up the DagBag from /home/airflow/.local/lib/python3.12/site-packages/airflow/example_dags/example_outlet_event_extra.py
[2024-08-24T09:47:03.429+0000] {processor.py:925} INFO - DAG(s) 'dataset_with_extra_from_classic_operator', 'dataset_with_extra_by_yield', 'dataset_with_extra_by_context' retrieved from /home/airflow/.local/lib/python3.12/site-packages/airflow/example_dags/example_outlet_event_extra.py
[2024-08-24T09:47:03.609+0000] {logging_mixin.py:190} INFO - [2024-08-24T09:47:03.608+0000] {override.py:1858} INFO - Created Permission View: can delete on DAG:dataset_with_extra_from_classic_operator
[2024-08-24T09:47:03.630+0000] {logging_mixin.py:190} INFO - [2024-08-24T09:47:03.630+0000] {override.py:1858} INFO - Created Permission View: can edit on DAG:dataset_with_extra_from_classic_operator
[2024-08-24T09:47:03.643+0000] {logging_mixin.py:190} INFO - [2024-08-24T09:47:03.642+0000] {override.py:1858} INFO - Created Permission View: can read on DAG:dataset_with_extra_from_classic_operator
[2024-08-24T09:47:03.664+0000] {logging_mixin.py:190} INFO - [2024-08-24T09:47:03.663+0000] {override.py:1858} INFO - Created Permission View: can delete on DAG:dataset_with_extra_by_yield
[2024-08-24T09:47:03.675+0000] {logging_mixin.py:190} INFO - [2024-08-24T09:47:03.675+0000] {override.py:1858} INFO - Created Permission View: can edit on DAG:dataset_with_extra_by_yield
[2024-08-24T09:47:03.686+0000] {logging_mixin.py:190} INFO - [2024-08-24T09:47:03.685+0000] {override.py:1858} INFO - Created Permission View: can read on DAG:dataset_with_extra_by_yield
[2024-08-24T09:47:03.709+0000] {logging_mixin.py:190} INFO - [2024-08-24T09:47:03.708+0000] {override.py:1858} INFO - Created Permission View: can delete on DAG:dataset_with_extra_by_context
[2024-08-24T09:47:03.722+0000] {logging_mixin.py:190} INFO - [2024-08-24T09:47:03.721+0000] {override.py:1858} INFO - Created Permission View: can edit on DAG:dataset_with_extra_by_context
[2024-08-24T09:47:03.738+0000] {logging_mixin.py:190} INFO - [2024-08-24T09:47:03.738+0000] {override.py:1858} INFO - Created Permission View: can read on DAG:dataset_with_extra_by_context
[2024-08-24T09:47:03.740+0000] {logging_mixin.py:190} INFO - [2024-08-24T09:47:03.739+0000] {dag.py:3211} INFO - Sync 3 DAGs
[2024-08-24T09:47:03.770+0000] {logging_mixin.py:190} INFO - [2024-08-24T09:47:03.770+0000] {dag.py:3234} INFO - Creating ORM DAG for dataset_with_extra_from_classic_operator
[2024-08-24T09:47:03.771+0000] {logging_mixin.py:190} INFO - [2024-08-24T09:47:03.771+0000] {dag.py:3234} INFO - Creating ORM DAG for dataset_with_extra_by_yield
[2024-08-24T09:47:03.773+0000] {logging_mixin.py:190} INFO - [2024-08-24T09:47:03.772+0000] {dag.py:3234} INFO - Creating ORM DAG for dataset_with_extra_by_context
[2024-08-24T09:47:03.791+0000] {logging_mixin.py:190} INFO - [2024-08-24T09:47:03.791+0000] {dag.py:4138} INFO - Setting next_dagrun for dataset_with_extra_by_context to 2024-08-23 00:00:00+00:00, run_after=2024-08-24 00:00:00+00:00
[2024-08-24T09:47:03.794+0000] {logging_mixin.py:190} INFO - [2024-08-24T09:47:03.794+0000] {dag.py:4138} INFO - Setting next_dagrun for dataset_with_extra_by_yield to 2024-08-23 00:00:00+00:00, run_after=2024-08-24 00:00:00+00:00
[2024-08-24T09:47:03.797+0000] {logging_mixin.py:190} INFO - [2024-08-24T09:47:03.797+0000] {dag.py:4138} INFO - Setting next_dagrun for dataset_with_extra_from_classic_operator to 2024-08-23 00:00:00+00:00, run_after=2024-08-24 00:00:00+00:00
[2024-08-24T09:47:03.837+0000] {processor.py:208} INFO - Processing /home/airflow/.local/lib/python3.12/site-packages/airflow/example_dags/example_outlet_event_extra.py took 0.706 seconds
[2024-08-24T09:47:34.735+0000] {processor.py:186} INFO - Started process (PID=145) to work on /home/airflow/.local/lib/python3.12/site-packages/airflow/example_dags/example_outlet_event_extra.py
[2024-08-24T09:47:34.736+0000] {processor.py:914} INFO - Processing file /home/airflow/.local/lib/python3.12/site-packages/airflow/example_dags/example_outlet_event_extra.py for tasks to queue
[2024-08-24T09:47:34.739+0000] {logging_mixin.py:190} INFO - [2024-08-24T09:47:34.738+0000] {dagbag.py:587} INFO - Filling up the DagBag from /home/airflow/.local/lib/python3.12/site-packages/airflow/example_dags/example_outlet_event_extra.py
[2024-08-24T09:47:34.871+0000] {processor.py:925} INFO - DAG(s) 'dataset_with_extra_from_classic_operator', 'dataset_with_extra_by_context', 'dataset_with_extra_by_yield' retrieved from /home/airflow/.local/lib/python3.12/site-packages/airflow/example_dags/example_outlet_event_extra.py
[2024-08-24T09:47:34.897+0000] {logging_mixin.py:190} INFO - [2024-08-24T09:47:34.897+0000] {dag.py:3211} INFO - Sync 3 DAGs
[2024-08-24T09:47:34.926+0000] {logging_mixin.py:190} INFO - [2024-08-24T09:47:34.925+0000] {dag.py:4138} INFO - Setting next_dagrun for dataset_with_extra_by_context to 2024-08-23 00:00:00+00:00, run_after=2024-08-24 00:00:00+00:00
[2024-08-24T09:47:34.930+0000] {logging_mixin.py:190} INFO - [2024-08-24T09:47:34.930+0000] {dag.py:4138} INFO - Setting next_dagrun for dataset_with_extra_by_yield to 2024-08-23 00:00:00+00:00, run_after=2024-08-24 00:00:00+00:00
[2024-08-24T09:47:34.934+0000] {logging_mixin.py:190} INFO - [2024-08-24T09:47:34.933+0000] {dag.py:4138} INFO - Setting next_dagrun for dataset_with_extra_from_classic_operator to 2024-08-23 00:00:00+00:00, run_after=2024-08-24 00:00:00+00:00
[2024-08-24T09:47:34.955+0000] {processor.py:208} INFO - Processing /home/airflow/.local/lib/python3.12/site-packages/airflow/example_dags/example_outlet_event_extra.py took 0.225 seconds
[2024-08-24T09:48:05.499+0000] {processor.py:186} INFO - Started process (PID=208) to work on /home/airflow/.local/lib/python3.12/site-packages/airflow/example_dags/example_outlet_event_extra.py
[2024-08-24T09:48:05.500+0000] {processor.py:914} INFO - Processing file /home/airflow/.local/lib/python3.12/site-packages/airflow/example_dags/example_outlet_event_extra.py for tasks to queue
[2024-08-24T09:48:05.505+0000] {logging_mixin.py:190} INFO - [2024-08-24T09:48:05.505+0000] {dagbag.py:587} INFO - Filling up the DagBag from /home/airflow/.local/lib/python3.12/site-packages/airflow/example_dags/example_outlet_event_extra.py
[2024-08-24T09:48:05.756+0000] {processor.py:925} INFO - DAG(s) 'dataset_with_extra_by_context', 'dataset_with_extra_by_yield', 'dataset_with_extra_from_classic_operator' retrieved from /home/airflow/.local/lib/python3.12/site-packages/airflow/example_dags/example_outlet_event_extra.py
[2024-08-24T09:48:05.801+0000] {logging_mixin.py:190} INFO - [2024-08-24T09:48:05.800+0000] {dag.py:3211} INFO - Sync 3 DAGs
[2024-08-24T09:48:05.848+0000] {logging_mixin.py:190} INFO - [2024-08-24T09:48:05.847+0000] {dag.py:4138} INFO - Setting next_dagrun for dataset_with_extra_by_context to 2024-08-23 00:00:00+00:00, run_after=2024-08-24 00:00:00+00:00
[2024-08-24T09:48:05.857+0000] {logging_mixin.py:190} INFO - [2024-08-24T09:48:05.856+0000] {dag.py:4138} INFO - Setting next_dagrun for dataset_with_extra_by_yield to 2024-08-23 00:00:00+00:00, run_after=2024-08-24 00:00:00+00:00
[2024-08-24T09:48:05.860+0000] {logging_mixin.py:190} INFO - [2024-08-24T09:48:05.860+0000] {dag.py:4138} INFO - Setting next_dagrun for dataset_with_extra_from_classic_operator to 2024-08-23 00:00:00+00:00, run_after=2024-08-24 00:00:00+00:00
[2024-08-24T09:48:05.894+0000] {processor.py:208} INFO - Processing /home/airflow/.local/lib/python3.12/site-packages/airflow/example_dags/example_outlet_event_extra.py took 0.403 seconds
[2024-08-24T09:48:36.579+0000] {processor.py:186} INFO - Started process (PID=271) to work on /home/airflow/.local/lib/python3.12/site-packages/airflow/example_dags/example_outlet_event_extra.py
[2024-08-24T09:48:36.580+0000] {processor.py:914} INFO - Processing file /home/airflow/.local/lib/python3.12/site-packages/airflow/example_dags/example_outlet_event_extra.py for tasks to queue
[2024-08-24T09:48:36.582+0000] {logging_mixin.py:190} INFO - [2024-08-24T09:48:36.582+0000] {dagbag.py:587} INFO - Filling up the DagBag from /home/airflow/.local/lib/python3.12/site-packages/airflow/example_dags/example_outlet_event_extra.py
[2024-08-24T09:48:36.784+0000] {processor.py:925} INFO - DAG(s) 'dataset_with_extra_by_context', 'dataset_with_extra_from_classic_operator', 'dataset_with_extra_by_yield' retrieved from /home/airflow/.local/lib/python3.12/site-packages/airflow/example_dags/example_outlet_event_extra.py
[2024-08-24T09:48:36.828+0000] {logging_mixin.py:190} INFO - [2024-08-24T09:48:36.828+0000] {dag.py:3211} INFO - Sync 3 DAGs
[2024-08-24T09:48:36.885+0000] {logging_mixin.py:190} INFO - [2024-08-24T09:48:36.884+0000] {dag.py:4138} INFO - Setting next_dagrun for dataset_with_extra_by_context to 2024-08-23 00:00:00+00:00, run_after=2024-08-24 00:00:00+00:00
[2024-08-24T09:48:36.899+0000] {logging_mixin.py:190} INFO - [2024-08-24T09:48:36.899+0000] {dag.py:4138} INFO - Setting next_dagrun for dataset_with_extra_by_yield to 2024-08-23 00:00:00+00:00, run_after=2024-08-24 00:00:00+00:00
[2024-08-24T09:48:36.912+0000] {logging_mixin.py:190} INFO - [2024-08-24T09:48:36.912+0000] {dag.py:4138} INFO - Setting next_dagrun for dataset_with_extra_from_classic_operator to 2024-08-23 00:00:00+00:00, run_after=2024-08-24 00:00:00+00:00
[2024-08-24T09:48:36.948+0000] {processor.py:208} INFO - Processing /home/airflow/.local/lib/python3.12/site-packages/airflow/example_dags/example_outlet_event_extra.py took 0.378 seconds
[2024-08-24T09:49:07.041+0000] {processor.py:186} INFO - Started process (PID=334) to work on /home/airflow/.local/lib/python3.12/site-packages/airflow/example_dags/example_outlet_event_extra.py
[2024-08-24T09:49:07.041+0000] {processor.py:914} INFO - Processing file /home/airflow/.local/lib/python3.12/site-packages/airflow/example_dags/example_outlet_event_extra.py for tasks to queue
[2024-08-24T09:49:07.043+0000] {logging_mixin.py:190} INFO - [2024-08-24T09:49:07.043+0000] {dagbag.py:587} INFO - Filling up the DagBag from /home/airflow/.local/lib/python3.12/site-packages/airflow/example_dags/example_outlet_event_extra.py
[2024-08-24T09:49:07.171+0000] {processor.py:925} INFO - DAG(s) 'dataset_with_extra_from_classic_operator', 'dataset_with_extra_by_yield', 'dataset_with_extra_by_context' retrieved from /home/airflow/.local/lib/python3.12/site-packages/airflow/example_dags/example_outlet_event_extra.py
[2024-08-24T09:49:07.204+0000] {logging_mixin.py:190} INFO - [2024-08-24T09:49:07.204+0000] {dag.py:3211} INFO - Sync 3 DAGs
[2024-08-24T09:49:07.228+0000] {logging_mixin.py:190} INFO - [2024-08-24T09:49:07.228+0000] {dag.py:4138} INFO - Setting next_dagrun for dataset_with_extra_by_context to 2024-08-23 00:00:00+00:00, run_after=2024-08-24 00:00:00+00:00
[2024-08-24T09:49:07.233+0000] {logging_mixin.py:190} INFO - [2024-08-24T09:49:07.233+0000] {dag.py:4138} INFO - Setting next_dagrun for dataset_with_extra_by_yield to 2024-08-23 00:00:00+00:00, run_after=2024-08-24 00:00:00+00:00
[2024-08-24T09:49:07.235+0000] {logging_mixin.py:190} INFO - [2024-08-24T09:49:07.235+0000] {dag.py:4138} INFO - Setting next_dagrun for dataset_with_extra_from_classic_operator to 2024-08-23 00:00:00+00:00, run_after=2024-08-24 00:00:00+00:00
[2024-08-24T09:49:07.265+0000] {processor.py:208} INFO - Processing /home/airflow/.local/lib/python3.12/site-packages/airflow/example_dags/example_outlet_event_extra.py took 0.230 seconds
[2024-08-24T09:49:37.486+0000] {processor.py:186} INFO - Started process (PID=397) to work on /home/airflow/.local/lib/python3.12/site-packages/airflow/example_dags/example_outlet_event_extra.py
[2024-08-24T09:49:37.488+0000] {processor.py:914} INFO - Processing file /home/airflow/.local/lib/python3.12/site-packages/airflow/example_dags/example_outlet_event_extra.py for tasks to queue
[2024-08-24T09:49:37.492+0000] {logging_mixin.py:190} INFO - [2024-08-24T09:49:37.491+0000] {dagbag.py:587} INFO - Filling up the DagBag from /home/airflow/.local/lib/python3.12/site-packages/airflow/example_dags/example_outlet_event_extra.py
[2024-08-24T09:49:37.686+0000] {processor.py:925} INFO - DAG(s) 'dataset_with_extra_from_classic_operator', 'dataset_with_extra_by_context', 'dataset_with_extra_by_yield' retrieved from /home/airflow/.local/lib/python3.12/site-packages/airflow/example_dags/example_outlet_event_extra.py
[2024-08-24T09:49:37.725+0000] {logging_mixin.py:190} INFO - [2024-08-24T09:49:37.724+0000] {dag.py:3211} INFO - Sync 3 DAGs
[2024-08-24T09:49:37.760+0000] {logging_mixin.py:190} INFO - [2024-08-24T09:49:37.759+0000] {dag.py:4138} INFO - Setting next_dagrun for dataset_with_extra_by_context to 2024-08-23 00:00:00+00:00, run_after=2024-08-24 00:00:00+00:00
[2024-08-24T09:49:37.767+0000] {logging_mixin.py:190} INFO - [2024-08-24T09:49:37.767+0000] {dag.py:4138} INFO - Setting next_dagrun for dataset_with_extra_by_yield to 2024-08-23 00:00:00+00:00, run_after=2024-08-24 00:00:00+00:00
[2024-08-24T09:49:37.771+0000] {logging_mixin.py:190} INFO - [2024-08-24T09:49:37.771+0000] {dag.py:4138} INFO - Setting next_dagrun for dataset_with_extra_from_classic_operator to 2024-08-23 00:00:00+00:00, run_after=2024-08-24 00:00:00+00:00
[2024-08-24T09:49:37.809+0000] {processor.py:208} INFO - Processing /home/airflow/.local/lib/python3.12/site-packages/airflow/example_dags/example_outlet_event_extra.py took 0.330 seconds
[2024-08-24T09:50:08.326+0000] {processor.py:186} INFO - Started process (PID=460) to work on /home/airflow/.local/lib/python3.12/site-packages/airflow/example_dags/example_outlet_event_extra.py
[2024-08-24T09:50:08.327+0000] {processor.py:914} INFO - Processing file /home/airflow/.local/lib/python3.12/site-packages/airflow/example_dags/example_outlet_event_extra.py for tasks to queue
[2024-08-24T09:50:08.329+0000] {logging_mixin.py:190} INFO - [2024-08-24T09:50:08.329+0000] {dagbag.py:587} INFO - Filling up the DagBag from /home/airflow/.local/lib/python3.12/site-packages/airflow/example_dags/example_outlet_event_extra.py
[2024-08-24T09:50:08.454+0000] {processor.py:925} INFO - DAG(s) 'dataset_with_extra_by_context', 'dataset_with_extra_from_classic_operator', 'dataset_with_extra_by_yield' retrieved from /home/airflow/.local/lib/python3.12/site-packages/airflow/example_dags/example_outlet_event_extra.py
[2024-08-24T09:50:08.483+0000] {logging_mixin.py:190} INFO - [2024-08-24T09:50:08.483+0000] {dag.py:3211} INFO - Sync 3 DAGs
[2024-08-24T09:50:08.510+0000] {logging_mixin.py:190} INFO - [2024-08-24T09:50:08.509+0000] {dag.py:4138} INFO - Setting next_dagrun for dataset_with_extra_by_context to 2024-08-23 00:00:00+00:00, run_after=2024-08-24 00:00:00+00:00
[2024-08-24T09:50:08.515+0000] {logging_mixin.py:190} INFO - [2024-08-24T09:50:08.514+0000] {dag.py:4138} INFO - Setting next_dagrun for dataset_with_extra_by_yield to 2024-08-23 00:00:00+00:00, run_after=2024-08-24 00:00:00+00:00
[2024-08-24T09:50:08.517+0000] {logging_mixin.py:190} INFO - [2024-08-24T09:50:08.517+0000] {dag.py:4138} INFO - Setting next_dagrun for dataset_with_extra_from_classic_operator to 2024-08-23 00:00:00+00:00, run_after=2024-08-24 00:00:00+00:00
[2024-08-24T09:50:08.537+0000] {processor.py:208} INFO - Processing /home/airflow/.local/lib/python3.12/site-packages/airflow/example_dags/example_outlet_event_extra.py took 0.216 seconds
[2024-08-24T09:50:39.040+0000] {processor.py:186} INFO - Started process (PID=523) to work on /home/airflow/.local/lib/python3.12/site-packages/airflow/example_dags/example_outlet_event_extra.py
[2024-08-24T09:50:39.041+0000] {processor.py:914} INFO - Processing file /home/airflow/.local/lib/python3.12/site-packages/airflow/example_dags/example_outlet_event_extra.py for tasks to queue
[2024-08-24T09:50:39.044+0000] {logging_mixin.py:190} INFO - [2024-08-24T09:50:39.043+0000] {dagbag.py:587} INFO - Filling up the DagBag from /home/airflow/.local/lib/python3.12/site-packages/airflow/example_dags/example_outlet_event_extra.py
[2024-08-24T09:50:39.209+0000] {processor.py:925} INFO - DAG(s) 'dataset_with_extra_from_classic_operator', 'dataset_with_extra_by_yield', 'dataset_with_extra_by_context' retrieved from /home/airflow/.local/lib/python3.12/site-packages/airflow/example_dags/example_outlet_event_extra.py
[2024-08-24T09:50:39.235+0000] {logging_mixin.py:190} INFO - [2024-08-24T09:50:39.235+0000] {dag.py:3211} INFO - Sync 3 DAGs
[2024-08-24T09:50:39.257+0000] {logging_mixin.py:190} INFO - [2024-08-24T09:50:39.257+0000] {dag.py:4138} INFO - Setting next_dagrun for dataset_with_extra_by_context to 2024-08-23 00:00:00+00:00, run_after=2024-08-24 00:00:00+00:00
[2024-08-24T09:50:39.263+0000] {logging_mixin.py:190} INFO - [2024-08-24T09:50:39.263+0000] {dag.py:4138} INFO - Setting next_dagrun for dataset_with_extra_by_yield to 2024-08-23 00:00:00+00:00, run_after=2024-08-24 00:00:00+00:00
[2024-08-24T09:50:39.266+0000] {logging_mixin.py:190} INFO - [2024-08-24T09:50:39.266+0000] {dag.py:4138} INFO - Setting next_dagrun for dataset_with_extra_from_classic_operator to 2024-08-23 00:00:00+00:00, run_after=2024-08-24 00:00:00+00:00
[2024-08-24T09:50:39.300+0000] {processor.py:208} INFO - Processing /home/airflow/.local/lib/python3.12/site-packages/airflow/example_dags/example_outlet_event_extra.py took 0.266 seconds
[2024-08-24T09:51:09.454+0000] {processor.py:186} INFO - Started process (PID=586) to work on /home/airflow/.local/lib/python3.12/site-packages/airflow/example_dags/example_outlet_event_extra.py
[2024-08-24T09:51:09.456+0000] {processor.py:914} INFO - Processing file /home/airflow/.local/lib/python3.12/site-packages/airflow/example_dags/example_outlet_event_extra.py for tasks to queue
[2024-08-24T09:51:09.459+0000] {logging_mixin.py:190} INFO - [2024-08-24T09:51:09.458+0000] {dagbag.py:587} INFO - Filling up the DagBag from /home/airflow/.local/lib/python3.12/site-packages/airflow/example_dags/example_outlet_event_extra.py
[2024-08-24T09:51:09.608+0000] {processor.py:925} INFO - DAG(s) 'dataset_with_extra_by_yield', 'dataset_with_extra_by_context', 'dataset_with_extra_from_classic_operator' retrieved from /home/airflow/.local/lib/python3.12/site-packages/airflow/example_dags/example_outlet_event_extra.py
[2024-08-24T09:51:09.639+0000] {logging_mixin.py:190} INFO - [2024-08-24T09:51:09.639+0000] {dag.py:3211} INFO - Sync 3 DAGs
[2024-08-24T09:51:09.665+0000] {logging_mixin.py:190} INFO - [2024-08-24T09:51:09.664+0000] {dag.py:4138} INFO - Setting next_dagrun for dataset_with_extra_by_context to 2024-08-23 00:00:00+00:00, run_after=2024-08-24 00:00:00+00:00
[2024-08-24T09:51:09.670+0000] {logging_mixin.py:190} INFO - [2024-08-24T09:51:09.669+0000] {dag.py:4138} INFO - Setting next_dagrun for dataset_with_extra_by_yield to 2024-08-23 00:00:00+00:00, run_after=2024-08-24 00:00:00+00:00
[2024-08-24T09:51:09.672+0000] {logging_mixin.py:190} INFO - [2024-08-24T09:51:09.672+0000] {dag.py:4138} INFO - Setting next_dagrun for dataset_with_extra_from_classic_operator to 2024-08-23 00:00:00+00:00, run_after=2024-08-24 00:00:00+00:00
[2024-08-24T09:51:09.695+0000] {processor.py:208} INFO - Processing /home/airflow/.local/lib/python3.12/site-packages/airflow/example_dags/example_outlet_event_extra.py took 0.248 seconds
[2024-08-24T12:31:28.680+0000] {processor.py:186} INFO - Started process (PID=79) to work on /home/airflow/.local/lib/python3.12/site-packages/airflow/example_dags/example_outlet_event_extra.py
[2024-08-24T12:31:28.681+0000] {processor.py:914} INFO - Processing file /home/airflow/.local/lib/python3.12/site-packages/airflow/example_dags/example_outlet_event_extra.py for tasks to queue
[2024-08-24T12:31:28.685+0000] {logging_mixin.py:190} INFO - [2024-08-24T12:31:28.685+0000] {dagbag.py:587} INFO - Filling up the DagBag from /home/airflow/.local/lib/python3.12/site-packages/airflow/example_dags/example_outlet_event_extra.py
[2024-08-24T12:31:28.934+0000] {processor.py:925} INFO - DAG(s) 'dataset_with_extra_by_context', 'dataset_with_extra_by_yield', 'dataset_with_extra_from_classic_operator' retrieved from /home/airflow/.local/lib/python3.12/site-packages/airflow/example_dags/example_outlet_event_extra.py
[2024-08-24T12:31:28.988+0000] {logging_mixin.py:190} INFO - [2024-08-24T12:31:28.988+0000] {dag.py:3211} INFO - Sync 3 DAGs
[2024-08-24T12:31:29.024+0000] {logging_mixin.py:190} INFO - [2024-08-24T12:31:29.023+0000] {dag.py:4138} INFO - Setting next_dagrun for dataset_with_extra_by_context to 2024-08-23 00:00:00+00:00, run_after=2024-08-24 00:00:00+00:00
[2024-08-24T12:31:29.034+0000] {logging_mixin.py:190} INFO - [2024-08-24T12:31:29.033+0000] {dag.py:4138} INFO - Setting next_dagrun for dataset_with_extra_by_yield to 2024-08-23 00:00:00+00:00, run_after=2024-08-24 00:00:00+00:00
[2024-08-24T12:31:29.037+0000] {logging_mixin.py:190} INFO - [2024-08-24T12:31:29.037+0000] {dag.py:4138} INFO - Setting next_dagrun for dataset_with_extra_from_classic_operator to 2024-08-23 00:00:00+00:00, run_after=2024-08-24 00:00:00+00:00
[2024-08-24T12:31:29.064+0000] {processor.py:208} INFO - Processing /home/airflow/.local/lib/python3.12/site-packages/airflow/example_dags/example_outlet_event_extra.py took 0.393 seconds
[2024-08-24T12:31:59.176+0000] {processor.py:186} INFO - Started process (PID=142) to work on /home/airflow/.local/lib/python3.12/site-packages/airflow/example_dags/example_outlet_event_extra.py
[2024-08-24T12:31:59.177+0000] {processor.py:914} INFO - Processing file /home/airflow/.local/lib/python3.12/site-packages/airflow/example_dags/example_outlet_event_extra.py for tasks to queue
[2024-08-24T12:31:59.179+0000] {logging_mixin.py:190} INFO - [2024-08-24T12:31:59.179+0000] {dagbag.py:587} INFO - Filling up the DagBag from /home/airflow/.local/lib/python3.12/site-packages/airflow/example_dags/example_outlet_event_extra.py
[2024-08-24T12:31:59.297+0000] {processor.py:925} INFO - DAG(s) 'dataset_with_extra_from_classic_operator', 'dataset_with_extra_by_context', 'dataset_with_extra_by_yield' retrieved from /home/airflow/.local/lib/python3.12/site-packages/airflow/example_dags/example_outlet_event_extra.py
[2024-08-24T12:31:59.324+0000] {logging_mixin.py:190} INFO - [2024-08-24T12:31:59.323+0000] {dag.py:3211} INFO - Sync 3 DAGs
[2024-08-24T12:31:59.344+0000] {logging_mixin.py:190} INFO - [2024-08-24T12:31:59.344+0000] {dag.py:4138} INFO - Setting next_dagrun for dataset_with_extra_by_context to 2024-08-23 00:00:00+00:00, run_after=2024-08-24 00:00:00+00:00
[2024-08-24T12:31:59.349+0000] {logging_mixin.py:190} INFO - [2024-08-24T12:31:59.348+0000] {dag.py:4138} INFO - Setting next_dagrun for dataset_with_extra_by_yield to 2024-08-23 00:00:00+00:00, run_after=2024-08-24 00:00:00+00:00
[2024-08-24T12:31:59.351+0000] {logging_mixin.py:190} INFO - [2024-08-24T12:31:59.351+0000] {dag.py:4138} INFO - Setting next_dagrun for dataset_with_extra_from_classic_operator to 2024-08-23 00:00:00+00:00, run_after=2024-08-24 00:00:00+00:00
[2024-08-24T12:31:59.371+0000] {processor.py:208} INFO - Processing /home/airflow/.local/lib/python3.12/site-packages/airflow/example_dags/example_outlet_event_extra.py took 0.201 seconds
[2024-08-24T12:32:29.701+0000] {processor.py:186} INFO - Started process (PID=205) to work on /home/airflow/.local/lib/python3.12/site-packages/airflow/example_dags/example_outlet_event_extra.py
[2024-08-24T12:32:29.702+0000] {processor.py:914} INFO - Processing file /home/airflow/.local/lib/python3.12/site-packages/airflow/example_dags/example_outlet_event_extra.py for tasks to queue
[2024-08-24T12:32:29.704+0000] {logging_mixin.py:190} INFO - [2024-08-24T12:32:29.703+0000] {dagbag.py:587} INFO - Filling up the DagBag from /home/airflow/.local/lib/python3.12/site-packages/airflow/example_dags/example_outlet_event_extra.py
[2024-08-24T12:32:29.820+0000] {processor.py:925} INFO - DAG(s) 'dataset_with_extra_from_classic_operator', 'dataset_with_extra_by_context', 'dataset_with_extra_by_yield' retrieved from /home/airflow/.local/lib/python3.12/site-packages/airflow/example_dags/example_outlet_event_extra.py
[2024-08-24T12:32:29.851+0000] {logging_mixin.py:190} INFO - [2024-08-24T12:32:29.851+0000] {dag.py:3211} INFO - Sync 3 DAGs
[2024-08-24T12:32:29.878+0000] {logging_mixin.py:190} INFO - [2024-08-24T12:32:29.878+0000] {dag.py:4138} INFO - Setting next_dagrun for dataset_with_extra_by_context to 2024-08-23 00:00:00+00:00, run_after=2024-08-24 00:00:00+00:00
[2024-08-24T12:32:29.884+0000] {logging_mixin.py:190} INFO - [2024-08-24T12:32:29.884+0000] {dag.py:4138} INFO - Setting next_dagrun for dataset_with_extra_by_yield to 2024-08-23 00:00:00+00:00, run_after=2024-08-24 00:00:00+00:00
[2024-08-24T12:32:29.887+0000] {logging_mixin.py:190} INFO - [2024-08-24T12:32:29.887+0000] {dag.py:4138} INFO - Setting next_dagrun for dataset_with_extra_from_classic_operator to 2024-08-23 00:00:00+00:00, run_after=2024-08-24 00:00:00+00:00
[2024-08-24T12:32:29.921+0000] {processor.py:208} INFO - Processing /home/airflow/.local/lib/python3.12/site-packages/airflow/example_dags/example_outlet_event_extra.py took 0.225 seconds
[2024-08-24T12:33:00.249+0000] {processor.py:186} INFO - Started process (PID=268) to work on /home/airflow/.local/lib/python3.12/site-packages/airflow/example_dags/example_outlet_event_extra.py
[2024-08-24T12:33:00.250+0000] {processor.py:914} INFO - Processing file /home/airflow/.local/lib/python3.12/site-packages/airflow/example_dags/example_outlet_event_extra.py for tasks to queue
[2024-08-24T12:33:00.252+0000] {logging_mixin.py:190} INFO - [2024-08-24T12:33:00.252+0000] {dagbag.py:587} INFO - Filling up the DagBag from /home/airflow/.local/lib/python3.12/site-packages/airflow/example_dags/example_outlet_event_extra.py
[2024-08-24T12:33:00.356+0000] {processor.py:925} INFO - DAG(s) 'dataset_with_extra_from_classic_operator', 'dataset_with_extra_by_context', 'dataset_with_extra_by_yield' retrieved from /home/airflow/.local/lib/python3.12/site-packages/airflow/example_dags/example_outlet_event_extra.py
[2024-08-24T12:33:00.379+0000] {logging_mixin.py:190} INFO - [2024-08-24T12:33:00.378+0000] {dag.py:3211} INFO - Sync 3 DAGs
[2024-08-24T12:33:00.397+0000] {logging_mixin.py:190} INFO - [2024-08-24T12:33:00.397+0000] {dag.py:4138} INFO - Setting next_dagrun for dataset_with_extra_by_context to 2024-08-23 00:00:00+00:00, run_after=2024-08-24 00:00:00+00:00
[2024-08-24T12:33:00.401+0000] {logging_mixin.py:190} INFO - [2024-08-24T12:33:00.401+0000] {dag.py:4138} INFO - Setting next_dagrun for dataset_with_extra_by_yield to 2024-08-23 00:00:00+00:00, run_after=2024-08-24 00:00:00+00:00
[2024-08-24T12:33:00.403+0000] {logging_mixin.py:190} INFO - [2024-08-24T12:33:00.403+0000] {dag.py:4138} INFO - Setting next_dagrun for dataset_with_extra_from_classic_operator to 2024-08-23 00:00:00+00:00, run_after=2024-08-24 00:00:00+00:00
[2024-08-24T12:33:00.421+0000] {processor.py:208} INFO - Processing /home/airflow/.local/lib/python3.12/site-packages/airflow/example_dags/example_outlet_event_extra.py took 0.177 seconds
[2024-08-24T12:33:31.104+0000] {processor.py:186} INFO - Started process (PID=331) to work on /home/airflow/.local/lib/python3.12/site-packages/airflow/example_dags/example_outlet_event_extra.py
[2024-08-24T12:33:31.105+0000] {processor.py:914} INFO - Processing file /home/airflow/.local/lib/python3.12/site-packages/airflow/example_dags/example_outlet_event_extra.py for tasks to queue
[2024-08-24T12:33:31.107+0000] {logging_mixin.py:190} INFO - [2024-08-24T12:33:31.107+0000] {dagbag.py:587} INFO - Filling up the DagBag from /home/airflow/.local/lib/python3.12/site-packages/airflow/example_dags/example_outlet_event_extra.py
[2024-08-24T12:33:31.215+0000] {processor.py:925} INFO - DAG(s) 'dataset_with_extra_by_context', 'dataset_with_extra_by_yield', 'dataset_with_extra_from_classic_operator' retrieved from /home/airflow/.local/lib/python3.12/site-packages/airflow/example_dags/example_outlet_event_extra.py
[2024-08-24T12:33:31.239+0000] {logging_mixin.py:190} INFO - [2024-08-24T12:33:31.239+0000] {dag.py:3211} INFO - Sync 3 DAGs
[2024-08-24T12:33:31.260+0000] {logging_mixin.py:190} INFO - [2024-08-24T12:33:31.260+0000] {dag.py:4138} INFO - Setting next_dagrun for dataset_with_extra_by_context to 2024-08-23 00:00:00+00:00, run_after=2024-08-24 00:00:00+00:00
[2024-08-24T12:33:31.265+0000] {logging_mixin.py:190} INFO - [2024-08-24T12:33:31.265+0000] {dag.py:4138} INFO - Setting next_dagrun for dataset_with_extra_by_yield to 2024-08-23 00:00:00+00:00, run_after=2024-08-24 00:00:00+00:00
[2024-08-24T12:33:31.267+0000] {logging_mixin.py:190} INFO - [2024-08-24T12:33:31.267+0000] {dag.py:4138} INFO - Setting next_dagrun for dataset_with_extra_from_classic_operator to 2024-08-23 00:00:00+00:00, run_after=2024-08-24 00:00:00+00:00
[2024-08-24T12:33:31.299+0000] {processor.py:208} INFO - Processing /home/airflow/.local/lib/python3.12/site-packages/airflow/example_dags/example_outlet_event_extra.py took 0.199 seconds
[2024-08-24T12:34:02.008+0000] {processor.py:186} INFO - Started process (PID=394) to work on /home/airflow/.local/lib/python3.12/site-packages/airflow/example_dags/example_outlet_event_extra.py
[2024-08-24T12:34:02.009+0000] {processor.py:914} INFO - Processing file /home/airflow/.local/lib/python3.12/site-packages/airflow/example_dags/example_outlet_event_extra.py for tasks to queue
[2024-08-24T12:34:02.011+0000] {logging_mixin.py:190} INFO - [2024-08-24T12:34:02.010+0000] {dagbag.py:587} INFO - Filling up the DagBag from /home/airflow/.local/lib/python3.12/site-packages/airflow/example_dags/example_outlet_event_extra.py
[2024-08-24T12:34:02.134+0000] {processor.py:925} INFO - DAG(s) 'dataset_with_extra_by_context', 'dataset_with_extra_from_classic_operator', 'dataset_with_extra_by_yield' retrieved from /home/airflow/.local/lib/python3.12/site-packages/airflow/example_dags/example_outlet_event_extra.py
[2024-08-24T12:34:02.162+0000] {logging_mixin.py:190} INFO - [2024-08-24T12:34:02.162+0000] {dag.py:3211} INFO - Sync 3 DAGs
[2024-08-24T12:34:02.194+0000] {logging_mixin.py:190} INFO - [2024-08-24T12:34:02.194+0000] {dag.py:4138} INFO - Setting next_dagrun for dataset_with_extra_by_context to 2024-08-23 00:00:00+00:00, run_after=2024-08-24 00:00:00+00:00
[2024-08-24T12:34:02.200+0000] {logging_mixin.py:190} INFO - [2024-08-24T12:34:02.200+0000] {dag.py:4138} INFO - Setting next_dagrun for dataset_with_extra_by_yield to 2024-08-23 00:00:00+00:00, run_after=2024-08-24 00:00:00+00:00
[2024-08-24T12:34:02.204+0000] {logging_mixin.py:190} INFO - [2024-08-24T12:34:02.203+0000] {dag.py:4138} INFO - Setting next_dagrun for dataset_with_extra_from_classic_operator to 2024-08-23 00:00:00+00:00, run_after=2024-08-24 00:00:00+00:00
[2024-08-24T12:34:02.252+0000] {processor.py:208} INFO - Processing /home/airflow/.local/lib/python3.12/site-packages/airflow/example_dags/example_outlet_event_extra.py took 0.249 seconds
