[2024-08-24T09:47:04.135+0000] {processor.py:186} INFO - Started process (PID=85) to work on /home/airflow/.local/lib/python3.12/site-packages/airflow/example_dags/example_sensor_decorator.py
[2024-08-24T09:47:04.136+0000] {processor.py:914} INFO - Processing file /home/airflow/.local/lib/python3.12/site-packages/airflow/example_dags/example_sensor_decorator.py for tasks to queue
[2024-08-24T09:47:04.140+0000] {logging_mixin.py:190} INFO - [2024-08-24T09:47:04.140+0000] {dagbag.py:587} INFO - Filling up the DagBag from /home/airflow/.local/lib/python3.12/site-packages/airflow/example_dags/example_sensor_decorator.py
[2024-08-24T09:47:04.156+0000] {processor.py:925} INFO - DAG(s) 'example_sensor_decorator' retrieved from /home/airflow/.local/lib/python3.12/site-packages/airflow/example_dags/example_sensor_decorator.py
[2024-08-24T09:47:04.352+0000] {logging_mixin.py:190} INFO - [2024-08-24T09:47:04.351+0000] {override.py:1858} INFO - Created Permission View: can delete on DAG:example_sensor_decorator
[2024-08-24T09:47:04.369+0000] {logging_mixin.py:190} INFO - [2024-08-24T09:47:04.369+0000] {override.py:1858} INFO - Created Permission View: can edit on DAG:example_sensor_decorator
[2024-08-24T09:47:04.379+0000] {logging_mixin.py:190} INFO - [2024-08-24T09:47:04.379+0000] {override.py:1858} INFO - Created Permission View: can read on DAG:example_sensor_decorator
[2024-08-24T09:47:04.381+0000] {logging_mixin.py:190} INFO - [2024-08-24T09:47:04.380+0000] {dag.py:3211} INFO - Sync 1 DAGs
[2024-08-24T09:47:04.409+0000] {logging_mixin.py:190} INFO - [2024-08-24T09:47:04.409+0000] {dag.py:3234} INFO - Creating ORM DAG for example_sensor_decorator
[2024-08-24T09:47:04.411+0000] {logging_mixin.py:190} INFO - [2024-08-24T09:47:04.410+0000] {dag.py:4138} INFO - Setting next_dagrun for example_sensor_decorator to None, run_after=None
[2024-08-24T09:47:04.432+0000] {processor.py:208} INFO - Processing /home/airflow/.local/lib/python3.12/site-packages/airflow/example_dags/example_sensor_decorator.py took 0.313 seconds
[2024-08-24T09:47:35.129+0000] {processor.py:186} INFO - Started process (PID=148) to work on /home/airflow/.local/lib/python3.12/site-packages/airflow/example_dags/example_sensor_decorator.py
[2024-08-24T09:47:35.130+0000] {processor.py:914} INFO - Processing file /home/airflow/.local/lib/python3.12/site-packages/airflow/example_dags/example_sensor_decorator.py for tasks to queue
[2024-08-24T09:47:35.134+0000] {logging_mixin.py:190} INFO - [2024-08-24T09:47:35.133+0000] {dagbag.py:587} INFO - Filling up the DagBag from /home/airflow/.local/lib/python3.12/site-packages/airflow/example_dags/example_sensor_decorator.py
[2024-08-24T09:47:35.141+0000] {processor.py:925} INFO - DAG(s) 'example_sensor_decorator' retrieved from /home/airflow/.local/lib/python3.12/site-packages/airflow/example_dags/example_sensor_decorator.py
[2024-08-24T09:47:35.163+0000] {logging_mixin.py:190} INFO - [2024-08-24T09:47:35.163+0000] {dag.py:3211} INFO - Sync 1 DAGs
[2024-08-24T09:47:35.179+0000] {logging_mixin.py:190} INFO - [2024-08-24T09:47:35.179+0000] {dag.py:4138} INFO - Setting next_dagrun for example_sensor_decorator to None, run_after=None
[2024-08-24T09:47:35.201+0000] {processor.py:208} INFO - Processing /home/airflow/.local/lib/python3.12/site-packages/airflow/example_dags/example_sensor_decorator.py took 0.078 seconds
[2024-08-24T09:48:06.127+0000] {processor.py:186} INFO - Started process (PID=211) to work on /home/airflow/.local/lib/python3.12/site-packages/airflow/example_dags/example_sensor_decorator.py
[2024-08-24T09:48:06.129+0000] {processor.py:914} INFO - Processing file /home/airflow/.local/lib/python3.12/site-packages/airflow/example_dags/example_sensor_decorator.py for tasks to queue
[2024-08-24T09:48:06.138+0000] {logging_mixin.py:190} INFO - [2024-08-24T09:48:06.138+0000] {dagbag.py:587} INFO - Filling up the DagBag from /home/airflow/.local/lib/python3.12/site-packages/airflow/example_dags/example_sensor_decorator.py
[2024-08-24T09:48:06.148+0000] {processor.py:925} INFO - DAG(s) 'example_sensor_decorator' retrieved from /home/airflow/.local/lib/python3.12/site-packages/airflow/example_dags/example_sensor_decorator.py
[2024-08-24T09:48:06.181+0000] {logging_mixin.py:190} INFO - [2024-08-24T09:48:06.180+0000] {dag.py:3211} INFO - Sync 1 DAGs
[2024-08-24T09:48:06.205+0000] {logging_mixin.py:190} INFO - [2024-08-24T09:48:06.205+0000] {dag.py:4138} INFO - Setting next_dagrun for example_sensor_decorator to None, run_after=None
[2024-08-24T09:48:06.231+0000] {processor.py:208} INFO - Processing /home/airflow/.local/lib/python3.12/site-packages/airflow/example_dags/example_sensor_decorator.py took 0.113 seconds
[2024-08-24T09:48:37.175+0000] {processor.py:186} INFO - Started process (PID=274) to work on /home/airflow/.local/lib/python3.12/site-packages/airflow/example_dags/example_sensor_decorator.py
[2024-08-24T09:48:37.176+0000] {processor.py:914} INFO - Processing file /home/airflow/.local/lib/python3.12/site-packages/airflow/example_dags/example_sensor_decorator.py for tasks to queue
[2024-08-24T09:48:37.180+0000] {logging_mixin.py:190} INFO - [2024-08-24T09:48:37.179+0000] {dagbag.py:587} INFO - Filling up the DagBag from /home/airflow/.local/lib/python3.12/site-packages/airflow/example_dags/example_sensor_decorator.py
[2024-08-24T09:48:37.189+0000] {processor.py:925} INFO - DAG(s) 'example_sensor_decorator' retrieved from /home/airflow/.local/lib/python3.12/site-packages/airflow/example_dags/example_sensor_decorator.py
[2024-08-24T09:48:37.219+0000] {logging_mixin.py:190} INFO - [2024-08-24T09:48:37.218+0000] {dag.py:3211} INFO - Sync 1 DAGs
[2024-08-24T09:48:37.240+0000] {logging_mixin.py:190} INFO - [2024-08-24T09:48:37.239+0000] {dag.py:4138} INFO - Setting next_dagrun for example_sensor_decorator to None, run_after=None
[2024-08-24T09:48:37.265+0000] {processor.py:208} INFO - Processing /home/airflow/.local/lib/python3.12/site-packages/airflow/example_dags/example_sensor_decorator.py took 0.098 seconds
[2024-08-24T09:49:07.441+0000] {processor.py:186} INFO - Started process (PID=336) to work on /home/airflow/.local/lib/python3.12/site-packages/airflow/example_dags/example_sensor_decorator.py
[2024-08-24T09:49:07.442+0000] {processor.py:914} INFO - Processing file /home/airflow/.local/lib/python3.12/site-packages/airflow/example_dags/example_sensor_decorator.py for tasks to queue
[2024-08-24T09:49:07.445+0000] {logging_mixin.py:190} INFO - [2024-08-24T09:49:07.444+0000] {dagbag.py:587} INFO - Filling up the DagBag from /home/airflow/.local/lib/python3.12/site-packages/airflow/example_dags/example_sensor_decorator.py
[2024-08-24T09:49:07.452+0000] {processor.py:925} INFO - DAG(s) 'example_sensor_decorator' retrieved from /home/airflow/.local/lib/python3.12/site-packages/airflow/example_dags/example_sensor_decorator.py
[2024-08-24T09:49:07.472+0000] {logging_mixin.py:190} INFO - [2024-08-24T09:49:07.472+0000] {dag.py:3211} INFO - Sync 1 DAGs
[2024-08-24T09:49:07.487+0000] {logging_mixin.py:190} INFO - [2024-08-24T09:49:07.487+0000] {dag.py:4138} INFO - Setting next_dagrun for example_sensor_decorator to None, run_after=None
[2024-08-24T09:49:07.505+0000] {processor.py:208} INFO - Processing /home/airflow/.local/lib/python3.12/site-packages/airflow/example_dags/example_sensor_decorator.py took 0.069 seconds
[2024-08-24T09:49:38.005+0000] {processor.py:186} INFO - Started process (PID=400) to work on /home/airflow/.local/lib/python3.12/site-packages/airflow/example_dags/example_sensor_decorator.py
[2024-08-24T09:49:38.006+0000] {processor.py:914} INFO - Processing file /home/airflow/.local/lib/python3.12/site-packages/airflow/example_dags/example_sensor_decorator.py for tasks to queue
[2024-08-24T09:49:38.010+0000] {logging_mixin.py:190} INFO - [2024-08-24T09:49:38.009+0000] {dagbag.py:587} INFO - Filling up the DagBag from /home/airflow/.local/lib/python3.12/site-packages/airflow/example_dags/example_sensor_decorator.py
[2024-08-24T09:49:38.020+0000] {processor.py:925} INFO - DAG(s) 'example_sensor_decorator' retrieved from /home/airflow/.local/lib/python3.12/site-packages/airflow/example_dags/example_sensor_decorator.py
[2024-08-24T09:49:38.048+0000] {logging_mixin.py:190} INFO - [2024-08-24T09:49:38.048+0000] {dag.py:3211} INFO - Sync 1 DAGs
[2024-08-24T09:49:38.068+0000] {logging_mixin.py:190} INFO - [2024-08-24T09:49:38.067+0000] {dag.py:4138} INFO - Setting next_dagrun for example_sensor_decorator to None, run_after=None
[2024-08-24T09:49:38.096+0000] {processor.py:208} INFO - Processing /home/airflow/.local/lib/python3.12/site-packages/airflow/example_dags/example_sensor_decorator.py took 0.099 seconds
[2024-08-24T09:50:08.693+0000] {processor.py:186} INFO - Started process (PID=463) to work on /home/airflow/.local/lib/python3.12/site-packages/airflow/example_dags/example_sensor_decorator.py
[2024-08-24T09:50:08.694+0000] {processor.py:914} INFO - Processing file /home/airflow/.local/lib/python3.12/site-packages/airflow/example_dags/example_sensor_decorator.py for tasks to queue
[2024-08-24T09:50:08.696+0000] {logging_mixin.py:190} INFO - [2024-08-24T09:50:08.696+0000] {dagbag.py:587} INFO - Filling up the DagBag from /home/airflow/.local/lib/python3.12/site-packages/airflow/example_dags/example_sensor_decorator.py
[2024-08-24T09:50:08.704+0000] {processor.py:925} INFO - DAG(s) 'example_sensor_decorator' retrieved from /home/airflow/.local/lib/python3.12/site-packages/airflow/example_dags/example_sensor_decorator.py
[2024-08-24T09:50:08.739+0000] {logging_mixin.py:190} INFO - [2024-08-24T09:50:08.739+0000] {dag.py:3211} INFO - Sync 1 DAGs
[2024-08-24T09:50:08.771+0000] {logging_mixin.py:190} INFO - [2024-08-24T09:50:08.771+0000] {dag.py:4138} INFO - Setting next_dagrun for example_sensor_decorator to None, run_after=None
[2024-08-24T09:50:08.811+0000] {processor.py:208} INFO - Processing /home/airflow/.local/lib/python3.12/site-packages/airflow/example_dags/example_sensor_decorator.py took 0.123 seconds
[2024-08-24T09:50:39.462+0000] {processor.py:186} INFO - Started process (PID=526) to work on /home/airflow/.local/lib/python3.12/site-packages/airflow/example_dags/example_sensor_decorator.py
[2024-08-24T09:50:39.463+0000] {processor.py:914} INFO - Processing file /home/airflow/.local/lib/python3.12/site-packages/airflow/example_dags/example_sensor_decorator.py for tasks to queue
[2024-08-24T09:50:39.465+0000] {logging_mixin.py:190} INFO - [2024-08-24T09:50:39.465+0000] {dagbag.py:587} INFO - Filling up the DagBag from /home/airflow/.local/lib/python3.12/site-packages/airflow/example_dags/example_sensor_decorator.py
[2024-08-24T09:50:39.472+0000] {processor.py:925} INFO - DAG(s) 'example_sensor_decorator' retrieved from /home/airflow/.local/lib/python3.12/site-packages/airflow/example_dags/example_sensor_decorator.py
[2024-08-24T09:50:39.493+0000] {logging_mixin.py:190} INFO - [2024-08-24T09:50:39.493+0000] {dag.py:3211} INFO - Sync 1 DAGs
[2024-08-24T09:50:39.509+0000] {logging_mixin.py:190} INFO - [2024-08-24T09:50:39.509+0000] {dag.py:4138} INFO - Setting next_dagrun for example_sensor_decorator to None, run_after=None
[2024-08-24T09:50:39.531+0000] {processor.py:208} INFO - Processing /home/airflow/.local/lib/python3.12/site-packages/airflow/example_dags/example_sensor_decorator.py took 0.075 seconds
[2024-08-24T09:51:09.747+0000] {processor.py:186} INFO - Started process (PID=588) to work on /home/airflow/.local/lib/python3.12/site-packages/airflow/example_dags/example_sensor_decorator.py
[2024-08-24T09:51:09.748+0000] {processor.py:914} INFO - Processing file /home/airflow/.local/lib/python3.12/site-packages/airflow/example_dags/example_sensor_decorator.py for tasks to queue
[2024-08-24T09:51:09.751+0000] {logging_mixin.py:190} INFO - [2024-08-24T09:51:09.751+0000] {dagbag.py:587} INFO - Filling up the DagBag from /home/airflow/.local/lib/python3.12/site-packages/airflow/example_dags/example_sensor_decorator.py
[2024-08-24T09:51:09.759+0000] {processor.py:925} INFO - DAG(s) 'example_sensor_decorator' retrieved from /home/airflow/.local/lib/python3.12/site-packages/airflow/example_dags/example_sensor_decorator.py
[2024-08-24T09:51:09.782+0000] {logging_mixin.py:190} INFO - [2024-08-24T09:51:09.782+0000] {dag.py:3211} INFO - Sync 1 DAGs
[2024-08-24T09:51:09.802+0000] {logging_mixin.py:190} INFO - [2024-08-24T09:51:09.801+0000] {dag.py:4138} INFO - Setting next_dagrun for example_sensor_decorator to None, run_after=None
[2024-08-24T09:51:09.826+0000] {processor.py:208} INFO - Processing /home/airflow/.local/lib/python3.12/site-packages/airflow/example_dags/example_sensor_decorator.py took 0.089 seconds
