[2024-08-24T09:47:09.319+0000] {processor.py:186} INFO - Started process (PID=108) to work on /home/airflow/.local/lib/python3.12/site-packages/airflow/example_dags/example_subdag_operator.py
[2024-08-24T09:47:09.321+0000] {processor.py:914} INFO - Processing file /home/airflow/.local/lib/python3.12/site-packages/airflow/example_dags/example_subdag_operator.py for tasks to queue
[2024-08-24T09:47:09.324+0000] {logging_mixin.py:190} INFO - [2024-08-24T09:47:09.323+0000] {dagbag.py:587} INFO - Filling up the DagBag from /home/airflow/.local/lib/python3.12/site-packages/airflow/example_dags/example_subdag_operator.py
[2024-08-24T09:47:09.361+0000] {processor.py:925} INFO - DAG(s) 'example_subdag_operator.section-1', 'example_subdag_operator.section-2', 'example_subdag_operator' retrieved from /home/airflow/.local/lib/python3.12/site-packages/airflow/example_dags/example_subdag_operator.py
[2024-08-24T09:47:09.552+0000] {logging_mixin.py:190} INFO - [2024-08-24T09:47:09.551+0000] {override.py:1858} INFO - Created Permission View: can delete on DAG:example_subdag_operator
[2024-08-24T09:47:09.567+0000] {logging_mixin.py:190} INFO - [2024-08-24T09:47:09.567+0000] {override.py:1858} INFO - Created Permission View: can edit on DAG:example_subdag_operator
[2024-08-24T09:47:09.577+0000] {logging_mixin.py:190} INFO - [2024-08-24T09:47:09.577+0000] {override.py:1858} INFO - Created Permission View: can read on DAG:example_subdag_operator
[2024-08-24T09:47:09.578+0000] {logging_mixin.py:190} INFO - [2024-08-24T09:47:09.578+0000] {dag.py:3211} INFO - Sync 3 DAGs
[2024-08-24T09:47:09.600+0000] {logging_mixin.py:190} INFO - [2024-08-24T09:47:09.599+0000] {dag.py:3234} INFO - Creating ORM DAG for example_subdag_operator.section-2
[2024-08-24T09:47:09.602+0000] {logging_mixin.py:190} INFO - [2024-08-24T09:47:09.601+0000] {dag.py:3234} INFO - Creating ORM DAG for example_subdag_operator
[2024-08-24T09:47:09.603+0000] {logging_mixin.py:190} INFO - [2024-08-24T09:47:09.603+0000] {dag.py:3234} INFO - Creating ORM DAG for example_subdag_operator.section-1
[2024-08-24T09:47:09.621+0000] {logging_mixin.py:190} INFO - [2024-08-24T09:47:09.620+0000] {dag.py:4138} INFO - Setting next_dagrun for example_subdag_operator to 2022-01-01 00:00:00+00:00, run_after=2022-01-01 00:00:00+00:00
[2024-08-24T09:47:09.622+0000] {logging_mixin.py:190} INFO - [2024-08-24T09:47:09.622+0000] {dag.py:4138} INFO - Setting next_dagrun for example_subdag_operator.section-1 to None, run_after=None
[2024-08-24T09:47:09.625+0000] {logging_mixin.py:190} INFO - [2024-08-24T09:47:09.623+0000] {dag.py:4138} INFO - Setting next_dagrun for example_subdag_operator.section-2 to None, run_after=None
[2024-08-24T09:47:09.643+0000] {logging_mixin.py:190} INFO - [2024-08-24T09:47:09.643+0000] {dag.py:3211} INFO - Sync 2 DAGs
[2024-08-24T09:47:09.653+0000] {logging_mixin.py:190} INFO - [2024-08-24T09:47:09.652+0000] {dag.py:4138} INFO - Setting next_dagrun for example_subdag_operator.section-1 to None, run_after=None
[2024-08-24T09:47:09.657+0000] {logging_mixin.py:190} INFO - [2024-08-24T09:47:09.657+0000] {dag.py:4138} INFO - Setting next_dagrun for example_subdag_operator.section-2 to None, run_after=None
[2024-08-24T09:47:09.677+0000] {processor.py:208} INFO - Processing /home/airflow/.local/lib/python3.12/site-packages/airflow/example_dags/example_subdag_operator.py took 0.366 seconds
[2024-08-24T09:47:40.620+0000] {processor.py:186} INFO - Started process (PID=171) to work on /home/airflow/.local/lib/python3.12/site-packages/airflow/example_dags/example_subdag_operator.py
[2024-08-24T09:47:40.622+0000] {processor.py:914} INFO - Processing file /home/airflow/.local/lib/python3.12/site-packages/airflow/example_dags/example_subdag_operator.py for tasks to queue
[2024-08-24T09:47:40.624+0000] {logging_mixin.py:190} INFO - [2024-08-24T09:47:40.624+0000] {dagbag.py:587} INFO - Filling up the DagBag from /home/airflow/.local/lib/python3.12/site-packages/airflow/example_dags/example_subdag_operator.py
[2024-08-24T09:47:40.649+0000] {processor.py:925} INFO - DAG(s) 'example_subdag_operator.section-1', 'example_subdag_operator.section-2', 'example_subdag_operator' retrieved from /home/airflow/.local/lib/python3.12/site-packages/airflow/example_dags/example_subdag_operator.py
[2024-08-24T09:47:40.664+0000] {logging_mixin.py:190} INFO - [2024-08-24T09:47:40.664+0000] {dag.py:3211} INFO - Sync 3 DAGs
[2024-08-24T09:47:40.685+0000] {logging_mixin.py:190} INFO - [2024-08-24T09:47:40.685+0000] {dag.py:4138} INFO - Setting next_dagrun for example_subdag_operator to 2022-01-01 00:00:00+00:00, run_after=2022-01-01 00:00:00+00:00
[2024-08-24T09:47:40.689+0000] {logging_mixin.py:190} INFO - [2024-08-24T09:47:40.689+0000] {dag.py:4138} INFO - Setting next_dagrun for example_subdag_operator.section-1 to None, run_after=None
[2024-08-24T09:47:40.692+0000] {logging_mixin.py:190} INFO - [2024-08-24T09:47:40.692+0000] {dag.py:4138} INFO - Setting next_dagrun for example_subdag_operator.section-2 to None, run_after=None
[2024-08-24T09:47:40.701+0000] {logging_mixin.py:190} INFO - [2024-08-24T09:47:40.701+0000] {dag.py:3211} INFO - Sync 2 DAGs
[2024-08-24T09:47:40.709+0000] {logging_mixin.py:190} INFO - [2024-08-24T09:47:40.709+0000] {dag.py:4138} INFO - Setting next_dagrun for example_subdag_operator.section-1 to None, run_after=None
[2024-08-24T09:47:40.710+0000] {logging_mixin.py:190} INFO - [2024-08-24T09:47:40.710+0000] {dag.py:4138} INFO - Setting next_dagrun for example_subdag_operator.section-2 to None, run_after=None
[2024-08-24T09:47:40.733+0000] {processor.py:208} INFO - Processing /home/airflow/.local/lib/python3.12/site-packages/airflow/example_dags/example_subdag_operator.py took 0.119 seconds
[2024-08-24T09:48:11.483+0000] {processor.py:186} INFO - Started process (PID=234) to work on /home/airflow/.local/lib/python3.12/site-packages/airflow/example_dags/example_subdag_operator.py
[2024-08-24T09:48:11.485+0000] {processor.py:914} INFO - Processing file /home/airflow/.local/lib/python3.12/site-packages/airflow/example_dags/example_subdag_operator.py for tasks to queue
[2024-08-24T09:48:11.487+0000] {logging_mixin.py:190} INFO - [2024-08-24T09:48:11.487+0000] {dagbag.py:587} INFO - Filling up the DagBag from /home/airflow/.local/lib/python3.12/site-packages/airflow/example_dags/example_subdag_operator.py
[2024-08-24T09:48:11.527+0000] {processor.py:925} INFO - DAG(s) 'example_subdag_operator.section-1', 'example_subdag_operator.section-2', 'example_subdag_operator' retrieved from /home/airflow/.local/lib/python3.12/site-packages/airflow/example_dags/example_subdag_operator.py
[2024-08-24T09:48:11.558+0000] {logging_mixin.py:190} INFO - [2024-08-24T09:48:11.558+0000] {dag.py:3211} INFO - Sync 3 DAGs
[2024-08-24T09:48:11.599+0000] {logging_mixin.py:190} INFO - [2024-08-24T09:48:11.598+0000] {dag.py:4138} INFO - Setting next_dagrun for example_subdag_operator to 2022-01-01 00:00:00+00:00, run_after=2022-01-01 00:00:00+00:00
[2024-08-24T09:48:11.607+0000] {logging_mixin.py:190} INFO - [2024-08-24T09:48:11.606+0000] {dag.py:4138} INFO - Setting next_dagrun for example_subdag_operator.section-1 to None, run_after=None
[2024-08-24T09:48:11.610+0000] {logging_mixin.py:190} INFO - [2024-08-24T09:48:11.609+0000] {dag.py:4138} INFO - Setting next_dagrun for example_subdag_operator.section-2 to None, run_after=None
[2024-08-24T09:48:11.622+0000] {logging_mixin.py:190} INFO - [2024-08-24T09:48:11.621+0000] {dag.py:3211} INFO - Sync 2 DAGs
[2024-08-24T09:48:11.633+0000] {logging_mixin.py:190} INFO - [2024-08-24T09:48:11.632+0000] {dag.py:4138} INFO - Setting next_dagrun for example_subdag_operator.section-1 to None, run_after=None
[2024-08-24T09:48:11.635+0000] {logging_mixin.py:190} INFO - [2024-08-24T09:48:11.635+0000] {dag.py:4138} INFO - Setting next_dagrun for example_subdag_operator.section-2 to None, run_after=None
[2024-08-24T09:48:11.658+0000] {processor.py:208} INFO - Processing /home/airflow/.local/lib/python3.12/site-packages/airflow/example_dags/example_subdag_operator.py took 0.184 seconds
[2024-08-24T09:48:42.394+0000] {processor.py:186} INFO - Started process (PID=297) to work on /home/airflow/.local/lib/python3.12/site-packages/airflow/example_dags/example_subdag_operator.py
[2024-08-24T09:48:42.395+0000] {processor.py:914} INFO - Processing file /home/airflow/.local/lib/python3.12/site-packages/airflow/example_dags/example_subdag_operator.py for tasks to queue
[2024-08-24T09:48:42.398+0000] {logging_mixin.py:190} INFO - [2024-08-24T09:48:42.398+0000] {dagbag.py:587} INFO - Filling up the DagBag from /home/airflow/.local/lib/python3.12/site-packages/airflow/example_dags/example_subdag_operator.py
[2024-08-24T09:48:42.434+0000] {processor.py:925} INFO - DAG(s) 'example_subdag_operator.section-1', 'example_subdag_operator.section-2', 'example_subdag_operator' retrieved from /home/airflow/.local/lib/python3.12/site-packages/airflow/example_dags/example_subdag_operator.py
[2024-08-24T09:48:42.459+0000] {logging_mixin.py:190} INFO - [2024-08-24T09:48:42.458+0000] {dag.py:3211} INFO - Sync 3 DAGs
[2024-08-24T09:48:42.491+0000] {logging_mixin.py:190} INFO - [2024-08-24T09:48:42.491+0000] {dag.py:4138} INFO - Setting next_dagrun for example_subdag_operator to 2022-01-01 00:00:00+00:00, run_after=2022-01-01 00:00:00+00:00
[2024-08-24T09:48:42.498+0000] {logging_mixin.py:190} INFO - [2024-08-24T09:48:42.497+0000] {dag.py:4138} INFO - Setting next_dagrun for example_subdag_operator.section-1 to None, run_after=None
[2024-08-24T09:48:42.502+0000] {logging_mixin.py:190} INFO - [2024-08-24T09:48:42.502+0000] {dag.py:4138} INFO - Setting next_dagrun for example_subdag_operator.section-2 to None, run_after=None
[2024-08-24T09:48:42.513+0000] {logging_mixin.py:190} INFO - [2024-08-24T09:48:42.513+0000] {dag.py:3211} INFO - Sync 2 DAGs
[2024-08-24T09:48:42.524+0000] {logging_mixin.py:190} INFO - [2024-08-24T09:48:42.523+0000] {dag.py:4138} INFO - Setting next_dagrun for example_subdag_operator.section-1 to None, run_after=None
[2024-08-24T09:48:42.525+0000] {logging_mixin.py:190} INFO - [2024-08-24T09:48:42.524+0000] {dag.py:4138} INFO - Setting next_dagrun for example_subdag_operator.section-2 to None, run_after=None
[2024-08-24T09:48:42.541+0000] {processor.py:208} INFO - Processing /home/airflow/.local/lib/python3.12/site-packages/airflow/example_dags/example_subdag_operator.py took 0.155 seconds
[2024-08-24T09:49:13.089+0000] {processor.py:186} INFO - Started process (PID=360) to work on /home/airflow/.local/lib/python3.12/site-packages/airflow/example_dags/example_subdag_operator.py
[2024-08-24T09:49:13.090+0000] {processor.py:914} INFO - Processing file /home/airflow/.local/lib/python3.12/site-packages/airflow/example_dags/example_subdag_operator.py for tasks to queue
[2024-08-24T09:49:13.092+0000] {logging_mixin.py:190} INFO - [2024-08-24T09:49:13.092+0000] {dagbag.py:587} INFO - Filling up the DagBag from /home/airflow/.local/lib/python3.12/site-packages/airflow/example_dags/example_subdag_operator.py
[2024-08-24T09:49:13.126+0000] {processor.py:925} INFO - DAG(s) 'example_subdag_operator.section-1', 'example_subdag_operator.section-2', 'example_subdag_operator' retrieved from /home/airflow/.local/lib/python3.12/site-packages/airflow/example_dags/example_subdag_operator.py
[2024-08-24T09:49:13.145+0000] {logging_mixin.py:190} INFO - [2024-08-24T09:49:13.145+0000] {dag.py:3211} INFO - Sync 3 DAGs
[2024-08-24T09:49:13.175+0000] {logging_mixin.py:190} INFO - [2024-08-24T09:49:13.174+0000] {dag.py:4138} INFO - Setting next_dagrun for example_subdag_operator to 2022-01-01 00:00:00+00:00, run_after=2022-01-01 00:00:00+00:00
[2024-08-24T09:49:13.180+0000] {logging_mixin.py:190} INFO - [2024-08-24T09:49:13.180+0000] {dag.py:4138} INFO - Setting next_dagrun for example_subdag_operator.section-1 to None, run_after=None
[2024-08-24T09:49:13.182+0000] {logging_mixin.py:190} INFO - [2024-08-24T09:49:13.182+0000] {dag.py:4138} INFO - Setting next_dagrun for example_subdag_operator.section-2 to None, run_after=None
[2024-08-24T09:49:13.191+0000] {logging_mixin.py:190} INFO - [2024-08-24T09:49:13.191+0000] {dag.py:3211} INFO - Sync 2 DAGs
[2024-08-24T09:49:13.197+0000] {logging_mixin.py:190} INFO - [2024-08-24T09:49:13.197+0000] {dag.py:4138} INFO - Setting next_dagrun for example_subdag_operator.section-1 to None, run_after=None
[2024-08-24T09:49:13.198+0000] {logging_mixin.py:190} INFO - [2024-08-24T09:49:13.198+0000] {dag.py:4138} INFO - Setting next_dagrun for example_subdag_operator.section-2 to None, run_after=None
[2024-08-24T09:49:13.211+0000] {processor.py:208} INFO - Processing /home/airflow/.local/lib/python3.12/site-packages/airflow/example_dags/example_subdag_operator.py took 0.128 seconds
[2024-08-24T09:49:43.797+0000] {processor.py:186} INFO - Started process (PID=423) to work on /home/airflow/.local/lib/python3.12/site-packages/airflow/example_dags/example_subdag_operator.py
[2024-08-24T09:49:43.798+0000] {processor.py:914} INFO - Processing file /home/airflow/.local/lib/python3.12/site-packages/airflow/example_dags/example_subdag_operator.py for tasks to queue
[2024-08-24T09:49:43.800+0000] {logging_mixin.py:190} INFO - [2024-08-24T09:49:43.800+0000] {dagbag.py:587} INFO - Filling up the DagBag from /home/airflow/.local/lib/python3.12/site-packages/airflow/example_dags/example_subdag_operator.py
[2024-08-24T09:49:43.829+0000] {processor.py:925} INFO - DAG(s) 'example_subdag_operator.section-1', 'example_subdag_operator.section-2', 'example_subdag_operator' retrieved from /home/airflow/.local/lib/python3.12/site-packages/airflow/example_dags/example_subdag_operator.py
[2024-08-24T09:49:43.857+0000] {logging_mixin.py:190} INFO - [2024-08-24T09:49:43.856+0000] {dag.py:3211} INFO - Sync 3 DAGs
[2024-08-24T09:49:43.889+0000] {logging_mixin.py:190} INFO - [2024-08-24T09:49:43.888+0000] {dag.py:4138} INFO - Setting next_dagrun for example_subdag_operator to 2022-01-01 00:00:00+00:00, run_after=2022-01-01 00:00:00+00:00
[2024-08-24T09:49:43.896+0000] {logging_mixin.py:190} INFO - [2024-08-24T09:49:43.895+0000] {dag.py:4138} INFO - Setting next_dagrun for example_subdag_operator.section-1 to None, run_after=None
[2024-08-24T09:49:43.898+0000] {logging_mixin.py:190} INFO - [2024-08-24T09:49:43.898+0000] {dag.py:4138} INFO - Setting next_dagrun for example_subdag_operator.section-2 to None, run_after=None
[2024-08-24T09:49:43.909+0000] {logging_mixin.py:190} INFO - [2024-08-24T09:49:43.908+0000] {dag.py:3211} INFO - Sync 2 DAGs
[2024-08-24T09:49:43.919+0000] {logging_mixin.py:190} INFO - [2024-08-24T09:49:43.918+0000] {dag.py:4138} INFO - Setting next_dagrun for example_subdag_operator.section-1 to None, run_after=None
[2024-08-24T09:49:43.921+0000] {logging_mixin.py:190} INFO - [2024-08-24T09:49:43.920+0000] {dag.py:4138} INFO - Setting next_dagrun for example_subdag_operator.section-2 to None, run_after=None
[2024-08-24T09:49:43.936+0000] {processor.py:208} INFO - Processing /home/airflow/.local/lib/python3.12/site-packages/airflow/example_dags/example_subdag_operator.py took 0.145 seconds
[2024-08-24T09:50:14.585+0000] {processor.py:186} INFO - Started process (PID=486) to work on /home/airflow/.local/lib/python3.12/site-packages/airflow/example_dags/example_subdag_operator.py
[2024-08-24T09:50:14.586+0000] {processor.py:914} INFO - Processing file /home/airflow/.local/lib/python3.12/site-packages/airflow/example_dags/example_subdag_operator.py for tasks to queue
[2024-08-24T09:50:14.589+0000] {logging_mixin.py:190} INFO - [2024-08-24T09:50:14.589+0000] {dagbag.py:587} INFO - Filling up the DagBag from /home/airflow/.local/lib/python3.12/site-packages/airflow/example_dags/example_subdag_operator.py
[2024-08-24T09:50:14.618+0000] {processor.py:925} INFO - DAG(s) 'example_subdag_operator.section-1', 'example_subdag_operator.section-2', 'example_subdag_operator' retrieved from /home/airflow/.local/lib/python3.12/site-packages/airflow/example_dags/example_subdag_operator.py
[2024-08-24T09:50:14.638+0000] {logging_mixin.py:190} INFO - [2024-08-24T09:50:14.638+0000] {dag.py:3211} INFO - Sync 3 DAGs
[2024-08-24T09:50:14.664+0000] {logging_mixin.py:190} INFO - [2024-08-24T09:50:14.663+0000] {dag.py:4138} INFO - Setting next_dagrun for example_subdag_operator to 2022-01-01 00:00:00+00:00, run_after=2022-01-01 00:00:00+00:00
[2024-08-24T09:50:14.668+0000] {logging_mixin.py:190} INFO - [2024-08-24T09:50:14.668+0000] {dag.py:4138} INFO - Setting next_dagrun for example_subdag_operator.section-1 to None, run_after=None
[2024-08-24T09:50:14.670+0000] {logging_mixin.py:190} INFO - [2024-08-24T09:50:14.670+0000] {dag.py:4138} INFO - Setting next_dagrun for example_subdag_operator.section-2 to None, run_after=None
[2024-08-24T09:50:14.679+0000] {logging_mixin.py:190} INFO - [2024-08-24T09:50:14.679+0000] {dag.py:3211} INFO - Sync 2 DAGs
[2024-08-24T09:50:14.686+0000] {logging_mixin.py:190} INFO - [2024-08-24T09:50:14.686+0000] {dag.py:4138} INFO - Setting next_dagrun for example_subdag_operator.section-1 to None, run_after=None
[2024-08-24T09:50:14.687+0000] {logging_mixin.py:190} INFO - [2024-08-24T09:50:14.687+0000] {dag.py:4138} INFO - Setting next_dagrun for example_subdag_operator.section-2 to None, run_after=None
[2024-08-24T09:50:14.701+0000] {processor.py:208} INFO - Processing /home/airflow/.local/lib/python3.12/site-packages/airflow/example_dags/example_subdag_operator.py took 0.122 seconds
[2024-08-24T09:50:45.281+0000] {processor.py:186} INFO - Started process (PID=549) to work on /home/airflow/.local/lib/python3.12/site-packages/airflow/example_dags/example_subdag_operator.py
[2024-08-24T09:50:45.283+0000] {processor.py:914} INFO - Processing file /home/airflow/.local/lib/python3.12/site-packages/airflow/example_dags/example_subdag_operator.py for tasks to queue
[2024-08-24T09:50:45.287+0000] {logging_mixin.py:190} INFO - [2024-08-24T09:50:45.287+0000] {dagbag.py:587} INFO - Filling up the DagBag from /home/airflow/.local/lib/python3.12/site-packages/airflow/example_dags/example_subdag_operator.py
[2024-08-24T09:50:45.361+0000] {processor.py:925} INFO - DAG(s) 'example_subdag_operator.section-1', 'example_subdag_operator.section-2', 'example_subdag_operator' retrieved from /home/airflow/.local/lib/python3.12/site-packages/airflow/example_dags/example_subdag_operator.py
[2024-08-24T09:50:45.403+0000] {logging_mixin.py:190} INFO - [2024-08-24T09:50:45.402+0000] {dag.py:3211} INFO - Sync 3 DAGs
[2024-08-24T09:50:45.446+0000] {logging_mixin.py:190} INFO - [2024-08-24T09:50:45.446+0000] {dag.py:4138} INFO - Setting next_dagrun for example_subdag_operator to 2022-01-01 00:00:00+00:00, run_after=2022-01-01 00:00:00+00:00
[2024-08-24T09:50:45.451+0000] {logging_mixin.py:190} INFO - [2024-08-24T09:50:45.451+0000] {dag.py:4138} INFO - Setting next_dagrun for example_subdag_operator.section-1 to None, run_after=None
[2024-08-24T09:50:45.454+0000] {logging_mixin.py:190} INFO - [2024-08-24T09:50:45.453+0000] {dag.py:4138} INFO - Setting next_dagrun for example_subdag_operator.section-2 to None, run_after=None
[2024-08-24T09:50:45.471+0000] {logging_mixin.py:190} INFO - [2024-08-24T09:50:45.470+0000] {dag.py:3211} INFO - Sync 2 DAGs
[2024-08-24T09:50:45.482+0000] {logging_mixin.py:190} INFO - [2024-08-24T09:50:45.481+0000] {dag.py:4138} INFO - Setting next_dagrun for example_subdag_operator.section-1 to None, run_after=None
[2024-08-24T09:50:45.482+0000] {logging_mixin.py:190} INFO - [2024-08-24T09:50:45.482+0000] {dag.py:4138} INFO - Setting next_dagrun for example_subdag_operator.section-2 to None, run_after=None
[2024-08-24T09:50:45.499+0000] {processor.py:208} INFO - Processing /home/airflow/.local/lib/python3.12/site-packages/airflow/example_dags/example_subdag_operator.py took 0.236 seconds
[2024-08-24T09:51:16.508+0000] {processor.py:186} INFO - Started process (PID=612) to work on /home/airflow/.local/lib/python3.12/site-packages/airflow/example_dags/example_subdag_operator.py
[2024-08-24T09:51:16.510+0000] {processor.py:914} INFO - Processing file /home/airflow/.local/lib/python3.12/site-packages/airflow/example_dags/example_subdag_operator.py for tasks to queue
[2024-08-24T09:51:16.513+0000] {logging_mixin.py:190} INFO - [2024-08-24T09:51:16.512+0000] {dagbag.py:587} INFO - Filling up the DagBag from /home/airflow/.local/lib/python3.12/site-packages/airflow/example_dags/example_subdag_operator.py
[2024-08-24T09:51:16.564+0000] {processor.py:925} INFO - DAG(s) 'example_subdag_operator.section-1', 'example_subdag_operator.section-2', 'example_subdag_operator' retrieved from /home/airflow/.local/lib/python3.12/site-packages/airflow/example_dags/example_subdag_operator.py
[2024-08-24T09:51:16.594+0000] {logging_mixin.py:190} INFO - [2024-08-24T09:51:16.594+0000] {dag.py:3211} INFO - Sync 3 DAGs
[2024-08-24T09:51:16.639+0000] {logging_mixin.py:190} INFO - [2024-08-24T09:51:16.638+0000] {dag.py:4138} INFO - Setting next_dagrun for example_subdag_operator to 2022-01-01 00:00:00+00:00, run_after=2022-01-01 00:00:00+00:00
[2024-08-24T09:51:16.646+0000] {logging_mixin.py:190} INFO - [2024-08-24T09:51:16.646+0000] {dag.py:4138} INFO - Setting next_dagrun for example_subdag_operator.section-1 to None, run_after=None
[2024-08-24T09:51:16.650+0000] {logging_mixin.py:190} INFO - [2024-08-24T09:51:16.650+0000] {dag.py:4138} INFO - Setting next_dagrun for example_subdag_operator.section-2 to None, run_after=None
[2024-08-24T09:51:16.663+0000] {logging_mixin.py:190} INFO - [2024-08-24T09:51:16.662+0000] {dag.py:3211} INFO - Sync 2 DAGs
[2024-08-24T09:51:16.674+0000] {logging_mixin.py:190} INFO - [2024-08-24T09:51:16.673+0000] {dag.py:4138} INFO - Setting next_dagrun for example_subdag_operator.section-1 to None, run_after=None
[2024-08-24T09:51:16.675+0000] {logging_mixin.py:190} INFO - [2024-08-24T09:51:16.675+0000] {dag.py:4138} INFO - Setting next_dagrun for example_subdag_operator.section-2 to None, run_after=None
[2024-08-24T09:51:16.694+0000] {processor.py:208} INFO - Processing /home/airflow/.local/lib/python3.12/site-packages/airflow/example_dags/example_subdag_operator.py took 0.196 seconds
