[2024-08-24T09:47:02.094+0000] {processor.py:186} INFO - Started process (PID=79) to work on /home/airflow/.local/lib/python3.12/site-packages/airflow/example_dags/example_latest_only.py
[2024-08-24T09:47:02.096+0000] {processor.py:914} INFO - Processing file /home/airflow/.local/lib/python3.12/site-packages/airflow/example_dags/example_latest_only.py for tasks to queue
[2024-08-24T09:47:02.103+0000] {logging_mixin.py:190} INFO - [2024-08-24T09:47:02.103+0000] {dagbag.py:587} INFO - Filling up the DagBag from /home/airflow/.local/lib/python3.12/site-packages/airflow/example_dags/example_latest_only.py
[2024-08-24T09:47:02.119+0000] {processor.py:925} INFO - DAG(s) 'latest_only' retrieved from /home/airflow/.local/lib/python3.12/site-packages/airflow/example_dags/example_latest_only.py
[2024-08-24T09:47:02.299+0000] {logging_mixin.py:190} INFO - [2024-08-24T09:47:02.298+0000] {override.py:1858} INFO - Created Permission View: can delete on DAG:latest_only
[2024-08-24T09:47:02.317+0000] {logging_mixin.py:190} INFO - [2024-08-24T09:47:02.316+0000] {override.py:1858} INFO - Created Permission View: can edit on DAG:latest_only
[2024-08-24T09:47:02.326+0000] {logging_mixin.py:190} INFO - [2024-08-24T09:47:02.325+0000] {override.py:1858} INFO - Created Permission View: can read on DAG:latest_only
[2024-08-24T09:47:02.327+0000] {logging_mixin.py:190} INFO - [2024-08-24T09:47:02.327+0000] {dag.py:3211} INFO - Sync 1 DAGs
[2024-08-24T09:47:02.346+0000] {logging_mixin.py:190} INFO - [2024-08-24T09:47:02.346+0000] {dag.py:3234} INFO - Creating ORM DAG for latest_only
[2024-08-24T09:47:02.363+0000] {logging_mixin.py:190} INFO - [2024-08-24T09:47:02.362+0000] {dag.py:4138} INFO - Setting next_dagrun for latest_only to 2024-08-24 04:00:00+00:00, run_after=2024-08-24 08:00:00+00:00
[2024-08-24T09:47:02.387+0000] {processor.py:208} INFO - Processing /home/airflow/.local/lib/python3.12/site-packages/airflow/example_dags/example_latest_only.py took 0.302 seconds
[2024-08-24T09:47:32.538+0000] {processor.py:186} INFO - Started process (PID=142) to work on /home/airflow/.local/lib/python3.12/site-packages/airflow/example_dags/example_latest_only.py
[2024-08-24T09:47:32.540+0000] {processor.py:914} INFO - Processing file /home/airflow/.local/lib/python3.12/site-packages/airflow/example_dags/example_latest_only.py for tasks to queue
[2024-08-24T09:47:32.545+0000] {logging_mixin.py:190} INFO - [2024-08-24T09:47:32.545+0000] {dagbag.py:587} INFO - Filling up the DagBag from /home/airflow/.local/lib/python3.12/site-packages/airflow/example_dags/example_latest_only.py
[2024-08-24T09:47:32.560+0000] {processor.py:925} INFO - DAG(s) 'latest_only' retrieved from /home/airflow/.local/lib/python3.12/site-packages/airflow/example_dags/example_latest_only.py
[2024-08-24T09:47:32.590+0000] {logging_mixin.py:190} INFO - [2024-08-24T09:47:32.590+0000] {dag.py:3211} INFO - Sync 1 DAGs
[2024-08-24T09:47:32.630+0000] {logging_mixin.py:190} INFO - [2024-08-24T09:47:32.630+0000] {dag.py:4138} INFO - Setting next_dagrun for latest_only to 2024-08-24 04:00:00+00:00, run_after=2024-08-24 08:00:00+00:00
[2024-08-24T09:47:32.669+0000] {processor.py:208} INFO - Processing /home/airflow/.local/lib/python3.12/site-packages/airflow/example_dags/example_latest_only.py took 0.144 seconds
[2024-08-24T09:48:03.305+0000] {processor.py:186} INFO - Started process (PID=205) to work on /home/airflow/.local/lib/python3.12/site-packages/airflow/example_dags/example_latest_only.py
[2024-08-24T09:48:03.315+0000] {processor.py:914} INFO - Processing file /home/airflow/.local/lib/python3.12/site-packages/airflow/example_dags/example_latest_only.py for tasks to queue
[2024-08-24T09:48:03.322+0000] {logging_mixin.py:190} INFO - [2024-08-24T09:48:03.321+0000] {dagbag.py:587} INFO - Filling up the DagBag from /home/airflow/.local/lib/python3.12/site-packages/airflow/example_dags/example_latest_only.py
[2024-08-24T09:48:03.333+0000] {processor.py:925} INFO - DAG(s) 'latest_only' retrieved from /home/airflow/.local/lib/python3.12/site-packages/airflow/example_dags/example_latest_only.py
[2024-08-24T09:48:03.364+0000] {logging_mixin.py:190} INFO - [2024-08-24T09:48:03.363+0000] {dag.py:3211} INFO - Sync 1 DAGs
[2024-08-24T09:48:03.399+0000] {logging_mixin.py:190} INFO - [2024-08-24T09:48:03.399+0000] {dag.py:4138} INFO - Setting next_dagrun for latest_only to 2024-08-24 04:00:00+00:00, run_after=2024-08-24 08:00:00+00:00
[2024-08-24T09:48:03.425+0000] {processor.py:208} INFO - Processing /home/airflow/.local/lib/python3.12/site-packages/airflow/example_dags/example_latest_only.py took 0.132 seconds
[2024-08-24T09:48:34.379+0000] {processor.py:186} INFO - Started process (PID=268) to work on /home/airflow/.local/lib/python3.12/site-packages/airflow/example_dags/example_latest_only.py
[2024-08-24T09:48:34.380+0000] {processor.py:914} INFO - Processing file /home/airflow/.local/lib/python3.12/site-packages/airflow/example_dags/example_latest_only.py for tasks to queue
[2024-08-24T09:48:34.383+0000] {logging_mixin.py:190} INFO - [2024-08-24T09:48:34.383+0000] {dagbag.py:587} INFO - Filling up the DagBag from /home/airflow/.local/lib/python3.12/site-packages/airflow/example_dags/example_latest_only.py
[2024-08-24T09:48:34.393+0000] {processor.py:925} INFO - DAG(s) 'latest_only' retrieved from /home/airflow/.local/lib/python3.12/site-packages/airflow/example_dags/example_latest_only.py
[2024-08-24T09:48:34.439+0000] {logging_mixin.py:190} INFO - [2024-08-24T09:48:34.439+0000] {dag.py:3211} INFO - Sync 1 DAGs
[2024-08-24T09:48:34.479+0000] {logging_mixin.py:190} INFO - [2024-08-24T09:48:34.479+0000] {dag.py:4138} INFO - Setting next_dagrun for latest_only to 2024-08-24 04:00:00+00:00, run_after=2024-08-24 08:00:00+00:00
[2024-08-24T09:48:34.512+0000] {processor.py:208} INFO - Processing /home/airflow/.local/lib/python3.12/site-packages/airflow/example_dags/example_latest_only.py took 0.139 seconds
[2024-08-24T09:49:04.893+0000] {processor.py:186} INFO - Started process (PID=331) to work on /home/airflow/.local/lib/python3.12/site-packages/airflow/example_dags/example_latest_only.py
[2024-08-24T09:49:04.895+0000] {processor.py:914} INFO - Processing file /home/airflow/.local/lib/python3.12/site-packages/airflow/example_dags/example_latest_only.py for tasks to queue
[2024-08-24T09:49:04.898+0000] {logging_mixin.py:190} INFO - [2024-08-24T09:49:04.897+0000] {dagbag.py:587} INFO - Filling up the DagBag from /home/airflow/.local/lib/python3.12/site-packages/airflow/example_dags/example_latest_only.py
[2024-08-24T09:49:04.906+0000] {processor.py:925} INFO - DAG(s) 'latest_only' retrieved from /home/airflow/.local/lib/python3.12/site-packages/airflow/example_dags/example_latest_only.py
[2024-08-24T09:49:04.929+0000] {logging_mixin.py:190} INFO - [2024-08-24T09:49:04.929+0000] {dag.py:3211} INFO - Sync 1 DAGs
[2024-08-24T09:49:04.955+0000] {logging_mixin.py:190} INFO - [2024-08-24T09:49:04.955+0000] {dag.py:4138} INFO - Setting next_dagrun for latest_only to 2024-08-24 04:00:00+00:00, run_after=2024-08-24 08:00:00+00:00
[2024-08-24T09:49:04.979+0000] {processor.py:208} INFO - Processing /home/airflow/.local/lib/python3.12/site-packages/airflow/example_dags/example_latest_only.py took 0.092 seconds
[2024-08-24T09:49:35.340+0000] {processor.py:186} INFO - Started process (PID=394) to work on /home/airflow/.local/lib/python3.12/site-packages/airflow/example_dags/example_latest_only.py
[2024-08-24T09:49:35.341+0000] {processor.py:914} INFO - Processing file /home/airflow/.local/lib/python3.12/site-packages/airflow/example_dags/example_latest_only.py for tasks to queue
[2024-08-24T09:49:35.344+0000] {logging_mixin.py:190} INFO - [2024-08-24T09:49:35.343+0000] {dagbag.py:587} INFO - Filling up the DagBag from /home/airflow/.local/lib/python3.12/site-packages/airflow/example_dags/example_latest_only.py
[2024-08-24T09:49:35.349+0000] {processor.py:925} INFO - DAG(s) 'latest_only' retrieved from /home/airflow/.local/lib/python3.12/site-packages/airflow/example_dags/example_latest_only.py
[2024-08-24T09:49:35.370+0000] {logging_mixin.py:190} INFO - [2024-08-24T09:49:35.370+0000] {dag.py:3211} INFO - Sync 1 DAGs
[2024-08-24T09:49:35.390+0000] {logging_mixin.py:190} INFO - [2024-08-24T09:49:35.389+0000] {dag.py:4138} INFO - Setting next_dagrun for latest_only to 2024-08-24 04:00:00+00:00, run_after=2024-08-24 08:00:00+00:00
[2024-08-24T09:49:35.412+0000] {processor.py:208} INFO - Processing /home/airflow/.local/lib/python3.12/site-packages/airflow/example_dags/example_latest_only.py took 0.078 seconds
[2024-08-24T09:50:06.200+0000] {processor.py:186} INFO - Started process (PID=457) to work on /home/airflow/.local/lib/python3.12/site-packages/airflow/example_dags/example_latest_only.py
[2024-08-24T09:50:06.202+0000] {processor.py:914} INFO - Processing file /home/airflow/.local/lib/python3.12/site-packages/airflow/example_dags/example_latest_only.py for tasks to queue
[2024-08-24T09:50:06.206+0000] {logging_mixin.py:190} INFO - [2024-08-24T09:50:06.206+0000] {dagbag.py:587} INFO - Filling up the DagBag from /home/airflow/.local/lib/python3.12/site-packages/airflow/example_dags/example_latest_only.py
[2024-08-24T09:50:06.213+0000] {processor.py:925} INFO - DAG(s) 'latest_only' retrieved from /home/airflow/.local/lib/python3.12/site-packages/airflow/example_dags/example_latest_only.py
[2024-08-24T09:50:06.233+0000] {logging_mixin.py:190} INFO - [2024-08-24T09:50:06.233+0000] {dag.py:3211} INFO - Sync 1 DAGs
[2024-08-24T09:50:06.253+0000] {logging_mixin.py:190} INFO - [2024-08-24T09:50:06.253+0000] {dag.py:4138} INFO - Setting next_dagrun for latest_only to 2024-08-24 04:00:00+00:00, run_after=2024-08-24 08:00:00+00:00
[2024-08-24T09:50:06.272+0000] {processor.py:208} INFO - Processing /home/airflow/.local/lib/python3.12/site-packages/airflow/example_dags/example_latest_only.py took 0.076 seconds
[2024-08-24T09:50:36.904+0000] {processor.py:186} INFO - Started process (PID=520) to work on /home/airflow/.local/lib/python3.12/site-packages/airflow/example_dags/example_latest_only.py
[2024-08-24T09:50:36.905+0000] {processor.py:914} INFO - Processing file /home/airflow/.local/lib/python3.12/site-packages/airflow/example_dags/example_latest_only.py for tasks to queue
[2024-08-24T09:50:36.908+0000] {logging_mixin.py:190} INFO - [2024-08-24T09:50:36.907+0000] {dagbag.py:587} INFO - Filling up the DagBag from /home/airflow/.local/lib/python3.12/site-packages/airflow/example_dags/example_latest_only.py
[2024-08-24T09:50:36.915+0000] {processor.py:925} INFO - DAG(s) 'latest_only' retrieved from /home/airflow/.local/lib/python3.12/site-packages/airflow/example_dags/example_latest_only.py
[2024-08-24T09:50:36.937+0000] {logging_mixin.py:190} INFO - [2024-08-24T09:50:36.937+0000] {dag.py:3211} INFO - Sync 1 DAGs
[2024-08-24T09:50:36.962+0000] {logging_mixin.py:190} INFO - [2024-08-24T09:50:36.961+0000] {dag.py:4138} INFO - Setting next_dagrun for latest_only to 2024-08-24 04:00:00+00:00, run_after=2024-08-24 08:00:00+00:00
[2024-08-24T09:50:36.981+0000] {processor.py:208} INFO - Processing /home/airflow/.local/lib/python3.12/site-packages/airflow/example_dags/example_latest_only.py took 0.083 seconds
[2024-08-24T09:51:07.280+0000] {processor.py:186} INFO - Started process (PID=583) to work on /home/airflow/.local/lib/python3.12/site-packages/airflow/example_dags/example_latest_only.py
[2024-08-24T09:51:07.282+0000] {processor.py:914} INFO - Processing file /home/airflow/.local/lib/python3.12/site-packages/airflow/example_dags/example_latest_only.py for tasks to queue
[2024-08-24T09:51:07.287+0000] {logging_mixin.py:190} INFO - [2024-08-24T09:51:07.286+0000] {dagbag.py:587} INFO - Filling up the DagBag from /home/airflow/.local/lib/python3.12/site-packages/airflow/example_dags/example_latest_only.py
[2024-08-24T09:51:07.308+0000] {processor.py:925} INFO - DAG(s) 'latest_only' retrieved from /home/airflow/.local/lib/python3.12/site-packages/airflow/example_dags/example_latest_only.py
[2024-08-24T09:51:07.332+0000] {logging_mixin.py:190} INFO - [2024-08-24T09:51:07.332+0000] {dag.py:3211} INFO - Sync 1 DAGs
[2024-08-24T09:51:07.357+0000] {logging_mixin.py:190} INFO - [2024-08-24T09:51:07.357+0000] {dag.py:4138} INFO - Setting next_dagrun for latest_only to 2024-08-24 04:00:00+00:00, run_after=2024-08-24 08:00:00+00:00
[2024-08-24T09:51:07.380+0000] {processor.py:208} INFO - Processing /home/airflow/.local/lib/python3.12/site-packages/airflow/example_dags/example_latest_only.py took 0.108 seconds
[2024-08-24T09:51:37.919+0000] {processor.py:186} INFO - Started process (PID=647) to work on /home/airflow/.local/lib/python3.12/site-packages/airflow/example_dags/example_latest_only.py
[2024-08-24T09:51:37.920+0000] {processor.py:914} INFO - Processing file /home/airflow/.local/lib/python3.12/site-packages/airflow/example_dags/example_latest_only.py for tasks to queue
[2024-08-24T09:51:37.923+0000] {logging_mixin.py:190} INFO - [2024-08-24T09:51:37.923+0000] {dagbag.py:587} INFO - Filling up the DagBag from /home/airflow/.local/lib/python3.12/site-packages/airflow/example_dags/example_latest_only.py
[2024-08-24T09:51:37.930+0000] {processor.py:925} INFO - DAG(s) 'latest_only' retrieved from /home/airflow/.local/lib/python3.12/site-packages/airflow/example_dags/example_latest_only.py
[2024-08-24T09:51:37.957+0000] {logging_mixin.py:190} INFO - [2024-08-24T09:51:37.957+0000] {dag.py:3211} INFO - Sync 1 DAGs
[2024-08-24T09:51:37.986+0000] {logging_mixin.py:190} INFO - [2024-08-24T09:51:37.986+0000] {dag.py:4138} INFO - Setting next_dagrun for latest_only to 2024-08-24 04:00:00+00:00, run_after=2024-08-24 08:00:00+00:00
[2024-08-24T09:51:38.005+0000] {processor.py:208} INFO - Processing /home/airflow/.local/lib/python3.12/site-packages/airflow/example_dags/example_latest_only.py took 0.092 seconds
