[2024-08-24T09:47:09.722+0000] {processor.py:186} INFO - Started process (PID=109) to work on /home/airflow/.local/lib/python3.12/site-packages/airflow/example_dags/example_bash_operator.py
[2024-08-24T09:47:09.723+0000] {processor.py:914} INFO - Processing file /home/airflow/.local/lib/python3.12/site-packages/airflow/example_dags/example_bash_operator.py for tasks to queue
[2024-08-24T09:47:09.727+0000] {logging_mixin.py:190} INFO - [2024-08-24T09:47:09.726+0000] {dagbag.py:587} INFO - Filling up the DagBag from /home/airflow/.local/lib/python3.12/site-packages/airflow/example_dags/example_bash_operator.py
[2024-08-24T09:47:09.752+0000] {processor.py:925} INFO - DAG(s) 'example_bash_operator' retrieved from /home/airflow/.local/lib/python3.12/site-packages/airflow/example_dags/example_bash_operator.py
[2024-08-24T09:47:09.955+0000] {logging_mixin.py:190} INFO - [2024-08-24T09:47:09.954+0000] {override.py:1858} INFO - Created Permission View: can delete on DAG:example_bash_operator
[2024-08-24T09:47:09.971+0000] {logging_mixin.py:190} INFO - [2024-08-24T09:47:09.970+0000] {override.py:1858} INFO - Created Permission View: can edit on DAG:example_bash_operator
[2024-08-24T09:47:09.981+0000] {logging_mixin.py:190} INFO - [2024-08-24T09:47:09.980+0000] {override.py:1858} INFO - Created Permission View: can read on DAG:example_bash_operator
[2024-08-24T09:47:09.982+0000] {logging_mixin.py:190} INFO - [2024-08-24T09:47:09.982+0000] {dag.py:3211} INFO - Sync 1 DAGs
[2024-08-24T09:47:10.002+0000] {logging_mixin.py:190} INFO - [2024-08-24T09:47:10.002+0000] {dag.py:3234} INFO - Creating ORM DAG for example_bash_operator
[2024-08-24T09:47:10.032+0000] {logging_mixin.py:190} INFO - [2024-08-24T09:47:10.031+0000] {dag.py:4138} INFO - Setting next_dagrun for example_bash_operator to 2024-08-23 00:00:00+00:00, run_after=2024-08-24 00:00:00+00:00
[2024-08-24T09:47:10.062+0000] {processor.py:208} INFO - Processing /home/airflow/.local/lib/python3.12/site-packages/airflow/example_dags/example_bash_operator.py took 0.350 seconds
[2024-08-24T09:47:40.770+0000] {processor.py:186} INFO - Started process (PID=172) to work on /home/airflow/.local/lib/python3.12/site-packages/airflow/example_dags/example_bash_operator.py
[2024-08-24T09:47:40.771+0000] {processor.py:914} INFO - Processing file /home/airflow/.local/lib/python3.12/site-packages/airflow/example_dags/example_bash_operator.py for tasks to queue
[2024-08-24T09:47:40.774+0000] {logging_mixin.py:190} INFO - [2024-08-24T09:47:40.774+0000] {dagbag.py:587} INFO - Filling up the DagBag from /home/airflow/.local/lib/python3.12/site-packages/airflow/example_dags/example_bash_operator.py
[2024-08-24T09:47:40.798+0000] {processor.py:925} INFO - DAG(s) 'example_bash_operator' retrieved from /home/airflow/.local/lib/python3.12/site-packages/airflow/example_dags/example_bash_operator.py
[2024-08-24T09:47:40.845+0000] {logging_mixin.py:190} INFO - [2024-08-24T09:47:40.844+0000] {dag.py:3211} INFO - Sync 1 DAGs
[2024-08-24T09:47:40.871+0000] {logging_mixin.py:190} INFO - [2024-08-24T09:47:40.870+0000] {dag.py:4138} INFO - Setting next_dagrun for example_bash_operator to 2024-08-23 00:00:00+00:00, run_after=2024-08-24 00:00:00+00:00
[2024-08-24T09:47:40.896+0000] {processor.py:208} INFO - Processing /home/airflow/.local/lib/python3.12/site-packages/airflow/example_dags/example_bash_operator.py took 0.134 seconds
[2024-08-24T09:48:11.714+0000] {processor.py:186} INFO - Started process (PID=235) to work on /home/airflow/.local/lib/python3.12/site-packages/airflow/example_dags/example_bash_operator.py
[2024-08-24T09:48:11.716+0000] {processor.py:914} INFO - Processing file /home/airflow/.local/lib/python3.12/site-packages/airflow/example_dags/example_bash_operator.py for tasks to queue
[2024-08-24T09:48:11.720+0000] {logging_mixin.py:190} INFO - [2024-08-24T09:48:11.720+0000] {dagbag.py:587} INFO - Filling up the DagBag from /home/airflow/.local/lib/python3.12/site-packages/airflow/example_dags/example_bash_operator.py
[2024-08-24T09:48:11.739+0000] {processor.py:925} INFO - DAG(s) 'example_bash_operator' retrieved from /home/airflow/.local/lib/python3.12/site-packages/airflow/example_dags/example_bash_operator.py
[2024-08-24T09:48:11.781+0000] {logging_mixin.py:190} INFO - [2024-08-24T09:48:11.781+0000] {dag.py:3211} INFO - Sync 1 DAGs
[2024-08-24T09:48:11.822+0000] {logging_mixin.py:190} INFO - [2024-08-24T09:48:11.822+0000] {dag.py:4138} INFO - Setting next_dagrun for example_bash_operator to 2024-08-23 00:00:00+00:00, run_after=2024-08-24 00:00:00+00:00
[2024-08-24T09:48:11.858+0000] {processor.py:208} INFO - Processing /home/airflow/.local/lib/python3.12/site-packages/airflow/example_dags/example_bash_operator.py took 0.152 seconds
[2024-08-24T09:48:42.585+0000] {processor.py:186} INFO - Started process (PID=298) to work on /home/airflow/.local/lib/python3.12/site-packages/airflow/example_dags/example_bash_operator.py
[2024-08-24T09:48:42.587+0000] {processor.py:914} INFO - Processing file /home/airflow/.local/lib/python3.12/site-packages/airflow/example_dags/example_bash_operator.py for tasks to queue
[2024-08-24T09:48:42.590+0000] {logging_mixin.py:190} INFO - [2024-08-24T09:48:42.589+0000] {dagbag.py:587} INFO - Filling up the DagBag from /home/airflow/.local/lib/python3.12/site-packages/airflow/example_dags/example_bash_operator.py
[2024-08-24T09:48:42.609+0000] {processor.py:925} INFO - DAG(s) 'example_bash_operator' retrieved from /home/airflow/.local/lib/python3.12/site-packages/airflow/example_dags/example_bash_operator.py
[2024-08-24T09:48:42.656+0000] {logging_mixin.py:190} INFO - [2024-08-24T09:48:42.655+0000] {dag.py:3211} INFO - Sync 1 DAGs
[2024-08-24T09:48:42.690+0000] {logging_mixin.py:190} INFO - [2024-08-24T09:48:42.689+0000] {dag.py:4138} INFO - Setting next_dagrun for example_bash_operator to 2024-08-23 00:00:00+00:00, run_after=2024-08-24 00:00:00+00:00
[2024-08-24T09:48:42.714+0000] {processor.py:208} INFO - Processing /home/airflow/.local/lib/python3.12/site-packages/airflow/example_dags/example_bash_operator.py took 0.138 seconds
[2024-08-24T09:49:13.245+0000] {processor.py:186} INFO - Started process (PID=361) to work on /home/airflow/.local/lib/python3.12/site-packages/airflow/example_dags/example_bash_operator.py
[2024-08-24T09:49:13.247+0000] {processor.py:914} INFO - Processing file /home/airflow/.local/lib/python3.12/site-packages/airflow/example_dags/example_bash_operator.py for tasks to queue
[2024-08-24T09:49:13.249+0000] {logging_mixin.py:190} INFO - [2024-08-24T09:49:13.249+0000] {dagbag.py:587} INFO - Filling up the DagBag from /home/airflow/.local/lib/python3.12/site-packages/airflow/example_dags/example_bash_operator.py
[2024-08-24T09:49:13.265+0000] {processor.py:925} INFO - DAG(s) 'example_bash_operator' retrieved from /home/airflow/.local/lib/python3.12/site-packages/airflow/example_dags/example_bash_operator.py
[2024-08-24T09:49:13.301+0000] {logging_mixin.py:190} INFO - [2024-08-24T09:49:13.300+0000] {dag.py:3211} INFO - Sync 1 DAGs
[2024-08-24T09:49:13.329+0000] {logging_mixin.py:190} INFO - [2024-08-24T09:49:13.328+0000] {dag.py:4138} INFO - Setting next_dagrun for example_bash_operator to 2024-08-23 00:00:00+00:00, run_after=2024-08-24 00:00:00+00:00
[2024-08-24T09:49:13.351+0000] {processor.py:208} INFO - Processing /home/airflow/.local/lib/python3.12/site-packages/airflow/example_dags/example_bash_operator.py took 0.111 seconds
[2024-08-24T09:49:43.973+0000] {processor.py:186} INFO - Started process (PID=424) to work on /home/airflow/.local/lib/python3.12/site-packages/airflow/example_dags/example_bash_operator.py
[2024-08-24T09:49:43.974+0000] {processor.py:914} INFO - Processing file /home/airflow/.local/lib/python3.12/site-packages/airflow/example_dags/example_bash_operator.py for tasks to queue
[2024-08-24T09:49:43.977+0000] {logging_mixin.py:190} INFO - [2024-08-24T09:49:43.976+0000] {dagbag.py:587} INFO - Filling up the DagBag from /home/airflow/.local/lib/python3.12/site-packages/airflow/example_dags/example_bash_operator.py
[2024-08-24T09:49:43.991+0000] {processor.py:925} INFO - DAG(s) 'example_bash_operator' retrieved from /home/airflow/.local/lib/python3.12/site-packages/airflow/example_dags/example_bash_operator.py
[2024-08-24T09:49:44.030+0000] {logging_mixin.py:190} INFO - [2024-08-24T09:49:44.030+0000] {dag.py:3211} INFO - Sync 1 DAGs
[2024-08-24T09:49:44.063+0000] {logging_mixin.py:190} INFO - [2024-08-24T09:49:44.063+0000] {dag.py:4138} INFO - Setting next_dagrun for example_bash_operator to 2024-08-23 00:00:00+00:00, run_after=2024-08-24 00:00:00+00:00
[2024-08-24T09:49:44.088+0000] {processor.py:208} INFO - Processing /home/airflow/.local/lib/python3.12/site-packages/airflow/example_dags/example_bash_operator.py took 0.121 seconds
[2024-08-24T09:50:14.734+0000] {processor.py:186} INFO - Started process (PID=487) to work on /home/airflow/.local/lib/python3.12/site-packages/airflow/example_dags/example_bash_operator.py
[2024-08-24T09:50:14.735+0000] {processor.py:914} INFO - Processing file /home/airflow/.local/lib/python3.12/site-packages/airflow/example_dags/example_bash_operator.py for tasks to queue
[2024-08-24T09:50:14.738+0000] {logging_mixin.py:190} INFO - [2024-08-24T09:50:14.737+0000] {dagbag.py:587} INFO - Filling up the DagBag from /home/airflow/.local/lib/python3.12/site-packages/airflow/example_dags/example_bash_operator.py
[2024-08-24T09:50:14.752+0000] {processor.py:925} INFO - DAG(s) 'example_bash_operator' retrieved from /home/airflow/.local/lib/python3.12/site-packages/airflow/example_dags/example_bash_operator.py
[2024-08-24T09:50:14.788+0000] {logging_mixin.py:190} INFO - [2024-08-24T09:50:14.787+0000] {dag.py:3211} INFO - Sync 1 DAGs
[2024-08-24T09:50:14.812+0000] {logging_mixin.py:190} INFO - [2024-08-24T09:50:14.812+0000] {dag.py:4138} INFO - Setting next_dagrun for example_bash_operator to 2024-08-23 00:00:00+00:00, run_after=2024-08-24 00:00:00+00:00
[2024-08-24T09:50:14.832+0000] {processor.py:208} INFO - Processing /home/airflow/.local/lib/python3.12/site-packages/airflow/example_dags/example_bash_operator.py took 0.103 seconds
[2024-08-24T09:50:45.546+0000] {processor.py:186} INFO - Started process (PID=550) to work on /home/airflow/.local/lib/python3.12/site-packages/airflow/example_dags/example_bash_operator.py
[2024-08-24T09:50:45.548+0000] {processor.py:914} INFO - Processing file /home/airflow/.local/lib/python3.12/site-packages/airflow/example_dags/example_bash_operator.py for tasks to queue
[2024-08-24T09:50:45.551+0000] {logging_mixin.py:190} INFO - [2024-08-24T09:50:45.550+0000] {dagbag.py:587} INFO - Filling up the DagBag from /home/airflow/.local/lib/python3.12/site-packages/airflow/example_dags/example_bash_operator.py
[2024-08-24T09:50:45.570+0000] {processor.py:925} INFO - DAG(s) 'example_bash_operator' retrieved from /home/airflow/.local/lib/python3.12/site-packages/airflow/example_dags/example_bash_operator.py
[2024-08-24T09:50:45.612+0000] {logging_mixin.py:190} INFO - [2024-08-24T09:50:45.612+0000] {dag.py:3211} INFO - Sync 1 DAGs
[2024-08-24T09:50:45.644+0000] {logging_mixin.py:190} INFO - [2024-08-24T09:50:45.643+0000] {dag.py:4138} INFO - Setting next_dagrun for example_bash_operator to 2024-08-23 00:00:00+00:00, run_after=2024-08-24 00:00:00+00:00
[2024-08-24T09:50:45.674+0000] {processor.py:208} INFO - Processing /home/airflow/.local/lib/python3.12/site-packages/airflow/example_dags/example_bash_operator.py took 0.136 seconds
[2024-08-24T09:51:16.746+0000] {processor.py:186} INFO - Started process (PID=613) to work on /home/airflow/.local/lib/python3.12/site-packages/airflow/example_dags/example_bash_operator.py
[2024-08-24T09:51:16.747+0000] {processor.py:914} INFO - Processing file /home/airflow/.local/lib/python3.12/site-packages/airflow/example_dags/example_bash_operator.py for tasks to queue
[2024-08-24T09:51:16.752+0000] {logging_mixin.py:190} INFO - [2024-08-24T09:51:16.751+0000] {dagbag.py:587} INFO - Filling up the DagBag from /home/airflow/.local/lib/python3.12/site-packages/airflow/example_dags/example_bash_operator.py
[2024-08-24T09:51:16.775+0000] {processor.py:925} INFO - DAG(s) 'example_bash_operator' retrieved from /home/airflow/.local/lib/python3.12/site-packages/airflow/example_dags/example_bash_operator.py
[2024-08-24T09:51:16.834+0000] {logging_mixin.py:190} INFO - [2024-08-24T09:51:16.833+0000] {dag.py:3211} INFO - Sync 1 DAGs
[2024-08-24T09:51:16.883+0000] {logging_mixin.py:190} INFO - [2024-08-24T09:51:16.883+0000] {dag.py:4138} INFO - Setting next_dagrun for example_bash_operator to 2024-08-23 00:00:00+00:00, run_after=2024-08-24 00:00:00+00:00
[2024-08-24T09:51:16.914+0000] {processor.py:208} INFO - Processing /home/airflow/.local/lib/python3.12/site-packages/airflow/example_dags/example_bash_operator.py took 0.178 seconds
[2024-08-24T12:31:31.491+0000] {processor.py:186} INFO - Started process (PID=106) to work on /home/airflow/.local/lib/python3.12/site-packages/airflow/example_dags/example_bash_operator.py
[2024-08-24T12:31:31.493+0000] {processor.py:914} INFO - Processing file /home/airflow/.local/lib/python3.12/site-packages/airflow/example_dags/example_bash_operator.py for tasks to queue
[2024-08-24T12:31:31.496+0000] {logging_mixin.py:190} INFO - [2024-08-24T12:31:31.496+0000] {dagbag.py:587} INFO - Filling up the DagBag from /home/airflow/.local/lib/python3.12/site-packages/airflow/example_dags/example_bash_operator.py
[2024-08-24T12:31:31.510+0000] {processor.py:925} INFO - DAG(s) 'example_bash_operator' retrieved from /home/airflow/.local/lib/python3.12/site-packages/airflow/example_dags/example_bash_operator.py
[2024-08-24T12:31:31.547+0000] {logging_mixin.py:190} INFO - [2024-08-24T12:31:31.547+0000] {dag.py:3211} INFO - Sync 1 DAGs
[2024-08-24T12:31:31.583+0000] {logging_mixin.py:190} INFO - [2024-08-24T12:31:31.583+0000] {dag.py:4138} INFO - Setting next_dagrun for example_bash_operator to 2024-08-23 00:00:00+00:00, run_after=2024-08-24 00:00:00+00:00
[2024-08-24T12:31:31.603+0000] {processor.py:208} INFO - Processing /home/airflow/.local/lib/python3.12/site-packages/airflow/example_dags/example_bash_operator.py took 0.120 seconds
[2024-08-24T12:32:02.389+0000] {processor.py:186} INFO - Started process (PID=169) to work on /home/airflow/.local/lib/python3.12/site-packages/airflow/example_dags/example_bash_operator.py
[2024-08-24T12:32:02.390+0000] {processor.py:914} INFO - Processing file /home/airflow/.local/lib/python3.12/site-packages/airflow/example_dags/example_bash_operator.py for tasks to queue
[2024-08-24T12:32:02.392+0000] {logging_mixin.py:190} INFO - [2024-08-24T12:32:02.392+0000] {dagbag.py:587} INFO - Filling up the DagBag from /home/airflow/.local/lib/python3.12/site-packages/airflow/example_dags/example_bash_operator.py
[2024-08-24T12:32:02.408+0000] {processor.py:925} INFO - DAG(s) 'example_bash_operator' retrieved from /home/airflow/.local/lib/python3.12/site-packages/airflow/example_dags/example_bash_operator.py
[2024-08-24T12:32:02.447+0000] {logging_mixin.py:190} INFO - [2024-08-24T12:32:02.447+0000] {dag.py:3211} INFO - Sync 1 DAGs
[2024-08-24T12:32:02.489+0000] {logging_mixin.py:190} INFO - [2024-08-24T12:32:02.489+0000] {dag.py:4138} INFO - Setting next_dagrun for example_bash_operator to 2024-08-23 00:00:00+00:00, run_after=2024-08-24 00:00:00+00:00
[2024-08-24T12:32:02.511+0000] {processor.py:208} INFO - Processing /home/airflow/.local/lib/python3.12/site-packages/airflow/example_dags/example_bash_operator.py took 0.129 seconds
[2024-08-24T12:32:32.721+0000] {processor.py:186} INFO - Started process (PID=232) to work on /home/airflow/.local/lib/python3.12/site-packages/airflow/example_dags/example_bash_operator.py
[2024-08-24T12:32:32.722+0000] {processor.py:914} INFO - Processing file /home/airflow/.local/lib/python3.12/site-packages/airflow/example_dags/example_bash_operator.py for tasks to queue
[2024-08-24T12:32:32.725+0000] {logging_mixin.py:190} INFO - [2024-08-24T12:32:32.724+0000] {dagbag.py:587} INFO - Filling up the DagBag from /home/airflow/.local/lib/python3.12/site-packages/airflow/example_dags/example_bash_operator.py
[2024-08-24T12:32:32.740+0000] {processor.py:925} INFO - DAG(s) 'example_bash_operator' retrieved from /home/airflow/.local/lib/python3.12/site-packages/airflow/example_dags/example_bash_operator.py
[2024-08-24T12:32:32.773+0000] {logging_mixin.py:190} INFO - [2024-08-24T12:32:32.773+0000] {dag.py:3211} INFO - Sync 1 DAGs
[2024-08-24T12:32:32.800+0000] {logging_mixin.py:190} INFO - [2024-08-24T12:32:32.800+0000] {dag.py:4138} INFO - Setting next_dagrun for example_bash_operator to 2024-08-23 00:00:00+00:00, run_after=2024-08-24 00:00:00+00:00
[2024-08-24T12:32:32.823+0000] {processor.py:208} INFO - Processing /home/airflow/.local/lib/python3.12/site-packages/airflow/example_dags/example_bash_operator.py took 0.108 seconds
[2024-08-24T12:33:03.226+0000] {processor.py:186} INFO - Started process (PID=295) to work on /home/airflow/.local/lib/python3.12/site-packages/airflow/example_dags/example_bash_operator.py
[2024-08-24T12:33:03.227+0000] {processor.py:914} INFO - Processing file /home/airflow/.local/lib/python3.12/site-packages/airflow/example_dags/example_bash_operator.py for tasks to queue
[2024-08-24T12:33:03.230+0000] {logging_mixin.py:190} INFO - [2024-08-24T12:33:03.229+0000] {dagbag.py:587} INFO - Filling up the DagBag from /home/airflow/.local/lib/python3.12/site-packages/airflow/example_dags/example_bash_operator.py
[2024-08-24T12:33:03.241+0000] {processor.py:925} INFO - DAG(s) 'example_bash_operator' retrieved from /home/airflow/.local/lib/python3.12/site-packages/airflow/example_dags/example_bash_operator.py
[2024-08-24T12:33:03.270+0000] {logging_mixin.py:190} INFO - [2024-08-24T12:33:03.269+0000] {dag.py:3211} INFO - Sync 1 DAGs
[2024-08-24T12:33:03.291+0000] {logging_mixin.py:190} INFO - [2024-08-24T12:33:03.291+0000] {dag.py:4138} INFO - Setting next_dagrun for example_bash_operator to 2024-08-23 00:00:00+00:00, run_after=2024-08-24 00:00:00+00:00
[2024-08-24T12:33:03.311+0000] {processor.py:208} INFO - Processing /home/airflow/.local/lib/python3.12/site-packages/airflow/example_dags/example_bash_operator.py took 0.089 seconds
[2024-08-24T12:33:33.985+0000] {processor.py:186} INFO - Started process (PID=358) to work on /home/airflow/.local/lib/python3.12/site-packages/airflow/example_dags/example_bash_operator.py
[2024-08-24T12:33:33.986+0000] {processor.py:914} INFO - Processing file /home/airflow/.local/lib/python3.12/site-packages/airflow/example_dags/example_bash_operator.py for tasks to queue
[2024-08-24T12:33:33.988+0000] {logging_mixin.py:190} INFO - [2024-08-24T12:33:33.988+0000] {dagbag.py:587} INFO - Filling up the DagBag from /home/airflow/.local/lib/python3.12/site-packages/airflow/example_dags/example_bash_operator.py
[2024-08-24T12:33:33.998+0000] {processor.py:925} INFO - DAG(s) 'example_bash_operator' retrieved from /home/airflow/.local/lib/python3.12/site-packages/airflow/example_dags/example_bash_operator.py
[2024-08-24T12:33:34.025+0000] {logging_mixin.py:190} INFO - [2024-08-24T12:33:34.024+0000] {dag.py:3211} INFO - Sync 1 DAGs
[2024-08-24T12:33:34.044+0000] {logging_mixin.py:190} INFO - [2024-08-24T12:33:34.044+0000] {dag.py:4138} INFO - Setting next_dagrun for example_bash_operator to 2024-08-23 00:00:00+00:00, run_after=2024-08-24 00:00:00+00:00
[2024-08-24T12:33:34.063+0000] {processor.py:208} INFO - Processing /home/airflow/.local/lib/python3.12/site-packages/airflow/example_dags/example_bash_operator.py took 0.083 seconds
[2024-08-24T12:34:04.973+0000] {processor.py:186} INFO - Started process (PID=421) to work on /home/airflow/.local/lib/python3.12/site-packages/airflow/example_dags/example_bash_operator.py
[2024-08-24T12:34:04.974+0000] {processor.py:914} INFO - Processing file /home/airflow/.local/lib/python3.12/site-packages/airflow/example_dags/example_bash_operator.py for tasks to queue
[2024-08-24T12:34:04.977+0000] {logging_mixin.py:190} INFO - [2024-08-24T12:34:04.976+0000] {dagbag.py:587} INFO - Filling up the DagBag from /home/airflow/.local/lib/python3.12/site-packages/airflow/example_dags/example_bash_operator.py
[2024-08-24T12:34:04.987+0000] {processor.py:925} INFO - DAG(s) 'example_bash_operator' retrieved from /home/airflow/.local/lib/python3.12/site-packages/airflow/example_dags/example_bash_operator.py
[2024-08-24T12:34:05.013+0000] {logging_mixin.py:190} INFO - [2024-08-24T12:34:05.013+0000] {dag.py:3211} INFO - Sync 1 DAGs
[2024-08-24T12:34:05.032+0000] {logging_mixin.py:190} INFO - [2024-08-24T12:34:05.032+0000] {dag.py:4138} INFO - Setting next_dagrun for example_bash_operator to 2024-08-23 00:00:00+00:00, run_after=2024-08-24 00:00:00+00:00
[2024-08-24T12:34:05.051+0000] {processor.py:208} INFO - Processing /home/airflow/.local/lib/python3.12/site-packages/airflow/example_dags/example_bash_operator.py took 0.083 seconds
