[2024-08-24T09:47:07.819+0000] {processor.py:186} INFO - Started process (PID=101) to work on /home/airflow/.local/lib/python3.12/site-packages/airflow/example_dags/example_short_circuit_operator.py
[2024-08-24T09:47:07.821+0000] {processor.py:914} INFO - Processing file /home/airflow/.local/lib/python3.12/site-packages/airflow/example_dags/example_short_circuit_operator.py for tasks to queue
[2024-08-24T09:47:07.834+0000] {logging_mixin.py:190} INFO - [2024-08-24T09:47:07.832+0000] {dagbag.py:587} INFO - Filling up the DagBag from /home/airflow/.local/lib/python3.12/site-packages/airflow/example_dags/example_short_circuit_operator.py
[2024-08-24T09:47:07.851+0000] {processor.py:925} INFO - DAG(s) 'example_short_circuit_operator' retrieved from /home/airflow/.local/lib/python3.12/site-packages/airflow/example_dags/example_short_circuit_operator.py
[2024-08-24T09:47:08.036+0000] {logging_mixin.py:190} INFO - [2024-08-24T09:47:08.035+0000] {override.py:1858} INFO - Created Permission View: can delete on DAG:example_short_circuit_operator
[2024-08-24T09:47:08.053+0000] {logging_mixin.py:190} INFO - [2024-08-24T09:47:08.052+0000] {override.py:1858} INFO - Created Permission View: can edit on DAG:example_short_circuit_operator
[2024-08-24T09:47:08.061+0000] {logging_mixin.py:190} INFO - [2024-08-24T09:47:08.061+0000] {override.py:1858} INFO - Created Permission View: can read on DAG:example_short_circuit_operator
[2024-08-24T09:47:08.063+0000] {logging_mixin.py:190} INFO - [2024-08-24T09:47:08.062+0000] {dag.py:3211} INFO - Sync 1 DAGs
[2024-08-24T09:47:08.083+0000] {logging_mixin.py:190} INFO - [2024-08-24T09:47:08.082+0000] {dag.py:3234} INFO - Creating ORM DAG for example_short_circuit_operator
[2024-08-24T09:47:08.109+0000] {logging_mixin.py:190} INFO - [2024-08-24T09:47:08.108+0000] {dag.py:4138} INFO - Setting next_dagrun for example_short_circuit_operator to 2024-08-23 00:00:00+00:00, run_after=2024-08-24 00:00:00+00:00
[2024-08-24T09:47:08.138+0000] {processor.py:208} INFO - Processing /home/airflow/.local/lib/python3.12/site-packages/airflow/example_dags/example_short_circuit_operator.py took 0.329 seconds
[2024-08-24T09:47:38.325+0000] {processor.py:186} INFO - Started process (PID=165) to work on /home/airflow/.local/lib/python3.12/site-packages/airflow/example_dags/example_short_circuit_operator.py
[2024-08-24T09:47:38.326+0000] {processor.py:914} INFO - Processing file /home/airflow/.local/lib/python3.12/site-packages/airflow/example_dags/example_short_circuit_operator.py for tasks to queue
[2024-08-24T09:47:38.329+0000] {logging_mixin.py:190} INFO - [2024-08-24T09:47:38.329+0000] {dagbag.py:587} INFO - Filling up the DagBag from /home/airflow/.local/lib/python3.12/site-packages/airflow/example_dags/example_short_circuit_operator.py
[2024-08-24T09:47:38.338+0000] {processor.py:925} INFO - DAG(s) 'example_short_circuit_operator' retrieved from /home/airflow/.local/lib/python3.12/site-packages/airflow/example_dags/example_short_circuit_operator.py
[2024-08-24T09:47:38.365+0000] {logging_mixin.py:190} INFO - [2024-08-24T09:47:38.365+0000] {dag.py:3211} INFO - Sync 1 DAGs
[2024-08-24T09:47:38.388+0000] {logging_mixin.py:190} INFO - [2024-08-24T09:47:38.388+0000] {dag.py:4138} INFO - Setting next_dagrun for example_short_circuit_operator to 2024-08-23 00:00:00+00:00, run_after=2024-08-24 00:00:00+00:00
[2024-08-24T09:47:38.407+0000] {processor.py:208} INFO - Processing /home/airflow/.local/lib/python3.12/site-packages/airflow/example_dags/example_short_circuit_operator.py took 0.088 seconds
[2024-08-24T09:48:08.889+0000] {processor.py:186} INFO - Started process (PID=228) to work on /home/airflow/.local/lib/python3.12/site-packages/airflow/example_dags/example_short_circuit_operator.py
[2024-08-24T09:48:08.892+0000] {processor.py:914} INFO - Processing file /home/airflow/.local/lib/python3.12/site-packages/airflow/example_dags/example_short_circuit_operator.py for tasks to queue
[2024-08-24T09:48:08.895+0000] {logging_mixin.py:190} INFO - [2024-08-24T09:48:08.895+0000] {dagbag.py:587} INFO - Filling up the DagBag from /home/airflow/.local/lib/python3.12/site-packages/airflow/example_dags/example_short_circuit_operator.py
[2024-08-24T09:48:08.907+0000] {processor.py:925} INFO - DAG(s) 'example_short_circuit_operator' retrieved from /home/airflow/.local/lib/python3.12/site-packages/airflow/example_dags/example_short_circuit_operator.py
[2024-08-24T09:48:08.937+0000] {logging_mixin.py:190} INFO - [2024-08-24T09:48:08.937+0000] {dag.py:3211} INFO - Sync 1 DAGs
[2024-08-24T09:48:08.971+0000] {logging_mixin.py:190} INFO - [2024-08-24T09:48:08.971+0000] {dag.py:4138} INFO - Setting next_dagrun for example_short_circuit_operator to 2024-08-23 00:00:00+00:00, run_after=2024-08-24 00:00:00+00:00
[2024-08-24T09:48:09.001+0000] {processor.py:208} INFO - Processing /home/airflow/.local/lib/python3.12/site-packages/airflow/example_dags/example_short_circuit_operator.py took 0.121 seconds
[2024-08-24T09:48:39.150+0000] {processor.py:186} INFO - Started process (PID=291) to work on /home/airflow/.local/lib/python3.12/site-packages/airflow/example_dags/example_short_circuit_operator.py
[2024-08-24T09:48:39.152+0000] {processor.py:914} INFO - Processing file /home/airflow/.local/lib/python3.12/site-packages/airflow/example_dags/example_short_circuit_operator.py for tasks to queue
[2024-08-24T09:48:39.157+0000] {logging_mixin.py:190} INFO - [2024-08-24T09:48:39.157+0000] {dagbag.py:587} INFO - Filling up the DagBag from /home/airflow/.local/lib/python3.12/site-packages/airflow/example_dags/example_short_circuit_operator.py
[2024-08-24T09:48:39.169+0000] {processor.py:925} INFO - DAG(s) 'example_short_circuit_operator' retrieved from /home/airflow/.local/lib/python3.12/site-packages/airflow/example_dags/example_short_circuit_operator.py
[2024-08-24T09:48:39.205+0000] {logging_mixin.py:190} INFO - [2024-08-24T09:48:39.205+0000] {dag.py:3211} INFO - Sync 1 DAGs
[2024-08-24T09:48:39.244+0000] {logging_mixin.py:190} INFO - [2024-08-24T09:48:39.244+0000] {dag.py:4138} INFO - Setting next_dagrun for example_short_circuit_operator to 2024-08-23 00:00:00+00:00, run_after=2024-08-24 00:00:00+00:00
[2024-08-24T09:48:39.273+0000] {processor.py:208} INFO - Processing /home/airflow/.local/lib/python3.12/site-packages/airflow/example_dags/example_short_circuit_operator.py took 0.133 seconds
[2024-08-24T09:49:09.680+0000] {processor.py:186} INFO - Started process (PID=353) to work on /home/airflow/.local/lib/python3.12/site-packages/airflow/example_dags/example_short_circuit_operator.py
[2024-08-24T09:49:09.681+0000] {processor.py:914} INFO - Processing file /home/airflow/.local/lib/python3.12/site-packages/airflow/example_dags/example_short_circuit_operator.py for tasks to queue
[2024-08-24T09:49:09.683+0000] {logging_mixin.py:190} INFO - [2024-08-24T09:49:09.683+0000] {dagbag.py:587} INFO - Filling up the DagBag from /home/airflow/.local/lib/python3.12/site-packages/airflow/example_dags/example_short_circuit_operator.py
[2024-08-24T09:49:09.692+0000] {processor.py:925} INFO - DAG(s) 'example_short_circuit_operator' retrieved from /home/airflow/.local/lib/python3.12/site-packages/airflow/example_dags/example_short_circuit_operator.py
[2024-08-24T09:49:09.718+0000] {logging_mixin.py:190} INFO - [2024-08-24T09:49:09.717+0000] {dag.py:3211} INFO - Sync 1 DAGs
[2024-08-24T09:49:09.744+0000] {logging_mixin.py:190} INFO - [2024-08-24T09:49:09.744+0000] {dag.py:4138} INFO - Setting next_dagrun for example_short_circuit_operator to 2024-08-23 00:00:00+00:00, run_after=2024-08-24 00:00:00+00:00
[2024-08-24T09:49:09.766+0000] {processor.py:208} INFO - Processing /home/airflow/.local/lib/python3.12/site-packages/airflow/example_dags/example_short_circuit_operator.py took 0.092 seconds
[2024-08-24T09:49:40.234+0000] {processor.py:186} INFO - Started process (PID=416) to work on /home/airflow/.local/lib/python3.12/site-packages/airflow/example_dags/example_short_circuit_operator.py
[2024-08-24T09:49:40.235+0000] {processor.py:914} INFO - Processing file /home/airflow/.local/lib/python3.12/site-packages/airflow/example_dags/example_short_circuit_operator.py for tasks to queue
[2024-08-24T09:49:40.239+0000] {logging_mixin.py:190} INFO - [2024-08-24T09:49:40.238+0000] {dagbag.py:587} INFO - Filling up the DagBag from /home/airflow/.local/lib/python3.12/site-packages/airflow/example_dags/example_short_circuit_operator.py
[2024-08-24T09:49:40.248+0000] {processor.py:925} INFO - DAG(s) 'example_short_circuit_operator' retrieved from /home/airflow/.local/lib/python3.12/site-packages/airflow/example_dags/example_short_circuit_operator.py
[2024-08-24T09:49:40.284+0000] {logging_mixin.py:190} INFO - [2024-08-24T09:49:40.283+0000] {dag.py:3211} INFO - Sync 1 DAGs
[2024-08-24T09:49:40.313+0000] {logging_mixin.py:190} INFO - [2024-08-24T09:49:40.313+0000] {dag.py:4138} INFO - Setting next_dagrun for example_short_circuit_operator to 2024-08-23 00:00:00+00:00, run_after=2024-08-24 00:00:00+00:00
[2024-08-24T09:49:40.337+0000] {processor.py:208} INFO - Processing /home/airflow/.local/lib/python3.12/site-packages/airflow/example_dags/example_short_circuit_operator.py took 0.109 seconds
[2024-08-24T09:50:11.165+0000] {processor.py:186} INFO - Started process (PID=479) to work on /home/airflow/.local/lib/python3.12/site-packages/airflow/example_dags/example_short_circuit_operator.py
[2024-08-24T09:50:11.166+0000] {processor.py:914} INFO - Processing file /home/airflow/.local/lib/python3.12/site-packages/airflow/example_dags/example_short_circuit_operator.py for tasks to queue
[2024-08-24T09:50:11.170+0000] {logging_mixin.py:190} INFO - [2024-08-24T09:50:11.169+0000] {dagbag.py:587} INFO - Filling up the DagBag from /home/airflow/.local/lib/python3.12/site-packages/airflow/example_dags/example_short_circuit_operator.py
[2024-08-24T09:50:11.184+0000] {processor.py:925} INFO - DAG(s) 'example_short_circuit_operator' retrieved from /home/airflow/.local/lib/python3.12/site-packages/airflow/example_dags/example_short_circuit_operator.py
[2024-08-24T09:50:11.234+0000] {logging_mixin.py:190} INFO - [2024-08-24T09:50:11.234+0000] {dag.py:3211} INFO - Sync 1 DAGs
[2024-08-24T09:50:11.279+0000] {logging_mixin.py:190} INFO - [2024-08-24T09:50:11.279+0000] {dag.py:4138} INFO - Setting next_dagrun for example_short_circuit_operator to 2024-08-23 00:00:00+00:00, run_after=2024-08-24 00:00:00+00:00
[2024-08-24T09:50:11.303+0000] {processor.py:208} INFO - Processing /home/airflow/.local/lib/python3.12/site-packages/airflow/example_dags/example_short_circuit_operator.py took 0.148 seconds
[2024-08-24T09:50:41.742+0000] {processor.py:186} INFO - Started process (PID=542) to work on /home/airflow/.local/lib/python3.12/site-packages/airflow/example_dags/example_short_circuit_operator.py
[2024-08-24T09:50:41.744+0000] {processor.py:914} INFO - Processing file /home/airflow/.local/lib/python3.12/site-packages/airflow/example_dags/example_short_circuit_operator.py for tasks to queue
[2024-08-24T09:50:41.748+0000] {logging_mixin.py:190} INFO - [2024-08-24T09:50:41.747+0000] {dagbag.py:587} INFO - Filling up the DagBag from /home/airflow/.local/lib/python3.12/site-packages/airflow/example_dags/example_short_circuit_operator.py
[2024-08-24T09:50:41.759+0000] {processor.py:925} INFO - DAG(s) 'example_short_circuit_operator' retrieved from /home/airflow/.local/lib/python3.12/site-packages/airflow/example_dags/example_short_circuit_operator.py
[2024-08-24T09:50:41.790+0000] {logging_mixin.py:190} INFO - [2024-08-24T09:50:41.790+0000] {dag.py:3211} INFO - Sync 1 DAGs
[2024-08-24T09:50:41.823+0000] {logging_mixin.py:190} INFO - [2024-08-24T09:50:41.823+0000] {dag.py:4138} INFO - Setting next_dagrun for example_short_circuit_operator to 2024-08-23 00:00:00+00:00, run_after=2024-08-24 00:00:00+00:00
[2024-08-24T09:50:41.846+0000] {processor.py:208} INFO - Processing /home/airflow/.local/lib/python3.12/site-packages/airflow/example_dags/example_short_circuit_operator.py took 0.112 seconds
[2024-08-24T09:51:12.142+0000] {processor.py:186} INFO - Started process (PID=605) to work on /home/airflow/.local/lib/python3.12/site-packages/airflow/example_dags/example_short_circuit_operator.py
[2024-08-24T09:51:12.144+0000] {processor.py:914} INFO - Processing file /home/airflow/.local/lib/python3.12/site-packages/airflow/example_dags/example_short_circuit_operator.py for tasks to queue
[2024-08-24T09:51:12.147+0000] {logging_mixin.py:190} INFO - [2024-08-24T09:51:12.146+0000] {dagbag.py:587} INFO - Filling up the DagBag from /home/airflow/.local/lib/python3.12/site-packages/airflow/example_dags/example_short_circuit_operator.py
[2024-08-24T09:51:12.160+0000] {processor.py:925} INFO - DAG(s) 'example_short_circuit_operator' retrieved from /home/airflow/.local/lib/python3.12/site-packages/airflow/example_dags/example_short_circuit_operator.py
[2024-08-24T09:51:12.188+0000] {logging_mixin.py:190} INFO - [2024-08-24T09:51:12.188+0000] {dag.py:3211} INFO - Sync 1 DAGs
[2024-08-24T09:51:12.219+0000] {logging_mixin.py:190} INFO - [2024-08-24T09:51:12.219+0000] {dag.py:4138} INFO - Setting next_dagrun for example_short_circuit_operator to 2024-08-23 00:00:00+00:00, run_after=2024-08-24 00:00:00+00:00
[2024-08-24T09:51:12.240+0000] {processor.py:208} INFO - Processing /home/airflow/.local/lib/python3.12/site-packages/airflow/example_dags/example_short_circuit_operator.py took 0.105 seconds
