[2024-08-24T09:47:06.224+0000] {processor.py:186} INFO - Started process (PID=96) to work on /home/airflow/.local/lib/python3.12/site-packages/airflow/example_dags/example_bash_decorator.py
[2024-08-24T09:47:06.226+0000] {processor.py:914} INFO - Processing file /home/airflow/.local/lib/python3.12/site-packages/airflow/example_dags/example_bash_decorator.py for tasks to queue
[2024-08-24T09:47:06.235+0000] {logging_mixin.py:190} INFO - [2024-08-24T09:47:06.231+0000] {dagbag.py:587} INFO - Filling up the DagBag from /home/airflow/.local/lib/python3.12/site-packages/airflow/example_dags/example_bash_decorator.py
[2024-08-24T09:47:06.263+0000] {processor.py:925} INFO - DAG(s) 'example_bash_decorator' retrieved from /home/airflow/.local/lib/python3.12/site-packages/airflow/example_dags/example_bash_decorator.py
[2024-08-24T09:47:06.449+0000] {logging_mixin.py:190} INFO - [2024-08-24T09:47:06.448+0000] {override.py:1858} INFO - Created Permission View: can delete on DAG:example_bash_decorator
[2024-08-24T09:47:06.464+0000] {logging_mixin.py:190} INFO - [2024-08-24T09:47:06.463+0000] {override.py:1858} INFO - Created Permission View: can edit on DAG:example_bash_decorator
[2024-08-24T09:47:06.474+0000] {logging_mixin.py:190} INFO - [2024-08-24T09:47:06.473+0000] {override.py:1858} INFO - Created Permission View: can read on DAG:example_bash_decorator
[2024-08-24T09:47:06.475+0000] {logging_mixin.py:190} INFO - [2024-08-24T09:47:06.474+0000] {dag.py:3211} INFO - Sync 1 DAGs
[2024-08-24T09:47:06.501+0000] {logging_mixin.py:190} INFO - [2024-08-24T09:47:06.500+0000] {dag.py:3234} INFO - Creating ORM DAG for example_bash_decorator
[2024-08-24T09:47:06.502+0000] {logging_mixin.py:190} INFO - [2024-08-24T09:47:06.502+0000] {dag.py:4138} INFO - Setting next_dagrun for example_bash_decorator to None, run_after=None
[2024-08-24T09:47:06.523+0000] {processor.py:208} INFO - Processing /home/airflow/.local/lib/python3.12/site-packages/airflow/example_dags/example_bash_decorator.py took 0.307 seconds
[2024-08-24T09:47:36.896+0000] {processor.py:186} INFO - Started process (PID=159) to work on /home/airflow/.local/lib/python3.12/site-packages/airflow/example_dags/example_bash_decorator.py
[2024-08-24T09:47:36.898+0000] {processor.py:914} INFO - Processing file /home/airflow/.local/lib/python3.12/site-packages/airflow/example_dags/example_bash_decorator.py for tasks to queue
[2024-08-24T09:47:36.903+0000] {logging_mixin.py:190} INFO - [2024-08-24T09:47:36.902+0000] {dagbag.py:587} INFO - Filling up the DagBag from /home/airflow/.local/lib/python3.12/site-packages/airflow/example_dags/example_bash_decorator.py
[2024-08-24T09:47:36.920+0000] {processor.py:925} INFO - DAG(s) 'example_bash_decorator' retrieved from /home/airflow/.local/lib/python3.12/site-packages/airflow/example_dags/example_bash_decorator.py
[2024-08-24T09:47:36.943+0000] {logging_mixin.py:190} INFO - [2024-08-24T09:47:36.943+0000] {dag.py:3211} INFO - Sync 1 DAGs
[2024-08-24T09:47:36.957+0000] {logging_mixin.py:190} INFO - [2024-08-24T09:47:36.957+0000] {dag.py:4138} INFO - Setting next_dagrun for example_bash_decorator to None, run_after=None
[2024-08-24T09:47:36.974+0000] {processor.py:208} INFO - Processing /home/airflow/.local/lib/python3.12/site-packages/airflow/example_dags/example_bash_decorator.py took 0.084 seconds
[2024-08-24T09:48:07.287+0000] {processor.py:186} INFO - Started process (PID=222) to work on /home/airflow/.local/lib/python3.12/site-packages/airflow/example_dags/example_bash_decorator.py
[2024-08-24T09:48:07.289+0000] {processor.py:914} INFO - Processing file /home/airflow/.local/lib/python3.12/site-packages/airflow/example_dags/example_bash_decorator.py for tasks to queue
[2024-08-24T09:48:07.293+0000] {logging_mixin.py:190} INFO - [2024-08-24T09:48:07.292+0000] {dagbag.py:587} INFO - Filling up the DagBag from /home/airflow/.local/lib/python3.12/site-packages/airflow/example_dags/example_bash_decorator.py
[2024-08-24T09:48:07.315+0000] {processor.py:925} INFO - DAG(s) 'example_bash_decorator' retrieved from /home/airflow/.local/lib/python3.12/site-packages/airflow/example_dags/example_bash_decorator.py
[2024-08-24T09:48:07.348+0000] {logging_mixin.py:190} INFO - [2024-08-24T09:48:07.348+0000] {dag.py:3211} INFO - Sync 1 DAGs
[2024-08-24T09:48:07.365+0000] {logging_mixin.py:190} INFO - [2024-08-24T09:48:07.365+0000] {dag.py:4138} INFO - Setting next_dagrun for example_bash_decorator to None, run_after=None
[2024-08-24T09:48:07.386+0000] {processor.py:208} INFO - Processing /home/airflow/.local/lib/python3.12/site-packages/airflow/example_dags/example_bash_decorator.py took 0.112 seconds
[2024-08-24T09:48:38.295+0000] {processor.py:186} INFO - Started process (PID=285) to work on /home/airflow/.local/lib/python3.12/site-packages/airflow/example_dags/example_bash_decorator.py
[2024-08-24T09:48:38.296+0000] {processor.py:914} INFO - Processing file /home/airflow/.local/lib/python3.12/site-packages/airflow/example_dags/example_bash_decorator.py for tasks to queue
[2024-08-24T09:48:38.300+0000] {logging_mixin.py:190} INFO - [2024-08-24T09:48:38.300+0000] {dagbag.py:587} INFO - Filling up the DagBag from /home/airflow/.local/lib/python3.12/site-packages/airflow/example_dags/example_bash_decorator.py
[2024-08-24T09:48:38.328+0000] {processor.py:925} INFO - DAG(s) 'example_bash_decorator' retrieved from /home/airflow/.local/lib/python3.12/site-packages/airflow/example_dags/example_bash_decorator.py
[2024-08-24T09:48:38.381+0000] {logging_mixin.py:190} INFO - [2024-08-24T09:48:38.381+0000] {dag.py:3211} INFO - Sync 1 DAGs
[2024-08-24T09:48:38.410+0000] {logging_mixin.py:190} INFO - [2024-08-24T09:48:38.409+0000] {dag.py:4138} INFO - Setting next_dagrun for example_bash_decorator to None, run_after=None
[2024-08-24T09:48:38.543+0000] {processor.py:208} INFO - Processing /home/airflow/.local/lib/python3.12/site-packages/airflow/example_dags/example_bash_decorator.py took 0.256 seconds
[2024-08-24T09:49:09.286+0000] {processor.py:186} INFO - Started process (PID=348) to work on /home/airflow/.local/lib/python3.12/site-packages/airflow/example_dags/example_bash_decorator.py
[2024-08-24T09:49:09.291+0000] {processor.py:914} INFO - Processing file /home/airflow/.local/lib/python3.12/site-packages/airflow/example_dags/example_bash_decorator.py for tasks to queue
[2024-08-24T09:49:09.295+0000] {logging_mixin.py:190} INFO - [2024-08-24T09:49:09.294+0000] {dagbag.py:587} INFO - Filling up the DagBag from /home/airflow/.local/lib/python3.12/site-packages/airflow/example_dags/example_bash_decorator.py
[2024-08-24T09:49:09.312+0000] {processor.py:925} INFO - DAG(s) 'example_bash_decorator' retrieved from /home/airflow/.local/lib/python3.12/site-packages/airflow/example_dags/example_bash_decorator.py
[2024-08-24T09:49:09.339+0000] {logging_mixin.py:190} INFO - [2024-08-24T09:49:09.339+0000] {dag.py:3211} INFO - Sync 1 DAGs
[2024-08-24T09:49:09.353+0000] {logging_mixin.py:190} INFO - [2024-08-24T09:49:09.352+0000] {dag.py:4138} INFO - Setting next_dagrun for example_bash_decorator to None, run_after=None
[2024-08-24T09:49:09.374+0000] {processor.py:208} INFO - Processing /home/airflow/.local/lib/python3.12/site-packages/airflow/example_dags/example_bash_decorator.py took 0.094 seconds
[2024-08-24T09:49:39.795+0000] {processor.py:186} INFO - Started process (PID=411) to work on /home/airflow/.local/lib/python3.12/site-packages/airflow/example_dags/example_bash_decorator.py
[2024-08-24T09:49:39.796+0000] {processor.py:914} INFO - Processing file /home/airflow/.local/lib/python3.12/site-packages/airflow/example_dags/example_bash_decorator.py for tasks to queue
[2024-08-24T09:49:39.798+0000] {logging_mixin.py:190} INFO - [2024-08-24T09:49:39.798+0000] {dagbag.py:587} INFO - Filling up the DagBag from /home/airflow/.local/lib/python3.12/site-packages/airflow/example_dags/example_bash_decorator.py
[2024-08-24T09:49:39.813+0000] {processor.py:925} INFO - DAG(s) 'example_bash_decorator' retrieved from /home/airflow/.local/lib/python3.12/site-packages/airflow/example_dags/example_bash_decorator.py
[2024-08-24T09:49:39.839+0000] {logging_mixin.py:190} INFO - [2024-08-24T09:49:39.838+0000] {dag.py:3211} INFO - Sync 1 DAGs
[2024-08-24T09:49:39.852+0000] {logging_mixin.py:190} INFO - [2024-08-24T09:49:39.852+0000] {dag.py:4138} INFO - Setting next_dagrun for example_bash_decorator to None, run_after=None
[2024-08-24T09:49:39.873+0000] {processor.py:208} INFO - Processing /home/airflow/.local/lib/python3.12/site-packages/airflow/example_dags/example_bash_decorator.py took 0.084 seconds
[2024-08-24T09:50:10.681+0000] {processor.py:186} INFO - Started process (PID=474) to work on /home/airflow/.local/lib/python3.12/site-packages/airflow/example_dags/example_bash_decorator.py
[2024-08-24T09:50:10.682+0000] {processor.py:914} INFO - Processing file /home/airflow/.local/lib/python3.12/site-packages/airflow/example_dags/example_bash_decorator.py for tasks to queue
[2024-08-24T09:50:10.686+0000] {logging_mixin.py:190} INFO - [2024-08-24T09:50:10.685+0000] {dagbag.py:587} INFO - Filling up the DagBag from /home/airflow/.local/lib/python3.12/site-packages/airflow/example_dags/example_bash_decorator.py
[2024-08-24T09:50:10.708+0000] {processor.py:925} INFO - DAG(s) 'example_bash_decorator' retrieved from /home/airflow/.local/lib/python3.12/site-packages/airflow/example_dags/example_bash_decorator.py
[2024-08-24T09:50:10.745+0000] {logging_mixin.py:190} INFO - [2024-08-24T09:50:10.745+0000] {dag.py:3211} INFO - Sync 1 DAGs
[2024-08-24T09:50:10.769+0000] {logging_mixin.py:190} INFO - [2024-08-24T09:50:10.768+0000] {dag.py:4138} INFO - Setting next_dagrun for example_bash_decorator to None, run_after=None
[2024-08-24T09:50:10.799+0000] {processor.py:208} INFO - Processing /home/airflow/.local/lib/python3.12/site-packages/airflow/example_dags/example_bash_decorator.py took 0.126 seconds
[2024-08-24T09:50:41.318+0000] {processor.py:186} INFO - Started process (PID=537) to work on /home/airflow/.local/lib/python3.12/site-packages/airflow/example_dags/example_bash_decorator.py
[2024-08-24T09:50:41.319+0000] {processor.py:914} INFO - Processing file /home/airflow/.local/lib/python3.12/site-packages/airflow/example_dags/example_bash_decorator.py for tasks to queue
[2024-08-24T09:50:41.324+0000] {logging_mixin.py:190} INFO - [2024-08-24T09:50:41.323+0000] {dagbag.py:587} INFO - Filling up the DagBag from /home/airflow/.local/lib/python3.12/site-packages/airflow/example_dags/example_bash_decorator.py
[2024-08-24T09:50:41.342+0000] {processor.py:925} INFO - DAG(s) 'example_bash_decorator' retrieved from /home/airflow/.local/lib/python3.12/site-packages/airflow/example_dags/example_bash_decorator.py
[2024-08-24T09:50:41.373+0000] {logging_mixin.py:190} INFO - [2024-08-24T09:50:41.373+0000] {dag.py:3211} INFO - Sync 1 DAGs
[2024-08-24T09:50:41.393+0000] {logging_mixin.py:190} INFO - [2024-08-24T09:50:41.392+0000] {dag.py:4138} INFO - Setting next_dagrun for example_bash_decorator to None, run_after=None
[2024-08-24T09:50:41.415+0000] {processor.py:208} INFO - Processing /home/airflow/.local/lib/python3.12/site-packages/airflow/example_dags/example_bash_decorator.py took 0.106 seconds
[2024-08-24T09:51:11.727+0000] {processor.py:186} INFO - Started process (PID=600) to work on /home/airflow/.local/lib/python3.12/site-packages/airflow/example_dags/example_bash_decorator.py
[2024-08-24T09:51:11.729+0000] {processor.py:914} INFO - Processing file /home/airflow/.local/lib/python3.12/site-packages/airflow/example_dags/example_bash_decorator.py for tasks to queue
[2024-08-24T09:51:11.732+0000] {logging_mixin.py:190} INFO - [2024-08-24T09:51:11.732+0000] {dagbag.py:587} INFO - Filling up the DagBag from /home/airflow/.local/lib/python3.12/site-packages/airflow/example_dags/example_bash_decorator.py
[2024-08-24T09:51:11.753+0000] {processor.py:925} INFO - DAG(s) 'example_bash_decorator' retrieved from /home/airflow/.local/lib/python3.12/site-packages/airflow/example_dags/example_bash_decorator.py
[2024-08-24T09:51:11.784+0000] {logging_mixin.py:190} INFO - [2024-08-24T09:51:11.784+0000] {dag.py:3211} INFO - Sync 1 DAGs
[2024-08-24T09:51:11.804+0000] {logging_mixin.py:190} INFO - [2024-08-24T09:51:11.804+0000] {dag.py:4138} INFO - Setting next_dagrun for example_bash_decorator to None, run_after=None
[2024-08-24T09:51:11.831+0000] {processor.py:208} INFO - Processing /home/airflow/.local/lib/python3.12/site-packages/airflow/example_dags/example_bash_decorator.py took 0.111 seconds
