[2024-08-24T09:47:09.319+0000] {processor.py:186} INFO - Started process (PID=107) to work on /home/airflow/.local/lib/python3.12/site-packages/airflow/example_dags/example_inlet_event_extra.py
[2024-08-24T09:47:09.321+0000] {processor.py:914} INFO - Processing file /home/airflow/.local/lib/python3.12/site-packages/airflow/example_dags/example_inlet_event_extra.py for tasks to queue
[2024-08-24T09:47:09.324+0000] {logging_mixin.py:190} INFO - [2024-08-24T09:47:09.323+0000] {dagbag.py:587} INFO - Filling up the DagBag from /home/airflow/.local/lib/python3.12/site-packages/airflow/example_dags/example_inlet_event_extra.py
[2024-08-24T09:47:09.573+0000] {processor.py:925} INFO - DAG(s) 'read_dataset_event', 'read_dataset_event_from_classic' retrieved from /home/airflow/.local/lib/python3.12/site-packages/airflow/example_dags/example_inlet_event_extra.py
[2024-08-24T09:47:09.742+0000] {logging_mixin.py:190} INFO - [2024-08-24T09:47:09.741+0000] {override.py:1858} INFO - Created Permission View: can delete on DAG:read_dataset_event
[2024-08-24T09:47:09.770+0000] {logging_mixin.py:190} INFO - [2024-08-24T09:47:09.770+0000] {override.py:1858} INFO - Created Permission View: can edit on DAG:read_dataset_event
[2024-08-24T09:47:09.783+0000] {logging_mixin.py:190} INFO - [2024-08-24T09:47:09.782+0000] {override.py:1858} INFO - Created Permission View: can read on DAG:read_dataset_event
[2024-08-24T09:47:09.804+0000] {logging_mixin.py:190} INFO - [2024-08-24T09:47:09.803+0000] {override.py:1858} INFO - Created Permission View: can delete on DAG:read_dataset_event_from_classic
[2024-08-24T09:47:09.815+0000] {logging_mixin.py:190} INFO - [2024-08-24T09:47:09.814+0000] {override.py:1858} INFO - Created Permission View: can edit on DAG:read_dataset_event_from_classic
[2024-08-24T09:47:09.825+0000] {logging_mixin.py:190} INFO - [2024-08-24T09:47:09.825+0000] {override.py:1858} INFO - Created Permission View: can read on DAG:read_dataset_event_from_classic
[2024-08-24T09:47:09.826+0000] {logging_mixin.py:190} INFO - [2024-08-24T09:47:09.826+0000] {dag.py:3211} INFO - Sync 2 DAGs
[2024-08-24T09:47:09.851+0000] {logging_mixin.py:190} INFO - [2024-08-24T09:47:09.851+0000] {dag.py:3234} INFO - Creating ORM DAG for read_dataset_event_from_classic
[2024-08-24T09:47:09.853+0000] {logging_mixin.py:190} INFO - [2024-08-24T09:47:09.853+0000] {dag.py:3234} INFO - Creating ORM DAG for read_dataset_event
[2024-08-24T09:47:09.871+0000] {logging_mixin.py:190} INFO - [2024-08-24T09:47:09.871+0000] {dag.py:4138} INFO - Setting next_dagrun for read_dataset_event to 2024-08-23 00:00:00+00:00, run_after=2024-08-24 00:00:00+00:00
[2024-08-24T09:47:09.875+0000] {logging_mixin.py:190} INFO - [2024-08-24T09:47:09.875+0000] {dag.py:4138} INFO - Setting next_dagrun for read_dataset_event_from_classic to 2024-08-23 00:00:00+00:00, run_after=2024-08-24 00:00:00+00:00
[2024-08-24T09:47:09.908+0000] {processor.py:208} INFO - Processing /home/airflow/.local/lib/python3.12/site-packages/airflow/example_dags/example_inlet_event_extra.py took 0.597 seconds
[2024-08-24T09:47:40.620+0000] {processor.py:186} INFO - Started process (PID=170) to work on /home/airflow/.local/lib/python3.12/site-packages/airflow/example_dags/example_inlet_event_extra.py
[2024-08-24T09:47:40.622+0000] {processor.py:914} INFO - Processing file /home/airflow/.local/lib/python3.12/site-packages/airflow/example_dags/example_inlet_event_extra.py for tasks to queue
[2024-08-24T09:47:40.624+0000] {logging_mixin.py:190} INFO - [2024-08-24T09:47:40.624+0000] {dagbag.py:587} INFO - Filling up the DagBag from /home/airflow/.local/lib/python3.12/site-packages/airflow/example_dags/example_inlet_event_extra.py
[2024-08-24T09:47:40.777+0000] {processor.py:925} INFO - DAG(s) 'read_dataset_event_from_classic', 'read_dataset_event' retrieved from /home/airflow/.local/lib/python3.12/site-packages/airflow/example_dags/example_inlet_event_extra.py
[2024-08-24T09:47:40.815+0000] {logging_mixin.py:190} INFO - [2024-08-24T09:47:40.814+0000] {dag.py:3211} INFO - Sync 2 DAGs
[2024-08-24T09:47:40.853+0000] {logging_mixin.py:190} INFO - [2024-08-24T09:47:40.852+0000] {dag.py:4138} INFO - Setting next_dagrun for read_dataset_event to 2024-08-23 00:00:00+00:00, run_after=2024-08-24 00:00:00+00:00
[2024-08-24T09:47:40.858+0000] {logging_mixin.py:190} INFO - [2024-08-24T09:47:40.858+0000] {dag.py:4138} INFO - Setting next_dagrun for read_dataset_event_from_classic to 2024-08-23 00:00:00+00:00, run_after=2024-08-24 00:00:00+00:00
[2024-08-24T09:47:40.879+0000] {processor.py:208} INFO - Processing /home/airflow/.local/lib/python3.12/site-packages/airflow/example_dags/example_inlet_event_extra.py took 0.265 seconds
[2024-08-24T09:48:11.483+0000] {processor.py:186} INFO - Started process (PID=233) to work on /home/airflow/.local/lib/python3.12/site-packages/airflow/example_dags/example_inlet_event_extra.py
[2024-08-24T09:48:11.485+0000] {processor.py:914} INFO - Processing file /home/airflow/.local/lib/python3.12/site-packages/airflow/example_dags/example_inlet_event_extra.py for tasks to queue
[2024-08-24T09:48:11.487+0000] {logging_mixin.py:190} INFO - [2024-08-24T09:48:11.487+0000] {dagbag.py:587} INFO - Filling up the DagBag from /home/airflow/.local/lib/python3.12/site-packages/airflow/example_dags/example_inlet_event_extra.py
[2024-08-24T09:48:11.743+0000] {processor.py:925} INFO - DAG(s) 'read_dataset_event_from_classic', 'read_dataset_event' retrieved from /home/airflow/.local/lib/python3.12/site-packages/airflow/example_dags/example_inlet_event_extra.py
[2024-08-24T09:48:11.780+0000] {logging_mixin.py:190} INFO - [2024-08-24T09:48:11.780+0000] {dag.py:3211} INFO - Sync 2 DAGs
[2024-08-24T09:48:11.825+0000] {logging_mixin.py:190} INFO - [2024-08-24T09:48:11.825+0000] {dag.py:4138} INFO - Setting next_dagrun for read_dataset_event to 2024-08-23 00:00:00+00:00, run_after=2024-08-24 00:00:00+00:00
[2024-08-24T09:48:11.834+0000] {logging_mixin.py:190} INFO - [2024-08-24T09:48:11.834+0000] {dag.py:4138} INFO - Setting next_dagrun for read_dataset_event_from_classic to 2024-08-23 00:00:00+00:00, run_after=2024-08-24 00:00:00+00:00
[2024-08-24T09:48:11.862+0000] {processor.py:208} INFO - Processing /home/airflow/.local/lib/python3.12/site-packages/airflow/example_dags/example_inlet_event_extra.py took 0.387 seconds
[2024-08-24T09:48:42.391+0000] {processor.py:186} INFO - Started process (PID=296) to work on /home/airflow/.local/lib/python3.12/site-packages/airflow/example_dags/example_inlet_event_extra.py
[2024-08-24T09:48:42.395+0000] {processor.py:914} INFO - Processing file /home/airflow/.local/lib/python3.12/site-packages/airflow/example_dags/example_inlet_event_extra.py for tasks to queue
[2024-08-24T09:48:42.398+0000] {logging_mixin.py:190} INFO - [2024-08-24T09:48:42.398+0000] {dagbag.py:587} INFO - Filling up the DagBag from /home/airflow/.local/lib/python3.12/site-packages/airflow/example_dags/example_inlet_event_extra.py
[2024-08-24T09:48:42.626+0000] {processor.py:925} INFO - DAG(s) 'read_dataset_event', 'read_dataset_event_from_classic' retrieved from /home/airflow/.local/lib/python3.12/site-packages/airflow/example_dags/example_inlet_event_extra.py
[2024-08-24T09:48:42.656+0000] {logging_mixin.py:190} INFO - [2024-08-24T09:48:42.656+0000] {dag.py:3211} INFO - Sync 2 DAGs
[2024-08-24T09:48:42.692+0000] {logging_mixin.py:190} INFO - [2024-08-24T09:48:42.691+0000] {dag.py:4138} INFO - Setting next_dagrun for read_dataset_event to 2024-08-23 00:00:00+00:00, run_after=2024-08-24 00:00:00+00:00
[2024-08-24T09:48:42.698+0000] {logging_mixin.py:190} INFO - [2024-08-24T09:48:42.697+0000] {dag.py:4138} INFO - Setting next_dagrun for read_dataset_event_from_classic to 2024-08-23 00:00:00+00:00, run_after=2024-08-24 00:00:00+00:00
[2024-08-24T09:48:42.720+0000] {processor.py:208} INFO - Processing /home/airflow/.local/lib/python3.12/site-packages/airflow/example_dags/example_inlet_event_extra.py took 0.336 seconds
[2024-08-24T09:49:13.089+0000] {processor.py:186} INFO - Started process (PID=359) to work on /home/airflow/.local/lib/python3.12/site-packages/airflow/example_dags/example_inlet_event_extra.py
[2024-08-24T09:49:13.090+0000] {processor.py:914} INFO - Processing file /home/airflow/.local/lib/python3.12/site-packages/airflow/example_dags/example_inlet_event_extra.py for tasks to queue
[2024-08-24T09:49:13.092+0000] {logging_mixin.py:190} INFO - [2024-08-24T09:49:13.092+0000] {dagbag.py:587} INFO - Filling up the DagBag from /home/airflow/.local/lib/python3.12/site-packages/airflow/example_dags/example_inlet_event_extra.py
[2024-08-24T09:49:13.265+0000] {processor.py:925} INFO - DAG(s) 'read_dataset_event', 'read_dataset_event_from_classic' retrieved from /home/airflow/.local/lib/python3.12/site-packages/airflow/example_dags/example_inlet_event_extra.py
[2024-08-24T09:49:13.296+0000] {logging_mixin.py:190} INFO - [2024-08-24T09:49:13.296+0000] {dag.py:3211} INFO - Sync 2 DAGs
[2024-08-24T09:49:13.325+0000] {logging_mixin.py:190} INFO - [2024-08-24T09:49:13.325+0000] {dag.py:4138} INFO - Setting next_dagrun for read_dataset_event to 2024-08-23 00:00:00+00:00, run_after=2024-08-24 00:00:00+00:00
[2024-08-24T09:49:13.331+0000] {logging_mixin.py:190} INFO - [2024-08-24T09:49:13.331+0000] {dag.py:4138} INFO - Setting next_dagrun for read_dataset_event_from_classic to 2024-08-23 00:00:00+00:00, run_after=2024-08-24 00:00:00+00:00
[2024-08-24T09:49:13.350+0000] {processor.py:208} INFO - Processing /home/airflow/.local/lib/python3.12/site-packages/airflow/example_dags/example_inlet_event_extra.py took 0.268 seconds
[2024-08-24T09:49:43.796+0000] {processor.py:186} INFO - Started process (PID=422) to work on /home/airflow/.local/lib/python3.12/site-packages/airflow/example_dags/example_inlet_event_extra.py
[2024-08-24T09:49:43.798+0000] {processor.py:914} INFO - Processing file /home/airflow/.local/lib/python3.12/site-packages/airflow/example_dags/example_inlet_event_extra.py for tasks to queue
[2024-08-24T09:49:43.800+0000] {logging_mixin.py:190} INFO - [2024-08-24T09:49:43.800+0000] {dagbag.py:587} INFO - Filling up the DagBag from /home/airflow/.local/lib/python3.12/site-packages/airflow/example_dags/example_inlet_event_extra.py
[2024-08-24T09:49:43.990+0000] {processor.py:925} INFO - DAG(s) 'read_dataset_event', 'read_dataset_event_from_classic' retrieved from /home/airflow/.local/lib/python3.12/site-packages/airflow/example_dags/example_inlet_event_extra.py
[2024-08-24T09:49:44.018+0000] {logging_mixin.py:190} INFO - [2024-08-24T09:49:44.017+0000] {dag.py:3211} INFO - Sync 2 DAGs
[2024-08-24T09:49:44.048+0000] {logging_mixin.py:190} INFO - [2024-08-24T09:49:44.047+0000] {dag.py:4138} INFO - Setting next_dagrun for read_dataset_event to 2024-08-23 00:00:00+00:00, run_after=2024-08-24 00:00:00+00:00
[2024-08-24T09:49:44.054+0000] {logging_mixin.py:190} INFO - [2024-08-24T09:49:44.053+0000] {dag.py:4138} INFO - Setting next_dagrun for read_dataset_event_from_classic to 2024-08-23 00:00:00+00:00, run_after=2024-08-24 00:00:00+00:00
[2024-08-24T09:49:44.074+0000] {processor.py:208} INFO - Processing /home/airflow/.local/lib/python3.12/site-packages/airflow/example_dags/example_inlet_event_extra.py took 0.283 seconds
[2024-08-24T09:50:14.586+0000] {processor.py:186} INFO - Started process (PID=485) to work on /home/airflow/.local/lib/python3.12/site-packages/airflow/example_dags/example_inlet_event_extra.py
[2024-08-24T09:50:14.588+0000] {processor.py:914} INFO - Processing file /home/airflow/.local/lib/python3.12/site-packages/airflow/example_dags/example_inlet_event_extra.py for tasks to queue
[2024-08-24T09:50:14.591+0000] {logging_mixin.py:190} INFO - [2024-08-24T09:50:14.590+0000] {dagbag.py:587} INFO - Filling up the DagBag from /home/airflow/.local/lib/python3.12/site-packages/airflow/example_dags/example_inlet_event_extra.py
[2024-08-24T09:50:14.751+0000] {processor.py:925} INFO - DAG(s) 'read_dataset_event', 'read_dataset_event_from_classic' retrieved from /home/airflow/.local/lib/python3.12/site-packages/airflow/example_dags/example_inlet_event_extra.py
[2024-08-24T09:50:14.781+0000] {logging_mixin.py:190} INFO - [2024-08-24T09:50:14.781+0000] {dag.py:3211} INFO - Sync 2 DAGs
[2024-08-24T09:50:14.808+0000] {logging_mixin.py:190} INFO - [2024-08-24T09:50:14.808+0000] {dag.py:4138} INFO - Setting next_dagrun for read_dataset_event to 2024-08-23 00:00:00+00:00, run_after=2024-08-24 00:00:00+00:00
[2024-08-24T09:50:14.813+0000] {logging_mixin.py:190} INFO - [2024-08-24T09:50:14.813+0000] {dag.py:4138} INFO - Setting next_dagrun for read_dataset_event_from_classic to 2024-08-23 00:00:00+00:00, run_after=2024-08-24 00:00:00+00:00
[2024-08-24T09:50:14.830+0000] {processor.py:208} INFO - Processing /home/airflow/.local/lib/python3.12/site-packages/airflow/example_dags/example_inlet_event_extra.py took 0.252 seconds
[2024-08-24T09:50:45.272+0000] {processor.py:186} INFO - Started process (PID=548) to work on /home/airflow/.local/lib/python3.12/site-packages/airflow/example_dags/example_inlet_event_extra.py
[2024-08-24T09:50:45.274+0000] {processor.py:914} INFO - Processing file /home/airflow/.local/lib/python3.12/site-packages/airflow/example_dags/example_inlet_event_extra.py for tasks to queue
[2024-08-24T09:50:45.278+0000] {logging_mixin.py:190} INFO - [2024-08-24T09:50:45.277+0000] {dagbag.py:587} INFO - Filling up the DagBag from /home/airflow/.local/lib/python3.12/site-packages/airflow/example_dags/example_inlet_event_extra.py
[2024-08-24T09:50:45.567+0000] {processor.py:925} INFO - DAG(s) 'read_dataset_event_from_classic', 'read_dataset_event' retrieved from /home/airflow/.local/lib/python3.12/site-packages/airflow/example_dags/example_inlet_event_extra.py
[2024-08-24T09:50:45.606+0000] {logging_mixin.py:190} INFO - [2024-08-24T09:50:45.605+0000] {dag.py:3211} INFO - Sync 2 DAGs
[2024-08-24T09:50:45.645+0000] {logging_mixin.py:190} INFO - [2024-08-24T09:50:45.645+0000] {dag.py:4138} INFO - Setting next_dagrun for read_dataset_event to 2024-08-23 00:00:00+00:00, run_after=2024-08-24 00:00:00+00:00
[2024-08-24T09:50:45.657+0000] {logging_mixin.py:190} INFO - [2024-08-24T09:50:45.657+0000] {dag.py:4138} INFO - Setting next_dagrun for read_dataset_event_from_classic to 2024-08-23 00:00:00+00:00, run_after=2024-08-24 00:00:00+00:00
[2024-08-24T09:50:45.678+0000] {processor.py:208} INFO - Processing /home/airflow/.local/lib/python3.12/site-packages/airflow/example_dags/example_inlet_event_extra.py took 0.416 seconds
[2024-08-24T09:51:16.507+0000] {processor.py:186} INFO - Started process (PID=611) to work on /home/airflow/.local/lib/python3.12/site-packages/airflow/example_dags/example_inlet_event_extra.py
[2024-08-24T09:51:16.509+0000] {processor.py:914} INFO - Processing file /home/airflow/.local/lib/python3.12/site-packages/airflow/example_dags/example_inlet_event_extra.py for tasks to queue
[2024-08-24T09:51:16.513+0000] {logging_mixin.py:190} INFO - [2024-08-24T09:51:16.512+0000] {dagbag.py:587} INFO - Filling up the DagBag from /home/airflow/.local/lib/python3.12/site-packages/airflow/example_dags/example_inlet_event_extra.py
[2024-08-24T09:51:16.782+0000] {processor.py:925} INFO - DAG(s) 'read_dataset_event_from_classic', 'read_dataset_event' retrieved from /home/airflow/.local/lib/python3.12/site-packages/airflow/example_dags/example_inlet_event_extra.py
[2024-08-24T09:51:16.822+0000] {logging_mixin.py:190} INFO - [2024-08-24T09:51:16.822+0000] {dag.py:3211} INFO - Sync 2 DAGs
[2024-08-24T09:51:16.876+0000] {logging_mixin.py:190} INFO - [2024-08-24T09:51:16.875+0000] {dag.py:4138} INFO - Setting next_dagrun for read_dataset_event to 2024-08-23 00:00:00+00:00, run_after=2024-08-24 00:00:00+00:00
[2024-08-24T09:51:16.884+0000] {logging_mixin.py:190} INFO - [2024-08-24T09:51:16.884+0000] {dag.py:4138} INFO - Setting next_dagrun for read_dataset_event_from_classic to 2024-08-23 00:00:00+00:00, run_after=2024-08-24 00:00:00+00:00
[2024-08-24T09:51:16.915+0000] {processor.py:208} INFO - Processing /home/airflow/.local/lib/python3.12/site-packages/airflow/example_dags/example_inlet_event_extra.py took 0.418 seconds
[2024-08-24T12:31:31.327+0000] {processor.py:186} INFO - Started process (PID=104) to work on /home/airflow/.local/lib/python3.12/site-packages/airflow/example_dags/example_inlet_event_extra.py
[2024-08-24T12:31:31.328+0000] {processor.py:914} INFO - Processing file /home/airflow/.local/lib/python3.12/site-packages/airflow/example_dags/example_inlet_event_extra.py for tasks to queue
[2024-08-24T12:31:31.337+0000] {logging_mixin.py:190} INFO - [2024-08-24T12:31:31.337+0000] {dagbag.py:587} INFO - Filling up the DagBag from /home/airflow/.local/lib/python3.12/site-packages/airflow/example_dags/example_inlet_event_extra.py
[2024-08-24T12:31:31.510+0000] {processor.py:925} INFO - DAG(s) 'read_dataset_event', 'read_dataset_event_from_classic' retrieved from /home/airflow/.local/lib/python3.12/site-packages/airflow/example_dags/example_inlet_event_extra.py
[2024-08-24T12:31:31.541+0000] {logging_mixin.py:190} INFO - [2024-08-24T12:31:31.541+0000] {dag.py:3211} INFO - Sync 2 DAGs
[2024-08-24T12:31:31.575+0000] {logging_mixin.py:190} INFO - [2024-08-24T12:31:31.574+0000] {dag.py:4138} INFO - Setting next_dagrun for read_dataset_event to 2024-08-23 00:00:00+00:00, run_after=2024-08-24 00:00:00+00:00
[2024-08-24T12:31:31.583+0000] {logging_mixin.py:190} INFO - [2024-08-24T12:31:31.583+0000] {dag.py:4138} INFO - Setting next_dagrun for read_dataset_event_from_classic to 2024-08-23 00:00:00+00:00, run_after=2024-08-24 00:00:00+00:00
[2024-08-24T12:31:31.602+0000] {processor.py:208} INFO - Processing /home/airflow/.local/lib/python3.12/site-packages/airflow/example_dags/example_inlet_event_extra.py took 0.281 seconds
[2024-08-24T12:32:02.246+0000] {processor.py:186} INFO - Started process (PID=167) to work on /home/airflow/.local/lib/python3.12/site-packages/airflow/example_dags/example_inlet_event_extra.py
[2024-08-24T12:32:02.247+0000] {processor.py:914} INFO - Processing file /home/airflow/.local/lib/python3.12/site-packages/airflow/example_dags/example_inlet_event_extra.py for tasks to queue
[2024-08-24T12:32:02.249+0000] {logging_mixin.py:190} INFO - [2024-08-24T12:32:02.249+0000] {dagbag.py:587} INFO - Filling up the DagBag from /home/airflow/.local/lib/python3.12/site-packages/airflow/example_dags/example_inlet_event_extra.py
[2024-08-24T12:32:02.407+0000] {processor.py:925} INFO - DAG(s) 'read_dataset_event', 'read_dataset_event_from_classic' retrieved from /home/airflow/.local/lib/python3.12/site-packages/airflow/example_dags/example_inlet_event_extra.py
[2024-08-24T12:32:02.441+0000] {logging_mixin.py:190} INFO - [2024-08-24T12:32:02.440+0000] {dag.py:3211} INFO - Sync 2 DAGs
[2024-08-24T12:32:02.485+0000] {logging_mixin.py:190} INFO - [2024-08-24T12:32:02.485+0000] {dag.py:4138} INFO - Setting next_dagrun for read_dataset_event to 2024-08-23 00:00:00+00:00, run_after=2024-08-24 00:00:00+00:00
[2024-08-24T12:32:02.490+0000] {logging_mixin.py:190} INFO - [2024-08-24T12:32:02.490+0000] {dag.py:4138} INFO - Setting next_dagrun for read_dataset_event_from_classic to 2024-08-23 00:00:00+00:00, run_after=2024-08-24 00:00:00+00:00
[2024-08-24T12:32:02.511+0000] {processor.py:208} INFO - Processing /home/airflow/.local/lib/python3.12/site-packages/airflow/example_dags/example_inlet_event_extra.py took 0.270 seconds
[2024-08-24T12:32:32.576+0000] {processor.py:186} INFO - Started process (PID=230) to work on /home/airflow/.local/lib/python3.12/site-packages/airflow/example_dags/example_inlet_event_extra.py
[2024-08-24T12:32:32.577+0000] {processor.py:914} INFO - Processing file /home/airflow/.local/lib/python3.12/site-packages/airflow/example_dags/example_inlet_event_extra.py for tasks to queue
[2024-08-24T12:32:32.579+0000] {logging_mixin.py:190} INFO - [2024-08-24T12:32:32.579+0000] {dagbag.py:587} INFO - Filling up the DagBag from /home/airflow/.local/lib/python3.12/site-packages/airflow/example_dags/example_inlet_event_extra.py
[2024-08-24T12:32:32.721+0000] {processor.py:925} INFO - DAG(s) 'read_dataset_event', 'read_dataset_event_from_classic' retrieved from /home/airflow/.local/lib/python3.12/site-packages/airflow/example_dags/example_inlet_event_extra.py
[2024-08-24T12:32:32.755+0000] {logging_mixin.py:190} INFO - [2024-08-24T12:32:32.754+0000] {dag.py:3211} INFO - Sync 2 DAGs
[2024-08-24T12:32:32.781+0000] {logging_mixin.py:190} INFO - [2024-08-24T12:32:32.780+0000] {dag.py:4138} INFO - Setting next_dagrun for read_dataset_event to 2024-08-23 00:00:00+00:00, run_after=2024-08-24 00:00:00+00:00
[2024-08-24T12:32:32.787+0000] {logging_mixin.py:190} INFO - [2024-08-24T12:32:32.786+0000] {dag.py:4138} INFO - Setting next_dagrun for read_dataset_event_from_classic to 2024-08-23 00:00:00+00:00, run_after=2024-08-24 00:00:00+00:00
[2024-08-24T12:32:32.806+0000] {processor.py:208} INFO - Processing /home/airflow/.local/lib/python3.12/site-packages/airflow/example_dags/example_inlet_event_extra.py took 0.235 seconds
[2024-08-24T12:33:03.017+0000] {processor.py:186} INFO - Started process (PID=294) to work on /home/airflow/.local/lib/python3.12/site-packages/airflow/example_dags/example_inlet_event_extra.py
[2024-08-24T12:33:03.018+0000] {processor.py:914} INFO - Processing file /home/airflow/.local/lib/python3.12/site-packages/airflow/example_dags/example_inlet_event_extra.py for tasks to queue
[2024-08-24T12:33:03.020+0000] {logging_mixin.py:190} INFO - [2024-08-24T12:33:03.020+0000] {dagbag.py:587} INFO - Filling up the DagBag from /home/airflow/.local/lib/python3.12/site-packages/airflow/example_dags/example_inlet_event_extra.py
[2024-08-24T12:33:03.125+0000] {processor.py:925} INFO - DAG(s) 'read_dataset_event', 'read_dataset_event_from_classic' retrieved from /home/airflow/.local/lib/python3.12/site-packages/airflow/example_dags/example_inlet_event_extra.py
[2024-08-24T12:33:03.147+0000] {logging_mixin.py:190} INFO - [2024-08-24T12:33:03.147+0000] {dag.py:3211} INFO - Sync 2 DAGs
[2024-08-24T12:33:03.171+0000] {logging_mixin.py:190} INFO - [2024-08-24T12:33:03.171+0000] {dag.py:4138} INFO - Setting next_dagrun for read_dataset_event to 2024-08-23 00:00:00+00:00, run_after=2024-08-24 00:00:00+00:00
[2024-08-24T12:33:03.175+0000] {logging_mixin.py:190} INFO - [2024-08-24T12:33:03.175+0000] {dag.py:4138} INFO - Setting next_dagrun for read_dataset_event_from_classic to 2024-08-23 00:00:00+00:00, run_after=2024-08-24 00:00:00+00:00
[2024-08-24T12:33:03.191+0000] {processor.py:208} INFO - Processing /home/airflow/.local/lib/python3.12/site-packages/airflow/example_dags/example_inlet_event_extra.py took 0.178 seconds
[2024-08-24T12:33:33.860+0000] {processor.py:186} INFO - Started process (PID=356) to work on /home/airflow/.local/lib/python3.12/site-packages/airflow/example_dags/example_inlet_event_extra.py
[2024-08-24T12:33:33.861+0000] {processor.py:914} INFO - Processing file /home/airflow/.local/lib/python3.12/site-packages/airflow/example_dags/example_inlet_event_extra.py for tasks to queue
[2024-08-24T12:33:33.863+0000] {logging_mixin.py:190} INFO - [2024-08-24T12:33:33.862+0000] {dagbag.py:587} INFO - Filling up the DagBag from /home/airflow/.local/lib/python3.12/site-packages/airflow/example_dags/example_inlet_event_extra.py
[2024-08-24T12:33:33.981+0000] {processor.py:925} INFO - DAG(s) 'read_dataset_event_from_classic', 'read_dataset_event' retrieved from /home/airflow/.local/lib/python3.12/site-packages/airflow/example_dags/example_inlet_event_extra.py
[2024-08-24T12:33:34.002+0000] {logging_mixin.py:190} INFO - [2024-08-24T12:33:34.002+0000] {dag.py:3211} INFO - Sync 2 DAGs
[2024-08-24T12:33:34.022+0000] {logging_mixin.py:190} INFO - [2024-08-24T12:33:34.022+0000] {dag.py:4138} INFO - Setting next_dagrun for read_dataset_event to 2024-08-23 00:00:00+00:00, run_after=2024-08-24 00:00:00+00:00
[2024-08-24T12:33:34.027+0000] {logging_mixin.py:190} INFO - [2024-08-24T12:33:34.027+0000] {dag.py:4138} INFO - Setting next_dagrun for read_dataset_event_from_classic to 2024-08-23 00:00:00+00:00, run_after=2024-08-24 00:00:00+00:00
[2024-08-24T12:33:34.043+0000] {processor.py:208} INFO - Processing /home/airflow/.local/lib/python3.12/site-packages/airflow/example_dags/example_inlet_event_extra.py took 0.188 seconds
[2024-08-24T12:34:04.836+0000] {processor.py:186} INFO - Started process (PID=419) to work on /home/airflow/.local/lib/python3.12/site-packages/airflow/example_dags/example_inlet_event_extra.py
[2024-08-24T12:34:04.837+0000] {processor.py:914} INFO - Processing file /home/airflow/.local/lib/python3.12/site-packages/airflow/example_dags/example_inlet_event_extra.py for tasks to queue
[2024-08-24T12:34:04.840+0000] {logging_mixin.py:190} INFO - [2024-08-24T12:34:04.839+0000] {dagbag.py:587} INFO - Filling up the DagBag from /home/airflow/.local/lib/python3.12/site-packages/airflow/example_dags/example_inlet_event_extra.py
[2024-08-24T12:34:04.977+0000] {processor.py:925} INFO - DAG(s) 'read_dataset_event', 'read_dataset_event_from_classic' retrieved from /home/airflow/.local/lib/python3.12/site-packages/airflow/example_dags/example_inlet_event_extra.py
[2024-08-24T12:34:04.998+0000] {logging_mixin.py:190} INFO - [2024-08-24T12:34:04.998+0000] {dag.py:3211} INFO - Sync 2 DAGs
[2024-08-24T12:34:05.018+0000] {logging_mixin.py:190} INFO - [2024-08-24T12:34:05.018+0000] {dag.py:4138} INFO - Setting next_dagrun for read_dataset_event to 2024-08-23 00:00:00+00:00, run_after=2024-08-24 00:00:00+00:00
[2024-08-24T12:34:05.022+0000] {logging_mixin.py:190} INFO - [2024-08-24T12:34:05.022+0000] {dag.py:4138} INFO - Setting next_dagrun for read_dataset_event_from_classic to 2024-08-23 00:00:00+00:00, run_after=2024-08-24 00:00:00+00:00
[2024-08-24T12:34:05.036+0000] {processor.py:208} INFO - Processing /home/airflow/.local/lib/python3.12/site-packages/airflow/example_dags/example_inlet_event_extra.py took 0.204 seconds
