[2024-08-24T09:47:08.574+0000] {processor.py:186} INFO - Started process (PID=104) to work on /home/airflow/.local/lib/python3.12/site-packages/airflow/example_dags/example_branch_operator.py
[2024-08-24T09:47:08.576+0000] {processor.py:914} INFO - Processing file /home/airflow/.local/lib/python3.12/site-packages/airflow/example_dags/example_branch_operator.py for tasks to queue
[2024-08-24T09:47:08.579+0000] {logging_mixin.py:190} INFO - [2024-08-24T09:47:08.579+0000] {dagbag.py:587} INFO - Filling up the DagBag from /home/airflow/.local/lib/python3.12/site-packages/airflow/example_dags/example_branch_operator.py
[2024-08-24T09:47:08.615+0000] {processor.py:925} INFO - DAG(s) 'example_branch_operator' retrieved from /home/airflow/.local/lib/python3.12/site-packages/airflow/example_dags/example_branch_operator.py
[2024-08-24T09:47:08.820+0000] {logging_mixin.py:190} INFO - [2024-08-24T09:47:08.819+0000] {override.py:1858} INFO - Created Permission View: can delete on DAG:example_branch_operator
[2024-08-24T09:47:08.836+0000] {logging_mixin.py:190} INFO - [2024-08-24T09:47:08.836+0000] {override.py:1858} INFO - Created Permission View: can edit on DAG:example_branch_operator
[2024-08-24T09:47:08.847+0000] {logging_mixin.py:190} INFO - [2024-08-24T09:47:08.847+0000] {override.py:1858} INFO - Created Permission View: can read on DAG:example_branch_operator
[2024-08-24T09:47:08.848+0000] {logging_mixin.py:190} INFO - [2024-08-24T09:47:08.848+0000] {dag.py:3211} INFO - Sync 1 DAGs
[2024-08-24T09:47:08.867+0000] {logging_mixin.py:190} INFO - [2024-08-24T09:47:08.867+0000] {dag.py:3234} INFO - Creating ORM DAG for example_branch_operator
[2024-08-24T09:47:08.887+0000] {logging_mixin.py:190} INFO - [2024-08-24T09:47:08.886+0000] {dag.py:4138} INFO - Setting next_dagrun for example_branch_operator to 2024-08-23 00:00:00+00:00, run_after=2024-08-24 00:00:00+00:00
[2024-08-24T09:47:08.917+0000] {processor.py:208} INFO - Processing /home/airflow/.local/lib/python3.12/site-packages/airflow/example_dags/example_branch_operator.py took 0.351 seconds
[2024-08-24T09:47:39.338+0000] {processor.py:186} INFO - Started process (PID=167) to work on /home/airflow/.local/lib/python3.12/site-packages/airflow/example_dags/example_branch_operator.py
[2024-08-24T09:47:39.339+0000] {processor.py:914} INFO - Processing file /home/airflow/.local/lib/python3.12/site-packages/airflow/example_dags/example_branch_operator.py for tasks to queue
[2024-08-24T09:47:39.341+0000] {logging_mixin.py:190} INFO - [2024-08-24T09:47:39.341+0000] {dagbag.py:587} INFO - Filling up the DagBag from /home/airflow/.local/lib/python3.12/site-packages/airflow/example_dags/example_branch_operator.py
[2024-08-24T09:47:39.360+0000] {processor.py:925} INFO - DAG(s) 'example_branch_operator' retrieved from /home/airflow/.local/lib/python3.12/site-packages/airflow/example_dags/example_branch_operator.py
[2024-08-24T09:47:39.390+0000] {logging_mixin.py:190} INFO - [2024-08-24T09:47:39.390+0000] {dag.py:3211} INFO - Sync 1 DAGs
[2024-08-24T09:47:39.412+0000] {logging_mixin.py:190} INFO - [2024-08-24T09:47:39.412+0000] {dag.py:4138} INFO - Setting next_dagrun for example_branch_operator to 2024-08-23 00:00:00+00:00, run_after=2024-08-24 00:00:00+00:00
[2024-08-24T09:47:39.436+0000] {processor.py:208} INFO - Processing /home/airflow/.local/lib/python3.12/site-packages/airflow/example_dags/example_branch_operator.py took 0.103 seconds
[2024-08-24T09:48:09.944+0000] {processor.py:186} INFO - Started process (PID=230) to work on /home/airflow/.local/lib/python3.12/site-packages/airflow/example_dags/example_branch_operator.py
[2024-08-24T09:48:09.946+0000] {processor.py:914} INFO - Processing file /home/airflow/.local/lib/python3.12/site-packages/airflow/example_dags/example_branch_operator.py for tasks to queue
[2024-08-24T09:48:09.953+0000] {logging_mixin.py:190} INFO - [2024-08-24T09:48:09.952+0000] {dagbag.py:587} INFO - Filling up the DagBag from /home/airflow/.local/lib/python3.12/site-packages/airflow/example_dags/example_branch_operator.py
[2024-08-24T09:48:09.992+0000] {processor.py:925} INFO - DAG(s) 'example_branch_operator' retrieved from /home/airflow/.local/lib/python3.12/site-packages/airflow/example_dags/example_branch_operator.py
[2024-08-24T09:48:10.047+0000] {logging_mixin.py:190} INFO - [2024-08-24T09:48:10.047+0000] {dag.py:3211} INFO - Sync 1 DAGs
[2024-08-24T09:48:10.082+0000] {logging_mixin.py:190} INFO - [2024-08-24T09:48:10.081+0000] {dag.py:4138} INFO - Setting next_dagrun for example_branch_operator to 2024-08-23 00:00:00+00:00, run_after=2024-08-24 00:00:00+00:00
[2024-08-24T09:48:10.127+0000] {processor.py:208} INFO - Processing /home/airflow/.local/lib/python3.12/site-packages/airflow/example_dags/example_branch_operator.py took 0.192 seconds
[2024-08-24T09:48:40.193+0000] {processor.py:186} INFO - Started process (PID=293) to work on /home/airflow/.local/lib/python3.12/site-packages/airflow/example_dags/example_branch_operator.py
[2024-08-24T09:48:40.194+0000] {processor.py:914} INFO - Processing file /home/airflow/.local/lib/python3.12/site-packages/airflow/example_dags/example_branch_operator.py for tasks to queue
[2024-08-24T09:48:40.197+0000] {logging_mixin.py:190} INFO - [2024-08-24T09:48:40.197+0000] {dagbag.py:587} INFO - Filling up the DagBag from /home/airflow/.local/lib/python3.12/site-packages/airflow/example_dags/example_branch_operator.py
[2024-08-24T09:48:40.219+0000] {processor.py:925} INFO - DAG(s) 'example_branch_operator' retrieved from /home/airflow/.local/lib/python3.12/site-packages/airflow/example_dags/example_branch_operator.py
[2024-08-24T09:48:40.264+0000] {logging_mixin.py:190} INFO - [2024-08-24T09:48:40.263+0000] {dag.py:3211} INFO - Sync 1 DAGs
[2024-08-24T09:48:40.298+0000] {logging_mixin.py:190} INFO - [2024-08-24T09:48:40.297+0000] {dag.py:4138} INFO - Setting next_dagrun for example_branch_operator to 2024-08-23 00:00:00+00:00, run_after=2024-08-24 00:00:00+00:00
[2024-08-24T09:48:40.328+0000] {processor.py:208} INFO - Processing /home/airflow/.local/lib/python3.12/site-packages/airflow/example_dags/example_branch_operator.py took 0.141 seconds
[2024-08-24T09:49:10.821+0000] {processor.py:186} INFO - Started process (PID=356) to work on /home/airflow/.local/lib/python3.12/site-packages/airflow/example_dags/example_branch_operator.py
[2024-08-24T09:49:10.822+0000] {processor.py:914} INFO - Processing file /home/airflow/.local/lib/python3.12/site-packages/airflow/example_dags/example_branch_operator.py for tasks to queue
[2024-08-24T09:49:10.824+0000] {logging_mixin.py:190} INFO - [2024-08-24T09:49:10.824+0000] {dagbag.py:587} INFO - Filling up the DagBag from /home/airflow/.local/lib/python3.12/site-packages/airflow/example_dags/example_branch_operator.py
[2024-08-24T09:49:10.842+0000] {processor.py:925} INFO - DAG(s) 'example_branch_operator' retrieved from /home/airflow/.local/lib/python3.12/site-packages/airflow/example_dags/example_branch_operator.py
[2024-08-24T09:49:10.873+0000] {logging_mixin.py:190} INFO - [2024-08-24T09:49:10.873+0000] {dag.py:3211} INFO - Sync 1 DAGs
[2024-08-24T09:49:10.895+0000] {logging_mixin.py:190} INFO - [2024-08-24T09:49:10.895+0000] {dag.py:4138} INFO - Setting next_dagrun for example_branch_operator to 2024-08-23 00:00:00+00:00, run_after=2024-08-24 00:00:00+00:00
[2024-08-24T09:49:10.915+0000] {processor.py:208} INFO - Processing /home/airflow/.local/lib/python3.12/site-packages/airflow/example_dags/example_branch_operator.py took 0.099 seconds
[2024-08-24T09:49:41.400+0000] {processor.py:186} INFO - Started process (PID=419) to work on /home/airflow/.local/lib/python3.12/site-packages/airflow/example_dags/example_branch_operator.py
[2024-08-24T09:49:41.401+0000] {processor.py:914} INFO - Processing file /home/airflow/.local/lib/python3.12/site-packages/airflow/example_dags/example_branch_operator.py for tasks to queue
[2024-08-24T09:49:41.406+0000] {logging_mixin.py:190} INFO - [2024-08-24T09:49:41.406+0000] {dagbag.py:587} INFO - Filling up the DagBag from /home/airflow/.local/lib/python3.12/site-packages/airflow/example_dags/example_branch_operator.py
[2024-08-24T09:49:41.429+0000] {processor.py:925} INFO - DAG(s) 'example_branch_operator' retrieved from /home/airflow/.local/lib/python3.12/site-packages/airflow/example_dags/example_branch_operator.py
[2024-08-24T09:49:41.479+0000] {logging_mixin.py:190} INFO - [2024-08-24T09:49:41.478+0000] {dag.py:3211} INFO - Sync 1 DAGs
[2024-08-24T09:49:41.557+0000] {logging_mixin.py:190} INFO - [2024-08-24T09:49:41.556+0000] {dag.py:4138} INFO - Setting next_dagrun for example_branch_operator to 2024-08-23 00:00:00+00:00, run_after=2024-08-24 00:00:00+00:00
[2024-08-24T09:49:41.609+0000] {processor.py:208} INFO - Processing /home/airflow/.local/lib/python3.12/site-packages/airflow/example_dags/example_branch_operator.py took 0.219 seconds
[2024-08-24T09:50:12.374+0000] {processor.py:186} INFO - Started process (PID=482) to work on /home/airflow/.local/lib/python3.12/site-packages/airflow/example_dags/example_branch_operator.py
[2024-08-24T09:50:12.376+0000] {processor.py:914} INFO - Processing file /home/airflow/.local/lib/python3.12/site-packages/airflow/example_dags/example_branch_operator.py for tasks to queue
[2024-08-24T09:50:12.379+0000] {logging_mixin.py:190} INFO - [2024-08-24T09:50:12.378+0000] {dagbag.py:587} INFO - Filling up the DagBag from /home/airflow/.local/lib/python3.12/site-packages/airflow/example_dags/example_branch_operator.py
[2024-08-24T09:50:12.409+0000] {processor.py:925} INFO - DAG(s) 'example_branch_operator' retrieved from /home/airflow/.local/lib/python3.12/site-packages/airflow/example_dags/example_branch_operator.py
[2024-08-24T09:50:12.454+0000] {logging_mixin.py:190} INFO - [2024-08-24T09:50:12.454+0000] {dag.py:3211} INFO - Sync 1 DAGs
[2024-08-24T09:50:12.494+0000] {logging_mixin.py:190} INFO - [2024-08-24T09:50:12.493+0000] {dag.py:4138} INFO - Setting next_dagrun for example_branch_operator to 2024-08-23 00:00:00+00:00, run_after=2024-08-24 00:00:00+00:00
[2024-08-24T09:50:12.525+0000] {processor.py:208} INFO - Processing /home/airflow/.local/lib/python3.12/site-packages/airflow/example_dags/example_branch_operator.py took 0.158 seconds
[2024-08-24T09:50:42.901+0000] {processor.py:186} INFO - Started process (PID=545) to work on /home/airflow/.local/lib/python3.12/site-packages/airflow/example_dags/example_branch_operator.py
[2024-08-24T09:50:42.902+0000] {processor.py:914} INFO - Processing file /home/airflow/.local/lib/python3.12/site-packages/airflow/example_dags/example_branch_operator.py for tasks to queue
[2024-08-24T09:50:42.904+0000] {logging_mixin.py:190} INFO - [2024-08-24T09:50:42.904+0000] {dagbag.py:587} INFO - Filling up the DagBag from /home/airflow/.local/lib/python3.12/site-packages/airflow/example_dags/example_branch_operator.py
[2024-08-24T09:50:42.927+0000] {processor.py:925} INFO - DAG(s) 'example_branch_operator' retrieved from /home/airflow/.local/lib/python3.12/site-packages/airflow/example_dags/example_branch_operator.py
[2024-08-24T09:50:42.962+0000] {logging_mixin.py:190} INFO - [2024-08-24T09:50:42.962+0000] {dag.py:3211} INFO - Sync 1 DAGs
[2024-08-24T09:50:42.992+0000] {logging_mixin.py:190} INFO - [2024-08-24T09:50:42.992+0000] {dag.py:4138} INFO - Setting next_dagrun for example_branch_operator to 2024-08-23 00:00:00+00:00, run_after=2024-08-24 00:00:00+00:00
[2024-08-24T09:50:43.013+0000] {processor.py:208} INFO - Processing /home/airflow/.local/lib/python3.12/site-packages/airflow/example_dags/example_branch_operator.py took 0.117 seconds
[2024-08-24T09:51:13.184+0000] {processor.py:186} INFO - Started process (PID=608) to work on /home/airflow/.local/lib/python3.12/site-packages/airflow/example_dags/example_branch_operator.py
[2024-08-24T09:51:13.185+0000] {processor.py:914} INFO - Processing file /home/airflow/.local/lib/python3.12/site-packages/airflow/example_dags/example_branch_operator.py for tasks to queue
[2024-08-24T09:51:13.187+0000] {logging_mixin.py:190} INFO - [2024-08-24T09:51:13.186+0000] {dagbag.py:587} INFO - Filling up the DagBag from /home/airflow/.local/lib/python3.12/site-packages/airflow/example_dags/example_branch_operator.py
[2024-08-24T09:51:13.207+0000] {processor.py:925} INFO - DAG(s) 'example_branch_operator' retrieved from /home/airflow/.local/lib/python3.12/site-packages/airflow/example_dags/example_branch_operator.py
[2024-08-24T09:51:13.244+0000] {logging_mixin.py:190} INFO - [2024-08-24T09:51:13.244+0000] {dag.py:3211} INFO - Sync 1 DAGs
[2024-08-24T09:51:13.269+0000] {logging_mixin.py:190} INFO - [2024-08-24T09:51:13.269+0000] {dag.py:4138} INFO - Setting next_dagrun for example_branch_operator to 2024-08-23 00:00:00+00:00, run_after=2024-08-24 00:00:00+00:00
[2024-08-24T09:51:13.295+0000] {processor.py:208} INFO - Processing /home/airflow/.local/lib/python3.12/site-packages/airflow/example_dags/example_branch_operator.py took 0.116 seconds
[2024-08-24T12:31:30.790+0000] {processor.py:186} INFO - Started process (PID=101) to work on /home/airflow/.local/lib/python3.12/site-packages/airflow/example_dags/example_branch_operator.py
[2024-08-24T12:31:30.792+0000] {processor.py:914} INFO - Processing file /home/airflow/.local/lib/python3.12/site-packages/airflow/example_dags/example_branch_operator.py for tasks to queue
[2024-08-24T12:31:30.795+0000] {logging_mixin.py:190} INFO - [2024-08-24T12:31:30.794+0000] {dagbag.py:587} INFO - Filling up the DagBag from /home/airflow/.local/lib/python3.12/site-packages/airflow/example_dags/example_branch_operator.py
[2024-08-24T12:31:30.824+0000] {processor.py:925} INFO - DAG(s) 'example_branch_operator' retrieved from /home/airflow/.local/lib/python3.12/site-packages/airflow/example_dags/example_branch_operator.py
[2024-08-24T12:31:30.999+0000] {logging_mixin.py:190} INFO - [2024-08-24T12:31:30.998+0000] {dag.py:3211} INFO - Sync 1 DAGs
[2024-08-24T12:31:31.027+0000] {logging_mixin.py:190} INFO - [2024-08-24T12:31:31.027+0000] {dag.py:4138} INFO - Setting next_dagrun for example_branch_operator to 2024-08-23 00:00:00+00:00, run_after=2024-08-24 00:00:00+00:00
[2024-08-24T12:31:31.055+0000] {processor.py:208} INFO - Processing /home/airflow/.local/lib/python3.12/site-packages/airflow/example_dags/example_branch_operator.py took 0.272 seconds
[2024-08-24T12:32:01.985+0000] {processor.py:186} INFO - Started process (PID=164) to work on /home/airflow/.local/lib/python3.12/site-packages/airflow/example_dags/example_branch_operator.py
[2024-08-24T12:32:01.986+0000] {processor.py:914} INFO - Processing file /home/airflow/.local/lib/python3.12/site-packages/airflow/example_dags/example_branch_operator.py for tasks to queue
[2024-08-24T12:32:01.988+0000] {logging_mixin.py:190} INFO - [2024-08-24T12:32:01.988+0000] {dagbag.py:587} INFO - Filling up the DagBag from /home/airflow/.local/lib/python3.12/site-packages/airflow/example_dags/example_branch_operator.py
[2024-08-24T12:32:02.002+0000] {processor.py:925} INFO - DAG(s) 'example_branch_operator' retrieved from /home/airflow/.local/lib/python3.12/site-packages/airflow/example_dags/example_branch_operator.py
[2024-08-24T12:32:02.029+0000] {logging_mixin.py:190} INFO - [2024-08-24T12:32:02.029+0000] {dag.py:3211} INFO - Sync 1 DAGs
[2024-08-24T12:32:02.052+0000] {logging_mixin.py:190} INFO - [2024-08-24T12:32:02.052+0000] {dag.py:4138} INFO - Setting next_dagrun for example_branch_operator to 2024-08-23 00:00:00+00:00, run_after=2024-08-24 00:00:00+00:00
[2024-08-24T12:32:02.070+0000] {processor.py:208} INFO - Processing /home/airflow/.local/lib/python3.12/site-packages/airflow/example_dags/example_branch_operator.py took 0.090 seconds
[2024-08-24T12:32:32.315+0000] {processor.py:186} INFO - Started process (PID=227) to work on /home/airflow/.local/lib/python3.12/site-packages/airflow/example_dags/example_branch_operator.py
[2024-08-24T12:32:32.316+0000] {processor.py:914} INFO - Processing file /home/airflow/.local/lib/python3.12/site-packages/airflow/example_dags/example_branch_operator.py for tasks to queue
[2024-08-24T12:32:32.318+0000] {logging_mixin.py:190} INFO - [2024-08-24T12:32:32.318+0000] {dagbag.py:587} INFO - Filling up the DagBag from /home/airflow/.local/lib/python3.12/site-packages/airflow/example_dags/example_branch_operator.py
[2024-08-24T12:32:32.334+0000] {processor.py:925} INFO - DAG(s) 'example_branch_operator' retrieved from /home/airflow/.local/lib/python3.12/site-packages/airflow/example_dags/example_branch_operator.py
[2024-08-24T12:32:32.362+0000] {logging_mixin.py:190} INFO - [2024-08-24T12:32:32.362+0000] {dag.py:3211} INFO - Sync 1 DAGs
[2024-08-24T12:32:32.386+0000] {logging_mixin.py:190} INFO - [2024-08-24T12:32:32.385+0000] {dag.py:4138} INFO - Setting next_dagrun for example_branch_operator to 2024-08-23 00:00:00+00:00, run_after=2024-08-24 00:00:00+00:00
[2024-08-24T12:32:32.404+0000] {processor.py:208} INFO - Processing /home/airflow/.local/lib/python3.12/site-packages/airflow/example_dags/example_branch_operator.py took 0.094 seconds
[2024-08-24T12:33:02.746+0000] {processor.py:186} INFO - Started process (PID=290) to work on /home/airflow/.local/lib/python3.12/site-packages/airflow/example_dags/example_branch_operator.py
[2024-08-24T12:33:02.747+0000] {processor.py:914} INFO - Processing file /home/airflow/.local/lib/python3.12/site-packages/airflow/example_dags/example_branch_operator.py for tasks to queue
[2024-08-24T12:33:02.749+0000] {logging_mixin.py:190} INFO - [2024-08-24T12:33:02.749+0000] {dagbag.py:587} INFO - Filling up the DagBag from /home/airflow/.local/lib/python3.12/site-packages/airflow/example_dags/example_branch_operator.py
[2024-08-24T12:33:02.762+0000] {processor.py:925} INFO - DAG(s) 'example_branch_operator' retrieved from /home/airflow/.local/lib/python3.12/site-packages/airflow/example_dags/example_branch_operator.py
[2024-08-24T12:33:02.794+0000] {logging_mixin.py:190} INFO - [2024-08-24T12:33:02.794+0000] {dag.py:3211} INFO - Sync 1 DAGs
[2024-08-24T12:33:02.812+0000] {logging_mixin.py:190} INFO - [2024-08-24T12:33:02.812+0000] {dag.py:4138} INFO - Setting next_dagrun for example_branch_operator to 2024-08-23 00:00:00+00:00, run_after=2024-08-24 00:00:00+00:00
[2024-08-24T12:33:02.829+0000] {processor.py:208} INFO - Processing /home/airflow/.local/lib/python3.12/site-packages/airflow/example_dags/example_branch_operator.py took 0.088 seconds
[2024-08-24T12:33:33.605+0000] {processor.py:186} INFO - Started process (PID=353) to work on /home/airflow/.local/lib/python3.12/site-packages/airflow/example_dags/example_branch_operator.py
[2024-08-24T12:33:33.606+0000] {processor.py:914} INFO - Processing file /home/airflow/.local/lib/python3.12/site-packages/airflow/example_dags/example_branch_operator.py for tasks to queue
[2024-08-24T12:33:33.608+0000] {logging_mixin.py:190} INFO - [2024-08-24T12:33:33.607+0000] {dagbag.py:587} INFO - Filling up the DagBag from /home/airflow/.local/lib/python3.12/site-packages/airflow/example_dags/example_branch_operator.py
[2024-08-24T12:33:33.623+0000] {processor.py:925} INFO - DAG(s) 'example_branch_operator' retrieved from /home/airflow/.local/lib/python3.12/site-packages/airflow/example_dags/example_branch_operator.py
[2024-08-24T12:33:33.652+0000] {logging_mixin.py:190} INFO - [2024-08-24T12:33:33.652+0000] {dag.py:3211} INFO - Sync 1 DAGs
[2024-08-24T12:33:33.674+0000] {logging_mixin.py:190} INFO - [2024-08-24T12:33:33.674+0000] {dag.py:4138} INFO - Setting next_dagrun for example_branch_operator to 2024-08-23 00:00:00+00:00, run_after=2024-08-24 00:00:00+00:00
[2024-08-24T12:33:33.704+0000] {processor.py:208} INFO - Processing /home/airflow/.local/lib/python3.12/site-packages/airflow/example_dags/example_branch_operator.py took 0.104 seconds
[2024-08-24T12:34:04.595+0000] {processor.py:186} INFO - Started process (PID=416) to work on /home/airflow/.local/lib/python3.12/site-packages/airflow/example_dags/example_branch_operator.py
[2024-08-24T12:34:04.596+0000] {processor.py:914} INFO - Processing file /home/airflow/.local/lib/python3.12/site-packages/airflow/example_dags/example_branch_operator.py for tasks to queue
[2024-08-24T12:34:04.598+0000] {logging_mixin.py:190} INFO - [2024-08-24T12:34:04.598+0000] {dagbag.py:587} INFO - Filling up the DagBag from /home/airflow/.local/lib/python3.12/site-packages/airflow/example_dags/example_branch_operator.py
[2024-08-24T12:34:04.616+0000] {processor.py:925} INFO - DAG(s) 'example_branch_operator' retrieved from /home/airflow/.local/lib/python3.12/site-packages/airflow/example_dags/example_branch_operator.py
[2024-08-24T12:34:04.643+0000] {logging_mixin.py:190} INFO - [2024-08-24T12:34:04.643+0000] {dag.py:3211} INFO - Sync 1 DAGs
[2024-08-24T12:34:04.664+0000] {logging_mixin.py:190} INFO - [2024-08-24T12:34:04.664+0000] {dag.py:4138} INFO - Setting next_dagrun for example_branch_operator to 2024-08-23 00:00:00+00:00, run_after=2024-08-24 00:00:00+00:00
[2024-08-24T12:34:04.685+0000] {processor.py:208} INFO - Processing /home/airflow/.local/lib/python3.12/site-packages/airflow/example_dags/example_branch_operator.py took 0.095 seconds
