[2024-08-24T09:47:12.164+0000] {processor.py:186} INFO - Started process (PID=119) to work on /home/airflow/.local/lib/python3.12/site-packages/airflow/example_dags/example_dataset_alias.py
[2024-08-24T09:47:12.165+0000] {processor.py:914} INFO - Processing file /home/airflow/.local/lib/python3.12/site-packages/airflow/example_dags/example_dataset_alias.py for tasks to queue
[2024-08-24T09:47:12.170+0000] {logging_mixin.py:190} INFO - [2024-08-24T09:47:12.169+0000] {dagbag.py:587} INFO - Filling up the DagBag from /home/airflow/.local/lib/python3.12/site-packages/airflow/example_dags/example_dataset_alias.py
[2024-08-24T09:47:12.426+0000] {processor.py:925} INFO - DAG(s) 'dataset_alias_example_alias_producer', 'dataset_s3_bucket_consumer', 'dataset_alias_example_alias_consumer', 'dataset_s3_bucket_producer' retrieved from /home/airflow/.local/lib/python3.12/site-packages/airflow/example_dags/example_dataset_alias.py
[2024-08-24T09:47:12.568+0000] {logging_mixin.py:190} INFO - [2024-08-24T09:47:12.567+0000] {override.py:1858} INFO - Created Permission View: can delete on DAG:dataset_alias_example_alias_producer
[2024-08-24T09:47:12.580+0000] {logging_mixin.py:190} INFO - [2024-08-24T09:47:12.580+0000] {override.py:1858} INFO - Created Permission View: can edit on DAG:dataset_alias_example_alias_producer
[2024-08-24T09:47:12.589+0000] {logging_mixin.py:190} INFO - [2024-08-24T09:47:12.589+0000] {override.py:1858} INFO - Created Permission View: can read on DAG:dataset_alias_example_alias_producer
[2024-08-24T09:47:12.604+0000] {logging_mixin.py:190} INFO - [2024-08-24T09:47:12.604+0000] {override.py:1858} INFO - Created Permission View: can delete on DAG:dataset_s3_bucket_consumer
[2024-08-24T09:47:12.612+0000] {logging_mixin.py:190} INFO - [2024-08-24T09:47:12.612+0000] {override.py:1858} INFO - Created Permission View: can edit on DAG:dataset_s3_bucket_consumer
[2024-08-24T09:47:12.621+0000] {logging_mixin.py:190} INFO - [2024-08-24T09:47:12.620+0000] {override.py:1858} INFO - Created Permission View: can read on DAG:dataset_s3_bucket_consumer
[2024-08-24T09:47:12.635+0000] {logging_mixin.py:190} INFO - [2024-08-24T09:47:12.634+0000] {override.py:1858} INFO - Created Permission View: can delete on DAG:dataset_alias_example_alias_consumer
[2024-08-24T09:47:12.647+0000] {logging_mixin.py:190} INFO - [2024-08-24T09:47:12.647+0000] {override.py:1858} INFO - Created Permission View: can edit on DAG:dataset_alias_example_alias_consumer
[2024-08-24T09:47:12.656+0000] {logging_mixin.py:190} INFO - [2024-08-24T09:47:12.656+0000] {override.py:1858} INFO - Created Permission View: can read on DAG:dataset_alias_example_alias_consumer
[2024-08-24T09:47:12.672+0000] {logging_mixin.py:190} INFO - [2024-08-24T09:47:12.671+0000] {override.py:1858} INFO - Created Permission View: can delete on DAG:dataset_s3_bucket_producer
[2024-08-24T09:47:12.678+0000] {logging_mixin.py:190} INFO - [2024-08-24T09:47:12.678+0000] {override.py:1858} INFO - Created Permission View: can edit on DAG:dataset_s3_bucket_producer
[2024-08-24T09:47:12.686+0000] {logging_mixin.py:190} INFO - [2024-08-24T09:47:12.685+0000] {override.py:1858} INFO - Created Permission View: can read on DAG:dataset_s3_bucket_producer
[2024-08-24T09:47:12.687+0000] {logging_mixin.py:190} INFO - [2024-08-24T09:47:12.686+0000] {dag.py:3211} INFO - Sync 4 DAGs
[2024-08-24T09:47:12.700+0000] {logging_mixin.py:190} INFO - [2024-08-24T09:47:12.700+0000] {dag.py:3234} INFO - Creating ORM DAG for dataset_alias_example_alias_producer
[2024-08-24T09:47:12.702+0000] {logging_mixin.py:190} INFO - [2024-08-24T09:47:12.701+0000] {dag.py:3234} INFO - Creating ORM DAG for dataset_s3_bucket_consumer
[2024-08-24T09:47:12.702+0000] {logging_mixin.py:190} INFO - [2024-08-24T09:47:12.702+0000] {dag.py:3234} INFO - Creating ORM DAG for dataset_s3_bucket_producer
[2024-08-24T09:47:12.703+0000] {logging_mixin.py:190} INFO - [2024-08-24T09:47:12.703+0000] {dag.py:3234} INFO - Creating ORM DAG for dataset_alias_example_alias_consumer
[2024-08-24T09:47:12.715+0000] {logging_mixin.py:190} INFO - [2024-08-24T09:47:12.715+0000] {dag.py:4138} INFO - Setting next_dagrun for dataset_alias_example_alias_consumer to None, run_after=None
[2024-08-24T09:47:12.717+0000] {logging_mixin.py:190} INFO - [2024-08-24T09:47:12.717+0000] {dag.py:4138} INFO - Setting next_dagrun for dataset_alias_example_alias_producer to None, run_after=None
[2024-08-24T09:47:12.718+0000] {logging_mixin.py:190} INFO - [2024-08-24T09:47:12.718+0000] {dag.py:4138} INFO - Setting next_dagrun for dataset_s3_bucket_consumer to None, run_after=None
[2024-08-24T09:47:12.719+0000] {logging_mixin.py:190} INFO - [2024-08-24T09:47:12.719+0000] {dag.py:4138} INFO - Setting next_dagrun for dataset_s3_bucket_producer to None, run_after=None
[2024-08-24T09:47:12.752+0000] {processor.py:208} INFO - Processing /home/airflow/.local/lib/python3.12/site-packages/airflow/example_dags/example_dataset_alias.py took 0.597 seconds
[2024-08-24T09:47:42.965+0000] {processor.py:186} INFO - Started process (PID=185) to work on /home/airflow/.local/lib/python3.12/site-packages/airflow/example_dags/example_dataset_alias.py
[2024-08-24T09:47:42.967+0000] {processor.py:914} INFO - Processing file /home/airflow/.local/lib/python3.12/site-packages/airflow/example_dags/example_dataset_alias.py for tasks to queue
[2024-08-24T09:47:42.975+0000] {logging_mixin.py:190} INFO - [2024-08-24T09:47:42.974+0000] {dagbag.py:587} INFO - Filling up the DagBag from /home/airflow/.local/lib/python3.12/site-packages/airflow/example_dags/example_dataset_alias.py
[2024-08-24T09:47:43.242+0000] {processor.py:925} INFO - DAG(s) 'dataset_s3_bucket_consumer', 'dataset_alias_example_alias_consumer', 'dataset_s3_bucket_producer', 'dataset_alias_example_alias_producer' retrieved from /home/airflow/.local/lib/python3.12/site-packages/airflow/example_dags/example_dataset_alias.py
[2024-08-24T09:47:43.268+0000] {logging_mixin.py:190} INFO - [2024-08-24T09:47:43.268+0000] {dag.py:3211} INFO - Sync 4 DAGs
[2024-08-24T09:47:43.293+0000] {logging_mixin.py:190} INFO - [2024-08-24T09:47:43.292+0000] {dag.py:4138} INFO - Setting next_dagrun for dataset_alias_example_alias_consumer to None, run_after=None
[2024-08-24T09:47:43.296+0000] {logging_mixin.py:190} INFO - [2024-08-24T09:47:43.296+0000] {dag.py:4138} INFO - Setting next_dagrun for dataset_alias_example_alias_producer to None, run_after=None
[2024-08-24T09:47:43.299+0000] {logging_mixin.py:190} INFO - [2024-08-24T09:47:43.299+0000] {dag.py:4138} INFO - Setting next_dagrun for dataset_s3_bucket_consumer to None, run_after=None
[2024-08-24T09:47:43.302+0000] {logging_mixin.py:190} INFO - [2024-08-24T09:47:43.302+0000] {dag.py:4138} INFO - Setting next_dagrun for dataset_s3_bucket_producer to None, run_after=None
[2024-08-24T09:47:43.337+0000] {processor.py:208} INFO - Processing /home/airflow/.local/lib/python3.12/site-packages/airflow/example_dags/example_dataset_alias.py took 0.388 seconds
[2024-08-24T09:48:13.465+0000] {processor.py:186} INFO - Started process (PID=250) to work on /home/airflow/.local/lib/python3.12/site-packages/airflow/example_dags/example_dataset_alias.py
[2024-08-24T09:48:13.466+0000] {processor.py:914} INFO - Processing file /home/airflow/.local/lib/python3.12/site-packages/airflow/example_dags/example_dataset_alias.py for tasks to queue
[2024-08-24T09:48:13.470+0000] {logging_mixin.py:190} INFO - [2024-08-24T09:48:13.469+0000] {dagbag.py:587} INFO - Filling up the DagBag from /home/airflow/.local/lib/python3.12/site-packages/airflow/example_dags/example_dataset_alias.py
[2024-08-24T09:48:13.706+0000] {processor.py:925} INFO - DAG(s) 'dataset_alias_example_alias_consumer', 'dataset_s3_bucket_consumer', 'dataset_s3_bucket_producer', 'dataset_alias_example_alias_producer' retrieved from /home/airflow/.local/lib/python3.12/site-packages/airflow/example_dags/example_dataset_alias.py
[2024-08-24T09:48:13.742+0000] {logging_mixin.py:190} INFO - [2024-08-24T09:48:13.742+0000] {dag.py:3211} INFO - Sync 4 DAGs
[2024-08-24T09:48:13.774+0000] {logging_mixin.py:190} INFO - [2024-08-24T09:48:13.774+0000] {dag.py:4138} INFO - Setting next_dagrun for dataset_alias_example_alias_consumer to None, run_after=None
[2024-08-24T09:48:13.779+0000] {logging_mixin.py:190} INFO - [2024-08-24T09:48:13.778+0000] {dag.py:4138} INFO - Setting next_dagrun for dataset_alias_example_alias_producer to None, run_after=None
[2024-08-24T09:48:13.781+0000] {logging_mixin.py:190} INFO - [2024-08-24T09:48:13.781+0000] {dag.py:4138} INFO - Setting next_dagrun for dataset_s3_bucket_consumer to None, run_after=None
[2024-08-24T09:48:13.783+0000] {logging_mixin.py:190} INFO - [2024-08-24T09:48:13.783+0000] {dag.py:4138} INFO - Setting next_dagrun for dataset_s3_bucket_producer to None, run_after=None
[2024-08-24T09:48:13.819+0000] {processor.py:208} INFO - Processing /home/airflow/.local/lib/python3.12/site-packages/airflow/example_dags/example_dataset_alias.py took 0.362 seconds
[2024-08-24T09:48:43.937+0000] {processor.py:186} INFO - Started process (PID=313) to work on /home/airflow/.local/lib/python3.12/site-packages/airflow/example_dags/example_dataset_alias.py
[2024-08-24T09:48:43.938+0000] {processor.py:914} INFO - Processing file /home/airflow/.local/lib/python3.12/site-packages/airflow/example_dags/example_dataset_alias.py for tasks to queue
[2024-08-24T09:48:43.941+0000] {logging_mixin.py:190} INFO - [2024-08-24T09:48:43.941+0000] {dagbag.py:587} INFO - Filling up the DagBag from /home/airflow/.local/lib/python3.12/site-packages/airflow/example_dags/example_dataset_alias.py
[2024-08-24T09:48:44.131+0000] {processor.py:925} INFO - DAG(s) 'dataset_alias_example_alias_consumer', 'dataset_s3_bucket_producer', 'dataset_s3_bucket_consumer', 'dataset_alias_example_alias_producer' retrieved from /home/airflow/.local/lib/python3.12/site-packages/airflow/example_dags/example_dataset_alias.py
[2024-08-24T09:48:44.159+0000] {logging_mixin.py:190} INFO - [2024-08-24T09:48:44.159+0000] {dag.py:3211} INFO - Sync 4 DAGs
[2024-08-24T09:48:44.182+0000] {logging_mixin.py:190} INFO - [2024-08-24T09:48:44.182+0000] {dag.py:4138} INFO - Setting next_dagrun for dataset_alias_example_alias_consumer to None, run_after=None
[2024-08-24T09:48:44.185+0000] {logging_mixin.py:190} INFO - [2024-08-24T09:48:44.185+0000] {dag.py:4138} INFO - Setting next_dagrun for dataset_alias_example_alias_producer to None, run_after=None
[2024-08-24T09:48:44.188+0000] {logging_mixin.py:190} INFO - [2024-08-24T09:48:44.188+0000] {dag.py:4138} INFO - Setting next_dagrun for dataset_s3_bucket_consumer to None, run_after=None
[2024-08-24T09:48:44.190+0000] {logging_mixin.py:190} INFO - [2024-08-24T09:48:44.190+0000] {dag.py:4138} INFO - Setting next_dagrun for dataset_s3_bucket_producer to None, run_after=None
[2024-08-24T09:48:44.217+0000] {processor.py:208} INFO - Processing /home/airflow/.local/lib/python3.12/site-packages/airflow/example_dags/example_dataset_alias.py took 0.295 seconds
[2024-08-24T09:49:14.505+0000] {processor.py:186} INFO - Started process (PID=376) to work on /home/airflow/.local/lib/python3.12/site-packages/airflow/example_dags/example_dataset_alias.py
[2024-08-24T09:49:14.506+0000] {processor.py:914} INFO - Processing file /home/airflow/.local/lib/python3.12/site-packages/airflow/example_dags/example_dataset_alias.py for tasks to queue
[2024-08-24T09:49:14.509+0000] {logging_mixin.py:190} INFO - [2024-08-24T09:49:14.509+0000] {dagbag.py:587} INFO - Filling up the DagBag from /home/airflow/.local/lib/python3.12/site-packages/airflow/example_dags/example_dataset_alias.py
[2024-08-24T09:49:14.692+0000] {processor.py:925} INFO - DAG(s) 'dataset_s3_bucket_consumer', 'dataset_alias_example_alias_producer', 'dataset_alias_example_alias_consumer', 'dataset_s3_bucket_producer' retrieved from /home/airflow/.local/lib/python3.12/site-packages/airflow/example_dags/example_dataset_alias.py
[2024-08-24T09:49:14.721+0000] {logging_mixin.py:190} INFO - [2024-08-24T09:49:14.721+0000] {dag.py:3211} INFO - Sync 4 DAGs
[2024-08-24T09:49:14.747+0000] {logging_mixin.py:190} INFO - [2024-08-24T09:49:14.746+0000] {dag.py:4138} INFO - Setting next_dagrun for dataset_alias_example_alias_consumer to None, run_after=None
[2024-08-24T09:49:14.750+0000] {logging_mixin.py:190} INFO - [2024-08-24T09:49:14.749+0000] {dag.py:4138} INFO - Setting next_dagrun for dataset_alias_example_alias_producer to None, run_after=None
[2024-08-24T09:49:14.752+0000] {logging_mixin.py:190} INFO - [2024-08-24T09:49:14.752+0000] {dag.py:4138} INFO - Setting next_dagrun for dataset_s3_bucket_consumer to None, run_after=None
[2024-08-24T09:49:14.754+0000] {logging_mixin.py:190} INFO - [2024-08-24T09:49:14.754+0000] {dag.py:4138} INFO - Setting next_dagrun for dataset_s3_bucket_producer to None, run_after=None
[2024-08-24T09:49:14.779+0000] {processor.py:208} INFO - Processing /home/airflow/.local/lib/python3.12/site-packages/airflow/example_dags/example_dataset_alias.py took 0.284 seconds
[2024-08-24T09:49:44.976+0000] {processor.py:186} INFO - Started process (PID=436) to work on /home/airflow/.local/lib/python3.12/site-packages/airflow/example_dags/example_dataset_alias.py
[2024-08-24T09:49:44.977+0000] {processor.py:914} INFO - Processing file /home/airflow/.local/lib/python3.12/site-packages/airflow/example_dags/example_dataset_alias.py for tasks to queue
[2024-08-24T09:49:44.980+0000] {logging_mixin.py:190} INFO - [2024-08-24T09:49:44.979+0000] {dagbag.py:587} INFO - Filling up the DagBag from /home/airflow/.local/lib/python3.12/site-packages/airflow/example_dags/example_dataset_alias.py
[2024-08-24T09:49:45.183+0000] {processor.py:925} INFO - DAG(s) 'dataset_s3_bucket_producer', 'dataset_s3_bucket_consumer', 'dataset_alias_example_alias_producer', 'dataset_alias_example_alias_consumer' retrieved from /home/airflow/.local/lib/python3.12/site-packages/airflow/example_dags/example_dataset_alias.py
[2024-08-24T09:49:45.208+0000] {logging_mixin.py:190} INFO - [2024-08-24T09:49:45.208+0000] {dag.py:3211} INFO - Sync 4 DAGs
[2024-08-24T09:49:45.231+0000] {logging_mixin.py:190} INFO - [2024-08-24T09:49:45.231+0000] {dag.py:4138} INFO - Setting next_dagrun for dataset_alias_example_alias_consumer to None, run_after=None
[2024-08-24T09:49:45.234+0000] {logging_mixin.py:190} INFO - [2024-08-24T09:49:45.234+0000] {dag.py:4138} INFO - Setting next_dagrun for dataset_alias_example_alias_producer to None, run_after=None
[2024-08-24T09:49:45.237+0000] {logging_mixin.py:190} INFO - [2024-08-24T09:49:45.237+0000] {dag.py:4138} INFO - Setting next_dagrun for dataset_s3_bucket_consumer to None, run_after=None
[2024-08-24T09:49:45.239+0000] {logging_mixin.py:190} INFO - [2024-08-24T09:49:45.239+0000] {dag.py:4138} INFO - Setting next_dagrun for dataset_s3_bucket_producer to None, run_after=None
[2024-08-24T09:49:45.265+0000] {processor.py:208} INFO - Processing /home/airflow/.local/lib/python3.12/site-packages/airflow/example_dags/example_dataset_alias.py took 0.298 seconds
[2024-08-24T09:50:15.540+0000] {processor.py:186} INFO - Started process (PID=496) to work on /home/airflow/.local/lib/python3.12/site-packages/airflow/example_dags/example_dataset_alias.py
[2024-08-24T09:50:15.541+0000] {processor.py:914} INFO - Processing file /home/airflow/.local/lib/python3.12/site-packages/airflow/example_dags/example_dataset_alias.py for tasks to queue
[2024-08-24T09:50:15.544+0000] {logging_mixin.py:190} INFO - [2024-08-24T09:50:15.543+0000] {dagbag.py:587} INFO - Filling up the DagBag from /home/airflow/.local/lib/python3.12/site-packages/airflow/example_dags/example_dataset_alias.py
[2024-08-24T09:50:15.757+0000] {processor.py:925} INFO - DAG(s) 'dataset_alias_example_alias_consumer', 'dataset_s3_bucket_producer', 'dataset_s3_bucket_consumer', 'dataset_alias_example_alias_producer' retrieved from /home/airflow/.local/lib/python3.12/site-packages/airflow/example_dags/example_dataset_alias.py
[2024-08-24T09:50:15.789+0000] {logging_mixin.py:190} INFO - [2024-08-24T09:50:15.789+0000] {dag.py:3211} INFO - Sync 4 DAGs
[2024-08-24T09:50:15.817+0000] {logging_mixin.py:190} INFO - [2024-08-24T09:50:15.817+0000] {dag.py:4138} INFO - Setting next_dagrun for dataset_alias_example_alias_consumer to None, run_after=None
[2024-08-24T09:50:15.821+0000] {logging_mixin.py:190} INFO - [2024-08-24T09:50:15.821+0000] {dag.py:4138} INFO - Setting next_dagrun for dataset_alias_example_alias_producer to None, run_after=None
[2024-08-24T09:50:15.824+0000] {logging_mixin.py:190} INFO - [2024-08-24T09:50:15.823+0000] {dag.py:4138} INFO - Setting next_dagrun for dataset_s3_bucket_consumer to None, run_after=None
[2024-08-24T09:50:15.826+0000] {logging_mixin.py:190} INFO - [2024-08-24T09:50:15.825+0000] {dag.py:4138} INFO - Setting next_dagrun for dataset_s3_bucket_producer to None, run_after=None
[2024-08-24T09:50:15.861+0000] {processor.py:208} INFO - Processing /home/airflow/.local/lib/python3.12/site-packages/airflow/example_dags/example_dataset_alias.py took 0.329 seconds
[2024-08-24T09:50:46.536+0000] {processor.py:186} INFO - Started process (PID=559) to work on /home/airflow/.local/lib/python3.12/site-packages/airflow/example_dags/example_dataset_alias.py
[2024-08-24T09:50:46.538+0000] {processor.py:914} INFO - Processing file /home/airflow/.local/lib/python3.12/site-packages/airflow/example_dags/example_dataset_alias.py for tasks to queue
[2024-08-24T09:50:46.541+0000] {logging_mixin.py:190} INFO - [2024-08-24T09:50:46.541+0000] {dagbag.py:587} INFO - Filling up the DagBag from /home/airflow/.local/lib/python3.12/site-packages/airflow/example_dags/example_dataset_alias.py
[2024-08-24T09:50:46.863+0000] {processor.py:925} INFO - DAG(s) 'dataset_s3_bucket_producer', 'dataset_s3_bucket_consumer', 'dataset_alias_example_alias_producer', 'dataset_alias_example_alias_consumer' retrieved from /home/airflow/.local/lib/python3.12/site-packages/airflow/example_dags/example_dataset_alias.py
[2024-08-24T09:50:46.910+0000] {logging_mixin.py:190} INFO - [2024-08-24T09:50:46.910+0000] {dag.py:3211} INFO - Sync 4 DAGs
[2024-08-24T09:50:46.959+0000] {logging_mixin.py:190} INFO - [2024-08-24T09:50:46.959+0000] {dag.py:4138} INFO - Setting next_dagrun for dataset_alias_example_alias_consumer to None, run_after=None
[2024-08-24T09:50:46.964+0000] {logging_mixin.py:190} INFO - [2024-08-24T09:50:46.963+0000] {dag.py:4138} INFO - Setting next_dagrun for dataset_alias_example_alias_producer to None, run_after=None
[2024-08-24T09:50:46.966+0000] {logging_mixin.py:190} INFO - [2024-08-24T09:50:46.966+0000] {dag.py:4138} INFO - Setting next_dagrun for dataset_s3_bucket_consumer to None, run_after=None
[2024-08-24T09:50:46.968+0000] {logging_mixin.py:190} INFO - [2024-08-24T09:50:46.968+0000] {dag.py:4138} INFO - Setting next_dagrun for dataset_s3_bucket_producer to None, run_after=None
[2024-08-24T09:50:46.998+0000] {processor.py:208} INFO - Processing /home/airflow/.local/lib/python3.12/site-packages/airflow/example_dags/example_dataset_alias.py took 0.472 seconds
[2024-08-24T09:51:18.453+0000] {processor.py:186} INFO - Started process (PID=623) to work on /home/airflow/.local/lib/python3.12/site-packages/airflow/example_dags/example_dataset_alias.py
[2024-08-24T09:51:18.456+0000] {processor.py:914} INFO - Processing file /home/airflow/.local/lib/python3.12/site-packages/airflow/example_dags/example_dataset_alias.py for tasks to queue
[2024-08-24T09:51:18.459+0000] {logging_mixin.py:190} INFO - [2024-08-24T09:51:18.459+0000] {dagbag.py:587} INFO - Filling up the DagBag from /home/airflow/.local/lib/python3.12/site-packages/airflow/example_dags/example_dataset_alias.py
[2024-08-24T09:51:18.680+0000] {processor.py:925} INFO - DAG(s) 'dataset_s3_bucket_producer', 'dataset_s3_bucket_consumer', 'dataset_alias_example_alias_producer', 'dataset_alias_example_alias_consumer' retrieved from /home/airflow/.local/lib/python3.12/site-packages/airflow/example_dags/example_dataset_alias.py
[2024-08-24T09:51:18.707+0000] {logging_mixin.py:190} INFO - [2024-08-24T09:51:18.707+0000] {dag.py:3211} INFO - Sync 4 DAGs
[2024-08-24T09:51:18.736+0000] {logging_mixin.py:190} INFO - [2024-08-24T09:51:18.736+0000] {dag.py:4138} INFO - Setting next_dagrun for dataset_alias_example_alias_consumer to None, run_after=None
[2024-08-24T09:51:18.740+0000] {logging_mixin.py:190} INFO - [2024-08-24T09:51:18.739+0000] {dag.py:4138} INFO - Setting next_dagrun for dataset_alias_example_alias_producer to None, run_after=None
[2024-08-24T09:51:18.741+0000] {logging_mixin.py:190} INFO - [2024-08-24T09:51:18.741+0000] {dag.py:4138} INFO - Setting next_dagrun for dataset_s3_bucket_consumer to None, run_after=None
[2024-08-24T09:51:18.743+0000] {logging_mixin.py:190} INFO - [2024-08-24T09:51:18.743+0000] {dag.py:4138} INFO - Setting next_dagrun for dataset_s3_bucket_producer to None, run_after=None
[2024-08-24T09:51:18.781+0000] {processor.py:208} INFO - Processing /home/airflow/.local/lib/python3.12/site-packages/airflow/example_dags/example_dataset_alias.py took 0.334 seconds
[2024-08-24T12:31:32.569+0000] {processor.py:186} INFO - Started process (PID=116) to work on /home/airflow/.local/lib/python3.12/site-packages/airflow/example_dags/example_dataset_alias.py
[2024-08-24T12:31:32.570+0000] {processor.py:914} INFO - Processing file /home/airflow/.local/lib/python3.12/site-packages/airflow/example_dags/example_dataset_alias.py for tasks to queue
[2024-08-24T12:31:32.573+0000] {logging_mixin.py:190} INFO - [2024-08-24T12:31:32.572+0000] {dagbag.py:587} INFO - Filling up the DagBag from /home/airflow/.local/lib/python3.12/site-packages/airflow/example_dags/example_dataset_alias.py
[2024-08-24T12:31:32.773+0000] {processor.py:925} INFO - DAG(s) 'dataset_s3_bucket_consumer', 'dataset_alias_example_alias_consumer', 'dataset_s3_bucket_producer', 'dataset_alias_example_alias_producer' retrieved from /home/airflow/.local/lib/python3.12/site-packages/airflow/example_dags/example_dataset_alias.py
[2024-08-24T12:31:32.804+0000] {logging_mixin.py:190} INFO - [2024-08-24T12:31:32.804+0000] {dag.py:3211} INFO - Sync 4 DAGs
[2024-08-24T12:31:32.834+0000] {logging_mixin.py:190} INFO - [2024-08-24T12:31:32.833+0000] {dag.py:4138} INFO - Setting next_dagrun for dataset_alias_example_alias_consumer to None, run_after=None
[2024-08-24T12:31:32.839+0000] {logging_mixin.py:190} INFO - [2024-08-24T12:31:32.838+0000] {dag.py:4138} INFO - Setting next_dagrun for dataset_alias_example_alias_producer to None, run_after=None
[2024-08-24T12:31:32.840+0000] {logging_mixin.py:190} INFO - [2024-08-24T12:31:32.840+0000] {dag.py:4138} INFO - Setting next_dagrun for dataset_s3_bucket_consumer to None, run_after=None
[2024-08-24T12:31:32.843+0000] {logging_mixin.py:190} INFO - [2024-08-24T12:31:32.842+0000] {dag.py:4138} INFO - Setting next_dagrun for dataset_s3_bucket_producer to None, run_after=None
[2024-08-24T12:31:32.870+0000] {processor.py:208} INFO - Processing /home/airflow/.local/lib/python3.12/site-packages/airflow/example_dags/example_dataset_alias.py took 0.309 seconds
[2024-08-24T12:32:03.987+0000] {processor.py:186} INFO - Started process (PID=179) to work on /home/airflow/.local/lib/python3.12/site-packages/airflow/example_dags/example_dataset_alias.py
[2024-08-24T12:32:03.988+0000] {processor.py:914} INFO - Processing file /home/airflow/.local/lib/python3.12/site-packages/airflow/example_dags/example_dataset_alias.py for tasks to queue
[2024-08-24T12:32:03.992+0000] {logging_mixin.py:190} INFO - [2024-08-24T12:32:03.991+0000] {dagbag.py:587} INFO - Filling up the DagBag from /home/airflow/.local/lib/python3.12/site-packages/airflow/example_dags/example_dataset_alias.py
[2024-08-24T12:32:04.275+0000] {processor.py:925} INFO - DAG(s) 'dataset_alias_example_alias_consumer', 'dataset_s3_bucket_producer', 'dataset_s3_bucket_consumer', 'dataset_alias_example_alias_producer' retrieved from /home/airflow/.local/lib/python3.12/site-packages/airflow/example_dags/example_dataset_alias.py
[2024-08-24T12:32:04.324+0000] {logging_mixin.py:190} INFO - [2024-08-24T12:32:04.324+0000] {dag.py:3211} INFO - Sync 4 DAGs
[2024-08-24T12:32:04.354+0000] {logging_mixin.py:190} INFO - [2024-08-24T12:32:04.354+0000] {dag.py:4138} INFO - Setting next_dagrun for dataset_alias_example_alias_consumer to None, run_after=None
[2024-08-24T12:32:04.357+0000] {logging_mixin.py:190} INFO - [2024-08-24T12:32:04.357+0000] {dag.py:4138} INFO - Setting next_dagrun for dataset_alias_example_alias_producer to None, run_after=None
[2024-08-24T12:32:04.359+0000] {logging_mixin.py:190} INFO - [2024-08-24T12:32:04.359+0000] {dag.py:4138} INFO - Setting next_dagrun for dataset_s3_bucket_consumer to None, run_after=None
[2024-08-24T12:32:04.361+0000] {logging_mixin.py:190} INFO - [2024-08-24T12:32:04.360+0000] {dag.py:4138} INFO - Setting next_dagrun for dataset_s3_bucket_producer to None, run_after=None
[2024-08-24T12:32:04.395+0000] {processor.py:208} INFO - Processing /home/airflow/.local/lib/python3.12/site-packages/airflow/example_dags/example_dataset_alias.py took 0.418 seconds
[2024-08-24T12:32:34.470+0000] {processor.py:186} INFO - Started process (PID=242) to work on /home/airflow/.local/lib/python3.12/site-packages/airflow/example_dags/example_dataset_alias.py
[2024-08-24T12:32:34.471+0000] {processor.py:914} INFO - Processing file /home/airflow/.local/lib/python3.12/site-packages/airflow/example_dags/example_dataset_alias.py for tasks to queue
[2024-08-24T12:32:34.473+0000] {logging_mixin.py:190} INFO - [2024-08-24T12:32:34.473+0000] {dagbag.py:587} INFO - Filling up the DagBag from /home/airflow/.local/lib/python3.12/site-packages/airflow/example_dags/example_dataset_alias.py
[2024-08-24T12:32:34.626+0000] {processor.py:925} INFO - DAG(s) 'dataset_s3_bucket_consumer', 'dataset_alias_example_alias_producer', 'dataset_s3_bucket_producer', 'dataset_alias_example_alias_consumer' retrieved from /home/airflow/.local/lib/python3.12/site-packages/airflow/example_dags/example_dataset_alias.py
[2024-08-24T12:32:34.650+0000] {logging_mixin.py:190} INFO - [2024-08-24T12:32:34.650+0000] {dag.py:3211} INFO - Sync 4 DAGs
[2024-08-24T12:32:34.677+0000] {logging_mixin.py:190} INFO - [2024-08-24T12:32:34.677+0000] {dag.py:4138} INFO - Setting next_dagrun for dataset_alias_example_alias_consumer to None, run_after=None
[2024-08-24T12:32:34.681+0000] {logging_mixin.py:190} INFO - [2024-08-24T12:32:34.681+0000] {dag.py:4138} INFO - Setting next_dagrun for dataset_alias_example_alias_producer to None, run_after=None
[2024-08-24T12:32:34.683+0000] {logging_mixin.py:190} INFO - [2024-08-24T12:32:34.683+0000] {dag.py:4138} INFO - Setting next_dagrun for dataset_s3_bucket_consumer to None, run_after=None
[2024-08-24T12:32:34.685+0000] {logging_mixin.py:190} INFO - [2024-08-24T12:32:34.684+0000] {dag.py:4138} INFO - Setting next_dagrun for dataset_s3_bucket_producer to None, run_after=None
[2024-08-24T12:32:34.709+0000] {processor.py:208} INFO - Processing /home/airflow/.local/lib/python3.12/site-packages/airflow/example_dags/example_dataset_alias.py took 0.244 seconds
[2024-08-24T12:33:04.941+0000] {processor.py:186} INFO - Started process (PID=307) to work on /home/airflow/.local/lib/python3.12/site-packages/airflow/example_dags/example_dataset_alias.py
[2024-08-24T12:33:04.943+0000] {processor.py:914} INFO - Processing file /home/airflow/.local/lib/python3.12/site-packages/airflow/example_dags/example_dataset_alias.py for tasks to queue
[2024-08-24T12:33:04.945+0000] {logging_mixin.py:190} INFO - [2024-08-24T12:33:04.945+0000] {dagbag.py:587} INFO - Filling up the DagBag from /home/airflow/.local/lib/python3.12/site-packages/airflow/example_dags/example_dataset_alias.py
[2024-08-24T12:33:05.077+0000] {processor.py:925} INFO - DAG(s) 'dataset_alias_example_alias_consumer', 'dataset_s3_bucket_consumer', 'dataset_s3_bucket_producer', 'dataset_alias_example_alias_producer' retrieved from /home/airflow/.local/lib/python3.12/site-packages/airflow/example_dags/example_dataset_alias.py
[2024-08-24T12:33:05.102+0000] {logging_mixin.py:190} INFO - [2024-08-24T12:33:05.102+0000] {dag.py:3211} INFO - Sync 4 DAGs
[2024-08-24T12:33:05.122+0000] {logging_mixin.py:190} INFO - [2024-08-24T12:33:05.122+0000] {dag.py:4138} INFO - Setting next_dagrun for dataset_alias_example_alias_consumer to None, run_after=None
[2024-08-24T12:33:05.125+0000] {logging_mixin.py:190} INFO - [2024-08-24T12:33:05.125+0000] {dag.py:4138} INFO - Setting next_dagrun for dataset_alias_example_alias_producer to None, run_after=None
[2024-08-24T12:33:05.127+0000] {logging_mixin.py:190} INFO - [2024-08-24T12:33:05.127+0000] {dag.py:4138} INFO - Setting next_dagrun for dataset_s3_bucket_consumer to None, run_after=None
[2024-08-24T12:33:05.129+0000] {logging_mixin.py:190} INFO - [2024-08-24T12:33:05.129+0000] {dag.py:4138} INFO - Setting next_dagrun for dataset_s3_bucket_producer to None, run_after=None
[2024-08-24T12:33:05.148+0000] {processor.py:208} INFO - Processing /home/airflow/.local/lib/python3.12/site-packages/airflow/example_dags/example_dataset_alias.py took 0.212 seconds
[2024-08-24T12:33:35.780+0000] {processor.py:186} INFO - Started process (PID=372) to work on /home/airflow/.local/lib/python3.12/site-packages/airflow/example_dags/example_dataset_alias.py
[2024-08-24T12:33:35.782+0000] {processor.py:914} INFO - Processing file /home/airflow/.local/lib/python3.12/site-packages/airflow/example_dags/example_dataset_alias.py for tasks to queue
[2024-08-24T12:33:35.785+0000] {logging_mixin.py:190} INFO - [2024-08-24T12:33:35.785+0000] {dagbag.py:587} INFO - Filling up the DagBag from /home/airflow/.local/lib/python3.12/site-packages/airflow/example_dags/example_dataset_alias.py
[2024-08-24T12:33:35.911+0000] {processor.py:925} INFO - DAG(s) 'dataset_s3_bucket_producer', 'dataset_alias_example_alias_consumer', 'dataset_s3_bucket_consumer', 'dataset_alias_example_alias_producer' retrieved from /home/airflow/.local/lib/python3.12/site-packages/airflow/example_dags/example_dataset_alias.py
[2024-08-24T12:33:35.932+0000] {logging_mixin.py:190} INFO - [2024-08-24T12:33:35.931+0000] {dag.py:3211} INFO - Sync 4 DAGs
[2024-08-24T12:33:35.950+0000] {logging_mixin.py:190} INFO - [2024-08-24T12:33:35.950+0000] {dag.py:4138} INFO - Setting next_dagrun for dataset_alias_example_alias_consumer to None, run_after=None
[2024-08-24T12:33:35.953+0000] {logging_mixin.py:190} INFO - [2024-08-24T12:33:35.953+0000] {dag.py:4138} INFO - Setting next_dagrun for dataset_alias_example_alias_producer to None, run_after=None
[2024-08-24T12:33:35.955+0000] {logging_mixin.py:190} INFO - [2024-08-24T12:33:35.954+0000] {dag.py:4138} INFO - Setting next_dagrun for dataset_s3_bucket_consumer to None, run_after=None
[2024-08-24T12:33:35.956+0000] {logging_mixin.py:190} INFO - [2024-08-24T12:33:35.956+0000] {dag.py:4138} INFO - Setting next_dagrun for dataset_s3_bucket_producer to None, run_after=None
[2024-08-24T12:33:35.976+0000] {processor.py:208} INFO - Processing /home/airflow/.local/lib/python3.12/site-packages/airflow/example_dags/example_dataset_alias.py took 0.201 seconds
[2024-08-24T12:34:06.667+0000] {processor.py:186} INFO - Started process (PID=431) to work on /home/airflow/.local/lib/python3.12/site-packages/airflow/example_dags/example_dataset_alias.py
[2024-08-24T12:34:06.668+0000] {processor.py:914} INFO - Processing file /home/airflow/.local/lib/python3.12/site-packages/airflow/example_dags/example_dataset_alias.py for tasks to queue
[2024-08-24T12:34:06.671+0000] {logging_mixin.py:190} INFO - [2024-08-24T12:34:06.671+0000] {dagbag.py:587} INFO - Filling up the DagBag from /home/airflow/.local/lib/python3.12/site-packages/airflow/example_dags/example_dataset_alias.py
[2024-08-24T12:34:06.891+0000] {processor.py:925} INFO - DAG(s) 'dataset_alias_example_alias_producer', 'dataset_s3_bucket_producer', 'dataset_s3_bucket_consumer', 'dataset_alias_example_alias_consumer' retrieved from /home/airflow/.local/lib/python3.12/site-packages/airflow/example_dags/example_dataset_alias.py
[2024-08-24T12:34:06.910+0000] {logging_mixin.py:190} INFO - [2024-08-24T12:34:06.910+0000] {dag.py:3211} INFO - Sync 4 DAGs
[2024-08-24T12:34:06.930+0000] {logging_mixin.py:190} INFO - [2024-08-24T12:34:06.930+0000] {dag.py:4138} INFO - Setting next_dagrun for dataset_alias_example_alias_consumer to None, run_after=None
[2024-08-24T12:34:06.933+0000] {logging_mixin.py:190} INFO - [2024-08-24T12:34:06.933+0000] {dag.py:4138} INFO - Setting next_dagrun for dataset_alias_example_alias_producer to None, run_after=None
[2024-08-24T12:34:06.935+0000] {logging_mixin.py:190} INFO - [2024-08-24T12:34:06.934+0000] {dag.py:4138} INFO - Setting next_dagrun for dataset_s3_bucket_consumer to None, run_after=None
[2024-08-24T12:34:06.936+0000] {logging_mixin.py:190} INFO - [2024-08-24T12:34:06.936+0000] {dag.py:4138} INFO - Setting next_dagrun for dataset_s3_bucket_producer to None, run_after=None
[2024-08-24T12:34:06.957+0000] {processor.py:208} INFO - Processing /home/airflow/.local/lib/python3.12/site-packages/airflow/example_dags/example_dataset_alias.py took 0.298 seconds
