[2024-08-24T09:47:10.445+0000] {processor.py:186} INFO - Started process (PID=113) to work on /home/airflow/.local/lib/python3.12/site-packages/airflow/example_dags/example_dag_decorator.py
[2024-08-24T09:47:10.446+0000] {processor.py:914} INFO - Processing file /home/airflow/.local/lib/python3.12/site-packages/airflow/example_dags/example_dag_decorator.py for tasks to queue
[2024-08-24T09:47:10.450+0000] {logging_mixin.py:190} INFO - [2024-08-24T09:47:10.449+0000] {dagbag.py:587} INFO - Filling up the DagBag from /home/airflow/.local/lib/python3.12/site-packages/airflow/example_dags/example_dag_decorator.py
[2024-08-24T09:47:10.468+0000] {processor.py:925} INFO - DAG(s) 'example_dag_decorator' retrieved from /home/airflow/.local/lib/python3.12/site-packages/airflow/example_dags/example_dag_decorator.py
[2024-08-24T09:47:10.631+0000] {logging_mixin.py:190} INFO - [2024-08-24T09:47:10.630+0000] {override.py:1858} INFO - Created Permission View: can delete on DAG:example_dag_decorator
[2024-08-24T09:47:10.646+0000] {logging_mixin.py:190} INFO - [2024-08-24T09:47:10.646+0000] {override.py:1858} INFO - Created Permission View: can edit on DAG:example_dag_decorator
[2024-08-24T09:47:10.657+0000] {logging_mixin.py:190} INFO - [2024-08-24T09:47:10.656+0000] {override.py:1858} INFO - Created Permission View: can read on DAG:example_dag_decorator
[2024-08-24T09:47:10.658+0000] {logging_mixin.py:190} INFO - [2024-08-24T09:47:10.658+0000] {dag.py:3211} INFO - Sync 1 DAGs
[2024-08-24T09:47:10.681+0000] {logging_mixin.py:190} INFO - [2024-08-24T09:47:10.681+0000] {dag.py:3234} INFO - Creating ORM DAG for example_dag_decorator
[2024-08-24T09:47:10.683+0000] {logging_mixin.py:190} INFO - [2024-08-24T09:47:10.683+0000] {dag.py:4138} INFO - Setting next_dagrun for example_dag_decorator to None, run_after=None
[2024-08-24T09:47:10.710+0000] {processor.py:208} INFO - Processing /home/airflow/.local/lib/python3.12/site-packages/airflow/example_dags/example_dag_decorator.py took 0.272 seconds
[2024-08-24T09:47:41.186+0000] {processor.py:186} INFO - Started process (PID=176) to work on /home/airflow/.local/lib/python3.12/site-packages/airflow/example_dags/example_dag_decorator.py
[2024-08-24T09:47:41.187+0000] {processor.py:914} INFO - Processing file /home/airflow/.local/lib/python3.12/site-packages/airflow/example_dags/example_dag_decorator.py for tasks to queue
[2024-08-24T09:47:41.189+0000] {logging_mixin.py:190} INFO - [2024-08-24T09:47:41.189+0000] {dagbag.py:587} INFO - Filling up the DagBag from /home/airflow/.local/lib/python3.12/site-packages/airflow/example_dags/example_dag_decorator.py
[2024-08-24T09:47:41.199+0000] {processor.py:925} INFO - DAG(s) 'example_dag_decorator' retrieved from /home/airflow/.local/lib/python3.12/site-packages/airflow/example_dags/example_dag_decorator.py
[2024-08-24T09:47:41.316+0000] {logging_mixin.py:190} INFO - [2024-08-24T09:47:41.315+0000] {dag.py:3211} INFO - Sync 1 DAGs
[2024-08-24T09:47:41.331+0000] {logging_mixin.py:190} INFO - [2024-08-24T09:47:41.331+0000] {dag.py:4138} INFO - Setting next_dagrun for example_dag_decorator to None, run_after=None
[2024-08-24T09:47:41.353+0000] {processor.py:208} INFO - Processing /home/airflow/.local/lib/python3.12/site-packages/airflow/example_dags/example_dag_decorator.py took 0.173 seconds
[2024-08-24T09:48:12.274+0000] {processor.py:186} INFO - Started process (PID=239) to work on /home/airflow/.local/lib/python3.12/site-packages/airflow/example_dags/example_dag_decorator.py
[2024-08-24T09:48:12.276+0000] {processor.py:914} INFO - Processing file /home/airflow/.local/lib/python3.12/site-packages/airflow/example_dags/example_dag_decorator.py for tasks to queue
[2024-08-24T09:48:12.280+0000] {logging_mixin.py:190} INFO - [2024-08-24T09:48:12.280+0000] {dagbag.py:587} INFO - Filling up the DagBag from /home/airflow/.local/lib/python3.12/site-packages/airflow/example_dags/example_dag_decorator.py
[2024-08-24T09:48:12.307+0000] {processor.py:925} INFO - DAG(s) 'example_dag_decorator' retrieved from /home/airflow/.local/lib/python3.12/site-packages/airflow/example_dags/example_dag_decorator.py
[2024-08-24T09:48:12.487+0000] {logging_mixin.py:190} INFO - [2024-08-24T09:48:12.487+0000] {dag.py:3211} INFO - Sync 1 DAGs
[2024-08-24T09:48:12.505+0000] {logging_mixin.py:190} INFO - [2024-08-24T09:48:12.505+0000] {dag.py:4138} INFO - Setting next_dagrun for example_dag_decorator to None, run_after=None
[2024-08-24T09:48:12.532+0000] {processor.py:208} INFO - Processing /home/airflow/.local/lib/python3.12/site-packages/airflow/example_dags/example_dag_decorator.py took 0.270 seconds
[2024-08-24T09:48:43.101+0000] {processor.py:186} INFO - Started process (PID=302) to work on /home/airflow/.local/lib/python3.12/site-packages/airflow/example_dags/example_dag_decorator.py
[2024-08-24T09:48:43.103+0000] {processor.py:914} INFO - Processing file /home/airflow/.local/lib/python3.12/site-packages/airflow/example_dags/example_dag_decorator.py for tasks to queue
[2024-08-24T09:48:43.106+0000] {logging_mixin.py:190} INFO - [2024-08-24T09:48:43.106+0000] {dagbag.py:587} INFO - Filling up the DagBag from /home/airflow/.local/lib/python3.12/site-packages/airflow/example_dags/example_dag_decorator.py
[2024-08-24T09:48:43.121+0000] {processor.py:925} INFO - DAG(s) 'example_dag_decorator' retrieved from /home/airflow/.local/lib/python3.12/site-packages/airflow/example_dags/example_dag_decorator.py
[2024-08-24T09:48:43.260+0000] {logging_mixin.py:190} INFO - [2024-08-24T09:48:43.259+0000] {dag.py:3211} INFO - Sync 1 DAGs
[2024-08-24T09:48:43.278+0000] {logging_mixin.py:190} INFO - [2024-08-24T09:48:43.278+0000] {dag.py:4138} INFO - Setting next_dagrun for example_dag_decorator to None, run_after=None
[2024-08-24T09:48:43.302+0000] {processor.py:208} INFO - Processing /home/airflow/.local/lib/python3.12/site-packages/airflow/example_dags/example_dag_decorator.py took 0.210 seconds
[2024-08-24T09:49:13.661+0000] {processor.py:186} INFO - Started process (PID=365) to work on /home/airflow/.local/lib/python3.12/site-packages/airflow/example_dags/example_dag_decorator.py
[2024-08-24T09:49:13.662+0000] {processor.py:914} INFO - Processing file /home/airflow/.local/lib/python3.12/site-packages/airflow/example_dags/example_dag_decorator.py for tasks to queue
[2024-08-24T09:49:13.665+0000] {logging_mixin.py:190} INFO - [2024-08-24T09:49:13.665+0000] {dagbag.py:587} INFO - Filling up the DagBag from /home/airflow/.local/lib/python3.12/site-packages/airflow/example_dags/example_dag_decorator.py
[2024-08-24T09:49:13.680+0000] {processor.py:925} INFO - DAG(s) 'example_dag_decorator' retrieved from /home/airflow/.local/lib/python3.12/site-packages/airflow/example_dags/example_dag_decorator.py
[2024-08-24T09:49:13.811+0000] {logging_mixin.py:190} INFO - [2024-08-24T09:49:13.811+0000] {dag.py:3211} INFO - Sync 1 DAGs
[2024-08-24T09:49:13.826+0000] {logging_mixin.py:190} INFO - [2024-08-24T09:49:13.826+0000] {dag.py:4138} INFO - Setting next_dagrun for example_dag_decorator to None, run_after=None
[2024-08-24T09:49:13.858+0000] {processor.py:208} INFO - Processing /home/airflow/.local/lib/python3.12/site-packages/airflow/example_dags/example_dag_decorator.py took 0.204 seconds
[2024-08-24T09:49:44.424+0000] {processor.py:186} INFO - Started process (PID=428) to work on /home/airflow/.local/lib/python3.12/site-packages/airflow/example_dags/example_dag_decorator.py
[2024-08-24T09:49:44.425+0000] {processor.py:914} INFO - Processing file /home/airflow/.local/lib/python3.12/site-packages/airflow/example_dags/example_dag_decorator.py for tasks to queue
[2024-08-24T09:49:44.428+0000] {logging_mixin.py:190} INFO - [2024-08-24T09:49:44.427+0000] {dagbag.py:587} INFO - Filling up the DagBag from /home/airflow/.local/lib/python3.12/site-packages/airflow/example_dags/example_dag_decorator.py
[2024-08-24T09:49:44.440+0000] {processor.py:925} INFO - DAG(s) 'example_dag_decorator' retrieved from /home/airflow/.local/lib/python3.12/site-packages/airflow/example_dags/example_dag_decorator.py
[2024-08-24T09:49:44.470+0000] {logging_mixin.py:190} INFO - [2024-08-24T09:49:44.470+0000] {dag.py:3211} INFO - Sync 1 DAGs
[2024-08-24T09:49:44.487+0000] {logging_mixin.py:190} INFO - [2024-08-24T09:49:44.486+0000] {dag.py:4138} INFO - Setting next_dagrun for example_dag_decorator to None, run_after=None
[2024-08-24T09:49:44.512+0000] {processor.py:208} INFO - Processing /home/airflow/.local/lib/python3.12/site-packages/airflow/example_dags/example_dag_decorator.py took 0.095 seconds
[2024-08-24T09:50:15.167+0000] {processor.py:186} INFO - Started process (PID=491) to work on /home/airflow/.local/lib/python3.12/site-packages/airflow/example_dags/example_dag_decorator.py
[2024-08-24T09:50:15.168+0000] {processor.py:914} INFO - Processing file /home/airflow/.local/lib/python3.12/site-packages/airflow/example_dags/example_dag_decorator.py for tasks to queue
[2024-08-24T09:50:15.172+0000] {logging_mixin.py:190} INFO - [2024-08-24T09:50:15.171+0000] {dagbag.py:587} INFO - Filling up the DagBag from /home/airflow/.local/lib/python3.12/site-packages/airflow/example_dags/example_dag_decorator.py
[2024-08-24T09:50:15.186+0000] {processor.py:925} INFO - DAG(s) 'example_dag_decorator' retrieved from /home/airflow/.local/lib/python3.12/site-packages/airflow/example_dags/example_dag_decorator.py
[2024-08-24T09:50:15.322+0000] {logging_mixin.py:190} INFO - [2024-08-24T09:50:15.322+0000] {dag.py:3211} INFO - Sync 1 DAGs
[2024-08-24T09:50:15.337+0000] {logging_mixin.py:190} INFO - [2024-08-24T09:50:15.337+0000] {dag.py:4138} INFO - Setting next_dagrun for example_dag_decorator to None, run_after=None
[2024-08-24T09:50:15.361+0000] {processor.py:208} INFO - Processing /home/airflow/.local/lib/python3.12/site-packages/airflow/example_dags/example_dag_decorator.py took 0.201 seconds
[2024-08-24T09:50:46.065+0000] {processor.py:186} INFO - Started process (PID=554) to work on /home/airflow/.local/lib/python3.12/site-packages/airflow/example_dags/example_dag_decorator.py
[2024-08-24T09:50:46.067+0000] {processor.py:914} INFO - Processing file /home/airflow/.local/lib/python3.12/site-packages/airflow/example_dags/example_dag_decorator.py for tasks to queue
[2024-08-24T09:50:46.071+0000] {logging_mixin.py:190} INFO - [2024-08-24T09:50:46.070+0000] {dagbag.py:587} INFO - Filling up the DagBag from /home/airflow/.local/lib/python3.12/site-packages/airflow/example_dags/example_dag_decorator.py
[2024-08-24T09:50:46.089+0000] {processor.py:925} INFO - DAG(s) 'example_dag_decorator' retrieved from /home/airflow/.local/lib/python3.12/site-packages/airflow/example_dags/example_dag_decorator.py
[2024-08-24T09:50:46.259+0000] {logging_mixin.py:190} INFO - [2024-08-24T09:50:46.259+0000] {dag.py:3211} INFO - Sync 1 DAGs
[2024-08-24T09:50:46.276+0000] {logging_mixin.py:190} INFO - [2024-08-24T09:50:46.276+0000] {dag.py:4138} INFO - Setting next_dagrun for example_dag_decorator to None, run_after=None
[2024-08-24T09:50:46.302+0000] {processor.py:208} INFO - Processing /home/airflow/.local/lib/python3.12/site-packages/airflow/example_dags/example_dag_decorator.py took 0.247 seconds
[2024-08-24T09:51:17.509+0000] {processor.py:186} INFO - Started process (PID=617) to work on /home/airflow/.local/lib/python3.12/site-packages/airflow/example_dags/example_dag_decorator.py
[2024-08-24T09:51:17.515+0000] {processor.py:914} INFO - Processing file /home/airflow/.local/lib/python3.12/site-packages/airflow/example_dags/example_dag_decorator.py for tasks to queue
[2024-08-24T09:51:17.520+0000] {logging_mixin.py:190} INFO - [2024-08-24T09:51:17.519+0000] {dagbag.py:587} INFO - Filling up the DagBag from /home/airflow/.local/lib/python3.12/site-packages/airflow/example_dags/example_dag_decorator.py
[2024-08-24T09:51:17.559+0000] {processor.py:925} INFO - DAG(s) 'example_dag_decorator' retrieved from /home/airflow/.local/lib/python3.12/site-packages/airflow/example_dags/example_dag_decorator.py
[2024-08-24T09:51:17.655+0000] {logging_mixin.py:190} INFO - [2024-08-24T09:51:17.654+0000] {dag.py:3211} INFO - Sync 1 DAGs
[2024-08-24T09:51:17.694+0000] {logging_mixin.py:190} INFO - [2024-08-24T09:51:17.693+0000] {dag.py:4138} INFO - Setting next_dagrun for example_dag_decorator to None, run_after=None
[2024-08-24T09:51:17.747+0000] {processor.py:208} INFO - Processing /home/airflow/.local/lib/python3.12/site-packages/airflow/example_dags/example_dag_decorator.py took 0.254 seconds
[2024-08-24T12:31:31.910+0000] {processor.py:186} INFO - Started process (PID=110) to work on /home/airflow/.local/lib/python3.12/site-packages/airflow/example_dags/example_dag_decorator.py
[2024-08-24T12:31:31.912+0000] {processor.py:914} INFO - Processing file /home/airflow/.local/lib/python3.12/site-packages/airflow/example_dags/example_dag_decorator.py for tasks to queue
[2024-08-24T12:31:31.915+0000] {logging_mixin.py:190} INFO - [2024-08-24T12:31:31.915+0000] {dagbag.py:587} INFO - Filling up the DagBag from /home/airflow/.local/lib/python3.12/site-packages/airflow/example_dags/example_dag_decorator.py
[2024-08-24T12:31:31.928+0000] {processor.py:925} INFO - DAG(s) 'example_dag_decorator' retrieved from /home/airflow/.local/lib/python3.12/site-packages/airflow/example_dags/example_dag_decorator.py
[2024-08-24T12:31:32.061+0000] {logging_mixin.py:190} INFO - [2024-08-24T12:31:32.060+0000] {dag.py:3211} INFO - Sync 1 DAGs
[2024-08-24T12:31:32.077+0000] {logging_mixin.py:190} INFO - [2024-08-24T12:31:32.077+0000] {dag.py:4138} INFO - Setting next_dagrun for example_dag_decorator to None, run_after=None
[2024-08-24T12:31:32.102+0000] {processor.py:208} INFO - Processing /home/airflow/.local/lib/python3.12/site-packages/airflow/example_dags/example_dag_decorator.py took 0.199 seconds
[2024-08-24T12:32:03.127+0000] {processor.py:186} INFO - Started process (PID=173) to work on /home/airflow/.local/lib/python3.12/site-packages/airflow/example_dags/example_dag_decorator.py
[2024-08-24T12:32:03.128+0000] {processor.py:914} INFO - Processing file /home/airflow/.local/lib/python3.12/site-packages/airflow/example_dags/example_dag_decorator.py for tasks to queue
[2024-08-24T12:32:03.132+0000] {logging_mixin.py:190} INFO - [2024-08-24T12:32:03.131+0000] {dagbag.py:587} INFO - Filling up the DagBag from /home/airflow/.local/lib/python3.12/site-packages/airflow/example_dags/example_dag_decorator.py
[2024-08-24T12:32:03.145+0000] {processor.py:925} INFO - DAG(s) 'example_dag_decorator' retrieved from /home/airflow/.local/lib/python3.12/site-packages/airflow/example_dags/example_dag_decorator.py
[2024-08-24T12:32:03.271+0000] {logging_mixin.py:190} INFO - [2024-08-24T12:32:03.271+0000] {dag.py:3211} INFO - Sync 1 DAGs
[2024-08-24T12:32:03.291+0000] {logging_mixin.py:190} INFO - [2024-08-24T12:32:03.291+0000] {dag.py:4138} INFO - Setting next_dagrun for example_dag_decorator to None, run_after=None
[2024-08-24T12:32:03.320+0000] {processor.py:208} INFO - Processing /home/airflow/.local/lib/python3.12/site-packages/airflow/example_dags/example_dag_decorator.py took 0.200 seconds
[2024-08-24T12:32:33.979+0000] {processor.py:186} INFO - Started process (PID=236) to work on /home/airflow/.local/lib/python3.12/site-packages/airflow/example_dags/example_dag_decorator.py
[2024-08-24T12:32:33.981+0000] {processor.py:914} INFO - Processing file /home/airflow/.local/lib/python3.12/site-packages/airflow/example_dags/example_dag_decorator.py for tasks to queue
[2024-08-24T12:32:33.983+0000] {logging_mixin.py:190} INFO - [2024-08-24T12:32:33.983+0000] {dagbag.py:587} INFO - Filling up the DagBag from /home/airflow/.local/lib/python3.12/site-packages/airflow/example_dags/example_dag_decorator.py
[2024-08-24T12:32:33.995+0000] {processor.py:925} INFO - DAG(s) 'example_dag_decorator' retrieved from /home/airflow/.local/lib/python3.12/site-packages/airflow/example_dags/example_dag_decorator.py
[2024-08-24T12:32:34.120+0000] {logging_mixin.py:190} INFO - [2024-08-24T12:32:34.120+0000] {dag.py:3211} INFO - Sync 1 DAGs
[2024-08-24T12:32:34.138+0000] {logging_mixin.py:190} INFO - [2024-08-24T12:32:34.138+0000] {dag.py:4138} INFO - Setting next_dagrun for example_dag_decorator to None, run_after=None
[2024-08-24T12:32:34.159+0000] {processor.py:208} INFO - Processing /home/airflow/.local/lib/python3.12/site-packages/airflow/example_dags/example_dag_decorator.py took 0.186 seconds
[2024-08-24T12:33:04.446+0000] {processor.py:186} INFO - Started process (PID=299) to work on /home/airflow/.local/lib/python3.12/site-packages/airflow/example_dags/example_dag_decorator.py
[2024-08-24T12:33:04.447+0000] {processor.py:914} INFO - Processing file /home/airflow/.local/lib/python3.12/site-packages/airflow/example_dags/example_dag_decorator.py for tasks to queue
[2024-08-24T12:33:04.449+0000] {logging_mixin.py:190} INFO - [2024-08-24T12:33:04.449+0000] {dagbag.py:587} INFO - Filling up the DagBag from /home/airflow/.local/lib/python3.12/site-packages/airflow/example_dags/example_dag_decorator.py
[2024-08-24T12:33:04.459+0000] {processor.py:925} INFO - DAG(s) 'example_dag_decorator' retrieved from /home/airflow/.local/lib/python3.12/site-packages/airflow/example_dags/example_dag_decorator.py
[2024-08-24T12:33:04.551+0000] {logging_mixin.py:190} INFO - [2024-08-24T12:33:04.551+0000] {dag.py:3211} INFO - Sync 1 DAGs
[2024-08-24T12:33:04.561+0000] {logging_mixin.py:190} INFO - [2024-08-24T12:33:04.561+0000] {dag.py:4138} INFO - Setting next_dagrun for example_dag_decorator to None, run_after=None
[2024-08-24T12:33:04.581+0000] {processor.py:208} INFO - Processing /home/airflow/.local/lib/python3.12/site-packages/airflow/example_dags/example_dag_decorator.py took 0.140 seconds
[2024-08-24T12:33:35.214+0000] {processor.py:186} INFO - Started process (PID=362) to work on /home/airflow/.local/lib/python3.12/site-packages/airflow/example_dags/example_dag_decorator.py
[2024-08-24T12:33:35.215+0000] {processor.py:914} INFO - Processing file /home/airflow/.local/lib/python3.12/site-packages/airflow/example_dags/example_dag_decorator.py for tasks to queue
[2024-08-24T12:33:35.218+0000] {logging_mixin.py:190} INFO - [2024-08-24T12:33:35.218+0000] {dagbag.py:587} INFO - Filling up the DagBag from /home/airflow/.local/lib/python3.12/site-packages/airflow/example_dags/example_dag_decorator.py
[2024-08-24T12:33:35.228+0000] {processor.py:925} INFO - DAG(s) 'example_dag_decorator' retrieved from /home/airflow/.local/lib/python3.12/site-packages/airflow/example_dags/example_dag_decorator.py
[2024-08-24T12:33:35.327+0000] {logging_mixin.py:190} INFO - [2024-08-24T12:33:35.327+0000] {dag.py:3211} INFO - Sync 1 DAGs
[2024-08-24T12:33:35.338+0000] {logging_mixin.py:190} INFO - [2024-08-24T12:33:35.338+0000] {dag.py:4138} INFO - Setting next_dagrun for example_dag_decorator to None, run_after=None
[2024-08-24T12:33:35.357+0000] {processor.py:208} INFO - Processing /home/airflow/.local/lib/python3.12/site-packages/airflow/example_dags/example_dag_decorator.py took 0.147 seconds
[2024-08-24T12:34:06.221+0000] {processor.py:186} INFO - Started process (PID=425) to work on /home/airflow/.local/lib/python3.12/site-packages/airflow/example_dags/example_dag_decorator.py
[2024-08-24T12:34:06.222+0000] {processor.py:914} INFO - Processing file /home/airflow/.local/lib/python3.12/site-packages/airflow/example_dags/example_dag_decorator.py for tasks to queue
[2024-08-24T12:34:06.224+0000] {logging_mixin.py:190} INFO - [2024-08-24T12:34:06.224+0000] {dagbag.py:587} INFO - Filling up the DagBag from /home/airflow/.local/lib/python3.12/site-packages/airflow/example_dags/example_dag_decorator.py
[2024-08-24T12:34:06.234+0000] {processor.py:925} INFO - DAG(s) 'example_dag_decorator' retrieved from /home/airflow/.local/lib/python3.12/site-packages/airflow/example_dags/example_dag_decorator.py
[2024-08-24T12:34:06.351+0000] {logging_mixin.py:190} INFO - [2024-08-24T12:34:06.351+0000] {dag.py:3211} INFO - Sync 1 DAGs
[2024-08-24T12:34:06.367+0000] {logging_mixin.py:190} INFO - [2024-08-24T12:34:06.366+0000] {dag.py:4138} INFO - Setting next_dagrun for example_dag_decorator to None, run_after=None
[2024-08-24T12:34:06.387+0000] {processor.py:208} INFO - Processing /home/airflow/.local/lib/python3.12/site-packages/airflow/example_dags/example_dag_decorator.py took 0.172 seconds
