[2024-08-24T09:47:03.888+0000] {processor.py:186} INFO - Started process (PID=84) to work on /home/airflow/.local/lib/python3.12/site-packages/airflow/example_dags/example_skip_dag.py
[2024-08-24T09:47:03.890+0000] {processor.py:914} INFO - Processing file /home/airflow/.local/lib/python3.12/site-packages/airflow/example_dags/example_skip_dag.py for tasks to queue
[2024-08-24T09:47:03.894+0000] {logging_mixin.py:190} INFO - [2024-08-24T09:47:03.894+0000] {dagbag.py:587} INFO - Filling up the DagBag from /home/airflow/.local/lib/python3.12/site-packages/airflow/example_dags/example_skip_dag.py
[2024-08-24T09:47:03.909+0000] {processor.py:925} INFO - DAG(s) 'example_skip_dag' retrieved from /home/airflow/.local/lib/python3.12/site-packages/airflow/example_dags/example_skip_dag.py
[2024-08-24T09:47:04.103+0000] {logging_mixin.py:190} INFO - [2024-08-24T09:47:04.102+0000] {override.py:1858} INFO - Created Permission View: can delete on DAG:example_skip_dag
[2024-08-24T09:47:04.127+0000] {logging_mixin.py:190} INFO - [2024-08-24T09:47:04.125+0000] {override.py:1858} INFO - Created Permission View: can edit on DAG:example_skip_dag
[2024-08-24T09:47:04.140+0000] {logging_mixin.py:190} INFO - [2024-08-24T09:47:04.139+0000] {override.py:1858} INFO - Created Permission View: can read on DAG:example_skip_dag
[2024-08-24T09:47:04.141+0000] {logging_mixin.py:190} INFO - [2024-08-24T09:47:04.141+0000] {dag.py:3211} INFO - Sync 1 DAGs
[2024-08-24T09:47:04.163+0000] {logging_mixin.py:190} INFO - [2024-08-24T09:47:04.163+0000] {dag.py:3234} INFO - Creating ORM DAG for example_skip_dag
[2024-08-24T09:47:04.184+0000] {logging_mixin.py:190} INFO - [2024-08-24T09:47:04.184+0000] {dag.py:4138} INFO - Setting next_dagrun for example_skip_dag to 2024-08-23 00:00:00+00:00, run_after=2024-08-24 00:00:00+00:00
[2024-08-24T09:47:04.211+0000] {processor.py:208} INFO - Processing /home/airflow/.local/lib/python3.12/site-packages/airflow/example_dags/example_skip_dag.py took 0.333 seconds
[2024-08-24T09:47:35.006+0000] {processor.py:186} INFO - Started process (PID=147) to work on /home/airflow/.local/lib/python3.12/site-packages/airflow/example_dags/example_skip_dag.py
[2024-08-24T09:47:35.008+0000] {processor.py:914} INFO - Processing file /home/airflow/.local/lib/python3.12/site-packages/airflow/example_dags/example_skip_dag.py for tasks to queue
[2024-08-24T09:47:35.011+0000] {logging_mixin.py:190} INFO - [2024-08-24T09:47:35.011+0000] {dagbag.py:587} INFO - Filling up the DagBag from /home/airflow/.local/lib/python3.12/site-packages/airflow/example_dags/example_skip_dag.py
[2024-08-24T09:47:35.020+0000] {processor.py:925} INFO - DAG(s) 'example_skip_dag' retrieved from /home/airflow/.local/lib/python3.12/site-packages/airflow/example_dags/example_skip_dag.py
[2024-08-24T09:47:35.050+0000] {logging_mixin.py:190} INFO - [2024-08-24T09:47:35.050+0000] {dag.py:3211} INFO - Sync 1 DAGs
[2024-08-24T09:47:35.075+0000] {logging_mixin.py:190} INFO - [2024-08-24T09:47:35.075+0000] {dag.py:4138} INFO - Setting next_dagrun for example_skip_dag to 2024-08-23 00:00:00+00:00, run_after=2024-08-24 00:00:00+00:00
[2024-08-24T09:47:35.098+0000] {processor.py:208} INFO - Processing /home/airflow/.local/lib/python3.12/site-packages/airflow/example_dags/example_skip_dag.py took 0.100 seconds
[2024-08-24T09:48:06.126+0000] {processor.py:186} INFO - Started process (PID=210) to work on /home/airflow/.local/lib/python3.12/site-packages/airflow/example_dags/example_skip_dag.py
[2024-08-24T09:48:06.127+0000] {processor.py:914} INFO - Processing file /home/airflow/.local/lib/python3.12/site-packages/airflow/example_dags/example_skip_dag.py for tasks to queue
[2024-08-24T09:48:06.135+0000] {logging_mixin.py:190} INFO - [2024-08-24T09:48:06.134+0000] {dagbag.py:587} INFO - Filling up the DagBag from /home/airflow/.local/lib/python3.12/site-packages/airflow/example_dags/example_skip_dag.py
[2024-08-24T09:48:06.148+0000] {processor.py:925} INFO - DAG(s) 'example_skip_dag' retrieved from /home/airflow/.local/lib/python3.12/site-packages/airflow/example_dags/example_skip_dag.py
[2024-08-24T09:48:06.185+0000] {logging_mixin.py:190} INFO - [2024-08-24T09:48:06.185+0000] {dag.py:3211} INFO - Sync 1 DAGs
[2024-08-24T09:48:06.217+0000] {logging_mixin.py:190} INFO - [2024-08-24T09:48:06.216+0000] {dag.py:4138} INFO - Setting next_dagrun for example_skip_dag to 2024-08-23 00:00:00+00:00, run_after=2024-08-24 00:00:00+00:00
[2024-08-24T09:48:06.243+0000] {processor.py:208} INFO - Processing /home/airflow/.local/lib/python3.12/site-packages/airflow/example_dags/example_skip_dag.py took 0.127 seconds
[2024-08-24T09:48:37.175+0000] {processor.py:186} INFO - Started process (PID=273) to work on /home/airflow/.local/lib/python3.12/site-packages/airflow/example_dags/example_skip_dag.py
[2024-08-24T09:48:37.176+0000] {processor.py:914} INFO - Processing file /home/airflow/.local/lib/python3.12/site-packages/airflow/example_dags/example_skip_dag.py for tasks to queue
[2024-08-24T09:48:37.179+0000] {logging_mixin.py:190} INFO - [2024-08-24T09:48:37.178+0000] {dagbag.py:587} INFO - Filling up the DagBag from /home/airflow/.local/lib/python3.12/site-packages/airflow/example_dags/example_skip_dag.py
[2024-08-24T09:48:37.189+0000] {processor.py:925} INFO - DAG(s) 'example_skip_dag' retrieved from /home/airflow/.local/lib/python3.12/site-packages/airflow/example_dags/example_skip_dag.py
[2024-08-24T09:48:37.221+0000] {logging_mixin.py:190} INFO - [2024-08-24T09:48:37.220+0000] {dag.py:3211} INFO - Sync 1 DAGs
[2024-08-24T09:48:37.250+0000] {logging_mixin.py:190} INFO - [2024-08-24T09:48:37.250+0000] {dag.py:4138} INFO - Setting next_dagrun for example_skip_dag to 2024-08-23 00:00:00+00:00, run_after=2024-08-24 00:00:00+00:00
[2024-08-24T09:48:37.277+0000] {processor.py:208} INFO - Processing /home/airflow/.local/lib/python3.12/site-packages/airflow/example_dags/example_skip_dag.py took 0.111 seconds
[2024-08-24T09:49:07.547+0000] {processor.py:186} INFO - Started process (PID=337) to work on /home/airflow/.local/lib/python3.12/site-packages/airflow/example_dags/example_skip_dag.py
[2024-08-24T09:49:07.548+0000] {processor.py:914} INFO - Processing file /home/airflow/.local/lib/python3.12/site-packages/airflow/example_dags/example_skip_dag.py for tasks to queue
[2024-08-24T09:49:07.552+0000] {logging_mixin.py:190} INFO - [2024-08-24T09:49:07.552+0000] {dagbag.py:587} INFO - Filling up the DagBag from /home/airflow/.local/lib/python3.12/site-packages/airflow/example_dags/example_skip_dag.py
[2024-08-24T09:49:07.559+0000] {processor.py:925} INFO - DAG(s) 'example_skip_dag' retrieved from /home/airflow/.local/lib/python3.12/site-packages/airflow/example_dags/example_skip_dag.py
[2024-08-24T09:49:07.581+0000] {logging_mixin.py:190} INFO - [2024-08-24T09:49:07.581+0000] {dag.py:3211} INFO - Sync 1 DAGs
[2024-08-24T09:49:07.603+0000] {logging_mixin.py:190} INFO - [2024-08-24T09:49:07.602+0000] {dag.py:4138} INFO - Setting next_dagrun for example_skip_dag to 2024-08-23 00:00:00+00:00, run_after=2024-08-24 00:00:00+00:00
[2024-08-24T09:49:07.625+0000] {processor.py:208} INFO - Processing /home/airflow/.local/lib/python3.12/site-packages/airflow/example_dags/example_skip_dag.py took 0.083 seconds
[2024-08-24T09:49:38.002+0000] {processor.py:186} INFO - Started process (PID=399) to work on /home/airflow/.local/lib/python3.12/site-packages/airflow/example_dags/example_skip_dag.py
[2024-08-24T09:49:38.004+0000] {processor.py:914} INFO - Processing file /home/airflow/.local/lib/python3.12/site-packages/airflow/example_dags/example_skip_dag.py for tasks to queue
[2024-08-24T09:49:38.007+0000] {logging_mixin.py:190} INFO - [2024-08-24T09:49:38.007+0000] {dagbag.py:587} INFO - Filling up the DagBag from /home/airflow/.local/lib/python3.12/site-packages/airflow/example_dags/example_skip_dag.py
[2024-08-24T09:49:38.017+0000] {processor.py:925} INFO - DAG(s) 'example_skip_dag' retrieved from /home/airflow/.local/lib/python3.12/site-packages/airflow/example_dags/example_skip_dag.py
[2024-08-24T09:49:38.048+0000] {logging_mixin.py:190} INFO - [2024-08-24T09:49:38.048+0000] {dag.py:3211} INFO - Sync 1 DAGs
[2024-08-24T09:49:38.083+0000] {logging_mixin.py:190} INFO - [2024-08-24T09:49:38.083+0000] {dag.py:4138} INFO - Setting next_dagrun for example_skip_dag to 2024-08-23 00:00:00+00:00, run_after=2024-08-24 00:00:00+00:00
[2024-08-24T09:49:38.108+0000] {processor.py:208} INFO - Processing /home/airflow/.local/lib/python3.12/site-packages/airflow/example_dags/example_skip_dag.py took 0.112 seconds
[2024-08-24T09:50:08.692+0000] {processor.py:186} INFO - Started process (PID=462) to work on /home/airflow/.local/lib/python3.12/site-packages/airflow/example_dags/example_skip_dag.py
[2024-08-24T09:50:08.693+0000] {processor.py:914} INFO - Processing file /home/airflow/.local/lib/python3.12/site-packages/airflow/example_dags/example_skip_dag.py for tasks to queue
[2024-08-24T09:50:08.695+0000] {logging_mixin.py:190} INFO - [2024-08-24T09:50:08.695+0000] {dagbag.py:587} INFO - Filling up the DagBag from /home/airflow/.local/lib/python3.12/site-packages/airflow/example_dags/example_skip_dag.py
[2024-08-24T09:50:08.706+0000] {processor.py:925} INFO - DAG(s) 'example_skip_dag' retrieved from /home/airflow/.local/lib/python3.12/site-packages/airflow/example_dags/example_skip_dag.py
[2024-08-24T09:50:08.741+0000] {logging_mixin.py:190} INFO - [2024-08-24T09:50:08.740+0000] {dag.py:3211} INFO - Sync 1 DAGs
[2024-08-24T09:50:08.793+0000] {logging_mixin.py:190} INFO - [2024-08-24T09:50:08.793+0000] {dag.py:4138} INFO - Setting next_dagrun for example_skip_dag to 2024-08-23 00:00:00+00:00, run_after=2024-08-24 00:00:00+00:00
[2024-08-24T09:50:08.839+0000] {processor.py:208} INFO - Processing /home/airflow/.local/lib/python3.12/site-packages/airflow/example_dags/example_skip_dag.py took 0.152 seconds
[2024-08-24T09:50:39.461+0000] {processor.py:186} INFO - Started process (PID=525) to work on /home/airflow/.local/lib/python3.12/site-packages/airflow/example_dags/example_skip_dag.py
[2024-08-24T09:50:39.462+0000] {processor.py:914} INFO - Processing file /home/airflow/.local/lib/python3.12/site-packages/airflow/example_dags/example_skip_dag.py for tasks to queue
[2024-08-24T09:50:39.464+0000] {logging_mixin.py:190} INFO - [2024-08-24T09:50:39.464+0000] {dagbag.py:587} INFO - Filling up the DagBag from /home/airflow/.local/lib/python3.12/site-packages/airflow/example_dags/example_skip_dag.py
[2024-08-24T09:50:39.472+0000] {processor.py:925} INFO - DAG(s) 'example_skip_dag' retrieved from /home/airflow/.local/lib/python3.12/site-packages/airflow/example_dags/example_skip_dag.py
[2024-08-24T09:50:39.494+0000] {logging_mixin.py:190} INFO - [2024-08-24T09:50:39.494+0000] {dag.py:3211} INFO - Sync 1 DAGs
[2024-08-24T09:50:39.521+0000] {logging_mixin.py:190} INFO - [2024-08-24T09:50:39.520+0000] {dag.py:4138} INFO - Setting next_dagrun for example_skip_dag to 2024-08-23 00:00:00+00:00, run_after=2024-08-24 00:00:00+00:00
[2024-08-24T09:50:39.546+0000] {processor.py:208} INFO - Processing /home/airflow/.local/lib/python3.12/site-packages/airflow/example_dags/example_skip_dag.py took 0.090 seconds
[2024-08-24T09:51:09.874+0000] {processor.py:186} INFO - Started process (PID=589) to work on /home/airflow/.local/lib/python3.12/site-packages/airflow/example_dags/example_skip_dag.py
[2024-08-24T09:51:09.875+0000] {processor.py:914} INFO - Processing file /home/airflow/.local/lib/python3.12/site-packages/airflow/example_dags/example_skip_dag.py for tasks to queue
[2024-08-24T09:51:09.878+0000] {logging_mixin.py:190} INFO - [2024-08-24T09:51:09.878+0000] {dagbag.py:587} INFO - Filling up the DagBag from /home/airflow/.local/lib/python3.12/site-packages/airflow/example_dags/example_skip_dag.py
[2024-08-24T09:51:09.887+0000] {processor.py:925} INFO - DAG(s) 'example_skip_dag' retrieved from /home/airflow/.local/lib/python3.12/site-packages/airflow/example_dags/example_skip_dag.py
[2024-08-24T09:51:09.914+0000] {logging_mixin.py:190} INFO - [2024-08-24T09:51:09.913+0000] {dag.py:3211} INFO - Sync 1 DAGs
[2024-08-24T09:51:09.942+0000] {logging_mixin.py:190} INFO - [2024-08-24T09:51:09.942+0000] {dag.py:4138} INFO - Setting next_dagrun for example_skip_dag to 2024-08-23 00:00:00+00:00, run_after=2024-08-24 00:00:00+00:00
[2024-08-24T09:51:09.962+0000] {processor.py:208} INFO - Processing /home/airflow/.local/lib/python3.12/site-packages/airflow/example_dags/example_skip_dag.py took 0.096 seconds
