[2024-08-24T09:47:00.473+0000] {processor.py:186} INFO - Started process (PID=70) to work on /home/airflow/.local/lib/python3.12/site-packages/airflow/example_dags/example_params_trigger_ui.py
[2024-08-24T09:47:00.474+0000] {processor.py:914} INFO - Processing file /home/airflow/.local/lib/python3.12/site-packages/airflow/example_dags/example_params_trigger_ui.py for tasks to queue
[2024-08-24T09:47:00.477+0000] {logging_mixin.py:190} INFO - [2024-08-24T09:47:00.476+0000] {dagbag.py:587} INFO - Filling up the DagBag from /home/airflow/.local/lib/python3.12/site-packages/airflow/example_dags/example_params_trigger_ui.py
[2024-08-24T09:47:00.493+0000] {processor.py:925} INFO - DAG(s) 'example_params_trigger_ui' retrieved from /home/airflow/.local/lib/python3.12/site-packages/airflow/example_dags/example_params_trigger_ui.py
[2024-08-24T09:47:00.691+0000] {logging_mixin.py:190} INFO - [2024-08-24T09:47:00.690+0000] {override.py:1858} INFO - Created Permission View: can delete on DAG:example_params_trigger_ui
[2024-08-24T09:47:00.706+0000] {logging_mixin.py:190} INFO - [2024-08-24T09:47:00.705+0000] {override.py:1858} INFO - Created Permission View: can edit on DAG:example_params_trigger_ui
[2024-08-24T09:47:00.716+0000] {logging_mixin.py:190} INFO - [2024-08-24T09:47:00.715+0000] {override.py:1858} INFO - Created Permission View: can read on DAG:example_params_trigger_ui
[2024-08-24T09:47:00.717+0000] {logging_mixin.py:190} INFO - [2024-08-24T09:47:00.716+0000] {dag.py:3211} INFO - Sync 1 DAGs
[2024-08-24T09:47:00.731+0000] {logging_mixin.py:190} INFO - [2024-08-24T09:47:00.731+0000] {dag.py:3234} INFO - Creating ORM DAG for example_params_trigger_ui
[2024-08-24T09:47:00.733+0000] {logging_mixin.py:190} INFO - [2024-08-24T09:47:00.732+0000] {dag.py:4138} INFO - Setting next_dagrun for example_params_trigger_ui to None, run_after=None
[2024-08-24T09:47:00.759+0000] {processor.py:208} INFO - Processing /home/airflow/.local/lib/python3.12/site-packages/airflow/example_dags/example_params_trigger_ui.py took 0.293 seconds
[2024-08-24T09:47:30.860+0000] {processor.py:186} INFO - Started process (PID=133) to work on /home/airflow/.local/lib/python3.12/site-packages/airflow/example_dags/example_params_trigger_ui.py
[2024-08-24T09:47:30.861+0000] {processor.py:914} INFO - Processing file /home/airflow/.local/lib/python3.12/site-packages/airflow/example_dags/example_params_trigger_ui.py for tasks to queue
[2024-08-24T09:47:30.863+0000] {logging_mixin.py:190} INFO - [2024-08-24T09:47:30.863+0000] {dagbag.py:587} INFO - Filling up the DagBag from /home/airflow/.local/lib/python3.12/site-packages/airflow/example_dags/example_params_trigger_ui.py
[2024-08-24T09:47:30.875+0000] {processor.py:925} INFO - DAG(s) 'example_params_trigger_ui' retrieved from /home/airflow/.local/lib/python3.12/site-packages/airflow/example_dags/example_params_trigger_ui.py
[2024-08-24T09:47:30.924+0000] {logging_mixin.py:190} INFO - [2024-08-24T09:47:30.923+0000] {dag.py:3211} INFO - Sync 1 DAGs
[2024-08-24T09:47:30.940+0000] {logging_mixin.py:190} INFO - [2024-08-24T09:47:30.940+0000] {dag.py:4138} INFO - Setting next_dagrun for example_params_trigger_ui to None, run_after=None
[2024-08-24T09:47:30.961+0000] {processor.py:208} INFO - Processing /home/airflow/.local/lib/python3.12/site-packages/airflow/example_dags/example_params_trigger_ui.py took 0.106 seconds
[2024-08-24T09:48:01.455+0000] {processor.py:186} INFO - Started process (PID=196) to work on /home/airflow/.local/lib/python3.12/site-packages/airflow/example_dags/example_params_trigger_ui.py
[2024-08-24T09:48:01.456+0000] {processor.py:914} INFO - Processing file /home/airflow/.local/lib/python3.12/site-packages/airflow/example_dags/example_params_trigger_ui.py for tasks to queue
[2024-08-24T09:48:01.458+0000] {logging_mixin.py:190} INFO - [2024-08-24T09:48:01.458+0000] {dagbag.py:587} INFO - Filling up the DagBag from /home/airflow/.local/lib/python3.12/site-packages/airflow/example_dags/example_params_trigger_ui.py
[2024-08-24T09:48:01.471+0000] {processor.py:925} INFO - DAG(s) 'example_params_trigger_ui' retrieved from /home/airflow/.local/lib/python3.12/site-packages/airflow/example_dags/example_params_trigger_ui.py
[2024-08-24T09:48:01.515+0000] {logging_mixin.py:190} INFO - [2024-08-24T09:48:01.515+0000] {dag.py:3211} INFO - Sync 1 DAGs
[2024-08-24T09:48:01.528+0000] {logging_mixin.py:190} INFO - [2024-08-24T09:48:01.528+0000] {dag.py:4138} INFO - Setting next_dagrun for example_params_trigger_ui to None, run_after=None
[2024-08-24T09:48:01.543+0000] {processor.py:208} INFO - Processing /home/airflow/.local/lib/python3.12/site-packages/airflow/example_dags/example_params_trigger_ui.py took 0.094 seconds
[2024-08-24T09:48:31.803+0000] {processor.py:186} INFO - Started process (PID=259) to work on /home/airflow/.local/lib/python3.12/site-packages/airflow/example_dags/example_params_trigger_ui.py
[2024-08-24T09:48:31.805+0000] {processor.py:914} INFO - Processing file /home/airflow/.local/lib/python3.12/site-packages/airflow/example_dags/example_params_trigger_ui.py for tasks to queue
[2024-08-24T09:48:31.807+0000] {logging_mixin.py:190} INFO - [2024-08-24T09:48:31.807+0000] {dagbag.py:587} INFO - Filling up the DagBag from /home/airflow/.local/lib/python3.12/site-packages/airflow/example_dags/example_params_trigger_ui.py
[2024-08-24T09:48:31.821+0000] {processor.py:925} INFO - DAG(s) 'example_params_trigger_ui' retrieved from /home/airflow/.local/lib/python3.12/site-packages/airflow/example_dags/example_params_trigger_ui.py
[2024-08-24T09:48:31.883+0000] {logging_mixin.py:190} INFO - [2024-08-24T09:48:31.883+0000] {dag.py:3211} INFO - Sync 1 DAGs
[2024-08-24T09:48:31.903+0000] {logging_mixin.py:190} INFO - [2024-08-24T09:48:31.903+0000] {dag.py:4138} INFO - Setting next_dagrun for example_params_trigger_ui to None, run_after=None
[2024-08-24T09:48:31.928+0000] {processor.py:208} INFO - Processing /home/airflow/.local/lib/python3.12/site-packages/airflow/example_dags/example_params_trigger_ui.py took 0.132 seconds
[2024-08-24T09:49:02.220+0000] {processor.py:186} INFO - Started process (PID=322) to work on /home/airflow/.local/lib/python3.12/site-packages/airflow/example_dags/example_params_trigger_ui.py
[2024-08-24T09:49:02.221+0000] {processor.py:914} INFO - Processing file /home/airflow/.local/lib/python3.12/site-packages/airflow/example_dags/example_params_trigger_ui.py for tasks to queue
[2024-08-24T09:49:02.224+0000] {logging_mixin.py:190} INFO - [2024-08-24T09:49:02.223+0000] {dagbag.py:587} INFO - Filling up the DagBag from /home/airflow/.local/lib/python3.12/site-packages/airflow/example_dags/example_params_trigger_ui.py
[2024-08-24T09:49:02.233+0000] {processor.py:925} INFO - DAG(s) 'example_params_trigger_ui' retrieved from /home/airflow/.local/lib/python3.12/site-packages/airflow/example_dags/example_params_trigger_ui.py
[2024-08-24T09:49:02.281+0000] {logging_mixin.py:190} INFO - [2024-08-24T09:49:02.281+0000] {dag.py:3211} INFO - Sync 1 DAGs
[2024-08-24T09:49:02.297+0000] {logging_mixin.py:190} INFO - [2024-08-24T09:49:02.296+0000] {dag.py:4138} INFO - Setting next_dagrun for example_params_trigger_ui to None, run_after=None
[2024-08-24T09:49:02.316+0000] {processor.py:208} INFO - Processing /home/airflow/.local/lib/python3.12/site-packages/airflow/example_dags/example_params_trigger_ui.py took 0.101 seconds
[2024-08-24T09:49:32.815+0000] {processor.py:186} INFO - Started process (PID=385) to work on /home/airflow/.local/lib/python3.12/site-packages/airflow/example_dags/example_params_trigger_ui.py
[2024-08-24T09:49:32.816+0000] {processor.py:914} INFO - Processing file /home/airflow/.local/lib/python3.12/site-packages/airflow/example_dags/example_params_trigger_ui.py for tasks to queue
[2024-08-24T09:49:32.819+0000] {logging_mixin.py:190} INFO - [2024-08-24T09:49:32.818+0000] {dagbag.py:587} INFO - Filling up the DagBag from /home/airflow/.local/lib/python3.12/site-packages/airflow/example_dags/example_params_trigger_ui.py
[2024-08-24T09:49:32.829+0000] {processor.py:925} INFO - DAG(s) 'example_params_trigger_ui' retrieved from /home/airflow/.local/lib/python3.12/site-packages/airflow/example_dags/example_params_trigger_ui.py
[2024-08-24T09:49:32.876+0000] {logging_mixin.py:190} INFO - [2024-08-24T09:49:32.876+0000] {dag.py:3211} INFO - Sync 1 DAGs
[2024-08-24T09:49:32.891+0000] {logging_mixin.py:190} INFO - [2024-08-24T09:49:32.891+0000] {dag.py:4138} INFO - Setting next_dagrun for example_params_trigger_ui to None, run_after=None
[2024-08-24T09:49:32.909+0000] {processor.py:208} INFO - Processing /home/airflow/.local/lib/python3.12/site-packages/airflow/example_dags/example_params_trigger_ui.py took 0.099 seconds
[2024-08-24T09:50:03.709+0000] {processor.py:186} INFO - Started process (PID=448) to work on /home/airflow/.local/lib/python3.12/site-packages/airflow/example_dags/example_params_trigger_ui.py
[2024-08-24T09:50:03.710+0000] {processor.py:914} INFO - Processing file /home/airflow/.local/lib/python3.12/site-packages/airflow/example_dags/example_params_trigger_ui.py for tasks to queue
[2024-08-24T09:50:03.712+0000] {logging_mixin.py:190} INFO - [2024-08-24T09:50:03.712+0000] {dagbag.py:587} INFO - Filling up the DagBag from /home/airflow/.local/lib/python3.12/site-packages/airflow/example_dags/example_params_trigger_ui.py
[2024-08-24T09:50:03.723+0000] {processor.py:925} INFO - DAG(s) 'example_params_trigger_ui' retrieved from /home/airflow/.local/lib/python3.12/site-packages/airflow/example_dags/example_params_trigger_ui.py
[2024-08-24T09:50:03.768+0000] {logging_mixin.py:190} INFO - [2024-08-24T09:50:03.768+0000] {dag.py:3211} INFO - Sync 1 DAGs
[2024-08-24T09:50:03.782+0000] {logging_mixin.py:190} INFO - [2024-08-24T09:50:03.782+0000] {dag.py:4138} INFO - Setting next_dagrun for example_params_trigger_ui to None, run_after=None
[2024-08-24T09:50:03.804+0000] {processor.py:208} INFO - Processing /home/airflow/.local/lib/python3.12/site-packages/airflow/example_dags/example_params_trigger_ui.py took 0.101 seconds
[2024-08-24T09:50:34.361+0000] {processor.py:186} INFO - Started process (PID=511) to work on /home/airflow/.local/lib/python3.12/site-packages/airflow/example_dags/example_params_trigger_ui.py
[2024-08-24T09:50:34.363+0000] {processor.py:914} INFO - Processing file /home/airflow/.local/lib/python3.12/site-packages/airflow/example_dags/example_params_trigger_ui.py for tasks to queue
[2024-08-24T09:50:34.365+0000] {logging_mixin.py:190} INFO - [2024-08-24T09:50:34.365+0000] {dagbag.py:587} INFO - Filling up the DagBag from /home/airflow/.local/lib/python3.12/site-packages/airflow/example_dags/example_params_trigger_ui.py
[2024-08-24T09:50:34.375+0000] {processor.py:925} INFO - DAG(s) 'example_params_trigger_ui' retrieved from /home/airflow/.local/lib/python3.12/site-packages/airflow/example_dags/example_params_trigger_ui.py
[2024-08-24T09:50:34.417+0000] {logging_mixin.py:190} INFO - [2024-08-24T09:50:34.417+0000] {dag.py:3211} INFO - Sync 1 DAGs
[2024-08-24T09:50:34.430+0000] {logging_mixin.py:190} INFO - [2024-08-24T09:50:34.430+0000] {dag.py:4138} INFO - Setting next_dagrun for example_params_trigger_ui to None, run_after=None
[2024-08-24T09:50:34.448+0000] {processor.py:208} INFO - Processing /home/airflow/.local/lib/python3.12/site-packages/airflow/example_dags/example_params_trigger_ui.py took 0.093 seconds
[2024-08-24T09:51:04.750+0000] {processor.py:186} INFO - Started process (PID=574) to work on /home/airflow/.local/lib/python3.12/site-packages/airflow/example_dags/example_params_trigger_ui.py
[2024-08-24T09:51:04.751+0000] {processor.py:914} INFO - Processing file /home/airflow/.local/lib/python3.12/site-packages/airflow/example_dags/example_params_trigger_ui.py for tasks to queue
[2024-08-24T09:51:04.753+0000] {logging_mixin.py:190} INFO - [2024-08-24T09:51:04.753+0000] {dagbag.py:587} INFO - Filling up the DagBag from /home/airflow/.local/lib/python3.12/site-packages/airflow/example_dags/example_params_trigger_ui.py
[2024-08-24T09:51:04.762+0000] {processor.py:925} INFO - DAG(s) 'example_params_trigger_ui' retrieved from /home/airflow/.local/lib/python3.12/site-packages/airflow/example_dags/example_params_trigger_ui.py
[2024-08-24T09:51:04.804+0000] {logging_mixin.py:190} INFO - [2024-08-24T09:51:04.804+0000] {dag.py:3211} INFO - Sync 1 DAGs
[2024-08-24T09:51:04.816+0000] {logging_mixin.py:190} INFO - [2024-08-24T09:51:04.816+0000] {dag.py:4138} INFO - Setting next_dagrun for example_params_trigger_ui to None, run_after=None
[2024-08-24T09:51:04.836+0000] {processor.py:208} INFO - Processing /home/airflow/.local/lib/python3.12/site-packages/airflow/example_dags/example_params_trigger_ui.py took 0.091 seconds
[2024-08-24T09:51:35.294+0000] {processor.py:186} INFO - Started process (PID=638) to work on /home/airflow/.local/lib/python3.12/site-packages/airflow/example_dags/example_params_trigger_ui.py
[2024-08-24T09:51:35.296+0000] {processor.py:914} INFO - Processing file /home/airflow/.local/lib/python3.12/site-packages/airflow/example_dags/example_params_trigger_ui.py for tasks to queue
[2024-08-24T09:51:35.299+0000] {logging_mixin.py:190} INFO - [2024-08-24T09:51:35.298+0000] {dagbag.py:587} INFO - Filling up the DagBag from /home/airflow/.local/lib/python3.12/site-packages/airflow/example_dags/example_params_trigger_ui.py
[2024-08-24T09:51:35.311+0000] {processor.py:925} INFO - DAG(s) 'example_params_trigger_ui' retrieved from /home/airflow/.local/lib/python3.12/site-packages/airflow/example_dags/example_params_trigger_ui.py
[2024-08-24T09:51:35.374+0000] {logging_mixin.py:190} INFO - [2024-08-24T09:51:35.374+0000] {dag.py:3211} INFO - Sync 1 DAGs
[2024-08-24T09:51:35.391+0000] {logging_mixin.py:190} INFO - [2024-08-24T09:51:35.390+0000] {dag.py:4138} INFO - Setting next_dagrun for example_params_trigger_ui to None, run_after=None
[2024-08-24T09:51:35.412+0000] {processor.py:208} INFO - Processing /home/airflow/.local/lib/python3.12/site-packages/airflow/example_dags/example_params_trigger_ui.py took 0.125 seconds
