[2024-08-24T09:47:01.100+0000] {processor.py:186} INFO - Started process (PID=73) to work on /home/airflow/.local/lib/python3.12/site-packages/airflow/example_dags/example_latest_only_with_trigger.py
[2024-08-24T09:47:01.102+0000] {processor.py:914} INFO - Processing file /home/airflow/.local/lib/python3.12/site-packages/airflow/example_dags/example_latest_only_with_trigger.py for tasks to queue
[2024-08-24T09:47:01.108+0000] {logging_mixin.py:190} INFO - [2024-08-24T09:47:01.106+0000] {dagbag.py:587} INFO - Filling up the DagBag from /home/airflow/.local/lib/python3.12/site-packages/airflow/example_dags/example_latest_only_with_trigger.py
[2024-08-24T09:47:01.124+0000] {processor.py:925} INFO - DAG(s) 'latest_only_with_trigger' retrieved from /home/airflow/.local/lib/python3.12/site-packages/airflow/example_dags/example_latest_only_with_trigger.py
[2024-08-24T09:47:01.284+0000] {logging_mixin.py:190} INFO - [2024-08-24T09:47:01.283+0000] {override.py:1858} INFO - Created Permission View: can delete on DAG:latest_only_with_trigger
[2024-08-24T09:47:01.298+0000] {logging_mixin.py:190} INFO - [2024-08-24T09:47:01.297+0000] {override.py:1858} INFO - Created Permission View: can edit on DAG:latest_only_with_trigger
[2024-08-24T09:47:01.307+0000] {logging_mixin.py:190} INFO - [2024-08-24T09:47:01.307+0000] {override.py:1858} INFO - Created Permission View: can read on DAG:latest_only_with_trigger
[2024-08-24T09:47:01.308+0000] {logging_mixin.py:190} INFO - [2024-08-24T09:47:01.308+0000] {dag.py:3211} INFO - Sync 1 DAGs
[2024-08-24T09:47:01.328+0000] {logging_mixin.py:190} INFO - [2024-08-24T09:47:01.328+0000] {dag.py:3234} INFO - Creating ORM DAG for latest_only_with_trigger
[2024-08-24T09:47:01.345+0000] {logging_mixin.py:190} INFO - [2024-08-24T09:47:01.345+0000] {dag.py:4138} INFO - Setting next_dagrun for latest_only_with_trigger to 2024-08-24 04:00:00+00:00, run_after=2024-08-24 08:00:00+00:00
[2024-08-24T09:47:01.368+0000] {processor.py:208} INFO - Processing /home/airflow/.local/lib/python3.12/site-packages/airflow/example_dags/example_latest_only_with_trigger.py took 0.277 seconds
[2024-08-24T09:47:32.018+0000] {processor.py:186} INFO - Started process (PID=136) to work on /home/airflow/.local/lib/python3.12/site-packages/airflow/example_dags/example_latest_only_with_trigger.py
[2024-08-24T09:47:32.019+0000] {processor.py:914} INFO - Processing file /home/airflow/.local/lib/python3.12/site-packages/airflow/example_dags/example_latest_only_with_trigger.py for tasks to queue
[2024-08-24T09:47:32.022+0000] {logging_mixin.py:190} INFO - [2024-08-24T09:47:32.022+0000] {dagbag.py:587} INFO - Filling up the DagBag from /home/airflow/.local/lib/python3.12/site-packages/airflow/example_dags/example_latest_only_with_trigger.py
[2024-08-24T09:47:32.030+0000] {processor.py:925} INFO - DAG(s) 'latest_only_with_trigger' retrieved from /home/airflow/.local/lib/python3.12/site-packages/airflow/example_dags/example_latest_only_with_trigger.py
[2024-08-24T09:47:32.053+0000] {logging_mixin.py:190} INFO - [2024-08-24T09:47:32.052+0000] {dag.py:3211} INFO - Sync 1 DAGs
[2024-08-24T09:47:32.083+0000] {logging_mixin.py:190} INFO - [2024-08-24T09:47:32.083+0000] {dag.py:4138} INFO - Setting next_dagrun for latest_only_with_trigger to 2024-08-24 04:00:00+00:00, run_after=2024-08-24 08:00:00+00:00
[2024-08-24T09:47:32.105+0000] {processor.py:208} INFO - Processing /home/airflow/.local/lib/python3.12/site-packages/airflow/example_dags/example_latest_only_with_trigger.py took 0.094 seconds
[2024-08-24T09:48:02.636+0000] {processor.py:186} INFO - Started process (PID=199) to work on /home/airflow/.local/lib/python3.12/site-packages/airflow/example_dags/example_latest_only_with_trigger.py
[2024-08-24T09:48:02.638+0000] {processor.py:914} INFO - Processing file /home/airflow/.local/lib/python3.12/site-packages/airflow/example_dags/example_latest_only_with_trigger.py for tasks to queue
[2024-08-24T09:48:02.640+0000] {logging_mixin.py:190} INFO - [2024-08-24T09:48:02.640+0000] {dagbag.py:587} INFO - Filling up the DagBag from /home/airflow/.local/lib/python3.12/site-packages/airflow/example_dags/example_latest_only_with_trigger.py
[2024-08-24T09:48:02.648+0000] {processor.py:925} INFO - DAG(s) 'latest_only_with_trigger' retrieved from /home/airflow/.local/lib/python3.12/site-packages/airflow/example_dags/example_latest_only_with_trigger.py
[2024-08-24T09:48:02.671+0000] {logging_mixin.py:190} INFO - [2024-08-24T09:48:02.671+0000] {dag.py:3211} INFO - Sync 1 DAGs
[2024-08-24T09:48:02.695+0000] {logging_mixin.py:190} INFO - [2024-08-24T09:48:02.694+0000] {dag.py:4138} INFO - Setting next_dagrun for latest_only_with_trigger to 2024-08-24 04:00:00+00:00, run_after=2024-08-24 08:00:00+00:00
[2024-08-24T09:48:02.714+0000] {processor.py:208} INFO - Processing /home/airflow/.local/lib/python3.12/site-packages/airflow/example_dags/example_latest_only_with_trigger.py took 0.084 seconds
[2024-08-24T09:48:32.952+0000] {processor.py:186} INFO - Started process (PID=262) to work on /home/airflow/.local/lib/python3.12/site-packages/airflow/example_dags/example_latest_only_with_trigger.py
[2024-08-24T09:48:32.953+0000] {processor.py:914} INFO - Processing file /home/airflow/.local/lib/python3.12/site-packages/airflow/example_dags/example_latest_only_with_trigger.py for tasks to queue
[2024-08-24T09:48:32.956+0000] {logging_mixin.py:190} INFO - [2024-08-24T09:48:32.955+0000] {dagbag.py:587} INFO - Filling up the DagBag from /home/airflow/.local/lib/python3.12/site-packages/airflow/example_dags/example_latest_only_with_trigger.py
[2024-08-24T09:48:32.965+0000] {processor.py:925} INFO - DAG(s) 'latest_only_with_trigger' retrieved from /home/airflow/.local/lib/python3.12/site-packages/airflow/example_dags/example_latest_only_with_trigger.py
[2024-08-24T09:48:32.991+0000] {logging_mixin.py:190} INFO - [2024-08-24T09:48:32.990+0000] {dag.py:3211} INFO - Sync 1 DAGs
[2024-08-24T09:48:33.020+0000] {logging_mixin.py:190} INFO - [2024-08-24T09:48:33.018+0000] {dag.py:4138} INFO - Setting next_dagrun for latest_only_with_trigger to 2024-08-24 04:00:00+00:00, run_after=2024-08-24 08:00:00+00:00
[2024-08-24T09:48:33.046+0000] {processor.py:208} INFO - Processing /home/airflow/.local/lib/python3.12/site-packages/airflow/example_dags/example_latest_only_with_trigger.py took 0.101 seconds
[2024-08-24T09:49:03.389+0000] {processor.py:186} INFO - Started process (PID=325) to work on /home/airflow/.local/lib/python3.12/site-packages/airflow/example_dags/example_latest_only_with_trigger.py
[2024-08-24T09:49:03.393+0000] {processor.py:914} INFO - Processing file /home/airflow/.local/lib/python3.12/site-packages/airflow/example_dags/example_latest_only_with_trigger.py for tasks to queue
[2024-08-24T09:49:03.397+0000] {logging_mixin.py:190} INFO - [2024-08-24T09:49:03.396+0000] {dagbag.py:587} INFO - Filling up the DagBag from /home/airflow/.local/lib/python3.12/site-packages/airflow/example_dags/example_latest_only_with_trigger.py
[2024-08-24T09:49:03.416+0000] {processor.py:925} INFO - DAG(s) 'latest_only_with_trigger' retrieved from /home/airflow/.local/lib/python3.12/site-packages/airflow/example_dags/example_latest_only_with_trigger.py
[2024-08-24T09:49:03.464+0000] {logging_mixin.py:190} INFO - [2024-08-24T09:49:03.463+0000] {dag.py:3211} INFO - Sync 1 DAGs
[2024-08-24T09:49:03.514+0000] {logging_mixin.py:190} INFO - [2024-08-24T09:49:03.514+0000] {dag.py:4138} INFO - Setting next_dagrun for latest_only_with_trigger to 2024-08-24 04:00:00+00:00, run_after=2024-08-24 08:00:00+00:00
[2024-08-24T09:49:03.542+0000] {processor.py:208} INFO - Processing /home/airflow/.local/lib/python3.12/site-packages/airflow/example_dags/example_latest_only_with_trigger.py took 0.161 seconds
[2024-08-24T09:49:33.959+0000] {processor.py:186} INFO - Started process (PID=388) to work on /home/airflow/.local/lib/python3.12/site-packages/airflow/example_dags/example_latest_only_with_trigger.py
[2024-08-24T09:49:33.960+0000] {processor.py:914} INFO - Processing file /home/airflow/.local/lib/python3.12/site-packages/airflow/example_dags/example_latest_only_with_trigger.py for tasks to queue
[2024-08-24T09:49:33.962+0000] {logging_mixin.py:190} INFO - [2024-08-24T09:49:33.962+0000] {dagbag.py:587} INFO - Filling up the DagBag from /home/airflow/.local/lib/python3.12/site-packages/airflow/example_dags/example_latest_only_with_trigger.py
[2024-08-24T09:49:33.971+0000] {processor.py:925} INFO - DAG(s) 'latest_only_with_trigger' retrieved from /home/airflow/.local/lib/python3.12/site-packages/airflow/example_dags/example_latest_only_with_trigger.py
[2024-08-24T09:49:33.993+0000] {logging_mixin.py:190} INFO - [2024-08-24T09:49:33.993+0000] {dag.py:3211} INFO - Sync 1 DAGs
[2024-08-24T09:49:34.019+0000] {logging_mixin.py:190} INFO - [2024-08-24T09:49:34.018+0000] {dag.py:4138} INFO - Setting next_dagrun for latest_only_with_trigger to 2024-08-24 04:00:00+00:00, run_after=2024-08-24 08:00:00+00:00
[2024-08-24T09:49:34.043+0000] {processor.py:208} INFO - Processing /home/airflow/.local/lib/python3.12/site-packages/airflow/example_dags/example_latest_only_with_trigger.py took 0.089 seconds
[2024-08-24T09:50:04.833+0000] {processor.py:186} INFO - Started process (PID=451) to work on /home/airflow/.local/lib/python3.12/site-packages/airflow/example_dags/example_latest_only_with_trigger.py
[2024-08-24T09:50:04.834+0000] {processor.py:914} INFO - Processing file /home/airflow/.local/lib/python3.12/site-packages/airflow/example_dags/example_latest_only_with_trigger.py for tasks to queue
[2024-08-24T09:50:04.837+0000] {logging_mixin.py:190} INFO - [2024-08-24T09:50:04.836+0000] {dagbag.py:587} INFO - Filling up the DagBag from /home/airflow/.local/lib/python3.12/site-packages/airflow/example_dags/example_latest_only_with_trigger.py
[2024-08-24T09:50:04.845+0000] {processor.py:925} INFO - DAG(s) 'latest_only_with_trigger' retrieved from /home/airflow/.local/lib/python3.12/site-packages/airflow/example_dags/example_latest_only_with_trigger.py
[2024-08-24T09:50:04.868+0000] {logging_mixin.py:190} INFO - [2024-08-24T09:50:04.868+0000] {dag.py:3211} INFO - Sync 1 DAGs
[2024-08-24T09:50:04.895+0000] {logging_mixin.py:190} INFO - [2024-08-24T09:50:04.895+0000] {dag.py:4138} INFO - Setting next_dagrun for latest_only_with_trigger to 2024-08-24 04:00:00+00:00, run_after=2024-08-24 08:00:00+00:00
[2024-08-24T09:50:04.913+0000] {processor.py:208} INFO - Processing /home/airflow/.local/lib/python3.12/site-packages/airflow/example_dags/example_latest_only_with_trigger.py took 0.086 seconds
[2024-08-24T09:50:35.493+0000] {processor.py:186} INFO - Started process (PID=514) to work on /home/airflow/.local/lib/python3.12/site-packages/airflow/example_dags/example_latest_only_with_trigger.py
[2024-08-24T09:50:35.494+0000] {processor.py:914} INFO - Processing file /home/airflow/.local/lib/python3.12/site-packages/airflow/example_dags/example_latest_only_with_trigger.py for tasks to queue
[2024-08-24T09:50:35.497+0000] {logging_mixin.py:190} INFO - [2024-08-24T09:50:35.496+0000] {dagbag.py:587} INFO - Filling up the DagBag from /home/airflow/.local/lib/python3.12/site-packages/airflow/example_dags/example_latest_only_with_trigger.py
[2024-08-24T09:50:35.505+0000] {processor.py:925} INFO - DAG(s) 'latest_only_with_trigger' retrieved from /home/airflow/.local/lib/python3.12/site-packages/airflow/example_dags/example_latest_only_with_trigger.py
[2024-08-24T09:50:35.531+0000] {logging_mixin.py:190} INFO - [2024-08-24T09:50:35.531+0000] {dag.py:3211} INFO - Sync 1 DAGs
[2024-08-24T09:50:35.565+0000] {logging_mixin.py:190} INFO - [2024-08-24T09:50:35.565+0000] {dag.py:4138} INFO - Setting next_dagrun for latest_only_with_trigger to 2024-08-24 04:00:00+00:00, run_after=2024-08-24 08:00:00+00:00
[2024-08-24T09:50:35.597+0000] {processor.py:208} INFO - Processing /home/airflow/.local/lib/python3.12/site-packages/airflow/example_dags/example_latest_only_with_trigger.py took 0.111 seconds
[2024-08-24T09:51:05.896+0000] {processor.py:186} INFO - Started process (PID=577) to work on /home/airflow/.local/lib/python3.12/site-packages/airflow/example_dags/example_latest_only_with_trigger.py
[2024-08-24T09:51:05.897+0000] {processor.py:914} INFO - Processing file /home/airflow/.local/lib/python3.12/site-packages/airflow/example_dags/example_latest_only_with_trigger.py for tasks to queue
[2024-08-24T09:51:05.899+0000] {logging_mixin.py:190} INFO - [2024-08-24T09:51:05.899+0000] {dagbag.py:587} INFO - Filling up the DagBag from /home/airflow/.local/lib/python3.12/site-packages/airflow/example_dags/example_latest_only_with_trigger.py
[2024-08-24T09:51:05.907+0000] {processor.py:925} INFO - DAG(s) 'latest_only_with_trigger' retrieved from /home/airflow/.local/lib/python3.12/site-packages/airflow/example_dags/example_latest_only_with_trigger.py
[2024-08-24T09:51:05.934+0000] {logging_mixin.py:190} INFO - [2024-08-24T09:51:05.933+0000] {dag.py:3211} INFO - Sync 1 DAGs
[2024-08-24T09:51:05.960+0000] {logging_mixin.py:190} INFO - [2024-08-24T09:51:05.960+0000] {dag.py:4138} INFO - Setting next_dagrun for latest_only_with_trigger to 2024-08-24 04:00:00+00:00, run_after=2024-08-24 08:00:00+00:00
[2024-08-24T09:51:05.978+0000] {processor.py:208} INFO - Processing /home/airflow/.local/lib/python3.12/site-packages/airflow/example_dags/example_latest_only_with_trigger.py took 0.089 seconds
[2024-08-24T09:51:36.491+0000] {processor.py:186} INFO - Started process (PID=641) to work on /home/airflow/.local/lib/python3.12/site-packages/airflow/example_dags/example_latest_only_with_trigger.py
[2024-08-24T09:51:36.492+0000] {processor.py:914} INFO - Processing file /home/airflow/.local/lib/python3.12/site-packages/airflow/example_dags/example_latest_only_with_trigger.py for tasks to queue
[2024-08-24T09:51:36.495+0000] {logging_mixin.py:190} INFO - [2024-08-24T09:51:36.494+0000] {dagbag.py:587} INFO - Filling up the DagBag from /home/airflow/.local/lib/python3.12/site-packages/airflow/example_dags/example_latest_only_with_trigger.py
[2024-08-24T09:51:36.502+0000] {processor.py:925} INFO - DAG(s) 'latest_only_with_trigger' retrieved from /home/airflow/.local/lib/python3.12/site-packages/airflow/example_dags/example_latest_only_with_trigger.py
[2024-08-24T09:51:36.527+0000] {logging_mixin.py:190} INFO - [2024-08-24T09:51:36.527+0000] {dag.py:3211} INFO - Sync 1 DAGs
[2024-08-24T09:51:36.552+0000] {logging_mixin.py:190} INFO - [2024-08-24T09:51:36.552+0000] {dag.py:4138} INFO - Setting next_dagrun for latest_only_with_trigger to 2024-08-24 04:00:00+00:00, run_after=2024-08-24 08:00:00+00:00
[2024-08-24T09:51:36.580+0000] {processor.py:208} INFO - Processing /home/airflow/.local/lib/python3.12/site-packages/airflow/example_dags/example_latest_only_with_trigger.py took 0.098 seconds
