[2024-08-24T09:47:02.462+0000] {processor.py:186} INFO - Started process (PID=81) to work on /home/airflow/.local/lib/python3.12/site-packages/airflow/example_dags/example_dataset_alias_with_no_taskflow.py
[2024-08-24T09:47:02.464+0000] {processor.py:914} INFO - Processing file /home/airflow/.local/lib/python3.12/site-packages/airflow/example_dags/example_dataset_alias_with_no_taskflow.py for tasks to queue
[2024-08-24T09:47:02.467+0000] {logging_mixin.py:190} INFO - [2024-08-24T09:47:02.467+0000] {dagbag.py:587} INFO - Filling up the DagBag from /home/airflow/.local/lib/python3.12/site-packages/airflow/example_dags/example_dataset_alias_with_no_taskflow.py
[2024-08-24T09:47:03.278+0000] {processor.py:925} INFO - DAG(s) 'dataset_s3_bucket_consumer_with_no_taskflow', 'dataset_alias_example_alias_consumer_with_no_taskflow', 'dataset_alias_example_alias_producer_with_no_taskflow', 'dataset_s3_bucket_producer_with_no_taskflow' retrieved from /home/airflow/.local/lib/python3.12/site-packages/airflow/example_dags/example_dataset_alias_with_no_taskflow.py
[2024-08-24T09:47:03.433+0000] {logging_mixin.py:190} INFO - [2024-08-24T09:47:03.431+0000] {override.py:1858} INFO - Created Permission View: can delete on DAG:dataset_s3_bucket_consumer_with_no_taskflow
[2024-08-24T09:47:03.447+0000] {logging_mixin.py:190} INFO - [2024-08-24T09:47:03.447+0000] {override.py:1858} INFO - Created Permission View: can edit on DAG:dataset_s3_bucket_consumer_with_no_taskflow
[2024-08-24T09:47:03.459+0000] {logging_mixin.py:190} INFO - [2024-08-24T09:47:03.458+0000] {override.py:1858} INFO - Created Permission View: can read on DAG:dataset_s3_bucket_consumer_with_no_taskflow
[2024-08-24T09:47:03.480+0000] {logging_mixin.py:190} INFO - [2024-08-24T09:47:03.479+0000] {override.py:1858} INFO - Created Permission View: can delete on DAG:dataset_alias_example_alias_consumer_with_no_taskflow
[2024-08-24T09:47:03.496+0000] {logging_mixin.py:190} INFO - [2024-08-24T09:47:03.491+0000] {override.py:1858} INFO - Created Permission View: can edit on DAG:dataset_alias_example_alias_consumer_with_no_taskflow
[2024-08-24T09:47:03.508+0000] {logging_mixin.py:190} INFO - [2024-08-24T09:47:03.508+0000] {override.py:1858} INFO - Created Permission View: can read on DAG:dataset_alias_example_alias_consumer_with_no_taskflow
[2024-08-24T09:47:03.529+0000] {logging_mixin.py:190} INFO - [2024-08-24T09:47:03.528+0000] {override.py:1858} INFO - Created Permission View: can delete on DAG:dataset_alias_example_alias_producer_with_no_taskflow
[2024-08-24T09:47:03.540+0000] {logging_mixin.py:190} INFO - [2024-08-24T09:47:03.540+0000] {override.py:1858} INFO - Created Permission View: can edit on DAG:dataset_alias_example_alias_producer_with_no_taskflow
[2024-08-24T09:47:03.550+0000] {logging_mixin.py:190} INFO - [2024-08-24T09:47:03.550+0000] {override.py:1858} INFO - Created Permission View: can read on DAG:dataset_alias_example_alias_producer_with_no_taskflow
[2024-08-24T09:47:03.572+0000] {logging_mixin.py:190} INFO - [2024-08-24T09:47:03.572+0000] {override.py:1858} INFO - Created Permission View: can delete on DAG:dataset_s3_bucket_producer_with_no_taskflow
[2024-08-24T09:47:03.583+0000] {logging_mixin.py:190} INFO - [2024-08-24T09:47:03.582+0000] {override.py:1858} INFO - Created Permission View: can edit on DAG:dataset_s3_bucket_producer_with_no_taskflow
[2024-08-24T09:47:03.601+0000] {logging_mixin.py:190} INFO - [2024-08-24T09:47:03.601+0000] {override.py:1858} INFO - Created Permission View: can read on DAG:dataset_s3_bucket_producer_with_no_taskflow
[2024-08-24T09:47:03.602+0000] {logging_mixin.py:190} INFO - [2024-08-24T09:47:03.602+0000] {dag.py:3211} INFO - Sync 4 DAGs
[2024-08-24T09:47:03.628+0000] {logging_mixin.py:190} INFO - [2024-08-24T09:47:03.628+0000] {dag.py:3234} INFO - Creating ORM DAG for dataset_alias_example_alias_producer_with_no_taskflow
[2024-08-24T09:47:03.630+0000] {logging_mixin.py:190} INFO - [2024-08-24T09:47:03.629+0000] {dag.py:3234} INFO - Creating ORM DAG for dataset_s3_bucket_producer_with_no_taskflow
[2024-08-24T09:47:03.631+0000] {logging_mixin.py:190} INFO - [2024-08-24T09:47:03.631+0000] {dag.py:3234} INFO - Creating ORM DAG for dataset_s3_bucket_consumer_with_no_taskflow
[2024-08-24T09:47:03.634+0000] {logging_mixin.py:190} INFO - [2024-08-24T09:47:03.632+0000] {dag.py:3234} INFO - Creating ORM DAG for dataset_alias_example_alias_consumer_with_no_taskflow
[2024-08-24T09:47:03.651+0000] {logging_mixin.py:190} INFO - [2024-08-24T09:47:03.650+0000] {dag.py:4138} INFO - Setting next_dagrun for dataset_alias_example_alias_consumer_with_no_taskflow to None, run_after=None
[2024-08-24T09:47:03.652+0000] {logging_mixin.py:190} INFO - [2024-08-24T09:47:03.652+0000] {dag.py:4138} INFO - Setting next_dagrun for dataset_alias_example_alias_producer_with_no_taskflow to None, run_after=None
[2024-08-24T09:47:03.653+0000] {logging_mixin.py:190} INFO - [2024-08-24T09:47:03.653+0000] {dag.py:4138} INFO - Setting next_dagrun for dataset_s3_bucket_consumer_with_no_taskflow to None, run_after=None
[2024-08-24T09:47:03.655+0000] {logging_mixin.py:190} INFO - [2024-08-24T09:47:03.655+0000] {dag.py:4138} INFO - Setting next_dagrun for dataset_s3_bucket_producer_with_no_taskflow to None, run_after=None
[2024-08-24T09:47:03.708+0000] {processor.py:208} INFO - Processing /home/airflow/.local/lib/python3.12/site-packages/airflow/example_dags/example_dataset_alias_with_no_taskflow.py took 1.255 seconds
[2024-08-24T09:47:34.736+0000] {processor.py:186} INFO - Started process (PID=144) to work on /home/airflow/.local/lib/python3.12/site-packages/airflow/example_dags/example_dataset_alias_with_no_taskflow.py
[2024-08-24T09:47:34.736+0000] {processor.py:914} INFO - Processing file /home/airflow/.local/lib/python3.12/site-packages/airflow/example_dags/example_dataset_alias_with_no_taskflow.py for tasks to queue
[2024-08-24T09:47:34.739+0000] {logging_mixin.py:190} INFO - [2024-08-24T09:47:34.738+0000] {dagbag.py:587} INFO - Filling up the DagBag from /home/airflow/.local/lib/python3.12/site-packages/airflow/example_dags/example_dataset_alias_with_no_taskflow.py
[2024-08-24T09:47:34.887+0000] {processor.py:925} INFO - DAG(s) 'dataset_s3_bucket_consumer_with_no_taskflow', 'dataset_s3_bucket_producer_with_no_taskflow', 'dataset_alias_example_alias_producer_with_no_taskflow', 'dataset_alias_example_alias_consumer_with_no_taskflow' retrieved from /home/airflow/.local/lib/python3.12/site-packages/airflow/example_dags/example_dataset_alias_with_no_taskflow.py
[2024-08-24T09:47:34.914+0000] {logging_mixin.py:190} INFO - [2024-08-24T09:47:34.913+0000] {dag.py:3211} INFO - Sync 4 DAGs
[2024-08-24T09:47:34.936+0000] {logging_mixin.py:190} INFO - [2024-08-24T09:47:34.936+0000] {dag.py:4138} INFO - Setting next_dagrun for dataset_alias_example_alias_consumer_with_no_taskflow to None, run_after=None
[2024-08-24T09:47:34.939+0000] {logging_mixin.py:190} INFO - [2024-08-24T09:47:34.939+0000] {dag.py:4138} INFO - Setting next_dagrun for dataset_alias_example_alias_producer_with_no_taskflow to None, run_after=None
[2024-08-24T09:47:34.940+0000] {logging_mixin.py:190} INFO - [2024-08-24T09:47:34.940+0000] {dag.py:4138} INFO - Setting next_dagrun for dataset_s3_bucket_consumer_with_no_taskflow to None, run_after=None
[2024-08-24T09:47:34.942+0000] {logging_mixin.py:190} INFO - [2024-08-24T09:47:34.942+0000] {dag.py:4138} INFO - Setting next_dagrun for dataset_s3_bucket_producer_with_no_taskflow to None, run_after=None
[2024-08-24T09:47:34.966+0000] {processor.py:208} INFO - Processing /home/airflow/.local/lib/python3.12/site-packages/airflow/example_dags/example_dataset_alias_with_no_taskflow.py took 0.236 seconds
[2024-08-24T09:48:05.499+0000] {processor.py:186} INFO - Started process (PID=207) to work on /home/airflow/.local/lib/python3.12/site-packages/airflow/example_dags/example_dataset_alias_with_no_taskflow.py
[2024-08-24T09:48:05.500+0000] {processor.py:914} INFO - Processing file /home/airflow/.local/lib/python3.12/site-packages/airflow/example_dags/example_dataset_alias_with_no_taskflow.py for tasks to queue
[2024-08-24T09:48:05.505+0000] {logging_mixin.py:190} INFO - [2024-08-24T09:48:05.505+0000] {dagbag.py:587} INFO - Filling up the DagBag from /home/airflow/.local/lib/python3.12/site-packages/airflow/example_dags/example_dataset_alias_with_no_taskflow.py
[2024-08-24T09:48:05.778+0000] {processor.py:925} INFO - DAG(s) 'dataset_s3_bucket_consumer_with_no_taskflow', 'dataset_alias_example_alias_consumer_with_no_taskflow', 'dataset_alias_example_alias_producer_with_no_taskflow', 'dataset_s3_bucket_producer_with_no_taskflow' retrieved from /home/airflow/.local/lib/python3.12/site-packages/airflow/example_dags/example_dataset_alias_with_no_taskflow.py
[2024-08-24T09:48:05.822+0000] {logging_mixin.py:190} INFO - [2024-08-24T09:48:05.821+0000] {dag.py:3211} INFO - Sync 4 DAGs
[2024-08-24T09:48:05.860+0000] {logging_mixin.py:190} INFO - [2024-08-24T09:48:05.860+0000] {dag.py:4138} INFO - Setting next_dagrun for dataset_alias_example_alias_consumer_with_no_taskflow to None, run_after=None
[2024-08-24T09:48:05.865+0000] {logging_mixin.py:190} INFO - [2024-08-24T09:48:05.864+0000] {dag.py:4138} INFO - Setting next_dagrun for dataset_alias_example_alias_producer_with_no_taskflow to None, run_after=None
[2024-08-24T09:48:05.867+0000] {logging_mixin.py:190} INFO - [2024-08-24T09:48:05.867+0000] {dag.py:4138} INFO - Setting next_dagrun for dataset_s3_bucket_consumer_with_no_taskflow to None, run_after=None
[2024-08-24T09:48:05.870+0000] {logging_mixin.py:190} INFO - [2024-08-24T09:48:05.870+0000] {dag.py:4138} INFO - Setting next_dagrun for dataset_s3_bucket_producer_with_no_taskflow to None, run_after=None
[2024-08-24T09:48:05.907+0000] {processor.py:208} INFO - Processing /home/airflow/.local/lib/python3.12/site-packages/airflow/example_dags/example_dataset_alias_with_no_taskflow.py took 0.416 seconds
[2024-08-24T09:48:36.577+0000] {processor.py:186} INFO - Started process (PID=270) to work on /home/airflow/.local/lib/python3.12/site-packages/airflow/example_dags/example_dataset_alias_with_no_taskflow.py
[2024-08-24T09:48:36.579+0000] {processor.py:914} INFO - Processing file /home/airflow/.local/lib/python3.12/site-packages/airflow/example_dags/example_dataset_alias_with_no_taskflow.py for tasks to queue
[2024-08-24T09:48:36.581+0000] {logging_mixin.py:190} INFO - [2024-08-24T09:48:36.581+0000] {dagbag.py:587} INFO - Filling up the DagBag from /home/airflow/.local/lib/python3.12/site-packages/airflow/example_dags/example_dataset_alias_with_no_taskflow.py
[2024-08-24T09:48:36.799+0000] {processor.py:925} INFO - DAG(s) 'dataset_s3_bucket_consumer_with_no_taskflow', 'dataset_alias_example_alias_producer_with_no_taskflow', 'dataset_s3_bucket_producer_with_no_taskflow', 'dataset_alias_example_alias_consumer_with_no_taskflow' retrieved from /home/airflow/.local/lib/python3.12/site-packages/airflow/example_dags/example_dataset_alias_with_no_taskflow.py
[2024-08-24T09:48:36.839+0000] {logging_mixin.py:190} INFO - [2024-08-24T09:48:36.838+0000] {dag.py:3211} INFO - Sync 4 DAGs
[2024-08-24T09:48:36.903+0000] {logging_mixin.py:190} INFO - [2024-08-24T09:48:36.902+0000] {dag.py:4138} INFO - Setting next_dagrun for dataset_alias_example_alias_consumer_with_no_taskflow to None, run_after=None
[2024-08-24T09:48:36.911+0000] {logging_mixin.py:190} INFO - [2024-08-24T09:48:36.910+0000] {dag.py:4138} INFO - Setting next_dagrun for dataset_alias_example_alias_producer_with_no_taskflow to None, run_after=None
[2024-08-24T09:48:36.916+0000] {logging_mixin.py:190} INFO - [2024-08-24T09:48:36.915+0000] {dag.py:4138} INFO - Setting next_dagrun for dataset_s3_bucket_consumer_with_no_taskflow to None, run_after=None
[2024-08-24T09:48:36.920+0000] {logging_mixin.py:190} INFO - [2024-08-24T09:48:36.920+0000] {dag.py:4138} INFO - Setting next_dagrun for dataset_s3_bucket_producer_with_no_taskflow to None, run_after=None
[2024-08-24T09:48:36.959+0000] {processor.py:208} INFO - Processing /home/airflow/.local/lib/python3.12/site-packages/airflow/example_dags/example_dataset_alias_with_no_taskflow.py took 0.388 seconds
[2024-08-24T09:49:07.040+0000] {processor.py:186} INFO - Started process (PID=333) to work on /home/airflow/.local/lib/python3.12/site-packages/airflow/example_dags/example_dataset_alias_with_no_taskflow.py
[2024-08-24T09:49:07.041+0000] {processor.py:914} INFO - Processing file /home/airflow/.local/lib/python3.12/site-packages/airflow/example_dags/example_dataset_alias_with_no_taskflow.py for tasks to queue
[2024-08-24T09:49:07.043+0000] {logging_mixin.py:190} INFO - [2024-08-24T09:49:07.043+0000] {dagbag.py:587} INFO - Filling up the DagBag from /home/airflow/.local/lib/python3.12/site-packages/airflow/example_dags/example_dataset_alias_with_no_taskflow.py
[2024-08-24T09:49:07.185+0000] {processor.py:925} INFO - DAG(s) 'dataset_alias_example_alias_producer_with_no_taskflow', 'dataset_s3_bucket_consumer_with_no_taskflow', 'dataset_s3_bucket_producer_with_no_taskflow', 'dataset_alias_example_alias_consumer_with_no_taskflow' retrieved from /home/airflow/.local/lib/python3.12/site-packages/airflow/example_dags/example_dataset_alias_with_no_taskflow.py
[2024-08-24T09:49:07.209+0000] {logging_mixin.py:190} INFO - [2024-08-24T09:49:07.209+0000] {dag.py:3211} INFO - Sync 4 DAGs
[2024-08-24T09:49:07.231+0000] {logging_mixin.py:190} INFO - [2024-08-24T09:49:07.230+0000] {dag.py:4138} INFO - Setting next_dagrun for dataset_alias_example_alias_consumer_with_no_taskflow to None, run_after=None
[2024-08-24T09:49:07.233+0000] {logging_mixin.py:190} INFO - [2024-08-24T09:49:07.233+0000] {dag.py:4138} INFO - Setting next_dagrun for dataset_alias_example_alias_producer_with_no_taskflow to None, run_after=None
[2024-08-24T09:49:07.235+0000] {logging_mixin.py:190} INFO - [2024-08-24T09:49:07.235+0000] {dag.py:4138} INFO - Setting next_dagrun for dataset_s3_bucket_consumer_with_no_taskflow to None, run_after=None
[2024-08-24T09:49:07.236+0000] {logging_mixin.py:190} INFO - [2024-08-24T09:49:07.236+0000] {dag.py:4138} INFO - Setting next_dagrun for dataset_s3_bucket_producer_with_no_taskflow to None, run_after=None
[2024-08-24T09:49:07.266+0000] {processor.py:208} INFO - Processing /home/airflow/.local/lib/python3.12/site-packages/airflow/example_dags/example_dataset_alias_with_no_taskflow.py took 0.230 seconds
[2024-08-24T09:49:37.488+0000] {processor.py:186} INFO - Started process (PID=396) to work on /home/airflow/.local/lib/python3.12/site-packages/airflow/example_dags/example_dataset_alias_with_no_taskflow.py
[2024-08-24T09:49:37.490+0000] {processor.py:914} INFO - Processing file /home/airflow/.local/lib/python3.12/site-packages/airflow/example_dags/example_dataset_alias_with_no_taskflow.py for tasks to queue
[2024-08-24T09:49:37.494+0000] {logging_mixin.py:190} INFO - [2024-08-24T09:49:37.494+0000] {dagbag.py:587} INFO - Filling up the DagBag from /home/airflow/.local/lib/python3.12/site-packages/airflow/example_dags/example_dataset_alias_with_no_taskflow.py
[2024-08-24T09:49:37.705+0000] {processor.py:925} INFO - DAG(s) 'dataset_s3_bucket_consumer_with_no_taskflow', 'dataset_alias_example_alias_producer_with_no_taskflow', 'dataset_s3_bucket_producer_with_no_taskflow', 'dataset_alias_example_alias_consumer_with_no_taskflow' retrieved from /home/airflow/.local/lib/python3.12/site-packages/airflow/example_dags/example_dataset_alias_with_no_taskflow.py
[2024-08-24T09:49:37.740+0000] {logging_mixin.py:190} INFO - [2024-08-24T09:49:37.739+0000] {dag.py:3211} INFO - Sync 4 DAGs
[2024-08-24T09:49:37.770+0000] {logging_mixin.py:190} INFO - [2024-08-24T09:49:37.769+0000] {dag.py:4138} INFO - Setting next_dagrun for dataset_alias_example_alias_consumer_with_no_taskflow to None, run_after=None
[2024-08-24T09:49:37.773+0000] {logging_mixin.py:190} INFO - [2024-08-24T09:49:37.773+0000] {dag.py:4138} INFO - Setting next_dagrun for dataset_alias_example_alias_producer_with_no_taskflow to None, run_after=None
[2024-08-24T09:49:37.775+0000] {logging_mixin.py:190} INFO - [2024-08-24T09:49:37.775+0000] {dag.py:4138} INFO - Setting next_dagrun for dataset_s3_bucket_consumer_with_no_taskflow to None, run_after=None
[2024-08-24T09:49:37.777+0000] {logging_mixin.py:190} INFO - [2024-08-24T09:49:37.777+0000] {dag.py:4138} INFO - Setting next_dagrun for dataset_s3_bucket_producer_with_no_taskflow to None, run_after=None
[2024-08-24T09:49:37.810+0000] {processor.py:208} INFO - Processing /home/airflow/.local/lib/python3.12/site-packages/airflow/example_dags/example_dataset_alias_with_no_taskflow.py took 0.331 seconds
[2024-08-24T09:50:08.326+0000] {processor.py:186} INFO - Started process (PID=459) to work on /home/airflow/.local/lib/python3.12/site-packages/airflow/example_dags/example_dataset_alias_with_no_taskflow.py
[2024-08-24T09:50:08.327+0000] {processor.py:914} INFO - Processing file /home/airflow/.local/lib/python3.12/site-packages/airflow/example_dags/example_dataset_alias_with_no_taskflow.py for tasks to queue
[2024-08-24T09:50:08.329+0000] {logging_mixin.py:190} INFO - [2024-08-24T09:50:08.329+0000] {dagbag.py:587} INFO - Filling up the DagBag from /home/airflow/.local/lib/python3.12/site-packages/airflow/example_dags/example_dataset_alias_with_no_taskflow.py
[2024-08-24T09:50:08.466+0000] {processor.py:925} INFO - DAG(s) 'dataset_alias_example_alias_consumer_with_no_taskflow', 'dataset_alias_example_alias_producer_with_no_taskflow', 'dataset_s3_bucket_producer_with_no_taskflow', 'dataset_s3_bucket_consumer_with_no_taskflow' retrieved from /home/airflow/.local/lib/python3.12/site-packages/airflow/example_dags/example_dataset_alias_with_no_taskflow.py
[2024-08-24T09:50:08.487+0000] {logging_mixin.py:190} INFO - [2024-08-24T09:50:08.486+0000] {dag.py:3211} INFO - Sync 4 DAGs
[2024-08-24T09:50:08.510+0000] {logging_mixin.py:190} INFO - [2024-08-24T09:50:08.510+0000] {dag.py:4138} INFO - Setting next_dagrun for dataset_alias_example_alias_consumer_with_no_taskflow to None, run_after=None
[2024-08-24T09:50:08.513+0000] {logging_mixin.py:190} INFO - [2024-08-24T09:50:08.513+0000] {dag.py:4138} INFO - Setting next_dagrun for dataset_alias_example_alias_producer_with_no_taskflow to None, run_after=None
[2024-08-24T09:50:08.515+0000] {logging_mixin.py:190} INFO - [2024-08-24T09:50:08.514+0000] {dag.py:4138} INFO - Setting next_dagrun for dataset_s3_bucket_consumer_with_no_taskflow to None, run_after=None
[2024-08-24T09:50:08.516+0000] {logging_mixin.py:190} INFO - [2024-08-24T09:50:08.516+0000] {dag.py:4138} INFO - Setting next_dagrun for dataset_s3_bucket_producer_with_no_taskflow to None, run_after=None
[2024-08-24T09:50:08.536+0000] {processor.py:208} INFO - Processing /home/airflow/.local/lib/python3.12/site-packages/airflow/example_dags/example_dataset_alias_with_no_taskflow.py took 0.215 seconds
[2024-08-24T09:50:39.039+0000] {processor.py:186} INFO - Started process (PID=522) to work on /home/airflow/.local/lib/python3.12/site-packages/airflow/example_dags/example_dataset_alias_with_no_taskflow.py
[2024-08-24T09:50:39.040+0000] {processor.py:914} INFO - Processing file /home/airflow/.local/lib/python3.12/site-packages/airflow/example_dags/example_dataset_alias_with_no_taskflow.py for tasks to queue
[2024-08-24T09:50:39.043+0000] {logging_mixin.py:190} INFO - [2024-08-24T09:50:39.042+0000] {dagbag.py:587} INFO - Filling up the DagBag from /home/airflow/.local/lib/python3.12/site-packages/airflow/example_dags/example_dataset_alias_with_no_taskflow.py
[2024-08-24T09:50:39.223+0000] {processor.py:925} INFO - DAG(s) 'dataset_alias_example_alias_consumer_with_no_taskflow', 'dataset_alias_example_alias_producer_with_no_taskflow', 'dataset_s3_bucket_producer_with_no_taskflow', 'dataset_s3_bucket_consumer_with_no_taskflow' retrieved from /home/airflow/.local/lib/python3.12/site-packages/airflow/example_dags/example_dataset_alias_with_no_taskflow.py
[2024-08-24T09:50:39.245+0000] {logging_mixin.py:190} INFO - [2024-08-24T09:50:39.245+0000] {dag.py:3211} INFO - Sync 4 DAGs
[2024-08-24T09:50:39.269+0000] {logging_mixin.py:190} INFO - [2024-08-24T09:50:39.269+0000] {dag.py:4138} INFO - Setting next_dagrun for dataset_alias_example_alias_consumer_with_no_taskflow to None, run_after=None
[2024-08-24T09:50:39.272+0000] {logging_mixin.py:190} INFO - [2024-08-24T09:50:39.272+0000] {dag.py:4138} INFO - Setting next_dagrun for dataset_alias_example_alias_producer_with_no_taskflow to None, run_after=None
[2024-08-24T09:50:39.274+0000] {logging_mixin.py:190} INFO - [2024-08-24T09:50:39.274+0000] {dag.py:4138} INFO - Setting next_dagrun for dataset_s3_bucket_consumer_with_no_taskflow to None, run_after=None
[2024-08-24T09:50:39.275+0000] {logging_mixin.py:190} INFO - [2024-08-24T09:50:39.275+0000] {dag.py:4138} INFO - Setting next_dagrun for dataset_s3_bucket_producer_with_no_taskflow to None, run_after=None
[2024-08-24T09:50:39.303+0000] {processor.py:208} INFO - Processing /home/airflow/.local/lib/python3.12/site-packages/airflow/example_dags/example_dataset_alias_with_no_taskflow.py took 0.269 seconds
[2024-08-24T09:51:09.454+0000] {processor.py:186} INFO - Started process (PID=585) to work on /home/airflow/.local/lib/python3.12/site-packages/airflow/example_dags/example_dataset_alias_with_no_taskflow.py
[2024-08-24T09:51:09.456+0000] {processor.py:914} INFO - Processing file /home/airflow/.local/lib/python3.12/site-packages/airflow/example_dags/example_dataset_alias_with_no_taskflow.py for tasks to queue
[2024-08-24T09:51:09.459+0000] {logging_mixin.py:190} INFO - [2024-08-24T09:51:09.458+0000] {dagbag.py:587} INFO - Filling up the DagBag from /home/airflow/.local/lib/python3.12/site-packages/airflow/example_dags/example_dataset_alias_with_no_taskflow.py
[2024-08-24T09:51:09.629+0000] {processor.py:925} INFO - DAG(s) 'dataset_s3_bucket_producer_with_no_taskflow', 'dataset_s3_bucket_consumer_with_no_taskflow', 'dataset_alias_example_alias_producer_with_no_taskflow', 'dataset_alias_example_alias_consumer_with_no_taskflow' retrieved from /home/airflow/.local/lib/python3.12/site-packages/airflow/example_dags/example_dataset_alias_with_no_taskflow.py
[2024-08-24T09:51:09.651+0000] {logging_mixin.py:190} INFO - [2024-08-24T09:51:09.651+0000] {dag.py:3211} INFO - Sync 4 DAGs
[2024-08-24T09:51:09.675+0000] {logging_mixin.py:190} INFO - [2024-08-24T09:51:09.675+0000] {dag.py:4138} INFO - Setting next_dagrun for dataset_alias_example_alias_consumer_with_no_taskflow to None, run_after=None
[2024-08-24T09:51:09.678+0000] {logging_mixin.py:190} INFO - [2024-08-24T09:51:09.678+0000] {dag.py:4138} INFO - Setting next_dagrun for dataset_alias_example_alias_producer_with_no_taskflow to None, run_after=None
[2024-08-24T09:51:09.680+0000] {logging_mixin.py:190} INFO - [2024-08-24T09:51:09.679+0000] {dag.py:4138} INFO - Setting next_dagrun for dataset_s3_bucket_consumer_with_no_taskflow to None, run_after=None
[2024-08-24T09:51:09.681+0000] {logging_mixin.py:190} INFO - [2024-08-24T09:51:09.681+0000] {dag.py:4138} INFO - Setting next_dagrun for dataset_s3_bucket_producer_with_no_taskflow to None, run_after=None
[2024-08-24T09:51:09.706+0000] {processor.py:208} INFO - Processing /home/airflow/.local/lib/python3.12/site-packages/airflow/example_dags/example_dataset_alias_with_no_taskflow.py took 0.259 seconds
[2024-08-24T12:31:28.568+0000] {processor.py:186} INFO - Started process (PID=78) to work on /home/airflow/.local/lib/python3.12/site-packages/airflow/example_dags/example_dataset_alias_with_no_taskflow.py
[2024-08-24T12:31:28.572+0000] {processor.py:914} INFO - Processing file /home/airflow/.local/lib/python3.12/site-packages/airflow/example_dags/example_dataset_alias_with_no_taskflow.py for tasks to queue
[2024-08-24T12:31:28.579+0000] {logging_mixin.py:190} INFO - [2024-08-24T12:31:28.579+0000] {dagbag.py:587} INFO - Filling up the DagBag from /home/airflow/.local/lib/python3.12/site-packages/airflow/example_dags/example_dataset_alias_with_no_taskflow.py
[2024-08-24T12:31:28.979+0000] {processor.py:925} INFO - DAG(s) 'dataset_alias_example_alias_producer_with_no_taskflow', 'dataset_s3_bucket_producer_with_no_taskflow', 'dataset_s3_bucket_consumer_with_no_taskflow', 'dataset_alias_example_alias_consumer_with_no_taskflow' retrieved from /home/airflow/.local/lib/python3.12/site-packages/airflow/example_dags/example_dataset_alias_with_no_taskflow.py
[2024-08-24T12:31:29.016+0000] {logging_mixin.py:190} INFO - [2024-08-24T12:31:29.016+0000] {dag.py:3211} INFO - Sync 4 DAGs
[2024-08-24T12:31:29.047+0000] {logging_mixin.py:190} INFO - [2024-08-24T12:31:29.046+0000] {dag.py:4138} INFO - Setting next_dagrun for dataset_alias_example_alias_consumer_with_no_taskflow to None, run_after=None
[2024-08-24T12:31:29.050+0000] {logging_mixin.py:190} INFO - [2024-08-24T12:31:29.050+0000] {dag.py:4138} INFO - Setting next_dagrun for dataset_alias_example_alias_producer_with_no_taskflow to None, run_after=None
[2024-08-24T12:31:29.052+0000] {logging_mixin.py:190} INFO - [2024-08-24T12:31:29.052+0000] {dag.py:4138} INFO - Setting next_dagrun for dataset_s3_bucket_consumer_with_no_taskflow to None, run_after=None
[2024-08-24T12:31:29.054+0000] {logging_mixin.py:190} INFO - [2024-08-24T12:31:29.054+0000] {dag.py:4138} INFO - Setting next_dagrun for dataset_s3_bucket_producer_with_no_taskflow to None, run_after=None
[2024-08-24T12:31:29.084+0000] {processor.py:208} INFO - Processing /home/airflow/.local/lib/python3.12/site-packages/airflow/example_dags/example_dataset_alias_with_no_taskflow.py took 0.524 seconds
[2024-08-24T12:31:59.176+0000] {processor.py:186} INFO - Started process (PID=141) to work on /home/airflow/.local/lib/python3.12/site-packages/airflow/example_dags/example_dataset_alias_with_no_taskflow.py
[2024-08-24T12:31:59.177+0000] {processor.py:914} INFO - Processing file /home/airflow/.local/lib/python3.12/site-packages/airflow/example_dags/example_dataset_alias_with_no_taskflow.py for tasks to queue
[2024-08-24T12:31:59.179+0000] {logging_mixin.py:190} INFO - [2024-08-24T12:31:59.179+0000] {dagbag.py:587} INFO - Filling up the DagBag from /home/airflow/.local/lib/python3.12/site-packages/airflow/example_dags/example_dataset_alias_with_no_taskflow.py
[2024-08-24T12:31:59.316+0000] {processor.py:925} INFO - DAG(s) 'dataset_alias_example_alias_producer_with_no_taskflow', 'dataset_s3_bucket_producer_with_no_taskflow', 'dataset_alias_example_alias_consumer_with_no_taskflow', 'dataset_s3_bucket_consumer_with_no_taskflow' retrieved from /home/airflow/.local/lib/python3.12/site-packages/airflow/example_dags/example_dataset_alias_with_no_taskflow.py
[2024-08-24T12:31:59.339+0000] {logging_mixin.py:190} INFO - [2024-08-24T12:31:59.339+0000] {dag.py:3211} INFO - Sync 4 DAGs
[2024-08-24T12:31:59.358+0000] {logging_mixin.py:190} INFO - [2024-08-24T12:31:59.358+0000] {dag.py:4138} INFO - Setting next_dagrun for dataset_alias_example_alias_consumer_with_no_taskflow to None, run_after=None
[2024-08-24T12:31:59.361+0000] {logging_mixin.py:190} INFO - [2024-08-24T12:31:59.361+0000] {dag.py:4138} INFO - Setting next_dagrun for dataset_alias_example_alias_producer_with_no_taskflow to None, run_after=None
[2024-08-24T12:31:59.362+0000] {logging_mixin.py:190} INFO - [2024-08-24T12:31:59.362+0000] {dag.py:4138} INFO - Setting next_dagrun for dataset_s3_bucket_consumer_with_no_taskflow to None, run_after=None
[2024-08-24T12:31:59.364+0000] {logging_mixin.py:190} INFO - [2024-08-24T12:31:59.364+0000] {dag.py:4138} INFO - Setting next_dagrun for dataset_s3_bucket_producer_with_no_taskflow to None, run_after=None
[2024-08-24T12:31:59.385+0000] {processor.py:208} INFO - Processing /home/airflow/.local/lib/python3.12/site-packages/airflow/example_dags/example_dataset_alias_with_no_taskflow.py took 0.215 seconds
[2024-08-24T12:32:29.701+0000] {processor.py:186} INFO - Started process (PID=204) to work on /home/airflow/.local/lib/python3.12/site-packages/airflow/example_dags/example_dataset_alias_with_no_taskflow.py
[2024-08-24T12:32:29.702+0000] {processor.py:914} INFO - Processing file /home/airflow/.local/lib/python3.12/site-packages/airflow/example_dags/example_dataset_alias_with_no_taskflow.py for tasks to queue
[2024-08-24T12:32:29.704+0000] {logging_mixin.py:190} INFO - [2024-08-24T12:32:29.703+0000] {dagbag.py:587} INFO - Filling up the DagBag from /home/airflow/.local/lib/python3.12/site-packages/airflow/example_dags/example_dataset_alias_with_no_taskflow.py
[2024-08-24T12:32:29.845+0000] {processor.py:925} INFO - DAG(s) 'dataset_s3_bucket_consumer_with_no_taskflow', 'dataset_s3_bucket_producer_with_no_taskflow', 'dataset_alias_example_alias_producer_with_no_taskflow', 'dataset_alias_example_alias_consumer_with_no_taskflow' retrieved from /home/airflow/.local/lib/python3.12/site-packages/airflow/example_dags/example_dataset_alias_with_no_taskflow.py
[2024-08-24T12:32:29.873+0000] {logging_mixin.py:190} INFO - [2024-08-24T12:32:29.873+0000] {dag.py:3211} INFO - Sync 4 DAGs
[2024-08-24T12:32:29.895+0000] {logging_mixin.py:190} INFO - [2024-08-24T12:32:29.895+0000] {dag.py:4138} INFO - Setting next_dagrun for dataset_alias_example_alias_consumer_with_no_taskflow to None, run_after=None
[2024-08-24T12:32:29.899+0000] {logging_mixin.py:190} INFO - [2024-08-24T12:32:29.898+0000] {dag.py:4138} INFO - Setting next_dagrun for dataset_alias_example_alias_producer_with_no_taskflow to None, run_after=None
[2024-08-24T12:32:29.901+0000] {logging_mixin.py:190} INFO - [2024-08-24T12:32:29.901+0000] {dag.py:4138} INFO - Setting next_dagrun for dataset_s3_bucket_consumer_with_no_taskflow to None, run_after=None
[2024-08-24T12:32:29.903+0000] {logging_mixin.py:190} INFO - [2024-08-24T12:32:29.902+0000] {dag.py:4138} INFO - Setting next_dagrun for dataset_s3_bucket_producer_with_no_taskflow to None, run_after=None
[2024-08-24T12:32:29.925+0000] {processor.py:208} INFO - Processing /home/airflow/.local/lib/python3.12/site-packages/airflow/example_dags/example_dataset_alias_with_no_taskflow.py took 0.229 seconds
[2024-08-24T12:33:00.006+0000] {processor.py:186} INFO - Started process (PID=267) to work on /home/airflow/.local/lib/python3.12/site-packages/airflow/example_dags/example_dataset_alias_with_no_taskflow.py
[2024-08-24T12:33:00.007+0000] {processor.py:914} INFO - Processing file /home/airflow/.local/lib/python3.12/site-packages/airflow/example_dags/example_dataset_alias_with_no_taskflow.py for tasks to queue
[2024-08-24T12:33:00.008+0000] {logging_mixin.py:190} INFO - [2024-08-24T12:33:00.008+0000] {dagbag.py:587} INFO - Filling up the DagBag from /home/airflow/.local/lib/python3.12/site-packages/airflow/example_dags/example_dataset_alias_with_no_taskflow.py
[2024-08-24T12:33:00.140+0000] {processor.py:925} INFO - DAG(s) 'dataset_s3_bucket_consumer_with_no_taskflow', 'dataset_alias_example_alias_producer_with_no_taskflow', 'dataset_alias_example_alias_consumer_with_no_taskflow', 'dataset_s3_bucket_producer_with_no_taskflow' retrieved from /home/airflow/.local/lib/python3.12/site-packages/airflow/example_dags/example_dataset_alias_with_no_taskflow.py
[2024-08-24T12:33:00.160+0000] {logging_mixin.py:190} INFO - [2024-08-24T12:33:00.160+0000] {dag.py:3211} INFO - Sync 4 DAGs
[2024-08-24T12:33:00.179+0000] {logging_mixin.py:190} INFO - [2024-08-24T12:33:00.179+0000] {dag.py:4138} INFO - Setting next_dagrun for dataset_alias_example_alias_consumer_with_no_taskflow to None, run_after=None
[2024-08-24T12:33:00.182+0000] {logging_mixin.py:190} INFO - [2024-08-24T12:33:00.182+0000] {dag.py:4138} INFO - Setting next_dagrun for dataset_alias_example_alias_producer_with_no_taskflow to None, run_after=None
[2024-08-24T12:33:00.184+0000] {logging_mixin.py:190} INFO - [2024-08-24T12:33:00.184+0000] {dag.py:4138} INFO - Setting next_dagrun for dataset_s3_bucket_consumer_with_no_taskflow to None, run_after=None
[2024-08-24T12:33:00.185+0000] {logging_mixin.py:190} INFO - [2024-08-24T12:33:00.185+0000] {dag.py:4138} INFO - Setting next_dagrun for dataset_s3_bucket_producer_with_no_taskflow to None, run_after=None
[2024-08-24T12:33:00.203+0000] {processor.py:208} INFO - Processing /home/airflow/.local/lib/python3.12/site-packages/airflow/example_dags/example_dataset_alias_with_no_taskflow.py took 0.201 seconds
[2024-08-24T12:33:31.105+0000] {processor.py:186} INFO - Started process (PID=330) to work on /home/airflow/.local/lib/python3.12/site-packages/airflow/example_dags/example_dataset_alias_with_no_taskflow.py
[2024-08-24T12:33:31.105+0000] {processor.py:914} INFO - Processing file /home/airflow/.local/lib/python3.12/site-packages/airflow/example_dags/example_dataset_alias_with_no_taskflow.py for tasks to queue
[2024-08-24T12:33:31.108+0000] {logging_mixin.py:190} INFO - [2024-08-24T12:33:31.107+0000] {dagbag.py:587} INFO - Filling up the DagBag from /home/airflow/.local/lib/python3.12/site-packages/airflow/example_dags/example_dataset_alias_with_no_taskflow.py
[2024-08-24T12:33:31.230+0000] {processor.py:925} INFO - DAG(s) 'dataset_alias_example_alias_consumer_with_no_taskflow', 'dataset_s3_bucket_consumer_with_no_taskflow', 'dataset_alias_example_alias_producer_with_no_taskflow', 'dataset_s3_bucket_producer_with_no_taskflow' retrieved from /home/airflow/.local/lib/python3.12/site-packages/airflow/example_dags/example_dataset_alias_with_no_taskflow.py
[2024-08-24T12:33:31.251+0000] {logging_mixin.py:190} INFO - [2024-08-24T12:33:31.251+0000] {dag.py:3211} INFO - Sync 4 DAGs
[2024-08-24T12:33:31.270+0000] {logging_mixin.py:190} INFO - [2024-08-24T12:33:31.270+0000] {dag.py:4138} INFO - Setting next_dagrun for dataset_alias_example_alias_consumer_with_no_taskflow to None, run_after=None
[2024-08-24T12:33:31.273+0000] {logging_mixin.py:190} INFO - [2024-08-24T12:33:31.273+0000] {dag.py:4138} INFO - Setting next_dagrun for dataset_alias_example_alias_producer_with_no_taskflow to None, run_after=None
[2024-08-24T12:33:31.276+0000] {logging_mixin.py:190} INFO - [2024-08-24T12:33:31.275+0000] {dag.py:4138} INFO - Setting next_dagrun for dataset_s3_bucket_consumer_with_no_taskflow to None, run_after=None
[2024-08-24T12:33:31.277+0000] {logging_mixin.py:190} INFO - [2024-08-24T12:33:31.277+0000] {dag.py:4138} INFO - Setting next_dagrun for dataset_s3_bucket_producer_with_no_taskflow to None, run_after=None
[2024-08-24T12:33:31.300+0000] {processor.py:208} INFO - Processing /home/airflow/.local/lib/python3.12/site-packages/airflow/example_dags/example_dataset_alias_with_no_taskflow.py took 0.200 seconds
[2024-08-24T12:34:02.008+0000] {processor.py:186} INFO - Started process (PID=393) to work on /home/airflow/.local/lib/python3.12/site-packages/airflow/example_dags/example_dataset_alias_with_no_taskflow.py
[2024-08-24T12:34:02.009+0000] {processor.py:914} INFO - Processing file /home/airflow/.local/lib/python3.12/site-packages/airflow/example_dags/example_dataset_alias_with_no_taskflow.py for tasks to queue
[2024-08-24T12:34:02.011+0000] {logging_mixin.py:190} INFO - [2024-08-24T12:34:02.011+0000] {dagbag.py:587} INFO - Filling up the DagBag from /home/airflow/.local/lib/python3.12/site-packages/airflow/example_dags/example_dataset_alias_with_no_taskflow.py
[2024-08-24T12:34:02.166+0000] {processor.py:925} INFO - DAG(s) 'dataset_alias_example_alias_consumer_with_no_taskflow', 'dataset_s3_bucket_consumer_with_no_taskflow', 'dataset_alias_example_alias_producer_with_no_taskflow', 'dataset_s3_bucket_producer_with_no_taskflow' retrieved from /home/airflow/.local/lib/python3.12/site-packages/airflow/example_dags/example_dataset_alias_with_no_taskflow.py
[2024-08-24T12:34:02.197+0000] {logging_mixin.py:190} INFO - [2024-08-24T12:34:02.197+0000] {dag.py:3211} INFO - Sync 4 DAGs
[2024-08-24T12:34:02.223+0000] {logging_mixin.py:190} INFO - [2024-08-24T12:34:02.222+0000] {dag.py:4138} INFO - Setting next_dagrun for dataset_alias_example_alias_consumer_with_no_taskflow to None, run_after=None
[2024-08-24T12:34:02.226+0000] {logging_mixin.py:190} INFO - [2024-08-24T12:34:02.226+0000] {dag.py:4138} INFO - Setting next_dagrun for dataset_alias_example_alias_producer_with_no_taskflow to None, run_after=None
[2024-08-24T12:34:02.228+0000] {logging_mixin.py:190} INFO - [2024-08-24T12:34:02.228+0000] {dag.py:4138} INFO - Setting next_dagrun for dataset_s3_bucket_consumer_with_no_taskflow to None, run_after=None
[2024-08-24T12:34:02.232+0000] {logging_mixin.py:190} INFO - [2024-08-24T12:34:02.232+0000] {dag.py:4138} INFO - Setting next_dagrun for dataset_s3_bucket_producer_with_no_taskflow to None, run_after=None
[2024-08-24T12:34:02.294+0000] {processor.py:208} INFO - Processing /home/airflow/.local/lib/python3.12/site-packages/airflow/example_dags/example_dataset_alias_with_no_taskflow.py took 0.291 seconds
