[2024-08-24T09:47:11.804+0000] {processor.py:186} INFO - Started process (PID=118) to work on /home/airflow/.local/lib/python3.12/site-packages/airflow/example_dags/example_task_group_decorator.py
[2024-08-24T09:47:11.806+0000] {processor.py:914} INFO - Processing file /home/airflow/.local/lib/python3.12/site-packages/airflow/example_dags/example_task_group_decorator.py for tasks to queue
[2024-08-24T09:47:11.809+0000] {logging_mixin.py:190} INFO - [2024-08-24T09:47:11.809+0000] {dagbag.py:587} INFO - Filling up the DagBag from /home/airflow/.local/lib/python3.12/site-packages/airflow/example_dags/example_task_group_decorator.py
[2024-08-24T09:47:11.835+0000] {processor.py:925} INFO - DAG(s) 'example_task_group_decorator' retrieved from /home/airflow/.local/lib/python3.12/site-packages/airflow/example_dags/example_task_group_decorator.py
[2024-08-24T09:47:12.000+0000] {logging_mixin.py:190} INFO - [2024-08-24T09:47:11.999+0000] {override.py:1858} INFO - Created Permission View: can delete on DAG:example_task_group_decorator
[2024-08-24T09:47:12.017+0000] {logging_mixin.py:190} INFO - [2024-08-24T09:47:12.017+0000] {override.py:1858} INFO - Created Permission View: can edit on DAG:example_task_group_decorator
[2024-08-24T09:47:12.026+0000] {logging_mixin.py:190} INFO - [2024-08-24T09:47:12.025+0000] {override.py:1858} INFO - Created Permission View: can read on DAG:example_task_group_decorator
[2024-08-24T09:47:12.027+0000] {logging_mixin.py:190} INFO - [2024-08-24T09:47:12.026+0000] {dag.py:3211} INFO - Sync 1 DAGs
[2024-08-24T09:47:12.046+0000] {logging_mixin.py:190} INFO - [2024-08-24T09:47:12.045+0000] {dag.py:3234} INFO - Creating ORM DAG for example_task_group_decorator
[2024-08-24T09:47:12.070+0000] {logging_mixin.py:190} INFO - [2024-08-24T09:47:12.069+0000] {dag.py:4138} INFO - Setting next_dagrun for example_task_group_decorator to 2024-08-23 00:00:00+00:00, run_after=2024-08-24 00:00:00+00:00
[2024-08-24T09:47:12.106+0000] {processor.py:208} INFO - Processing /home/airflow/.local/lib/python3.12/site-packages/airflow/example_dags/example_task_group_decorator.py took 0.311 seconds
[2024-08-24T09:47:42.676+0000] {processor.py:186} INFO - Started process (PID=181) to work on /home/airflow/.local/lib/python3.12/site-packages/airflow/example_dags/example_task_group_decorator.py
[2024-08-24T09:47:42.677+0000] {processor.py:914} INFO - Processing file /home/airflow/.local/lib/python3.12/site-packages/airflow/example_dags/example_task_group_decorator.py for tasks to queue
[2024-08-24T09:47:42.679+0000] {logging_mixin.py:190} INFO - [2024-08-24T09:47:42.679+0000] {dagbag.py:587} INFO - Filling up the DagBag from /home/airflow/.local/lib/python3.12/site-packages/airflow/example_dags/example_task_group_decorator.py
[2024-08-24T09:47:42.696+0000] {processor.py:925} INFO - DAG(s) 'example_task_group_decorator' retrieved from /home/airflow/.local/lib/python3.12/site-packages/airflow/example_dags/example_task_group_decorator.py
[2024-08-24T09:47:42.727+0000] {logging_mixin.py:190} INFO - [2024-08-24T09:47:42.727+0000] {dag.py:3211} INFO - Sync 1 DAGs
[2024-08-24T09:47:42.770+0000] {logging_mixin.py:190} INFO - [2024-08-24T09:47:42.770+0000] {dag.py:4138} INFO - Setting next_dagrun for example_task_group_decorator to 2024-08-23 00:00:00+00:00, run_after=2024-08-24 00:00:00+00:00
[2024-08-24T09:47:42.821+0000] {processor.py:208} INFO - Processing /home/airflow/.local/lib/python3.12/site-packages/airflow/example_dags/example_task_group_decorator.py took 0.151 seconds
[2024-08-24T09:48:12.906+0000] {processor.py:186} INFO - Started process (PID=244) to work on /home/airflow/.local/lib/python3.12/site-packages/airflow/example_dags/example_task_group_decorator.py
[2024-08-24T09:48:12.908+0000] {processor.py:914} INFO - Processing file /home/airflow/.local/lib/python3.12/site-packages/airflow/example_dags/example_task_group_decorator.py for tasks to queue
[2024-08-24T09:48:12.911+0000] {logging_mixin.py:190} INFO - [2024-08-24T09:48:12.910+0000] {dagbag.py:587} INFO - Filling up the DagBag from /home/airflow/.local/lib/python3.12/site-packages/airflow/example_dags/example_task_group_decorator.py
[2024-08-24T09:48:12.934+0000] {processor.py:925} INFO - DAG(s) 'example_task_group_decorator' retrieved from /home/airflow/.local/lib/python3.12/site-packages/airflow/example_dags/example_task_group_decorator.py
[2024-08-24T09:48:12.971+0000] {logging_mixin.py:190} INFO - [2024-08-24T09:48:12.971+0000] {dag.py:3211} INFO - Sync 1 DAGs
[2024-08-24T09:48:12.999+0000] {logging_mixin.py:190} INFO - [2024-08-24T09:48:12.999+0000] {dag.py:4138} INFO - Setting next_dagrun for example_task_group_decorator to 2024-08-23 00:00:00+00:00, run_after=2024-08-24 00:00:00+00:00
[2024-08-24T09:48:13.022+0000] {processor.py:208} INFO - Processing /home/airflow/.local/lib/python3.12/site-packages/airflow/example_dags/example_task_group_decorator.py took 0.123 seconds
[2024-08-24T09:48:43.392+0000] {processor.py:186} INFO - Started process (PID=306) to work on /home/airflow/.local/lib/python3.12/site-packages/airflow/example_dags/example_task_group_decorator.py
[2024-08-24T09:48:43.393+0000] {processor.py:914} INFO - Processing file /home/airflow/.local/lib/python3.12/site-packages/airflow/example_dags/example_task_group_decorator.py for tasks to queue
[2024-08-24T09:48:43.396+0000] {logging_mixin.py:190} INFO - [2024-08-24T09:48:43.395+0000] {dagbag.py:587} INFO - Filling up the DagBag from /home/airflow/.local/lib/python3.12/site-packages/airflow/example_dags/example_task_group_decorator.py
[2024-08-24T09:48:43.416+0000] {processor.py:925} INFO - DAG(s) 'example_task_group_decorator' retrieved from /home/airflow/.local/lib/python3.12/site-packages/airflow/example_dags/example_task_group_decorator.py
[2024-08-24T09:48:43.454+0000] {logging_mixin.py:190} INFO - [2024-08-24T09:48:43.453+0000] {dag.py:3211} INFO - Sync 1 DAGs
[2024-08-24T09:48:43.487+0000] {logging_mixin.py:190} INFO - [2024-08-24T09:48:43.487+0000] {dag.py:4138} INFO - Setting next_dagrun for example_task_group_decorator to 2024-08-23 00:00:00+00:00, run_after=2024-08-24 00:00:00+00:00
[2024-08-24T09:48:43.523+0000] {processor.py:208} INFO - Processing /home/airflow/.local/lib/python3.12/site-packages/airflow/example_dags/example_task_group_decorator.py took 0.139 seconds
[2024-08-24T09:49:14.044+0000] {processor.py:186} INFO - Started process (PID=370) to work on /home/airflow/.local/lib/python3.12/site-packages/airflow/example_dags/example_task_group_decorator.py
[2024-08-24T09:49:14.045+0000] {processor.py:914} INFO - Processing file /home/airflow/.local/lib/python3.12/site-packages/airflow/example_dags/example_task_group_decorator.py for tasks to queue
[2024-08-24T09:49:14.048+0000] {logging_mixin.py:190} INFO - [2024-08-24T09:49:14.048+0000] {dagbag.py:587} INFO - Filling up the DagBag from /home/airflow/.local/lib/python3.12/site-packages/airflow/example_dags/example_task_group_decorator.py
[2024-08-24T09:49:14.073+0000] {processor.py:925} INFO - DAG(s) 'example_task_group_decorator' retrieved from /home/airflow/.local/lib/python3.12/site-packages/airflow/example_dags/example_task_group_decorator.py
[2024-08-24T09:49:14.115+0000] {logging_mixin.py:190} INFO - [2024-08-24T09:49:14.114+0000] {dag.py:3211} INFO - Sync 1 DAGs
[2024-08-24T09:49:14.151+0000] {logging_mixin.py:190} INFO - [2024-08-24T09:49:14.150+0000] {dag.py:4138} INFO - Setting next_dagrun for example_task_group_decorator to 2024-08-23 00:00:00+00:00, run_after=2024-08-24 00:00:00+00:00
[2024-08-24T09:49:14.182+0000] {processor.py:208} INFO - Processing /home/airflow/.local/lib/python3.12/site-packages/airflow/example_dags/example_task_group_decorator.py took 0.146 seconds
[2024-08-24T09:49:44.698+0000] {processor.py:186} INFO - Started process (PID=432) to work on /home/airflow/.local/lib/python3.12/site-packages/airflow/example_dags/example_task_group_decorator.py
[2024-08-24T09:49:44.699+0000] {processor.py:914} INFO - Processing file /home/airflow/.local/lib/python3.12/site-packages/airflow/example_dags/example_task_group_decorator.py for tasks to queue
[2024-08-24T09:49:44.704+0000] {logging_mixin.py:190} INFO - [2024-08-24T09:49:44.703+0000] {dagbag.py:587} INFO - Filling up the DagBag from /home/airflow/.local/lib/python3.12/site-packages/airflow/example_dags/example_task_group_decorator.py
[2024-08-24T09:49:44.733+0000] {processor.py:925} INFO - DAG(s) 'example_task_group_decorator' retrieved from /home/airflow/.local/lib/python3.12/site-packages/airflow/example_dags/example_task_group_decorator.py
[2024-08-24T09:49:44.783+0000] {logging_mixin.py:190} INFO - [2024-08-24T09:49:44.782+0000] {dag.py:3211} INFO - Sync 1 DAGs
[2024-08-24T09:49:44.815+0000] {logging_mixin.py:190} INFO - [2024-08-24T09:49:44.815+0000] {dag.py:4138} INFO - Setting next_dagrun for example_task_group_decorator to 2024-08-23 00:00:00+00:00, run_after=2024-08-24 00:00:00+00:00
[2024-08-24T09:49:44.843+0000] {processor.py:208} INFO - Processing /home/airflow/.local/lib/python3.12/site-packages/airflow/example_dags/example_task_group_decorator.py took 0.154 seconds
[2024-08-24T09:50:15.454+0000] {processor.py:186} INFO - Started process (PID=495) to work on /home/airflow/.local/lib/python3.12/site-packages/airflow/example_dags/example_task_group_decorator.py
[2024-08-24T09:50:15.455+0000] {processor.py:914} INFO - Processing file /home/airflow/.local/lib/python3.12/site-packages/airflow/example_dags/example_task_group_decorator.py for tasks to queue
[2024-08-24T09:50:15.458+0000] {logging_mixin.py:190} INFO - [2024-08-24T09:50:15.458+0000] {dagbag.py:587} INFO - Filling up the DagBag from /home/airflow/.local/lib/python3.12/site-packages/airflow/example_dags/example_task_group_decorator.py
[2024-08-24T09:50:15.479+0000] {processor.py:925} INFO - DAG(s) 'example_task_group_decorator' retrieved from /home/airflow/.local/lib/python3.12/site-packages/airflow/example_dags/example_task_group_decorator.py
[2024-08-24T09:50:15.515+0000] {logging_mixin.py:190} INFO - [2024-08-24T09:50:15.514+0000] {dag.py:3211} INFO - Sync 1 DAGs
[2024-08-24T09:50:15.548+0000] {logging_mixin.py:190} INFO - [2024-08-24T09:50:15.547+0000] {dag.py:4138} INFO - Setting next_dagrun for example_task_group_decorator to 2024-08-23 00:00:00+00:00, run_after=2024-08-24 00:00:00+00:00
[2024-08-24T09:50:15.574+0000] {processor.py:208} INFO - Processing /home/airflow/.local/lib/python3.12/site-packages/airflow/example_dags/example_task_group_decorator.py took 0.128 seconds
[2024-08-24T09:50:46.410+0000] {processor.py:186} INFO - Started process (PID=558) to work on /home/airflow/.local/lib/python3.12/site-packages/airflow/example_dags/example_task_group_decorator.py
[2024-08-24T09:50:46.411+0000] {processor.py:914} INFO - Processing file /home/airflow/.local/lib/python3.12/site-packages/airflow/example_dags/example_task_group_decorator.py for tasks to queue
[2024-08-24T09:50:46.415+0000] {logging_mixin.py:190} INFO - [2024-08-24T09:50:46.414+0000] {dagbag.py:587} INFO - Filling up the DagBag from /home/airflow/.local/lib/python3.12/site-packages/airflow/example_dags/example_task_group_decorator.py
[2024-08-24T09:50:46.441+0000] {processor.py:925} INFO - DAG(s) 'example_task_group_decorator' retrieved from /home/airflow/.local/lib/python3.12/site-packages/airflow/example_dags/example_task_group_decorator.py
[2024-08-24T09:50:46.481+0000] {logging_mixin.py:190} INFO - [2024-08-24T09:50:46.481+0000] {dag.py:3211} INFO - Sync 1 DAGs
[2024-08-24T09:50:46.524+0000] {logging_mixin.py:190} INFO - [2024-08-24T09:50:46.523+0000] {dag.py:4138} INFO - Setting next_dagrun for example_task_group_decorator to 2024-08-23 00:00:00+00:00, run_after=2024-08-24 00:00:00+00:00
[2024-08-24T09:50:46.555+0000] {processor.py:208} INFO - Processing /home/airflow/.local/lib/python3.12/site-packages/airflow/example_dags/example_task_group_decorator.py took 0.154 seconds
[2024-08-24T09:51:18.247+0000] {processor.py:186} INFO - Started process (PID=622) to work on /home/airflow/.local/lib/python3.12/site-packages/airflow/example_dags/example_task_group_decorator.py
[2024-08-24T09:51:18.249+0000] {processor.py:914} INFO - Processing file /home/airflow/.local/lib/python3.12/site-packages/airflow/example_dags/example_task_group_decorator.py for tasks to queue
[2024-08-24T09:51:18.252+0000] {logging_mixin.py:190} INFO - [2024-08-24T09:51:18.252+0000] {dagbag.py:587} INFO - Filling up the DagBag from /home/airflow/.local/lib/python3.12/site-packages/airflow/example_dags/example_task_group_decorator.py
[2024-08-24T09:51:18.279+0000] {processor.py:925} INFO - DAG(s) 'example_task_group_decorator' retrieved from /home/airflow/.local/lib/python3.12/site-packages/airflow/example_dags/example_task_group_decorator.py
[2024-08-24T09:51:18.327+0000] {logging_mixin.py:190} INFO - [2024-08-24T09:51:18.326+0000] {dag.py:3211} INFO - Sync 1 DAGs
[2024-08-24T09:51:18.364+0000] {logging_mixin.py:190} INFO - [2024-08-24T09:51:18.363+0000] {dag.py:4138} INFO - Setting next_dagrun for example_task_group_decorator to 2024-08-23 00:00:00+00:00, run_after=2024-08-24 00:00:00+00:00
[2024-08-24T09:51:18.398+0000] {processor.py:208} INFO - Processing /home/airflow/.local/lib/python3.12/site-packages/airflow/example_dags/example_task_group_decorator.py took 0.162 seconds
