[2024-08-24T09:47:01.767+0000] {processor.py:186} INFO - Started process (PID=78) to work on /home/airflow/.local/lib/python3.12/site-packages/airflow/example_dags/example_python_decorator.py
[2024-08-24T09:47:01.768+0000] {processor.py:914} INFO - Processing file /home/airflow/.local/lib/python3.12/site-packages/airflow/example_dags/example_python_decorator.py for tasks to queue
[2024-08-24T09:47:01.772+0000] {logging_mixin.py:190} INFO - [2024-08-24T09:47:01.771+0000] {dagbag.py:587} INFO - Filling up the DagBag from /home/airflow/.local/lib/python3.12/site-packages/airflow/example_dags/example_python_decorator.py
[2024-08-24T09:47:01.816+0000] {processor.py:925} INFO - DAG(s) 'example_python_decorator' retrieved from /home/airflow/.local/lib/python3.12/site-packages/airflow/example_dags/example_python_decorator.py
[2024-08-24T09:47:01.979+0000] {logging_mixin.py:190} INFO - [2024-08-24T09:47:01.978+0000] {override.py:1858} INFO - Created Permission View: can delete on DAG:example_python_decorator
[2024-08-24T09:47:01.994+0000] {logging_mixin.py:190} INFO - [2024-08-24T09:47:01.994+0000] {override.py:1858} INFO - Created Permission View: can edit on DAG:example_python_decorator
[2024-08-24T09:47:02.004+0000] {logging_mixin.py:190} INFO - [2024-08-24T09:47:02.004+0000] {override.py:1858} INFO - Created Permission View: can read on DAG:example_python_decorator
[2024-08-24T09:47:02.005+0000] {logging_mixin.py:190} INFO - [2024-08-24T09:47:02.005+0000] {dag.py:3211} INFO - Sync 1 DAGs
[2024-08-24T09:47:02.026+0000] {logging_mixin.py:190} INFO - [2024-08-24T09:47:02.025+0000] {dag.py:3234} INFO - Creating ORM DAG for example_python_decorator
[2024-08-24T09:47:02.027+0000] {logging_mixin.py:190} INFO - [2024-08-24T09:47:02.027+0000] {dag.py:4138} INFO - Setting next_dagrun for example_python_decorator to None, run_after=None
[2024-08-24T09:47:02.056+0000] {processor.py:208} INFO - Processing /home/airflow/.local/lib/python3.12/site-packages/airflow/example_dags/example_python_decorator.py took 0.298 seconds
[2024-08-24T09:47:32.361+0000] {processor.py:186} INFO - Started process (PID=141) to work on /home/airflow/.local/lib/python3.12/site-packages/airflow/example_dags/example_python_decorator.py
[2024-08-24T09:47:32.362+0000] {processor.py:914} INFO - Processing file /home/airflow/.local/lib/python3.12/site-packages/airflow/example_dags/example_python_decorator.py for tasks to queue
[2024-08-24T09:47:32.365+0000] {logging_mixin.py:190} INFO - [2024-08-24T09:47:32.365+0000] {dagbag.py:587} INFO - Filling up the DagBag from /home/airflow/.local/lib/python3.12/site-packages/airflow/example_dags/example_python_decorator.py
[2024-08-24T09:47:32.392+0000] {processor.py:925} INFO - DAG(s) 'example_python_decorator' retrieved from /home/airflow/.local/lib/python3.12/site-packages/airflow/example_dags/example_python_decorator.py
[2024-08-24T09:47:32.436+0000] {logging_mixin.py:190} INFO - [2024-08-24T09:47:32.436+0000] {dag.py:3211} INFO - Sync 1 DAGs
[2024-08-24T09:47:32.470+0000] {logging_mixin.py:190} INFO - [2024-08-24T09:47:32.470+0000] {dag.py:4138} INFO - Setting next_dagrun for example_python_decorator to None, run_after=None
[2024-08-24T09:47:32.511+0000] {processor.py:208} INFO - Processing /home/airflow/.local/lib/python3.12/site-packages/airflow/example_dags/example_python_decorator.py took 0.157 seconds
[2024-08-24T09:48:03.054+0000] {processor.py:186} INFO - Started process (PID=204) to work on /home/airflow/.local/lib/python3.12/site-packages/airflow/example_dags/example_python_decorator.py
[2024-08-24T09:48:03.056+0000] {processor.py:914} INFO - Processing file /home/airflow/.local/lib/python3.12/site-packages/airflow/example_dags/example_python_decorator.py for tasks to queue
[2024-08-24T09:48:03.058+0000] {logging_mixin.py:190} INFO - [2024-08-24T09:48:03.058+0000] {dagbag.py:587} INFO - Filling up the DagBag from /home/airflow/.local/lib/python3.12/site-packages/airflow/example_dags/example_python_decorator.py
[2024-08-24T09:48:03.075+0000] {processor.py:925} INFO - DAG(s) 'example_python_decorator' retrieved from /home/airflow/.local/lib/python3.12/site-packages/airflow/example_dags/example_python_decorator.py
[2024-08-24T09:48:03.109+0000] {logging_mixin.py:190} INFO - [2024-08-24T09:48:03.109+0000] {dag.py:3211} INFO - Sync 1 DAGs
[2024-08-24T09:48:03.147+0000] {logging_mixin.py:190} INFO - [2024-08-24T09:48:03.146+0000] {dag.py:4138} INFO - Setting next_dagrun for example_python_decorator to None, run_after=None
[2024-08-24T09:48:03.215+0000] {processor.py:208} INFO - Processing /home/airflow/.local/lib/python3.12/site-packages/airflow/example_dags/example_python_decorator.py took 0.168 seconds
[2024-08-24T09:48:34.251+0000] {processor.py:186} INFO - Started process (PID=267) to work on /home/airflow/.local/lib/python3.12/site-packages/airflow/example_dags/example_python_decorator.py
[2024-08-24T09:48:34.253+0000] {processor.py:914} INFO - Processing file /home/airflow/.local/lib/python3.12/site-packages/airflow/example_dags/example_python_decorator.py for tasks to queue
[2024-08-24T09:48:34.255+0000] {logging_mixin.py:190} INFO - [2024-08-24T09:48:34.255+0000] {dagbag.py:587} INFO - Filling up the DagBag from /home/airflow/.local/lib/python3.12/site-packages/airflow/example_dags/example_python_decorator.py
[2024-08-24T09:48:34.271+0000] {processor.py:925} INFO - DAG(s) 'example_python_decorator' retrieved from /home/airflow/.local/lib/python3.12/site-packages/airflow/example_dags/example_python_decorator.py
[2024-08-24T09:48:34.299+0000] {logging_mixin.py:190} INFO - [2024-08-24T09:48:34.298+0000] {dag.py:3211} INFO - Sync 1 DAGs
[2024-08-24T09:48:34.315+0000] {logging_mixin.py:190} INFO - [2024-08-24T09:48:34.315+0000] {dag.py:4138} INFO - Setting next_dagrun for example_python_decorator to None, run_after=None
[2024-08-24T09:48:34.339+0000] {processor.py:208} INFO - Processing /home/airflow/.local/lib/python3.12/site-packages/airflow/example_dags/example_python_decorator.py took 0.093 seconds
[2024-08-24T09:49:04.759+0000] {processor.py:186} INFO - Started process (PID=330) to work on /home/airflow/.local/lib/python3.12/site-packages/airflow/example_dags/example_python_decorator.py
[2024-08-24T09:49:04.760+0000] {processor.py:914} INFO - Processing file /home/airflow/.local/lib/python3.12/site-packages/airflow/example_dags/example_python_decorator.py for tasks to queue
[2024-08-24T09:49:04.763+0000] {logging_mixin.py:190} INFO - [2024-08-24T09:49:04.763+0000] {dagbag.py:587} INFO - Filling up the DagBag from /home/airflow/.local/lib/python3.12/site-packages/airflow/example_dags/example_python_decorator.py
[2024-08-24T09:49:04.778+0000] {processor.py:925} INFO - DAG(s) 'example_python_decorator' retrieved from /home/airflow/.local/lib/python3.12/site-packages/airflow/example_dags/example_python_decorator.py
[2024-08-24T09:49:04.804+0000] {logging_mixin.py:190} INFO - [2024-08-24T09:49:04.804+0000] {dag.py:3211} INFO - Sync 1 DAGs
[2024-08-24T09:49:04.823+0000] {logging_mixin.py:190} INFO - [2024-08-24T09:49:04.822+0000] {dag.py:4138} INFO - Setting next_dagrun for example_python_decorator to None, run_after=None
[2024-08-24T09:49:04.849+0000] {processor.py:208} INFO - Processing /home/airflow/.local/lib/python3.12/site-packages/airflow/example_dags/example_python_decorator.py took 0.095 seconds
[2024-08-24T09:49:35.228+0000] {processor.py:186} INFO - Started process (PID=393) to work on /home/airflow/.local/lib/python3.12/site-packages/airflow/example_dags/example_python_decorator.py
[2024-08-24T09:49:35.229+0000] {processor.py:914} INFO - Processing file /home/airflow/.local/lib/python3.12/site-packages/airflow/example_dags/example_python_decorator.py for tasks to queue
[2024-08-24T09:49:35.231+0000] {logging_mixin.py:190} INFO - [2024-08-24T09:49:35.231+0000] {dagbag.py:587} INFO - Filling up the DagBag from /home/airflow/.local/lib/python3.12/site-packages/airflow/example_dags/example_python_decorator.py
[2024-08-24T09:49:35.243+0000] {processor.py:925} INFO - DAG(s) 'example_python_decorator' retrieved from /home/airflow/.local/lib/python3.12/site-packages/airflow/example_dags/example_python_decorator.py
[2024-08-24T09:49:35.265+0000] {logging_mixin.py:190} INFO - [2024-08-24T09:49:35.264+0000] {dag.py:3211} INFO - Sync 1 DAGs
[2024-08-24T09:49:35.278+0000] {logging_mixin.py:190} INFO - [2024-08-24T09:49:35.278+0000] {dag.py:4138} INFO - Setting next_dagrun for example_python_decorator to None, run_after=None
[2024-08-24T09:49:35.299+0000] {processor.py:208} INFO - Processing /home/airflow/.local/lib/python3.12/site-packages/airflow/example_dags/example_python_decorator.py took 0.077 seconds
[2024-08-24T09:50:06.087+0000] {processor.py:186} INFO - Started process (PID=456) to work on /home/airflow/.local/lib/python3.12/site-packages/airflow/example_dags/example_python_decorator.py
[2024-08-24T09:50:06.088+0000] {processor.py:914} INFO - Processing file /home/airflow/.local/lib/python3.12/site-packages/airflow/example_dags/example_python_decorator.py for tasks to queue
[2024-08-24T09:50:06.091+0000] {logging_mixin.py:190} INFO - [2024-08-24T09:50:06.090+0000] {dagbag.py:587} INFO - Filling up the DagBag from /home/airflow/.local/lib/python3.12/site-packages/airflow/example_dags/example_python_decorator.py
[2024-08-24T09:50:06.103+0000] {processor.py:925} INFO - DAG(s) 'example_python_decorator' retrieved from /home/airflow/.local/lib/python3.12/site-packages/airflow/example_dags/example_python_decorator.py
[2024-08-24T09:50:06.129+0000] {logging_mixin.py:190} INFO - [2024-08-24T09:50:06.129+0000] {dag.py:3211} INFO - Sync 1 DAGs
[2024-08-24T09:50:06.143+0000] {logging_mixin.py:190} INFO - [2024-08-24T09:50:06.143+0000] {dag.py:4138} INFO - Setting next_dagrun for example_python_decorator to None, run_after=None
[2024-08-24T09:50:06.161+0000] {processor.py:208} INFO - Processing /home/airflow/.local/lib/python3.12/site-packages/airflow/example_dags/example_python_decorator.py took 0.079 seconds
[2024-08-24T09:50:36.780+0000] {processor.py:186} INFO - Started process (PID=519) to work on /home/airflow/.local/lib/python3.12/site-packages/airflow/example_dags/example_python_decorator.py
[2024-08-24T09:50:36.780+0000] {processor.py:914} INFO - Processing file /home/airflow/.local/lib/python3.12/site-packages/airflow/example_dags/example_python_decorator.py for tasks to queue
[2024-08-24T09:50:36.783+0000] {logging_mixin.py:190} INFO - [2024-08-24T09:50:36.783+0000] {dagbag.py:587} INFO - Filling up the DagBag from /home/airflow/.local/lib/python3.12/site-packages/airflow/example_dags/example_python_decorator.py
[2024-08-24T09:50:36.797+0000] {processor.py:925} INFO - DAG(s) 'example_python_decorator' retrieved from /home/airflow/.local/lib/python3.12/site-packages/airflow/example_dags/example_python_decorator.py
[2024-08-24T09:50:36.821+0000] {logging_mixin.py:190} INFO - [2024-08-24T09:50:36.820+0000] {dag.py:3211} INFO - Sync 1 DAGs
[2024-08-24T09:50:36.840+0000] {logging_mixin.py:190} INFO - [2024-08-24T09:50:36.839+0000] {dag.py:4138} INFO - Setting next_dagrun for example_python_decorator to None, run_after=None
[2024-08-24T09:50:36.862+0000] {processor.py:208} INFO - Processing /home/airflow/.local/lib/python3.12/site-packages/airflow/example_dags/example_python_decorator.py took 0.087 seconds
[2024-08-24T09:51:07.155+0000] {processor.py:186} INFO - Started process (PID=582) to work on /home/airflow/.local/lib/python3.12/site-packages/airflow/example_dags/example_python_decorator.py
[2024-08-24T09:51:07.156+0000] {processor.py:914} INFO - Processing file /home/airflow/.local/lib/python3.12/site-packages/airflow/example_dags/example_python_decorator.py for tasks to queue
[2024-08-24T09:51:07.158+0000] {logging_mixin.py:190} INFO - [2024-08-24T09:51:07.158+0000] {dagbag.py:587} INFO - Filling up the DagBag from /home/airflow/.local/lib/python3.12/site-packages/airflow/example_dags/example_python_decorator.py
[2024-08-24T09:51:07.170+0000] {processor.py:925} INFO - DAG(s) 'example_python_decorator' retrieved from /home/airflow/.local/lib/python3.12/site-packages/airflow/example_dags/example_python_decorator.py
[2024-08-24T09:51:07.197+0000] {logging_mixin.py:190} INFO - [2024-08-24T09:51:07.197+0000] {dag.py:3211} INFO - Sync 1 DAGs
[2024-08-24T09:51:07.211+0000] {logging_mixin.py:190} INFO - [2024-08-24T09:51:07.211+0000] {dag.py:4138} INFO - Setting next_dagrun for example_python_decorator to None, run_after=None
[2024-08-24T09:51:07.231+0000] {processor.py:208} INFO - Processing /home/airflow/.local/lib/python3.12/site-packages/airflow/example_dags/example_python_decorator.py took 0.082 seconds
[2024-08-24T09:51:37.777+0000] {processor.py:186} INFO - Started process (PID=646) to work on /home/airflow/.local/lib/python3.12/site-packages/airflow/example_dags/example_python_decorator.py
[2024-08-24T09:51:37.778+0000] {processor.py:914} INFO - Processing file /home/airflow/.local/lib/python3.12/site-packages/airflow/example_dags/example_python_decorator.py for tasks to queue
[2024-08-24T09:51:37.781+0000] {logging_mixin.py:190} INFO - [2024-08-24T09:51:37.780+0000] {dagbag.py:587} INFO - Filling up the DagBag from /home/airflow/.local/lib/python3.12/site-packages/airflow/example_dags/example_python_decorator.py
[2024-08-24T09:51:37.796+0000] {processor.py:925} INFO - DAG(s) 'example_python_decorator' retrieved from /home/airflow/.local/lib/python3.12/site-packages/airflow/example_dags/example_python_decorator.py
[2024-08-24T09:51:37.827+0000] {logging_mixin.py:190} INFO - [2024-08-24T09:51:37.826+0000] {dag.py:3211} INFO - Sync 1 DAGs
[2024-08-24T09:51:37.843+0000] {logging_mixin.py:190} INFO - [2024-08-24T09:51:37.843+0000] {dag.py:4138} INFO - Setting next_dagrun for example_python_decorator to None, run_after=None
[2024-08-24T09:51:37.868+0000] {processor.py:208} INFO - Processing /home/airflow/.local/lib/python3.12/site-packages/airflow/example_dags/example_python_decorator.py took 0.097 seconds
[2024-08-24T12:31:28.154+0000] {processor.py:186} INFO - Started process (PID=75) to work on /home/airflow/.local/lib/python3.12/site-packages/airflow/example_dags/example_python_decorator.py
[2024-08-24T12:31:28.156+0000] {processor.py:914} INFO - Processing file /home/airflow/.local/lib/python3.12/site-packages/airflow/example_dags/example_python_decorator.py for tasks to queue
[2024-08-24T12:31:28.160+0000] {logging_mixin.py:190} INFO - [2024-08-24T12:31:28.159+0000] {dagbag.py:587} INFO - Filling up the DagBag from /home/airflow/.local/lib/python3.12/site-packages/airflow/example_dags/example_python_decorator.py
[2024-08-24T12:31:28.186+0000] {processor.py:925} INFO - DAG(s) 'example_python_decorator' retrieved from /home/airflow/.local/lib/python3.12/site-packages/airflow/example_dags/example_python_decorator.py
[2024-08-24T12:31:28.455+0000] {logging_mixin.py:190} INFO - [2024-08-24T12:31:28.454+0000] {dag.py:3211} INFO - Sync 1 DAGs
[2024-08-24T12:31:28.478+0000] {logging_mixin.py:190} INFO - [2024-08-24T12:31:28.477+0000] {dag.py:4138} INFO - Setting next_dagrun for example_python_decorator to None, run_after=None
[2024-08-24T12:31:28.509+0000] {processor.py:208} INFO - Processing /home/airflow/.local/lib/python3.12/site-packages/airflow/example_dags/example_python_decorator.py took 0.365 seconds
[2024-08-24T12:31:58.844+0000] {processor.py:186} INFO - Started process (PID=138) to work on /home/airflow/.local/lib/python3.12/site-packages/airflow/example_dags/example_python_decorator.py
[2024-08-24T12:31:58.845+0000] {processor.py:914} INFO - Processing file /home/airflow/.local/lib/python3.12/site-packages/airflow/example_dags/example_python_decorator.py for tasks to queue
[2024-08-24T12:31:58.847+0000] {logging_mixin.py:190} INFO - [2024-08-24T12:31:58.846+0000] {dagbag.py:587} INFO - Filling up the DagBag from /home/airflow/.local/lib/python3.12/site-packages/airflow/example_dags/example_python_decorator.py
[2024-08-24T12:31:58.858+0000] {processor.py:925} INFO - DAG(s) 'example_python_decorator' retrieved from /home/airflow/.local/lib/python3.12/site-packages/airflow/example_dags/example_python_decorator.py
[2024-08-24T12:31:58.880+0000] {logging_mixin.py:190} INFO - [2024-08-24T12:31:58.880+0000] {dag.py:3211} INFO - Sync 1 DAGs
[2024-08-24T12:31:58.892+0000] {logging_mixin.py:190} INFO - [2024-08-24T12:31:58.891+0000] {dag.py:4138} INFO - Setting next_dagrun for example_python_decorator to None, run_after=None
[2024-08-24T12:31:58.910+0000] {processor.py:208} INFO - Processing /home/airflow/.local/lib/python3.12/site-packages/airflow/example_dags/example_python_decorator.py took 0.071 seconds
[2024-08-24T12:32:29.378+0000] {processor.py:186} INFO - Started process (PID=201) to work on /home/airflow/.local/lib/python3.12/site-packages/airflow/example_dags/example_python_decorator.py
[2024-08-24T12:32:29.378+0000] {processor.py:914} INFO - Processing file /home/airflow/.local/lib/python3.12/site-packages/airflow/example_dags/example_python_decorator.py for tasks to queue
[2024-08-24T12:32:29.380+0000] {logging_mixin.py:190} INFO - [2024-08-24T12:32:29.380+0000] {dagbag.py:587} INFO - Filling up the DagBag from /home/airflow/.local/lib/python3.12/site-packages/airflow/example_dags/example_python_decorator.py
[2024-08-24T12:32:29.391+0000] {processor.py:925} INFO - DAG(s) 'example_python_decorator' retrieved from /home/airflow/.local/lib/python3.12/site-packages/airflow/example_dags/example_python_decorator.py
[2024-08-24T12:32:29.412+0000] {logging_mixin.py:190} INFO - [2024-08-24T12:32:29.412+0000] {dag.py:3211} INFO - Sync 1 DAGs
[2024-08-24T12:32:29.424+0000] {logging_mixin.py:190} INFO - [2024-08-24T12:32:29.424+0000] {dag.py:4138} INFO - Setting next_dagrun for example_python_decorator to None, run_after=None
[2024-08-24T12:32:29.443+0000] {processor.py:208} INFO - Processing /home/airflow/.local/lib/python3.12/site-packages/airflow/example_dags/example_python_decorator.py took 0.070 seconds
[2024-08-24T12:32:59.796+0000] {processor.py:186} INFO - Started process (PID=264) to work on /home/airflow/.local/lib/python3.12/site-packages/airflow/example_dags/example_python_decorator.py
[2024-08-24T12:32:59.797+0000] {processor.py:914} INFO - Processing file /home/airflow/.local/lib/python3.12/site-packages/airflow/example_dags/example_python_decorator.py for tasks to queue
[2024-08-24T12:32:59.799+0000] {logging_mixin.py:190} INFO - [2024-08-24T12:32:59.799+0000] {dagbag.py:587} INFO - Filling up the DagBag from /home/airflow/.local/lib/python3.12/site-packages/airflow/example_dags/example_python_decorator.py
[2024-08-24T12:32:59.809+0000] {processor.py:925} INFO - DAG(s) 'example_python_decorator' retrieved from /home/airflow/.local/lib/python3.12/site-packages/airflow/example_dags/example_python_decorator.py
[2024-08-24T12:32:59.830+0000] {logging_mixin.py:190} INFO - [2024-08-24T12:32:59.830+0000] {dag.py:3211} INFO - Sync 1 DAGs
[2024-08-24T12:32:59.840+0000] {logging_mixin.py:190} INFO - [2024-08-24T12:32:59.840+0000] {dag.py:4138} INFO - Setting next_dagrun for example_python_decorator to None, run_after=None
[2024-08-24T12:32:59.857+0000] {processor.py:208} INFO - Processing /home/airflow/.local/lib/python3.12/site-packages/airflow/example_dags/example_python_decorator.py took 0.065 seconds
[2024-08-24T12:33:29.956+0000] {processor.py:186} INFO - Started process (PID=327) to work on /home/airflow/.local/lib/python3.12/site-packages/airflow/example_dags/example_python_decorator.py
[2024-08-24T12:33:29.957+0000] {processor.py:914} INFO - Processing file /home/airflow/.local/lib/python3.12/site-packages/airflow/example_dags/example_python_decorator.py for tasks to queue
[2024-08-24T12:33:29.959+0000] {logging_mixin.py:190} INFO - [2024-08-24T12:33:29.959+0000] {dagbag.py:587} INFO - Filling up the DagBag from /home/airflow/.local/lib/python3.12/site-packages/airflow/example_dags/example_python_decorator.py
[2024-08-24T12:33:29.973+0000] {processor.py:925} INFO - DAG(s) 'example_python_decorator' retrieved from /home/airflow/.local/lib/python3.12/site-packages/airflow/example_dags/example_python_decorator.py
[2024-08-24T12:33:29.995+0000] {logging_mixin.py:190} INFO - [2024-08-24T12:33:29.995+0000] {dag.py:3211} INFO - Sync 1 DAGs
[2024-08-24T12:33:30.007+0000] {logging_mixin.py:190} INFO - [2024-08-24T12:33:30.007+0000] {dag.py:4138} INFO - Setting next_dagrun for example_python_decorator to None, run_after=None
[2024-08-24T12:33:30.025+0000] {processor.py:208} INFO - Processing /home/airflow/.local/lib/python3.12/site-packages/airflow/example_dags/example_python_decorator.py took 0.075 seconds
[2024-08-24T12:34:00.785+0000] {processor.py:186} INFO - Started process (PID=390) to work on /home/airflow/.local/lib/python3.12/site-packages/airflow/example_dags/example_python_decorator.py
[2024-08-24T12:34:00.786+0000] {processor.py:914} INFO - Processing file /home/airflow/.local/lib/python3.12/site-packages/airflow/example_dags/example_python_decorator.py for tasks to queue
[2024-08-24T12:34:00.790+0000] {logging_mixin.py:190} INFO - [2024-08-24T12:34:00.789+0000] {dagbag.py:587} INFO - Filling up the DagBag from /home/airflow/.local/lib/python3.12/site-packages/airflow/example_dags/example_python_decorator.py
[2024-08-24T12:34:00.814+0000] {processor.py:925} INFO - DAG(s) 'example_python_decorator' retrieved from /home/airflow/.local/lib/python3.12/site-packages/airflow/example_dags/example_python_decorator.py
[2024-08-24T12:34:00.838+0000] {logging_mixin.py:190} INFO - [2024-08-24T12:34:00.837+0000] {dag.py:3211} INFO - Sync 1 DAGs
[2024-08-24T12:34:00.850+0000] {logging_mixin.py:190} INFO - [2024-08-24T12:34:00.850+0000] {dag.py:4138} INFO - Setting next_dagrun for example_python_decorator to None, run_after=None
[2024-08-24T12:34:00.869+0000] {processor.py:208} INFO - Processing /home/airflow/.local/lib/python3.12/site-packages/airflow/example_dags/example_python_decorator.py took 0.088 seconds
