[2024-08-24T09:47:06.586+0000] {processor.py:186} INFO - Started process (PID=98) to work on /home/airflow/.local/lib/python3.12/site-packages/airflow/example_dags/example_time_delta_sensor_async.py
[2024-08-24T09:47:06.588+0000] {processor.py:914} INFO - Processing file /home/airflow/.local/lib/python3.12/site-packages/airflow/example_dags/example_time_delta_sensor_async.py for tasks to queue
[2024-08-24T09:47:06.593+0000] {logging_mixin.py:190} INFO - [2024-08-24T09:47:06.593+0000] {dagbag.py:587} INFO - Filling up the DagBag from /home/airflow/.local/lib/python3.12/site-packages/airflow/example_dags/example_time_delta_sensor_async.py
[2024-08-24T09:47:06.612+0000] {processor.py:925} INFO - DAG(s) 'example_time_delta_sensor_async' retrieved from /home/airflow/.local/lib/python3.12/site-packages/airflow/example_dags/example_time_delta_sensor_async.py
[2024-08-24T09:47:06.955+0000] {logging_mixin.py:190} INFO - [2024-08-24T09:47:06.954+0000] {override.py:1858} INFO - Created Permission View: can delete on DAG:example_time_delta_sensor_async
[2024-08-24T09:47:06.986+0000] {logging_mixin.py:190} INFO - [2024-08-24T09:47:06.985+0000] {override.py:1858} INFO - Created Permission View: can edit on DAG:example_time_delta_sensor_async
[2024-08-24T09:47:07.013+0000] {logging_mixin.py:190} INFO - [2024-08-24T09:47:07.012+0000] {override.py:1858} INFO - Created Permission View: can read on DAG:example_time_delta_sensor_async
[2024-08-24T09:47:07.015+0000] {logging_mixin.py:190} INFO - [2024-08-24T09:47:07.014+0000] {dag.py:3211} INFO - Sync 1 DAGs
[2024-08-24T09:47:07.048+0000] {logging_mixin.py:190} INFO - [2024-08-24T09:47:07.047+0000] {dag.py:3234} INFO - Creating ORM DAG for example_time_delta_sensor_async
[2024-08-24T09:47:07.051+0000] {logging_mixin.py:190} INFO - [2024-08-24T09:47:07.051+0000] {dag.py:4138} INFO - Setting next_dagrun for example_time_delta_sensor_async to None, run_after=None
[2024-08-24T09:47:07.102+0000] {processor.py:208} INFO - Processing /home/airflow/.local/lib/python3.12/site-packages/airflow/example_dags/example_time_delta_sensor_async.py took 0.527 seconds
[2024-08-24T09:47:37.920+0000] {processor.py:186} INFO - Started process (PID=161) to work on /home/airflow/.local/lib/python3.12/site-packages/airflow/example_dags/example_time_delta_sensor_async.py
[2024-08-24T09:47:37.922+0000] {processor.py:914} INFO - Processing file /home/airflow/.local/lib/python3.12/site-packages/airflow/example_dags/example_time_delta_sensor_async.py for tasks to queue
[2024-08-24T09:47:37.925+0000] {logging_mixin.py:190} INFO - [2024-08-24T09:47:37.925+0000] {dagbag.py:587} INFO - Filling up the DagBag from /home/airflow/.local/lib/python3.12/site-packages/airflow/example_dags/example_time_delta_sensor_async.py
[2024-08-24T09:47:37.938+0000] {processor.py:925} INFO - DAG(s) 'example_time_delta_sensor_async' retrieved from /home/airflow/.local/lib/python3.12/site-packages/airflow/example_dags/example_time_delta_sensor_async.py
[2024-08-24T09:47:37.960+0000] {logging_mixin.py:190} INFO - [2024-08-24T09:47:37.960+0000] {dag.py:3211} INFO - Sync 1 DAGs
[2024-08-24T09:47:37.974+0000] {logging_mixin.py:190} INFO - [2024-08-24T09:47:37.974+0000] {dag.py:4138} INFO - Setting next_dagrun for example_time_delta_sensor_async to None, run_after=None
[2024-08-24T09:47:37.992+0000] {processor.py:208} INFO - Processing /home/airflow/.local/lib/python3.12/site-packages/airflow/example_dags/example_time_delta_sensor_async.py took 0.079 seconds
[2024-08-24T09:48:08.329+0000] {processor.py:186} INFO - Started process (PID=224) to work on /home/airflow/.local/lib/python3.12/site-packages/airflow/example_dags/example_time_delta_sensor_async.py
[2024-08-24T09:48:08.330+0000] {processor.py:914} INFO - Processing file /home/airflow/.local/lib/python3.12/site-packages/airflow/example_dags/example_time_delta_sensor_async.py for tasks to queue
[2024-08-24T09:48:08.333+0000] {logging_mixin.py:190} INFO - [2024-08-24T09:48:08.332+0000] {dagbag.py:587} INFO - Filling up the DagBag from /home/airflow/.local/lib/python3.12/site-packages/airflow/example_dags/example_time_delta_sensor_async.py
[2024-08-24T09:48:08.340+0000] {processor.py:925} INFO - DAG(s) 'example_time_delta_sensor_async' retrieved from /home/airflow/.local/lib/python3.12/site-packages/airflow/example_dags/example_time_delta_sensor_async.py
[2024-08-24T09:48:08.366+0000] {logging_mixin.py:190} INFO - [2024-08-24T09:48:08.365+0000] {dag.py:3211} INFO - Sync 1 DAGs
[2024-08-24T09:48:08.387+0000] {logging_mixin.py:190} INFO - [2024-08-24T09:48:08.386+0000] {dag.py:4138} INFO - Setting next_dagrun for example_time_delta_sensor_async to None, run_after=None
[2024-08-24T09:48:08.416+0000] {processor.py:208} INFO - Processing /home/airflow/.local/lib/python3.12/site-packages/airflow/example_dags/example_time_delta_sensor_async.py took 0.093 seconds
[2024-08-24T09:48:38.609+0000] {processor.py:186} INFO - Started process (PID=287) to work on /home/airflow/.local/lib/python3.12/site-packages/airflow/example_dags/example_time_delta_sensor_async.py
[2024-08-24T09:48:38.610+0000] {processor.py:914} INFO - Processing file /home/airflow/.local/lib/python3.12/site-packages/airflow/example_dags/example_time_delta_sensor_async.py for tasks to queue
[2024-08-24T09:48:38.614+0000] {logging_mixin.py:190} INFO - [2024-08-24T09:48:38.614+0000] {dagbag.py:587} INFO - Filling up the DagBag from /home/airflow/.local/lib/python3.12/site-packages/airflow/example_dags/example_time_delta_sensor_async.py
[2024-08-24T09:48:38.624+0000] {processor.py:925} INFO - DAG(s) 'example_time_delta_sensor_async' retrieved from /home/airflow/.local/lib/python3.12/site-packages/airflow/example_dags/example_time_delta_sensor_async.py
[2024-08-24T09:48:38.655+0000] {logging_mixin.py:190} INFO - [2024-08-24T09:48:38.654+0000] {dag.py:3211} INFO - Sync 1 DAGs
[2024-08-24T09:48:38.677+0000] {logging_mixin.py:190} INFO - [2024-08-24T09:48:38.677+0000] {dag.py:4138} INFO - Setting next_dagrun for example_time_delta_sensor_async to None, run_after=None
[2024-08-24T09:48:38.708+0000] {processor.py:208} INFO - Processing /home/airflow/.local/lib/python3.12/site-packages/airflow/example_dags/example_time_delta_sensor_async.py took 0.108 seconds
[2024-08-24T09:49:09.413+0000] {processor.py:186} INFO - Started process (PID=350) to work on /home/airflow/.local/lib/python3.12/site-packages/airflow/example_dags/example_time_delta_sensor_async.py
[2024-08-24T09:49:09.414+0000] {processor.py:914} INFO - Processing file /home/airflow/.local/lib/python3.12/site-packages/airflow/example_dags/example_time_delta_sensor_async.py for tasks to queue
[2024-08-24T09:49:09.416+0000] {logging_mixin.py:190} INFO - [2024-08-24T09:49:09.416+0000] {dagbag.py:587} INFO - Filling up the DagBag from /home/airflow/.local/lib/python3.12/site-packages/airflow/example_dags/example_time_delta_sensor_async.py
[2024-08-24T09:49:09.424+0000] {processor.py:925} INFO - DAG(s) 'example_time_delta_sensor_async' retrieved from /home/airflow/.local/lib/python3.12/site-packages/airflow/example_dags/example_time_delta_sensor_async.py
[2024-08-24T09:49:09.446+0000] {logging_mixin.py:190} INFO - [2024-08-24T09:49:09.446+0000] {dag.py:3211} INFO - Sync 1 DAGs
[2024-08-24T09:49:09.461+0000] {logging_mixin.py:190} INFO - [2024-08-24T09:49:09.461+0000] {dag.py:4138} INFO - Setting next_dagrun for example_time_delta_sensor_async to None, run_after=None
[2024-08-24T09:49:09.480+0000] {processor.py:208} INFO - Processing /home/airflow/.local/lib/python3.12/site-packages/airflow/example_dags/example_time_delta_sensor_async.py took 0.074 seconds
[2024-08-24T09:49:40.029+0000] {processor.py:186} INFO - Started process (PID=413) to work on /home/airflow/.local/lib/python3.12/site-packages/airflow/example_dags/example_time_delta_sensor_async.py
[2024-08-24T09:49:40.033+0000] {processor.py:914} INFO - Processing file /home/airflow/.local/lib/python3.12/site-packages/airflow/example_dags/example_time_delta_sensor_async.py for tasks to queue
[2024-08-24T09:49:40.037+0000] {logging_mixin.py:190} INFO - [2024-08-24T09:49:40.036+0000] {dagbag.py:587} INFO - Filling up the DagBag from /home/airflow/.local/lib/python3.12/site-packages/airflow/example_dags/example_time_delta_sensor_async.py
[2024-08-24T09:49:40.045+0000] {processor.py:925} INFO - DAG(s) 'example_time_delta_sensor_async' retrieved from /home/airflow/.local/lib/python3.12/site-packages/airflow/example_dags/example_time_delta_sensor_async.py
[2024-08-24T09:49:40.070+0000] {logging_mixin.py:190} INFO - [2024-08-24T09:49:40.070+0000] {dag.py:3211} INFO - Sync 1 DAGs
[2024-08-24T09:49:40.086+0000] {logging_mixin.py:190} INFO - [2024-08-24T09:49:40.086+0000] {dag.py:4138} INFO - Setting next_dagrun for example_time_delta_sensor_async to None, run_after=None
[2024-08-24T09:49:40.113+0000] {processor.py:208} INFO - Processing /home/airflow/.local/lib/python3.12/site-packages/airflow/example_dags/example_time_delta_sensor_async.py took 0.090 seconds
[2024-08-24T09:50:10.849+0000] {processor.py:186} INFO - Started process (PID=476) to work on /home/airflow/.local/lib/python3.12/site-packages/airflow/example_dags/example_time_delta_sensor_async.py
[2024-08-24T09:50:10.851+0000] {processor.py:914} INFO - Processing file /home/airflow/.local/lib/python3.12/site-packages/airflow/example_dags/example_time_delta_sensor_async.py for tasks to queue
[2024-08-24T09:50:10.855+0000] {logging_mixin.py:190} INFO - [2024-08-24T09:50:10.854+0000] {dagbag.py:587} INFO - Filling up the DagBag from /home/airflow/.local/lib/python3.12/site-packages/airflow/example_dags/example_time_delta_sensor_async.py
[2024-08-24T09:50:10.863+0000] {processor.py:925} INFO - DAG(s) 'example_time_delta_sensor_async' retrieved from /home/airflow/.local/lib/python3.12/site-packages/airflow/example_dags/example_time_delta_sensor_async.py
[2024-08-24T09:50:10.894+0000] {logging_mixin.py:190} INFO - [2024-08-24T09:50:10.894+0000] {dag.py:3211} INFO - Sync 1 DAGs
[2024-08-24T09:50:10.917+0000] {logging_mixin.py:190} INFO - [2024-08-24T09:50:10.916+0000] {dag.py:4138} INFO - Setting next_dagrun for example_time_delta_sensor_async to None, run_after=None
[2024-08-24T09:50:10.952+0000] {processor.py:208} INFO - Processing /home/airflow/.local/lib/python3.12/site-packages/airflow/example_dags/example_time_delta_sensor_async.py took 0.111 seconds
[2024-08-24T09:50:41.453+0000] {processor.py:186} INFO - Started process (PID=539) to work on /home/airflow/.local/lib/python3.12/site-packages/airflow/example_dags/example_time_delta_sensor_async.py
[2024-08-24T09:50:41.456+0000] {processor.py:914} INFO - Processing file /home/airflow/.local/lib/python3.12/site-packages/airflow/example_dags/example_time_delta_sensor_async.py for tasks to queue
[2024-08-24T09:50:41.459+0000] {logging_mixin.py:190} INFO - [2024-08-24T09:50:41.458+0000] {dagbag.py:587} INFO - Filling up the DagBag from /home/airflow/.local/lib/python3.12/site-packages/airflow/example_dags/example_time_delta_sensor_async.py
[2024-08-24T09:50:41.466+0000] {processor.py:925} INFO - DAG(s) 'example_time_delta_sensor_async' retrieved from /home/airflow/.local/lib/python3.12/site-packages/airflow/example_dags/example_time_delta_sensor_async.py
[2024-08-24T09:50:41.493+0000] {logging_mixin.py:190} INFO - [2024-08-24T09:50:41.493+0000] {dag.py:3211} INFO - Sync 1 DAGs
[2024-08-24T09:50:41.511+0000] {logging_mixin.py:190} INFO - [2024-08-24T09:50:41.510+0000] {dag.py:4138} INFO - Setting next_dagrun for example_time_delta_sensor_async to None, run_after=None
[2024-08-24T09:50:41.535+0000] {processor.py:208} INFO - Processing /home/airflow/.local/lib/python3.12/site-packages/airflow/example_dags/example_time_delta_sensor_async.py took 0.088 seconds
[2024-08-24T09:51:11.867+0000] {processor.py:186} INFO - Started process (PID=602) to work on /home/airflow/.local/lib/python3.12/site-packages/airflow/example_dags/example_time_delta_sensor_async.py
[2024-08-24T09:51:11.868+0000] {processor.py:914} INFO - Processing file /home/airflow/.local/lib/python3.12/site-packages/airflow/example_dags/example_time_delta_sensor_async.py for tasks to queue
[2024-08-24T09:51:11.871+0000] {logging_mixin.py:190} INFO - [2024-08-24T09:51:11.871+0000] {dagbag.py:587} INFO - Filling up the DagBag from /home/airflow/.local/lib/python3.12/site-packages/airflow/example_dags/example_time_delta_sensor_async.py
[2024-08-24T09:51:11.879+0000] {processor.py:925} INFO - DAG(s) 'example_time_delta_sensor_async' retrieved from /home/airflow/.local/lib/python3.12/site-packages/airflow/example_dags/example_time_delta_sensor_async.py
[2024-08-24T09:51:11.906+0000] {logging_mixin.py:190} INFO - [2024-08-24T09:51:11.906+0000] {dag.py:3211} INFO - Sync 1 DAGs
[2024-08-24T09:51:11.923+0000] {logging_mixin.py:190} INFO - [2024-08-24T09:51:11.922+0000] {dag.py:4138} INFO - Setting next_dagrun for example_time_delta_sensor_async to None, run_after=None
[2024-08-24T09:51:11.951+0000] {processor.py:208} INFO - Processing /home/airflow/.local/lib/python3.12/site-packages/airflow/example_dags/example_time_delta_sensor_async.py took 0.090 seconds
