[2024-08-24T09:47:00.026+0000] {processor.py:186} INFO - Started process (PID=69) to work on /home/airflow/.local/lib/python3.12/site-packages/airflow/example_dags/example_xcom.py
[2024-08-24T09:47:00.028+0000] {processor.py:914} INFO - Processing file /home/airflow/.local/lib/python3.12/site-packages/airflow/example_dags/example_xcom.py for tasks to queue
[2024-08-24T09:47:00.033+0000] {logging_mixin.py:190} INFO - [2024-08-24T09:47:00.032+0000] {dagbag.py:587} INFO - Filling up the DagBag from /home/airflow/.local/lib/python3.12/site-packages/airflow/example_dags/example_xcom.py
[2024-08-24T09:47:00.053+0000] {processor.py:925} INFO - DAG(s) 'example_xcom' retrieved from /home/airflow/.local/lib/python3.12/site-packages/airflow/example_dags/example_xcom.py
[2024-08-24T09:47:00.338+0000] {logging_mixin.py:190} INFO - [2024-08-24T09:47:00.337+0000] {override.py:1858} INFO - Created Permission View: can delete on DAG:example_xcom
[2024-08-24T09:47:00.351+0000] {logging_mixin.py:190} INFO - [2024-08-24T09:47:00.351+0000] {override.py:1858} INFO - Created Permission View: can edit on DAG:example_xcom
[2024-08-24T09:47:00.360+0000] {logging_mixin.py:190} INFO - [2024-08-24T09:47:00.360+0000] {override.py:1858} INFO - Created Permission View: can read on DAG:example_xcom
[2024-08-24T09:47:00.361+0000] {logging_mixin.py:190} INFO - [2024-08-24T09:47:00.360+0000] {dag.py:3211} INFO - Sync 1 DAGs
[2024-08-24T09:47:00.377+0000] {logging_mixin.py:190} INFO - [2024-08-24T09:47:00.377+0000] {dag.py:3234} INFO - Creating ORM DAG for example_xcom
[2024-08-24T09:47:00.392+0000] {logging_mixin.py:190} INFO - [2024-08-24T09:47:00.392+0000] {dag.py:4138} INFO - Setting next_dagrun for example_xcom to 2021-01-01 00:00:00+00:00, run_after=2021-01-01 00:00:00+00:00
[2024-08-24T09:47:00.416+0000] {processor.py:208} INFO - Processing /home/airflow/.local/lib/python3.12/site-packages/airflow/example_dags/example_xcom.py took 0.399 seconds
[2024-08-24T09:47:30.719+0000] {processor.py:186} INFO - Started process (PID=132) to work on /home/airflow/.local/lib/python3.12/site-packages/airflow/example_dags/example_xcom.py
[2024-08-24T09:47:30.720+0000] {processor.py:914} INFO - Processing file /home/airflow/.local/lib/python3.12/site-packages/airflow/example_dags/example_xcom.py for tasks to queue
[2024-08-24T09:47:30.723+0000] {logging_mixin.py:190} INFO - [2024-08-24T09:47:30.722+0000] {dagbag.py:587} INFO - Filling up the DagBag from /home/airflow/.local/lib/python3.12/site-packages/airflow/example_dags/example_xcom.py
[2024-08-24T09:47:30.736+0000] {processor.py:925} INFO - DAG(s) 'example_xcom' retrieved from /home/airflow/.local/lib/python3.12/site-packages/airflow/example_dags/example_xcom.py
[2024-08-24T09:47:30.765+0000] {logging_mixin.py:190} INFO - [2024-08-24T09:47:30.765+0000] {dag.py:3211} INFO - Sync 1 DAGs
[2024-08-24T09:47:30.794+0000] {logging_mixin.py:190} INFO - [2024-08-24T09:47:30.794+0000] {dag.py:4138} INFO - Setting next_dagrun for example_xcom to 2021-01-01 00:00:00+00:00, run_after=2021-01-01 00:00:00+00:00
[2024-08-24T09:47:30.818+0000] {processor.py:208} INFO - Processing /home/airflow/.local/lib/python3.12/site-packages/airflow/example_dags/example_xcom.py took 0.106 seconds
[2024-08-24T09:48:01.337+0000] {processor.py:186} INFO - Started process (PID=195) to work on /home/airflow/.local/lib/python3.12/site-packages/airflow/example_dags/example_xcom.py
[2024-08-24T09:48:01.338+0000] {processor.py:914} INFO - Processing file /home/airflow/.local/lib/python3.12/site-packages/airflow/example_dags/example_xcom.py for tasks to queue
[2024-08-24T09:48:01.340+0000] {logging_mixin.py:190} INFO - [2024-08-24T09:48:01.340+0000] {dagbag.py:587} INFO - Filling up the DagBag from /home/airflow/.local/lib/python3.12/site-packages/airflow/example_dags/example_xcom.py
[2024-08-24T09:48:01.347+0000] {processor.py:925} INFO - DAG(s) 'example_xcom' retrieved from /home/airflow/.local/lib/python3.12/site-packages/airflow/example_dags/example_xcom.py
[2024-08-24T09:48:01.368+0000] {logging_mixin.py:190} INFO - [2024-08-24T09:48:01.367+0000] {dag.py:3211} INFO - Sync 1 DAGs
[2024-08-24T09:48:01.393+0000] {logging_mixin.py:190} INFO - [2024-08-24T09:48:01.392+0000] {dag.py:4138} INFO - Setting next_dagrun for example_xcom to 2021-01-01 00:00:00+00:00, run_after=2021-01-01 00:00:00+00:00
[2024-08-24T09:48:01.415+0000] {processor.py:208} INFO - Processing /home/airflow/.local/lib/python3.12/site-packages/airflow/example_dags/example_xcom.py took 0.084 seconds
[2024-08-24T09:48:31.626+0000] {processor.py:186} INFO - Started process (PID=258) to work on /home/airflow/.local/lib/python3.12/site-packages/airflow/example_dags/example_xcom.py
[2024-08-24T09:48:31.628+0000] {processor.py:914} INFO - Processing file /home/airflow/.local/lib/python3.12/site-packages/airflow/example_dags/example_xcom.py for tasks to queue
[2024-08-24T09:48:31.631+0000] {logging_mixin.py:190} INFO - [2024-08-24T09:48:31.631+0000] {dagbag.py:587} INFO - Filling up the DagBag from /home/airflow/.local/lib/python3.12/site-packages/airflow/example_dags/example_xcom.py
[2024-08-24T09:48:31.644+0000] {processor.py:925} INFO - DAG(s) 'example_xcom' retrieved from /home/airflow/.local/lib/python3.12/site-packages/airflow/example_dags/example_xcom.py
[2024-08-24T09:48:31.678+0000] {logging_mixin.py:190} INFO - [2024-08-24T09:48:31.678+0000] {dag.py:3211} INFO - Sync 1 DAGs
[2024-08-24T09:48:31.718+0000] {logging_mixin.py:190} INFO - [2024-08-24T09:48:31.717+0000] {dag.py:4138} INFO - Setting next_dagrun for example_xcom to 2021-01-01 00:00:00+00:00, run_after=2021-01-01 00:00:00+00:00
[2024-08-24T09:48:31.749+0000] {processor.py:208} INFO - Processing /home/airflow/.local/lib/python3.12/site-packages/airflow/example_dags/example_xcom.py took 0.132 seconds
[2024-08-24T09:49:02.093+0000] {processor.py:186} INFO - Started process (PID=321) to work on /home/airflow/.local/lib/python3.12/site-packages/airflow/example_dags/example_xcom.py
[2024-08-24T09:49:02.094+0000] {processor.py:914} INFO - Processing file /home/airflow/.local/lib/python3.12/site-packages/airflow/example_dags/example_xcom.py for tasks to queue
[2024-08-24T09:49:02.096+0000] {logging_mixin.py:190} INFO - [2024-08-24T09:49:02.096+0000] {dagbag.py:587} INFO - Filling up the DagBag from /home/airflow/.local/lib/python3.12/site-packages/airflow/example_dags/example_xcom.py
[2024-08-24T09:49:02.105+0000] {processor.py:925} INFO - DAG(s) 'example_xcom' retrieved from /home/airflow/.local/lib/python3.12/site-packages/airflow/example_dags/example_xcom.py
[2024-08-24T09:49:02.128+0000] {logging_mixin.py:190} INFO - [2024-08-24T09:49:02.128+0000] {dag.py:3211} INFO - Sync 1 DAGs
[2024-08-24T09:49:02.151+0000] {logging_mixin.py:190} INFO - [2024-08-24T09:49:02.151+0000] {dag.py:4138} INFO - Setting next_dagrun for example_xcom to 2021-01-01 00:00:00+00:00, run_after=2021-01-01 00:00:00+00:00
[2024-08-24T09:49:02.179+0000] {processor.py:208} INFO - Processing /home/airflow/.local/lib/python3.12/site-packages/airflow/example_dags/example_xcom.py took 0.091 seconds
[2024-08-24T09:49:32.671+0000] {processor.py:186} INFO - Started process (PID=384) to work on /home/airflow/.local/lib/python3.12/site-packages/airflow/example_dags/example_xcom.py
[2024-08-24T09:49:32.672+0000] {processor.py:914} INFO - Processing file /home/airflow/.local/lib/python3.12/site-packages/airflow/example_dags/example_xcom.py for tasks to queue
[2024-08-24T09:49:32.675+0000] {logging_mixin.py:190} INFO - [2024-08-24T09:49:32.675+0000] {dagbag.py:587} INFO - Filling up the DagBag from /home/airflow/.local/lib/python3.12/site-packages/airflow/example_dags/example_xcom.py
[2024-08-24T09:49:32.682+0000] {processor.py:925} INFO - DAG(s) 'example_xcom' retrieved from /home/airflow/.local/lib/python3.12/site-packages/airflow/example_dags/example_xcom.py
[2024-08-24T09:49:32.711+0000] {logging_mixin.py:190} INFO - [2024-08-24T09:49:32.711+0000] {dag.py:3211} INFO - Sync 1 DAGs
[2024-08-24T09:49:32.733+0000] {logging_mixin.py:190} INFO - [2024-08-24T09:49:32.732+0000] {dag.py:4138} INFO - Setting next_dagrun for example_xcom to 2021-01-01 00:00:00+00:00, run_after=2021-01-01 00:00:00+00:00
[2024-08-24T09:49:32.766+0000] {processor.py:208} INFO - Processing /home/airflow/.local/lib/python3.12/site-packages/airflow/example_dags/example_xcom.py took 0.101 seconds
[2024-08-24T09:50:03.570+0000] {processor.py:186} INFO - Started process (PID=447) to work on /home/airflow/.local/lib/python3.12/site-packages/airflow/example_dags/example_xcom.py
[2024-08-24T09:50:03.571+0000] {processor.py:914} INFO - Processing file /home/airflow/.local/lib/python3.12/site-packages/airflow/example_dags/example_xcom.py for tasks to queue
[2024-08-24T09:50:03.573+0000] {logging_mixin.py:190} INFO - [2024-08-24T09:50:03.573+0000] {dagbag.py:587} INFO - Filling up the DagBag from /home/airflow/.local/lib/python3.12/site-packages/airflow/example_dags/example_xcom.py
[2024-08-24T09:50:03.583+0000] {processor.py:925} INFO - DAG(s) 'example_xcom' retrieved from /home/airflow/.local/lib/python3.12/site-packages/airflow/example_dags/example_xcom.py
[2024-08-24T09:50:03.609+0000] {logging_mixin.py:190} INFO - [2024-08-24T09:50:03.609+0000] {dag.py:3211} INFO - Sync 1 DAGs
[2024-08-24T09:50:03.634+0000] {logging_mixin.py:190} INFO - [2024-08-24T09:50:03.634+0000] {dag.py:4138} INFO - Setting next_dagrun for example_xcom to 2021-01-01 00:00:00+00:00, run_after=2021-01-01 00:00:00+00:00
[2024-08-24T09:50:03.665+0000] {processor.py:208} INFO - Processing /home/airflow/.local/lib/python3.12/site-packages/airflow/example_dags/example_xcom.py took 0.100 seconds
[2024-08-24T09:50:34.229+0000] {processor.py:186} INFO - Started process (PID=510) to work on /home/airflow/.local/lib/python3.12/site-packages/airflow/example_dags/example_xcom.py
[2024-08-24T09:50:34.230+0000] {processor.py:914} INFO - Processing file /home/airflow/.local/lib/python3.12/site-packages/airflow/example_dags/example_xcom.py for tasks to queue
[2024-08-24T09:50:34.233+0000] {logging_mixin.py:190} INFO - [2024-08-24T09:50:34.232+0000] {dagbag.py:587} INFO - Filling up the DagBag from /home/airflow/.local/lib/python3.12/site-packages/airflow/example_dags/example_xcom.py
[2024-08-24T09:50:34.244+0000] {processor.py:925} INFO - DAG(s) 'example_xcom' retrieved from /home/airflow/.local/lib/python3.12/site-packages/airflow/example_dags/example_xcom.py
[2024-08-24T09:50:34.269+0000] {logging_mixin.py:190} INFO - [2024-08-24T09:50:34.269+0000] {dag.py:3211} INFO - Sync 1 DAGs
[2024-08-24T09:50:34.296+0000] {logging_mixin.py:190} INFO - [2024-08-24T09:50:34.296+0000] {dag.py:4138} INFO - Setting next_dagrun for example_xcom to 2021-01-01 00:00:00+00:00, run_after=2021-01-01 00:00:00+00:00
[2024-08-24T09:50:34.317+0000] {processor.py:208} INFO - Processing /home/airflow/.local/lib/python3.12/site-packages/airflow/example_dags/example_xcom.py took 0.093 seconds
[2024-08-24T09:51:04.635+0000] {processor.py:186} INFO - Started process (PID=573) to work on /home/airflow/.local/lib/python3.12/site-packages/airflow/example_dags/example_xcom.py
[2024-08-24T09:51:04.636+0000] {processor.py:914} INFO - Processing file /home/airflow/.local/lib/python3.12/site-packages/airflow/example_dags/example_xcom.py for tasks to queue
[2024-08-24T09:51:04.639+0000] {logging_mixin.py:190} INFO - [2024-08-24T09:51:04.638+0000] {dagbag.py:587} INFO - Filling up the DagBag from /home/airflow/.local/lib/python3.12/site-packages/airflow/example_dags/example_xcom.py
[2024-08-24T09:51:04.646+0000] {processor.py:925} INFO - DAG(s) 'example_xcom' retrieved from /home/airflow/.local/lib/python3.12/site-packages/airflow/example_dags/example_xcom.py
[2024-08-24T09:51:04.666+0000] {logging_mixin.py:190} INFO - [2024-08-24T09:51:04.666+0000] {dag.py:3211} INFO - Sync 1 DAGs
[2024-08-24T09:51:04.686+0000] {logging_mixin.py:190} INFO - [2024-08-24T09:51:04.686+0000] {dag.py:4138} INFO - Setting next_dagrun for example_xcom to 2021-01-01 00:00:00+00:00, run_after=2021-01-01 00:00:00+00:00
[2024-08-24T09:51:04.704+0000] {processor.py:208} INFO - Processing /home/airflow/.local/lib/python3.12/site-packages/airflow/example_dags/example_xcom.py took 0.073 seconds
[2024-08-24T09:51:35.155+0000] {processor.py:186} INFO - Started process (PID=637) to work on /home/airflow/.local/lib/python3.12/site-packages/airflow/example_dags/example_xcom.py
[2024-08-24T09:51:35.157+0000] {processor.py:914} INFO - Processing file /home/airflow/.local/lib/python3.12/site-packages/airflow/example_dags/example_xcom.py for tasks to queue
[2024-08-24T09:51:35.160+0000] {logging_mixin.py:190} INFO - [2024-08-24T09:51:35.160+0000] {dagbag.py:587} INFO - Filling up the DagBag from /home/airflow/.local/lib/python3.12/site-packages/airflow/example_dags/example_xcom.py
[2024-08-24T09:51:35.170+0000] {processor.py:925} INFO - DAG(s) 'example_xcom' retrieved from /home/airflow/.local/lib/python3.12/site-packages/airflow/example_dags/example_xcom.py
[2024-08-24T09:51:35.198+0000] {logging_mixin.py:190} INFO - [2024-08-24T09:51:35.198+0000] {dag.py:3211} INFO - Sync 1 DAGs
[2024-08-24T09:51:35.227+0000] {logging_mixin.py:190} INFO - [2024-08-24T09:51:35.227+0000] {dag.py:4138} INFO - Setting next_dagrun for example_xcom to 2021-01-01 00:00:00+00:00, run_after=2021-01-01 00:00:00+00:00
[2024-08-24T09:51:35.254+0000] {processor.py:208} INFO - Processing /home/airflow/.local/lib/python3.12/site-packages/airflow/example_dags/example_xcom.py took 0.106 seconds
