[2024-08-24T09:47:00.816+0000] {processor.py:186} INFO - Started process (PID=71) to work on /home/airflow/.local/lib/python3.12/site-packages/airflow/example_dags/example_task_group.py
[2024-08-24T09:47:00.817+0000] {processor.py:914} INFO - Processing file /home/airflow/.local/lib/python3.12/site-packages/airflow/example_dags/example_task_group.py for tasks to queue
[2024-08-24T09:47:00.820+0000] {logging_mixin.py:190} INFO - [2024-08-24T09:47:00.819+0000] {dagbag.py:587} INFO - Filling up the DagBag from /home/airflow/.local/lib/python3.12/site-packages/airflow/example_dags/example_task_group.py
[2024-08-24T09:47:00.834+0000] {processor.py:925} INFO - DAG(s) 'example_task_group' retrieved from /home/airflow/.local/lib/python3.12/site-packages/airflow/example_dags/example_task_group.py
[2024-08-24T09:47:00.981+0000] {logging_mixin.py:190} INFO - [2024-08-24T09:47:00.980+0000] {override.py:1858} INFO - Created Permission View: can delete on DAG:example_task_group
[2024-08-24T09:47:00.997+0000] {logging_mixin.py:190} INFO - [2024-08-24T09:47:00.996+0000] {override.py:1858} INFO - Created Permission View: can edit on DAG:example_task_group
[2024-08-24T09:47:01.005+0000] {logging_mixin.py:190} INFO - [2024-08-24T09:47:01.004+0000] {override.py:1858} INFO - Created Permission View: can read on DAG:example_task_group
[2024-08-24T09:47:01.006+0000] {logging_mixin.py:190} INFO - [2024-08-24T09:47:01.005+0000] {dag.py:3211} INFO - Sync 1 DAGs
[2024-08-24T09:47:01.022+0000] {logging_mixin.py:190} INFO - [2024-08-24T09:47:01.022+0000] {dag.py:3234} INFO - Creating ORM DAG for example_task_group
[2024-08-24T09:47:01.036+0000] {logging_mixin.py:190} INFO - [2024-08-24T09:47:01.036+0000] {dag.py:4138} INFO - Setting next_dagrun for example_task_group to 2024-08-23 00:00:00+00:00, run_after=2024-08-24 00:00:00+00:00
[2024-08-24T09:47:01.056+0000] {processor.py:208} INFO - Processing /home/airflow/.local/lib/python3.12/site-packages/airflow/example_dags/example_task_group.py took 0.249 seconds
[2024-08-24T09:47:31.879+0000] {processor.py:186} INFO - Started process (PID=134) to work on /home/airflow/.local/lib/python3.12/site-packages/airflow/example_dags/example_task_group.py
[2024-08-24T09:47:31.880+0000] {processor.py:914} INFO - Processing file /home/airflow/.local/lib/python3.12/site-packages/airflow/example_dags/example_task_group.py for tasks to queue
[2024-08-24T09:47:31.884+0000] {logging_mixin.py:190} INFO - [2024-08-24T09:47:31.884+0000] {dagbag.py:587} INFO - Filling up the DagBag from /home/airflow/.local/lib/python3.12/site-packages/airflow/example_dags/example_task_group.py
[2024-08-24T09:47:31.896+0000] {processor.py:925} INFO - DAG(s) 'example_task_group' retrieved from /home/airflow/.local/lib/python3.12/site-packages/airflow/example_dags/example_task_group.py
[2024-08-24T09:47:31.927+0000] {logging_mixin.py:190} INFO - [2024-08-24T09:47:31.927+0000] {dag.py:3211} INFO - Sync 1 DAGs
[2024-08-24T09:47:31.959+0000] {logging_mixin.py:190} INFO - [2024-08-24T09:47:31.959+0000] {dag.py:4138} INFO - Setting next_dagrun for example_task_group to 2024-08-23 00:00:00+00:00, run_after=2024-08-24 00:00:00+00:00
[2024-08-24T09:47:31.982+0000] {processor.py:208} INFO - Processing /home/airflow/.local/lib/python3.12/site-packages/airflow/example_dags/example_task_group.py took 0.112 seconds
[2024-08-24T09:48:02.481+0000] {processor.py:186} INFO - Started process (PID=197) to work on /home/airflow/.local/lib/python3.12/site-packages/airflow/example_dags/example_task_group.py
[2024-08-24T09:48:02.482+0000] {processor.py:914} INFO - Processing file /home/airflow/.local/lib/python3.12/site-packages/airflow/example_dags/example_task_group.py for tasks to queue
[2024-08-24T09:48:02.485+0000] {logging_mixin.py:190} INFO - [2024-08-24T09:48:02.484+0000] {dagbag.py:587} INFO - Filling up the DagBag from /home/airflow/.local/lib/python3.12/site-packages/airflow/example_dags/example_task_group.py
[2024-08-24T09:48:02.493+0000] {processor.py:925} INFO - DAG(s) 'example_task_group' retrieved from /home/airflow/.local/lib/python3.12/site-packages/airflow/example_dags/example_task_group.py
[2024-08-24T09:48:02.519+0000] {logging_mixin.py:190} INFO - [2024-08-24T09:48:02.519+0000] {dag.py:3211} INFO - Sync 1 DAGs
[2024-08-24T09:48:02.548+0000] {logging_mixin.py:190} INFO - [2024-08-24T09:48:02.548+0000] {dag.py:4138} INFO - Setting next_dagrun for example_task_group to 2024-08-23 00:00:00+00:00, run_after=2024-08-24 00:00:00+00:00
[2024-08-24T09:48:02.588+0000] {processor.py:208} INFO - Processing /home/airflow/.local/lib/python3.12/site-packages/airflow/example_dags/example_task_group.py took 0.114 seconds
[2024-08-24T09:48:32.817+0000] {processor.py:186} INFO - Started process (PID=260) to work on /home/airflow/.local/lib/python3.12/site-packages/airflow/example_dags/example_task_group.py
[2024-08-24T09:48:32.818+0000] {processor.py:914} INFO - Processing file /home/airflow/.local/lib/python3.12/site-packages/airflow/example_dags/example_task_group.py for tasks to queue
[2024-08-24T09:48:32.821+0000] {logging_mixin.py:190} INFO - [2024-08-24T09:48:32.821+0000] {dagbag.py:587} INFO - Filling up the DagBag from /home/airflow/.local/lib/python3.12/site-packages/airflow/example_dags/example_task_group.py
[2024-08-24T09:48:32.833+0000] {processor.py:925} INFO - DAG(s) 'example_task_group' retrieved from /home/airflow/.local/lib/python3.12/site-packages/airflow/example_dags/example_task_group.py
[2024-08-24T09:48:32.862+0000] {logging_mixin.py:190} INFO - [2024-08-24T09:48:32.862+0000] {dag.py:3211} INFO - Sync 1 DAGs
[2024-08-24T09:48:32.891+0000] {logging_mixin.py:190} INFO - [2024-08-24T09:48:32.890+0000] {dag.py:4138} INFO - Setting next_dagrun for example_task_group to 2024-08-23 00:00:00+00:00, run_after=2024-08-24 00:00:00+00:00
[2024-08-24T09:48:32.914+0000] {processor.py:208} INFO - Processing /home/airflow/.local/lib/python3.12/site-packages/airflow/example_dags/example_task_group.py took 0.102 seconds
[2024-08-24T09:49:03.233+0000] {processor.py:186} INFO - Started process (PID=323) to work on /home/airflow/.local/lib/python3.12/site-packages/airflow/example_dags/example_task_group.py
[2024-08-24T09:49:03.234+0000] {processor.py:914} INFO - Processing file /home/airflow/.local/lib/python3.12/site-packages/airflow/example_dags/example_task_group.py for tasks to queue
[2024-08-24T09:49:03.237+0000] {logging_mixin.py:190} INFO - [2024-08-24T09:49:03.237+0000] {dagbag.py:587} INFO - Filling up the DagBag from /home/airflow/.local/lib/python3.12/site-packages/airflow/example_dags/example_task_group.py
[2024-08-24T09:49:03.247+0000] {processor.py:925} INFO - DAG(s) 'example_task_group' retrieved from /home/airflow/.local/lib/python3.12/site-packages/airflow/example_dags/example_task_group.py
[2024-08-24T09:49:03.282+0000] {logging_mixin.py:190} INFO - [2024-08-24T09:49:03.282+0000] {dag.py:3211} INFO - Sync 1 DAGs
[2024-08-24T09:49:03.317+0000] {logging_mixin.py:190} INFO - [2024-08-24T09:49:03.316+0000] {dag.py:4138} INFO - Setting next_dagrun for example_task_group to 2024-08-23 00:00:00+00:00, run_after=2024-08-24 00:00:00+00:00
[2024-08-24T09:49:03.343+0000] {processor.py:208} INFO - Processing /home/airflow/.local/lib/python3.12/site-packages/airflow/example_dags/example_task_group.py took 0.116 seconds
[2024-08-24T09:49:33.827+0000] {processor.py:186} INFO - Started process (PID=386) to work on /home/airflow/.local/lib/python3.12/site-packages/airflow/example_dags/example_task_group.py
[2024-08-24T09:49:33.828+0000] {processor.py:914} INFO - Processing file /home/airflow/.local/lib/python3.12/site-packages/airflow/example_dags/example_task_group.py for tasks to queue
[2024-08-24T09:49:33.830+0000] {logging_mixin.py:190} INFO - [2024-08-24T09:49:33.829+0000] {dagbag.py:587} INFO - Filling up the DagBag from /home/airflow/.local/lib/python3.12/site-packages/airflow/example_dags/example_task_group.py
[2024-08-24T09:49:33.837+0000] {processor.py:925} INFO - DAG(s) 'example_task_group' retrieved from /home/airflow/.local/lib/python3.12/site-packages/airflow/example_dags/example_task_group.py
[2024-08-24T09:49:33.862+0000] {logging_mixin.py:190} INFO - [2024-08-24T09:49:33.862+0000] {dag.py:3211} INFO - Sync 1 DAGs
[2024-08-24T09:49:33.890+0000] {logging_mixin.py:190} INFO - [2024-08-24T09:49:33.889+0000] {dag.py:4138} INFO - Setting next_dagrun for example_task_group to 2024-08-23 00:00:00+00:00, run_after=2024-08-24 00:00:00+00:00
[2024-08-24T09:49:33.918+0000] {processor.py:208} INFO - Processing /home/airflow/.local/lib/python3.12/site-packages/airflow/example_dags/example_task_group.py took 0.097 seconds
[2024-08-24T09:50:04.721+0000] {processor.py:186} INFO - Started process (PID=449) to work on /home/airflow/.local/lib/python3.12/site-packages/airflow/example_dags/example_task_group.py
[2024-08-24T09:50:04.722+0000] {processor.py:914} INFO - Processing file /home/airflow/.local/lib/python3.12/site-packages/airflow/example_dags/example_task_group.py for tasks to queue
[2024-08-24T09:50:04.725+0000] {logging_mixin.py:190} INFO - [2024-08-24T09:50:04.724+0000] {dagbag.py:587} INFO - Filling up the DagBag from /home/airflow/.local/lib/python3.12/site-packages/airflow/example_dags/example_task_group.py
[2024-08-24T09:50:04.732+0000] {processor.py:925} INFO - DAG(s) 'example_task_group' retrieved from /home/airflow/.local/lib/python3.12/site-packages/airflow/example_dags/example_task_group.py
[2024-08-24T09:50:04.755+0000] {logging_mixin.py:190} INFO - [2024-08-24T09:50:04.755+0000] {dag.py:3211} INFO - Sync 1 DAGs
[2024-08-24T09:50:04.779+0000] {logging_mixin.py:190} INFO - [2024-08-24T09:50:04.779+0000] {dag.py:4138} INFO - Setting next_dagrun for example_task_group to 2024-08-23 00:00:00+00:00, run_after=2024-08-24 00:00:00+00:00
[2024-08-24T09:50:04.800+0000] {processor.py:208} INFO - Processing /home/airflow/.local/lib/python3.12/site-packages/airflow/example_dags/example_task_group.py took 0.084 seconds
[2024-08-24T09:50:35.368+0000] {processor.py:186} INFO - Started process (PID=512) to work on /home/airflow/.local/lib/python3.12/site-packages/airflow/example_dags/example_task_group.py
[2024-08-24T09:50:35.369+0000] {processor.py:914} INFO - Processing file /home/airflow/.local/lib/python3.12/site-packages/airflow/example_dags/example_task_group.py for tasks to queue
[2024-08-24T09:50:35.372+0000] {logging_mixin.py:190} INFO - [2024-08-24T09:50:35.371+0000] {dagbag.py:587} INFO - Filling up the DagBag from /home/airflow/.local/lib/python3.12/site-packages/airflow/example_dags/example_task_group.py
[2024-08-24T09:50:35.384+0000] {processor.py:925} INFO - DAG(s) 'example_task_group' retrieved from /home/airflow/.local/lib/python3.12/site-packages/airflow/example_dags/example_task_group.py
[2024-08-24T09:50:35.408+0000] {logging_mixin.py:190} INFO - [2024-08-24T09:50:35.408+0000] {dag.py:3211} INFO - Sync 1 DAGs
[2024-08-24T09:50:35.433+0000] {logging_mixin.py:190} INFO - [2024-08-24T09:50:35.433+0000] {dag.py:4138} INFO - Setting next_dagrun for example_task_group to 2024-08-23 00:00:00+00:00, run_after=2024-08-24 00:00:00+00:00
[2024-08-24T09:50:35.455+0000] {processor.py:208} INFO - Processing /home/airflow/.local/lib/python3.12/site-packages/airflow/example_dags/example_task_group.py took 0.092 seconds
[2024-08-24T09:51:05.761+0000] {processor.py:186} INFO - Started process (PID=575) to work on /home/airflow/.local/lib/python3.12/site-packages/airflow/example_dags/example_task_group.py
[2024-08-24T09:51:05.762+0000] {processor.py:914} INFO - Processing file /home/airflow/.local/lib/python3.12/site-packages/airflow/example_dags/example_task_group.py for tasks to queue
[2024-08-24T09:51:05.764+0000] {logging_mixin.py:190} INFO - [2024-08-24T09:51:05.764+0000] {dagbag.py:587} INFO - Filling up the DagBag from /home/airflow/.local/lib/python3.12/site-packages/airflow/example_dags/example_task_group.py
[2024-08-24T09:51:05.771+0000] {processor.py:925} INFO - DAG(s) 'example_task_group' retrieved from /home/airflow/.local/lib/python3.12/site-packages/airflow/example_dags/example_task_group.py
[2024-08-24T09:51:05.796+0000] {logging_mixin.py:190} INFO - [2024-08-24T09:51:05.796+0000] {dag.py:3211} INFO - Sync 1 DAGs
[2024-08-24T09:51:05.823+0000] {logging_mixin.py:190} INFO - [2024-08-24T09:51:05.823+0000] {dag.py:4138} INFO - Setting next_dagrun for example_task_group to 2024-08-23 00:00:00+00:00, run_after=2024-08-24 00:00:00+00:00
[2024-08-24T09:51:05.851+0000] {processor.py:208} INFO - Processing /home/airflow/.local/lib/python3.12/site-packages/airflow/example_dags/example_task_group.py took 0.095 seconds
[2024-08-24T09:51:36.329+0000] {processor.py:186} INFO - Started process (PID=639) to work on /home/airflow/.local/lib/python3.12/site-packages/airflow/example_dags/example_task_group.py
[2024-08-24T09:51:36.330+0000] {processor.py:914} INFO - Processing file /home/airflow/.local/lib/python3.12/site-packages/airflow/example_dags/example_task_group.py for tasks to queue
[2024-08-24T09:51:36.332+0000] {logging_mixin.py:190} INFO - [2024-08-24T09:51:36.332+0000] {dagbag.py:587} INFO - Filling up the DagBag from /home/airflow/.local/lib/python3.12/site-packages/airflow/example_dags/example_task_group.py
[2024-08-24T09:51:36.343+0000] {processor.py:925} INFO - DAG(s) 'example_task_group' retrieved from /home/airflow/.local/lib/python3.12/site-packages/airflow/example_dags/example_task_group.py
[2024-08-24T09:51:36.368+0000] {logging_mixin.py:190} INFO - [2024-08-24T09:51:36.368+0000] {dag.py:3211} INFO - Sync 1 DAGs
[2024-08-24T09:51:36.397+0000] {logging_mixin.py:190} INFO - [2024-08-24T09:51:36.396+0000] {dag.py:4138} INFO - Setting next_dagrun for example_task_group to 2024-08-23 00:00:00+00:00, run_after=2024-08-24 00:00:00+00:00
[2024-08-24T09:51:36.438+0000] {processor.py:208} INFO - Processing /home/airflow/.local/lib/python3.12/site-packages/airflow/example_dags/example_task_group.py took 0.115 seconds
