[2024-08-24T09:47:07.850+0000] {processor.py:186} INFO - Started process (PID=102) to work on /home/airflow/.local/lib/python3.12/site-packages/airflow/example_dags/example_display_name.py
[2024-08-24T09:47:07.851+0000] {processor.py:914} INFO - Processing file /home/airflow/.local/lib/python3.12/site-packages/airflow/example_dags/example_display_name.py for tasks to queue
[2024-08-24T09:47:07.855+0000] {logging_mixin.py:190} INFO - [2024-08-24T09:47:07.855+0000] {dagbag.py:587} INFO - Filling up the DagBag from /home/airflow/.local/lib/python3.12/site-packages/airflow/example_dags/example_display_name.py
[2024-08-24T09:47:07.868+0000] {processor.py:925} INFO - DAG(s) 'example_display_name' retrieved from /home/airflow/.local/lib/python3.12/site-packages/airflow/example_dags/example_display_name.py
[2024-08-24T09:47:08.050+0000] {logging_mixin.py:190} INFO - [2024-08-24T09:47:08.049+0000] {override.py:1858} INFO - Created Permission View: can delete on DAG:example_display_name
[2024-08-24T09:47:08.066+0000] {logging_mixin.py:190} INFO - [2024-08-24T09:47:08.065+0000] {override.py:1858} INFO - Created Permission View: can edit on DAG:example_display_name
[2024-08-24T09:47:08.078+0000] {logging_mixin.py:190} INFO - [2024-08-24T09:47:08.077+0000] {override.py:1858} INFO - Created Permission View: can read on DAG:example_display_name
[2024-08-24T09:47:08.079+0000] {logging_mixin.py:190} INFO - [2024-08-24T09:47:08.079+0000] {dag.py:3211} INFO - Sync 1 DAGs
[2024-08-24T09:47:08.108+0000] {logging_mixin.py:190} INFO - [2024-08-24T09:47:08.107+0000] {dag.py:3234} INFO - Creating ORM DAG for example_display_name
[2024-08-24T09:47:08.109+0000] {logging_mixin.py:190} INFO - [2024-08-24T09:47:08.109+0000] {dag.py:4138} INFO - Setting next_dagrun for example_display_name to None, run_after=None
[2024-08-24T09:47:08.135+0000] {processor.py:208} INFO - Processing /home/airflow/.local/lib/python3.12/site-packages/airflow/example_dags/example_display_name.py took 0.295 seconds
[2024-08-24T09:47:38.197+0000] {processor.py:186} INFO - Started process (PID=164) to work on /home/airflow/.local/lib/python3.12/site-packages/airflow/example_dags/example_display_name.py
[2024-08-24T09:47:38.198+0000] {processor.py:914} INFO - Processing file /home/airflow/.local/lib/python3.12/site-packages/airflow/example_dags/example_display_name.py for tasks to queue
[2024-08-24T09:47:38.203+0000] {logging_mixin.py:190} INFO - [2024-08-24T09:47:38.202+0000] {dagbag.py:587} INFO - Filling up the DagBag from /home/airflow/.local/lib/python3.12/site-packages/airflow/example_dags/example_display_name.py
[2024-08-24T09:47:38.210+0000] {processor.py:925} INFO - DAG(s) 'example_display_name' retrieved from /home/airflow/.local/lib/python3.12/site-packages/airflow/example_dags/example_display_name.py
[2024-08-24T09:47:38.237+0000] {logging_mixin.py:190} INFO - [2024-08-24T09:47:38.237+0000] {dag.py:3211} INFO - Sync 1 DAGs
[2024-08-24T09:47:38.254+0000] {logging_mixin.py:190} INFO - [2024-08-24T09:47:38.254+0000] {dag.py:4138} INFO - Setting next_dagrun for example_display_name to None, run_after=None
[2024-08-24T09:47:38.277+0000] {processor.py:208} INFO - Processing /home/airflow/.local/lib/python3.12/site-packages/airflow/example_dags/example_display_name.py took 0.086 seconds
[2024-08-24T09:48:08.734+0000] {processor.py:186} INFO - Started process (PID=227) to work on /home/airflow/.local/lib/python3.12/site-packages/airflow/example_dags/example_display_name.py
[2024-08-24T09:48:08.737+0000] {processor.py:914} INFO - Processing file /home/airflow/.local/lib/python3.12/site-packages/airflow/example_dags/example_display_name.py for tasks to queue
[2024-08-24T09:48:08.742+0000] {logging_mixin.py:190} INFO - [2024-08-24T09:48:08.742+0000] {dagbag.py:587} INFO - Filling up the DagBag from /home/airflow/.local/lib/python3.12/site-packages/airflow/example_dags/example_display_name.py
[2024-08-24T09:48:08.752+0000] {processor.py:925} INFO - DAG(s) 'example_display_name' retrieved from /home/airflow/.local/lib/python3.12/site-packages/airflow/example_dags/example_display_name.py
[2024-08-24T09:48:08.785+0000] {logging_mixin.py:190} INFO - [2024-08-24T09:48:08.784+0000] {dag.py:3211} INFO - Sync 1 DAGs
[2024-08-24T09:48:08.811+0000] {logging_mixin.py:190} INFO - [2024-08-24T09:48:08.810+0000] {dag.py:4138} INFO - Setting next_dagrun for example_display_name to None, run_after=None
[2024-08-24T09:48:08.842+0000] {processor.py:208} INFO - Processing /home/airflow/.local/lib/python3.12/site-packages/airflow/example_dags/example_display_name.py took 0.116 seconds
[2024-08-24T09:48:38.990+0000] {processor.py:186} INFO - Started process (PID=290) to work on /home/airflow/.local/lib/python3.12/site-packages/airflow/example_dags/example_display_name.py
[2024-08-24T09:48:38.991+0000] {processor.py:914} INFO - Processing file /home/airflow/.local/lib/python3.12/site-packages/airflow/example_dags/example_display_name.py for tasks to queue
[2024-08-24T09:48:38.995+0000] {logging_mixin.py:190} INFO - [2024-08-24T09:48:38.995+0000] {dagbag.py:587} INFO - Filling up the DagBag from /home/airflow/.local/lib/python3.12/site-packages/airflow/example_dags/example_display_name.py
[2024-08-24T09:48:39.006+0000] {processor.py:925} INFO - DAG(s) 'example_display_name' retrieved from /home/airflow/.local/lib/python3.12/site-packages/airflow/example_dags/example_display_name.py
[2024-08-24T09:48:39.041+0000] {logging_mixin.py:190} INFO - [2024-08-24T09:48:39.040+0000] {dag.py:3211} INFO - Sync 1 DAGs
[2024-08-24T09:48:39.064+0000] {logging_mixin.py:190} INFO - [2024-08-24T09:48:39.064+0000] {dag.py:4138} INFO - Setting next_dagrun for example_display_name to None, run_after=None
[2024-08-24T09:48:39.096+0000] {processor.py:208} INFO - Processing /home/airflow/.local/lib/python3.12/site-packages/airflow/example_dags/example_display_name.py took 0.114 seconds
[2024-08-24T09:49:09.807+0000] {processor.py:186} INFO - Started process (PID=354) to work on /home/airflow/.local/lib/python3.12/site-packages/airflow/example_dags/example_display_name.py
[2024-08-24T09:49:09.808+0000] {processor.py:914} INFO - Processing file /home/airflow/.local/lib/python3.12/site-packages/airflow/example_dags/example_display_name.py for tasks to queue
[2024-08-24T09:49:09.810+0000] {logging_mixin.py:190} INFO - [2024-08-24T09:49:09.810+0000] {dagbag.py:587} INFO - Filling up the DagBag from /home/airflow/.local/lib/python3.12/site-packages/airflow/example_dags/example_display_name.py
[2024-08-24T09:49:09.817+0000] {processor.py:925} INFO - DAG(s) 'example_display_name' retrieved from /home/airflow/.local/lib/python3.12/site-packages/airflow/example_dags/example_display_name.py
[2024-08-24T09:49:09.841+0000] {logging_mixin.py:190} INFO - [2024-08-24T09:49:09.841+0000] {dag.py:3211} INFO - Sync 1 DAGs
[2024-08-24T09:49:09.858+0000] {logging_mixin.py:190} INFO - [2024-08-24T09:49:09.858+0000] {dag.py:4138} INFO - Setting next_dagrun for example_display_name to None, run_after=None
[2024-08-24T09:49:09.877+0000] {processor.py:208} INFO - Processing /home/airflow/.local/lib/python3.12/site-packages/airflow/example_dags/example_display_name.py took 0.076 seconds
[2024-08-24T09:49:40.309+0000] {processor.py:186} INFO - Started process (PID=417) to work on /home/airflow/.local/lib/python3.12/site-packages/airflow/example_dags/example_display_name.py
[2024-08-24T09:49:40.310+0000] {processor.py:914} INFO - Processing file /home/airflow/.local/lib/python3.12/site-packages/airflow/example_dags/example_display_name.py for tasks to queue
[2024-08-24T09:49:40.313+0000] {logging_mixin.py:190} INFO - [2024-08-24T09:49:40.312+0000] {dagbag.py:587} INFO - Filling up the DagBag from /home/airflow/.local/lib/python3.12/site-packages/airflow/example_dags/example_display_name.py
[2024-08-24T09:49:40.322+0000] {processor.py:925} INFO - DAG(s) 'example_display_name' retrieved from /home/airflow/.local/lib/python3.12/site-packages/airflow/example_dags/example_display_name.py
[2024-08-24T09:49:40.347+0000] {logging_mixin.py:190} INFO - [2024-08-24T09:49:40.347+0000] {dag.py:3211} INFO - Sync 1 DAGs
[2024-08-24T09:49:40.366+0000] {logging_mixin.py:190} INFO - [2024-08-24T09:49:40.365+0000] {dag.py:4138} INFO - Setting next_dagrun for example_display_name to None, run_after=None
[2024-08-24T09:49:40.385+0000] {processor.py:208} INFO - Processing /home/airflow/.local/lib/python3.12/site-packages/airflow/example_dags/example_display_name.py took 0.083 seconds
[2024-08-24T09:50:11.194+0000] {processor.py:186} INFO - Started process (PID=480) to work on /home/airflow/.local/lib/python3.12/site-packages/airflow/example_dags/example_display_name.py
[2024-08-24T09:50:11.196+0000] {processor.py:914} INFO - Processing file /home/airflow/.local/lib/python3.12/site-packages/airflow/example_dags/example_display_name.py for tasks to queue
[2024-08-24T09:50:11.200+0000] {logging_mixin.py:190} INFO - [2024-08-24T09:50:11.199+0000] {dagbag.py:587} INFO - Filling up the DagBag from /home/airflow/.local/lib/python3.12/site-packages/airflow/example_dags/example_display_name.py
[2024-08-24T09:50:11.219+0000] {processor.py:925} INFO - DAG(s) 'example_display_name' retrieved from /home/airflow/.local/lib/python3.12/site-packages/airflow/example_dags/example_display_name.py
[2024-08-24T09:50:11.264+0000] {logging_mixin.py:190} INFO - [2024-08-24T09:50:11.263+0000] {dag.py:3211} INFO - Sync 1 DAGs
[2024-08-24T09:50:11.290+0000] {logging_mixin.py:190} INFO - [2024-08-24T09:50:11.290+0000] {dag.py:4138} INFO - Setting next_dagrun for example_display_name to None, run_after=None
[2024-08-24T09:50:11.318+0000] {processor.py:208} INFO - Processing /home/airflow/.local/lib/python3.12/site-packages/airflow/example_dags/example_display_name.py took 0.133 seconds
[2024-08-24T09:50:41.890+0000] {processor.py:186} INFO - Started process (PID=543) to work on /home/airflow/.local/lib/python3.12/site-packages/airflow/example_dags/example_display_name.py
[2024-08-24T09:50:41.891+0000] {processor.py:914} INFO - Processing file /home/airflow/.local/lib/python3.12/site-packages/airflow/example_dags/example_display_name.py for tasks to queue
[2024-08-24T09:50:41.894+0000] {logging_mixin.py:190} INFO - [2024-08-24T09:50:41.894+0000] {dagbag.py:587} INFO - Filling up the DagBag from /home/airflow/.local/lib/python3.12/site-packages/airflow/example_dags/example_display_name.py
[2024-08-24T09:50:41.901+0000] {processor.py:925} INFO - DAG(s) 'example_display_name' retrieved from /home/airflow/.local/lib/python3.12/site-packages/airflow/example_dags/example_display_name.py
[2024-08-24T09:50:41.923+0000] {logging_mixin.py:190} INFO - [2024-08-24T09:50:41.923+0000] {dag.py:3211} INFO - Sync 1 DAGs
[2024-08-24T09:50:41.939+0000] {logging_mixin.py:190} INFO - [2024-08-24T09:50:41.939+0000] {dag.py:4138} INFO - Setting next_dagrun for example_display_name to None, run_after=None
[2024-08-24T09:50:41.962+0000] {processor.py:208} INFO - Processing /home/airflow/.local/lib/python3.12/site-packages/airflow/example_dags/example_display_name.py took 0.079 seconds
[2024-08-24T09:51:12.165+0000] {processor.py:186} INFO - Started process (PID=606) to work on /home/airflow/.local/lib/python3.12/site-packages/airflow/example_dags/example_display_name.py
[2024-08-24T09:51:12.166+0000] {processor.py:914} INFO - Processing file /home/airflow/.local/lib/python3.12/site-packages/airflow/example_dags/example_display_name.py for tasks to queue
[2024-08-24T09:51:12.169+0000] {logging_mixin.py:190} INFO - [2024-08-24T09:51:12.169+0000] {dagbag.py:587} INFO - Filling up the DagBag from /home/airflow/.local/lib/python3.12/site-packages/airflow/example_dags/example_display_name.py
[2024-08-24T09:51:12.178+0000] {processor.py:925} INFO - DAG(s) 'example_display_name' retrieved from /home/airflow/.local/lib/python3.12/site-packages/airflow/example_dags/example_display_name.py
[2024-08-24T09:51:12.202+0000] {logging_mixin.py:190} INFO - [2024-08-24T09:51:12.202+0000] {dag.py:3211} INFO - Sync 1 DAGs
[2024-08-24T09:51:12.221+0000] {logging_mixin.py:190} INFO - [2024-08-24T09:51:12.221+0000] {dag.py:4138} INFO - Setting next_dagrun for example_display_name to None, run_after=None
[2024-08-24T09:51:12.243+0000] {processor.py:208} INFO - Processing /home/airflow/.local/lib/python3.12/site-packages/airflow/example_dags/example_display_name.py took 0.085 seconds
