[2024-08-24T09:47:01.138+0000] {processor.py:186} INFO - Started process (PID=74) to work on /home/airflow/.local/lib/python3.12/site-packages/airflow/example_dags/example_xcomargs.py
[2024-08-24T09:47:01.139+0000] {processor.py:914} INFO - Processing file /home/airflow/.local/lib/python3.12/site-packages/airflow/example_dags/example_xcomargs.py for tasks to queue
[2024-08-24T09:47:01.142+0000] {logging_mixin.py:190} INFO - [2024-08-24T09:47:01.142+0000] {dagbag.py:587} INFO - Filling up the DagBag from /home/airflow/.local/lib/python3.12/site-packages/airflow/example_dags/example_xcomargs.py
[2024-08-24T09:47:01.159+0000] {processor.py:925} INFO - DAG(s) 'example_xcom_args', 'example_xcom_args_with_operators' retrieved from /home/airflow/.local/lib/python3.12/site-packages/airflow/example_dags/example_xcomargs.py
[2024-08-24T09:47:01.303+0000] {logging_mixin.py:190} INFO - [2024-08-24T09:47:01.302+0000] {override.py:1858} INFO - Created Permission View: can delete on DAG:example_xcom_args
[2024-08-24T09:47:01.315+0000] {logging_mixin.py:190} INFO - [2024-08-24T09:47:01.314+0000] {override.py:1858} INFO - Created Permission View: can edit on DAG:example_xcom_args
[2024-08-24T09:47:01.324+0000] {logging_mixin.py:190} INFO - [2024-08-24T09:47:01.324+0000] {override.py:1858} INFO - Created Permission View: can read on DAG:example_xcom_args
[2024-08-24T09:47:01.343+0000] {logging_mixin.py:190} INFO - [2024-08-24T09:47:01.343+0000] {override.py:1858} INFO - Created Permission View: can delete on DAG:example_xcom_args_with_operators
[2024-08-24T09:47:01.352+0000] {logging_mixin.py:190} INFO - [2024-08-24T09:47:01.352+0000] {override.py:1858} INFO - Created Permission View: can edit on DAG:example_xcom_args_with_operators
[2024-08-24T09:47:01.360+0000] {logging_mixin.py:190} INFO - [2024-08-24T09:47:01.360+0000] {override.py:1858} INFO - Created Permission View: can read on DAG:example_xcom_args_with_operators
[2024-08-24T09:47:01.361+0000] {logging_mixin.py:190} INFO - [2024-08-24T09:47:01.361+0000] {dag.py:3211} INFO - Sync 2 DAGs
[2024-08-24T09:47:01.382+0000] {logging_mixin.py:190} INFO - [2024-08-24T09:47:01.381+0000] {dag.py:3234} INFO - Creating ORM DAG for example_xcom_args_with_operators
[2024-08-24T09:47:01.383+0000] {logging_mixin.py:190} INFO - [2024-08-24T09:47:01.383+0000] {dag.py:3234} INFO - Creating ORM DAG for example_xcom_args
[2024-08-24T09:47:01.384+0000] {logging_mixin.py:190} INFO - [2024-08-24T09:47:01.384+0000] {dag.py:4138} INFO - Setting next_dagrun for example_xcom_args to None, run_after=None
[2024-08-24T09:47:01.385+0000] {logging_mixin.py:190} INFO - [2024-08-24T09:47:01.385+0000] {dag.py:4138} INFO - Setting next_dagrun for example_xcom_args_with_operators to None, run_after=None
[2024-08-24T09:47:01.412+0000] {processor.py:208} INFO - Processing /home/airflow/.local/lib/python3.12/site-packages/airflow/example_dags/example_xcomargs.py took 0.284 seconds
[2024-08-24T09:47:32.031+0000] {processor.py:186} INFO - Started process (PID=137) to work on /home/airflow/.local/lib/python3.12/site-packages/airflow/example_dags/example_xcomargs.py
[2024-08-24T09:47:32.033+0000] {processor.py:914} INFO - Processing file /home/airflow/.local/lib/python3.12/site-packages/airflow/example_dags/example_xcomargs.py for tasks to queue
[2024-08-24T09:47:32.035+0000] {logging_mixin.py:190} INFO - [2024-08-24T09:47:32.035+0000] {dagbag.py:587} INFO - Filling up the DagBag from /home/airflow/.local/lib/python3.12/site-packages/airflow/example_dags/example_xcomargs.py
[2024-08-24T09:47:32.045+0000] {processor.py:925} INFO - DAG(s) 'example_xcom_args', 'example_xcom_args_with_operators' retrieved from /home/airflow/.local/lib/python3.12/site-packages/airflow/example_dags/example_xcomargs.py
[2024-08-24T09:47:32.078+0000] {logging_mixin.py:190} INFO - [2024-08-24T09:47:32.078+0000] {dag.py:3211} INFO - Sync 2 DAGs
[2024-08-24T09:47:32.095+0000] {logging_mixin.py:190} INFO - [2024-08-24T09:47:32.095+0000] {dag.py:4138} INFO - Setting next_dagrun for example_xcom_args to None, run_after=None
[2024-08-24T09:47:32.100+0000] {logging_mixin.py:190} INFO - [2024-08-24T09:47:32.100+0000] {dag.py:4138} INFO - Setting next_dagrun for example_xcom_args_with_operators to None, run_after=None
[2024-08-24T09:47:32.123+0000] {processor.py:208} INFO - Processing /home/airflow/.local/lib/python3.12/site-packages/airflow/example_dags/example_xcomargs.py took 0.098 seconds
[2024-08-24T09:48:02.753+0000] {processor.py:186} INFO - Started process (PID=200) to work on /home/airflow/.local/lib/python3.12/site-packages/airflow/example_dags/example_xcomargs.py
[2024-08-24T09:48:02.754+0000] {processor.py:914} INFO - Processing file /home/airflow/.local/lib/python3.12/site-packages/airflow/example_dags/example_xcomargs.py for tasks to queue
[2024-08-24T09:48:02.757+0000] {logging_mixin.py:190} INFO - [2024-08-24T09:48:02.756+0000] {dagbag.py:587} INFO - Filling up the DagBag from /home/airflow/.local/lib/python3.12/site-packages/airflow/example_dags/example_xcomargs.py
[2024-08-24T09:48:02.773+0000] {processor.py:925} INFO - DAG(s) 'example_xcom_args_with_operators', 'example_xcom_args' retrieved from /home/airflow/.local/lib/python3.12/site-packages/airflow/example_dags/example_xcomargs.py
[2024-08-24T09:48:02.805+0000] {logging_mixin.py:190} INFO - [2024-08-24T09:48:02.804+0000] {dag.py:3211} INFO - Sync 2 DAGs
[2024-08-24T09:48:02.827+0000] {logging_mixin.py:190} INFO - [2024-08-24T09:48:02.827+0000] {dag.py:4138} INFO - Setting next_dagrun for example_xcom_args to None, run_after=None
[2024-08-24T09:48:02.834+0000] {logging_mixin.py:190} INFO - [2024-08-24T09:48:02.834+0000] {dag.py:4138} INFO - Setting next_dagrun for example_xcom_args_with_operators to None, run_after=None
[2024-08-24T09:48:02.864+0000] {processor.py:208} INFO - Processing /home/airflow/.local/lib/python3.12/site-packages/airflow/example_dags/example_xcomargs.py took 0.117 seconds
[2024-08-24T09:48:32.967+0000] {processor.py:186} INFO - Started process (PID=263) to work on /home/airflow/.local/lib/python3.12/site-packages/airflow/example_dags/example_xcomargs.py
[2024-08-24T09:48:32.968+0000] {processor.py:914} INFO - Processing file /home/airflow/.local/lib/python3.12/site-packages/airflow/example_dags/example_xcomargs.py for tasks to queue
[2024-08-24T09:48:32.972+0000] {logging_mixin.py:190} INFO - [2024-08-24T09:48:32.971+0000] {dagbag.py:587} INFO - Filling up the DagBag from /home/airflow/.local/lib/python3.12/site-packages/airflow/example_dags/example_xcomargs.py
[2024-08-24T09:48:32.984+0000] {processor.py:925} INFO - DAG(s) 'example_xcom_args_with_operators', 'example_xcom_args' retrieved from /home/airflow/.local/lib/python3.12/site-packages/airflow/example_dags/example_xcomargs.py
[2024-08-24T09:48:33.017+0000] {logging_mixin.py:190} INFO - [2024-08-24T09:48:33.017+0000] {dag.py:3211} INFO - Sync 2 DAGs
[2024-08-24T09:48:33.037+0000] {logging_mixin.py:190} INFO - [2024-08-24T09:48:33.036+0000] {dag.py:4138} INFO - Setting next_dagrun for example_xcom_args to None, run_after=None
[2024-08-24T09:48:33.042+0000] {logging_mixin.py:190} INFO - [2024-08-24T09:48:33.042+0000] {dag.py:4138} INFO - Setting next_dagrun for example_xcom_args_with_operators to None, run_after=None
[2024-08-24T09:48:33.064+0000] {processor.py:208} INFO - Processing /home/airflow/.local/lib/python3.12/site-packages/airflow/example_dags/example_xcomargs.py took 0.103 seconds
[2024-08-24T09:49:03.421+0000] {processor.py:186} INFO - Started process (PID=326) to work on /home/airflow/.local/lib/python3.12/site-packages/airflow/example_dags/example_xcomargs.py
[2024-08-24T09:49:03.423+0000] {processor.py:914} INFO - Processing file /home/airflow/.local/lib/python3.12/site-packages/airflow/example_dags/example_xcomargs.py for tasks to queue
[2024-08-24T09:49:03.432+0000] {logging_mixin.py:190} INFO - [2024-08-24T09:49:03.431+0000] {dagbag.py:587} INFO - Filling up the DagBag from /home/airflow/.local/lib/python3.12/site-packages/airflow/example_dags/example_xcomargs.py
[2024-08-24T09:49:03.454+0000] {processor.py:925} INFO - DAG(s) 'example_xcom_args_with_operators', 'example_xcom_args' retrieved from /home/airflow/.local/lib/python3.12/site-packages/airflow/example_dags/example_xcomargs.py
[2024-08-24T09:49:03.503+0000] {logging_mixin.py:190} INFO - [2024-08-24T09:49:03.503+0000] {dag.py:3211} INFO - Sync 2 DAGs
[2024-08-24T09:49:03.525+0000] {logging_mixin.py:190} INFO - [2024-08-24T09:49:03.524+0000] {dag.py:4138} INFO - Setting next_dagrun for example_xcom_args to None, run_after=None
[2024-08-24T09:49:03.532+0000] {logging_mixin.py:190} INFO - [2024-08-24T09:49:03.532+0000] {dag.py:4138} INFO - Setting next_dagrun for example_xcom_args_with_operators to None, run_after=None
[2024-08-24T09:49:03.561+0000] {processor.py:208} INFO - Processing /home/airflow/.local/lib/python3.12/site-packages/airflow/example_dags/example_xcomargs.py took 0.151 seconds
[2024-08-24T09:49:33.960+0000] {processor.py:186} INFO - Started process (PID=389) to work on /home/airflow/.local/lib/python3.12/site-packages/airflow/example_dags/example_xcomargs.py
[2024-08-24T09:49:33.961+0000] {processor.py:914} INFO - Processing file /home/airflow/.local/lib/python3.12/site-packages/airflow/example_dags/example_xcomargs.py for tasks to queue
[2024-08-24T09:49:33.963+0000] {logging_mixin.py:190} INFO - [2024-08-24T09:49:33.962+0000] {dagbag.py:587} INFO - Filling up the DagBag from /home/airflow/.local/lib/python3.12/site-packages/airflow/example_dags/example_xcomargs.py
[2024-08-24T09:49:33.973+0000] {processor.py:925} INFO - DAG(s) 'example_xcom_args', 'example_xcom_args_with_operators' retrieved from /home/airflow/.local/lib/python3.12/site-packages/airflow/example_dags/example_xcomargs.py
[2024-08-24T09:49:33.998+0000] {logging_mixin.py:190} INFO - [2024-08-24T09:49:33.998+0000] {dag.py:3211} INFO - Sync 2 DAGs
[2024-08-24T09:49:34.017+0000] {logging_mixin.py:190} INFO - [2024-08-24T09:49:34.017+0000] {dag.py:4138} INFO - Setting next_dagrun for example_xcom_args to None, run_after=None
[2024-08-24T09:49:34.022+0000] {logging_mixin.py:190} INFO - [2024-08-24T09:49:34.022+0000] {dag.py:4138} INFO - Setting next_dagrun for example_xcom_args_with_operators to None, run_after=None
[2024-08-24T09:49:34.043+0000] {processor.py:208} INFO - Processing /home/airflow/.local/lib/python3.12/site-packages/airflow/example_dags/example_xcomargs.py took 0.088 seconds
[2024-08-24T09:50:04.852+0000] {processor.py:186} INFO - Started process (PID=452) to work on /home/airflow/.local/lib/python3.12/site-packages/airflow/example_dags/example_xcomargs.py
[2024-08-24T09:50:04.853+0000] {processor.py:914} INFO - Processing file /home/airflow/.local/lib/python3.12/site-packages/airflow/example_dags/example_xcomargs.py for tasks to queue
[2024-08-24T09:50:04.856+0000] {logging_mixin.py:190} INFO - [2024-08-24T09:50:04.855+0000] {dagbag.py:587} INFO - Filling up the DagBag from /home/airflow/.local/lib/python3.12/site-packages/airflow/example_dags/example_xcomargs.py
[2024-08-24T09:50:04.865+0000] {processor.py:925} INFO - DAG(s) 'example_xcom_args_with_operators', 'example_xcom_args' retrieved from /home/airflow/.local/lib/python3.12/site-packages/airflow/example_dags/example_xcomargs.py
[2024-08-24T09:50:04.895+0000] {logging_mixin.py:190} INFO - [2024-08-24T09:50:04.894+0000] {dag.py:3211} INFO - Sync 2 DAGs
[2024-08-24T09:50:04.910+0000] {logging_mixin.py:190} INFO - [2024-08-24T09:50:04.910+0000] {dag.py:4138} INFO - Setting next_dagrun for example_xcom_args to None, run_after=None
[2024-08-24T09:50:04.914+0000] {logging_mixin.py:190} INFO - [2024-08-24T09:50:04.914+0000] {dag.py:4138} INFO - Setting next_dagrun for example_xcom_args_with_operators to None, run_after=None
[2024-08-24T09:50:04.933+0000] {processor.py:208} INFO - Processing /home/airflow/.local/lib/python3.12/site-packages/airflow/example_dags/example_xcomargs.py took 0.087 seconds
[2024-08-24T09:50:35.511+0000] {processor.py:186} INFO - Started process (PID=515) to work on /home/airflow/.local/lib/python3.12/site-packages/airflow/example_dags/example_xcomargs.py
[2024-08-24T09:50:35.512+0000] {processor.py:914} INFO - Processing file /home/airflow/.local/lib/python3.12/site-packages/airflow/example_dags/example_xcomargs.py for tasks to queue
[2024-08-24T09:50:35.515+0000] {logging_mixin.py:190} INFO - [2024-08-24T09:50:35.515+0000] {dagbag.py:587} INFO - Filling up the DagBag from /home/airflow/.local/lib/python3.12/site-packages/airflow/example_dags/example_xcomargs.py
[2024-08-24T09:50:35.528+0000] {processor.py:925} INFO - DAG(s) 'example_xcom_args_with_operators', 'example_xcom_args' retrieved from /home/airflow/.local/lib/python3.12/site-packages/airflow/example_dags/example_xcomargs.py
[2024-08-24T09:50:35.561+0000] {logging_mixin.py:190} INFO - [2024-08-24T09:50:35.560+0000] {dag.py:3211} INFO - Sync 2 DAGs
[2024-08-24T09:50:35.584+0000] {logging_mixin.py:190} INFO - [2024-08-24T09:50:35.583+0000] {dag.py:4138} INFO - Setting next_dagrun for example_xcom_args to None, run_after=None
[2024-08-24T09:50:35.590+0000] {logging_mixin.py:190} INFO - [2024-08-24T09:50:35.589+0000] {dag.py:4138} INFO - Setting next_dagrun for example_xcom_args_with_operators to None, run_after=None
[2024-08-24T09:50:35.614+0000] {processor.py:208} INFO - Processing /home/airflow/.local/lib/python3.12/site-packages/airflow/example_dags/example_xcomargs.py took 0.111 seconds
[2024-08-24T09:51:05.904+0000] {processor.py:186} INFO - Started process (PID=578) to work on /home/airflow/.local/lib/python3.12/site-packages/airflow/example_dags/example_xcomargs.py
[2024-08-24T09:51:05.905+0000] {processor.py:914} INFO - Processing file /home/airflow/.local/lib/python3.12/site-packages/airflow/example_dags/example_xcomargs.py for tasks to queue
[2024-08-24T09:51:05.908+0000] {logging_mixin.py:190} INFO - [2024-08-24T09:51:05.907+0000] {dagbag.py:587} INFO - Filling up the DagBag from /home/airflow/.local/lib/python3.12/site-packages/airflow/example_dags/example_xcomargs.py
[2024-08-24T09:51:05.923+0000] {processor.py:925} INFO - DAG(s) 'example_xcom_args', 'example_xcom_args_with_operators' retrieved from /home/airflow/.local/lib/python3.12/site-packages/airflow/example_dags/example_xcomargs.py
[2024-08-24T09:51:05.950+0000] {logging_mixin.py:190} INFO - [2024-08-24T09:51:05.950+0000] {dag.py:3211} INFO - Sync 2 DAGs
[2024-08-24T09:51:05.966+0000] {logging_mixin.py:190} INFO - [2024-08-24T09:51:05.966+0000] {dag.py:4138} INFO - Setting next_dagrun for example_xcom_args to None, run_after=None
[2024-08-24T09:51:05.970+0000] {logging_mixin.py:190} INFO - [2024-08-24T09:51:05.970+0000] {dag.py:4138} INFO - Setting next_dagrun for example_xcom_args_with_operators to None, run_after=None
[2024-08-24T09:51:05.991+0000] {processor.py:208} INFO - Processing /home/airflow/.local/lib/python3.12/site-packages/airflow/example_dags/example_xcomargs.py took 0.094 seconds
[2024-08-24T09:51:36.621+0000] {processor.py:186} INFO - Started process (PID=642) to work on /home/airflow/.local/lib/python3.12/site-packages/airflow/example_dags/example_xcomargs.py
[2024-08-24T09:51:36.622+0000] {processor.py:914} INFO - Processing file /home/airflow/.local/lib/python3.12/site-packages/airflow/example_dags/example_xcomargs.py for tasks to queue
[2024-08-24T09:51:36.624+0000] {logging_mixin.py:190} INFO - [2024-08-24T09:51:36.624+0000] {dagbag.py:587} INFO - Filling up the DagBag from /home/airflow/.local/lib/python3.12/site-packages/airflow/example_dags/example_xcomargs.py
[2024-08-24T09:51:36.635+0000] {processor.py:925} INFO - DAG(s) 'example_xcom_args', 'example_xcom_args_with_operators' retrieved from /home/airflow/.local/lib/python3.12/site-packages/airflow/example_dags/example_xcomargs.py
[2024-08-24T09:51:36.666+0000] {logging_mixin.py:190} INFO - [2024-08-24T09:51:36.666+0000] {dag.py:3211} INFO - Sync 2 DAGs
[2024-08-24T09:51:36.685+0000] {logging_mixin.py:190} INFO - [2024-08-24T09:51:36.684+0000] {dag.py:4138} INFO - Setting next_dagrun for example_xcom_args to None, run_after=None
[2024-08-24T09:51:36.690+0000] {logging_mixin.py:190} INFO - [2024-08-24T09:51:36.690+0000] {dag.py:4138} INFO - Setting next_dagrun for example_xcom_args_with_operators to None, run_after=None
[2024-08-24T09:51:36.713+0000] {processor.py:208} INFO - Processing /home/airflow/.local/lib/python3.12/site-packages/airflow/example_dags/example_xcomargs.py took 0.099 seconds
