[2024-08-24T09:47:10.733+0000] {processor.py:186} INFO - Started process (PID=114) to work on /home/airflow/.local/lib/python3.12/site-packages/airflow/example_dags/example_datasets.py
[2024-08-24T09:47:10.735+0000] {processor.py:914} INFO - Processing file /home/airflow/.local/lib/python3.12/site-packages/airflow/example_dags/example_datasets.py for tasks to queue
[2024-08-24T09:47:10.739+0000] {logging_mixin.py:190} INFO - [2024-08-24T09:47:10.738+0000] {dagbag.py:587} INFO - Filling up the DagBag from /home/airflow/.local/lib/python3.12/site-packages/airflow/example_dags/example_datasets.py
[2024-08-24T09:47:11.063+0000] {processor.py:925} INFO - DAG(s) 'consume_1_and_2_with_dataset_expressions', 'consume_1_or_2_with_dataset_expressions', 'dataset_produces_1', 'dataset_consumes_1_and_2', 'dataset_consumes_unknown_never_scheduled', 'dataset_consumes_1', 'dataset_consumes_1_never_scheduled', 'conditional_dataset_and_time_based_timetable', 'dataset_produces_2', 'consume_1_or_both_2_and_3_with_dataset_expressions' retrieved from /home/airflow/.local/lib/python3.12/site-packages/airflow/example_dags/example_datasets.py
[2024-08-24T09:47:11.236+0000] {logging_mixin.py:190} INFO - [2024-08-24T09:47:11.235+0000] {override.py:1858} INFO - Created Permission View: can delete on DAG:consume_1_and_2_with_dataset_expressions
[2024-08-24T09:47:11.251+0000] {logging_mixin.py:190} INFO - [2024-08-24T09:47:11.251+0000] {override.py:1858} INFO - Created Permission View: can edit on DAG:consume_1_and_2_with_dataset_expressions
[2024-08-24T09:47:11.263+0000] {logging_mixin.py:190} INFO - [2024-08-24T09:47:11.262+0000] {override.py:1858} INFO - Created Permission View: can read on DAG:consume_1_and_2_with_dataset_expressions
[2024-08-24T09:47:11.283+0000] {logging_mixin.py:190} INFO - [2024-08-24T09:47:11.282+0000] {override.py:1858} INFO - Created Permission View: can delete on DAG:consume_1_or_2_with_dataset_expressions
[2024-08-24T09:47:11.292+0000] {logging_mixin.py:190} INFO - [2024-08-24T09:47:11.292+0000] {override.py:1858} INFO - Created Permission View: can edit on DAG:consume_1_or_2_with_dataset_expressions
[2024-08-24T09:47:11.304+0000] {logging_mixin.py:190} INFO - [2024-08-24T09:47:11.303+0000] {override.py:1858} INFO - Created Permission View: can read on DAG:consume_1_or_2_with_dataset_expressions
[2024-08-24T09:47:11.322+0000] {logging_mixin.py:190} INFO - [2024-08-24T09:47:11.321+0000] {override.py:1858} INFO - Created Permission View: can delete on DAG:dataset_produces_1
[2024-08-24T09:47:11.333+0000] {logging_mixin.py:190} INFO - [2024-08-24T09:47:11.333+0000] {override.py:1858} INFO - Created Permission View: can edit on DAG:dataset_produces_1
[2024-08-24T09:47:11.343+0000] {logging_mixin.py:190} INFO - [2024-08-24T09:47:11.342+0000] {override.py:1858} INFO - Created Permission View: can read on DAG:dataset_produces_1
[2024-08-24T09:47:11.367+0000] {logging_mixin.py:190} INFO - [2024-08-24T09:47:11.366+0000] {override.py:1858} INFO - Created Permission View: can delete on DAG:dataset_consumes_1_and_2
[2024-08-24T09:47:11.377+0000] {logging_mixin.py:190} INFO - [2024-08-24T09:47:11.377+0000] {override.py:1858} INFO - Created Permission View: can edit on DAG:dataset_consumes_1_and_2
[2024-08-24T09:47:11.387+0000] {logging_mixin.py:190} INFO - [2024-08-24T09:47:11.387+0000] {override.py:1858} INFO - Created Permission View: can read on DAG:dataset_consumes_1_and_2
[2024-08-24T09:47:11.404+0000] {logging_mixin.py:190} INFO - [2024-08-24T09:47:11.404+0000] {override.py:1858} INFO - Created Permission View: can delete on DAG:dataset_consumes_unknown_never_scheduled
[2024-08-24T09:47:11.413+0000] {logging_mixin.py:190} INFO - [2024-08-24T09:47:11.413+0000] {override.py:1858} INFO - Created Permission View: can edit on DAG:dataset_consumes_unknown_never_scheduled
[2024-08-24T09:47:11.424+0000] {logging_mixin.py:190} INFO - [2024-08-24T09:47:11.423+0000] {override.py:1858} INFO - Created Permission View: can read on DAG:dataset_consumes_unknown_never_scheduled
[2024-08-24T09:47:11.441+0000] {logging_mixin.py:190} INFO - [2024-08-24T09:47:11.440+0000] {override.py:1858} INFO - Created Permission View: can delete on DAG:dataset_consumes_1
[2024-08-24T09:47:11.452+0000] {logging_mixin.py:190} INFO - [2024-08-24T09:47:11.451+0000] {override.py:1858} INFO - Created Permission View: can edit on DAG:dataset_consumes_1
[2024-08-24T09:47:11.467+0000] {logging_mixin.py:190} INFO - [2024-08-24T09:47:11.466+0000] {override.py:1858} INFO - Created Permission View: can read on DAG:dataset_consumes_1
[2024-08-24T09:47:11.489+0000] {logging_mixin.py:190} INFO - [2024-08-24T09:47:11.489+0000] {override.py:1858} INFO - Created Permission View: can delete on DAG:dataset_consumes_1_never_scheduled
[2024-08-24T09:47:11.502+0000] {logging_mixin.py:190} INFO - [2024-08-24T09:47:11.502+0000] {override.py:1858} INFO - Created Permission View: can edit on DAG:dataset_consumes_1_never_scheduled
[2024-08-24T09:47:11.512+0000] {logging_mixin.py:190} INFO - [2024-08-24T09:47:11.511+0000] {override.py:1858} INFO - Created Permission View: can read on DAG:dataset_consumes_1_never_scheduled
[2024-08-24T09:47:11.529+0000] {logging_mixin.py:190} INFO - [2024-08-24T09:47:11.529+0000] {override.py:1858} INFO - Created Permission View: can delete on DAG:conditional_dataset_and_time_based_timetable
[2024-08-24T09:47:11.539+0000] {logging_mixin.py:190} INFO - [2024-08-24T09:47:11.538+0000] {override.py:1858} INFO - Created Permission View: can edit on DAG:conditional_dataset_and_time_based_timetable
[2024-08-24T09:47:11.548+0000] {logging_mixin.py:190} INFO - [2024-08-24T09:47:11.548+0000] {override.py:1858} INFO - Created Permission View: can read on DAG:conditional_dataset_and_time_based_timetable
[2024-08-24T09:47:11.565+0000] {logging_mixin.py:190} INFO - [2024-08-24T09:47:11.564+0000] {override.py:1858} INFO - Created Permission View: can delete on DAG:dataset_produces_2
[2024-08-24T09:47:11.576+0000] {logging_mixin.py:190} INFO - [2024-08-24T09:47:11.575+0000] {override.py:1858} INFO - Created Permission View: can edit on DAG:dataset_produces_2
[2024-08-24T09:47:11.586+0000] {logging_mixin.py:190} INFO - [2024-08-24T09:47:11.585+0000] {override.py:1858} INFO - Created Permission View: can read on DAG:dataset_produces_2
[2024-08-24T09:47:11.604+0000] {logging_mixin.py:190} INFO - [2024-08-24T09:47:11.603+0000] {override.py:1858} INFO - Created Permission View: can delete on DAG:consume_1_or_both_2_and_3_with_dataset_expressions
[2024-08-24T09:47:11.614+0000] {logging_mixin.py:190} INFO - [2024-08-24T09:47:11.613+0000] {override.py:1858} INFO - Created Permission View: can edit on DAG:consume_1_or_both_2_and_3_with_dataset_expressions
[2024-08-24T09:47:11.625+0000] {logging_mixin.py:190} INFO - [2024-08-24T09:47:11.624+0000] {override.py:1858} INFO - Created Permission View: can read on DAG:consume_1_or_both_2_and_3_with_dataset_expressions
[2024-08-24T09:47:11.626+0000] {logging_mixin.py:190} INFO - [2024-08-24T09:47:11.625+0000] {dag.py:3211} INFO - Sync 10 DAGs
[2024-08-24T09:47:11.648+0000] {logging_mixin.py:190} INFO - [2024-08-24T09:47:11.648+0000] {dag.py:3234} INFO - Creating ORM DAG for consume_1_and_2_with_dataset_expressions
[2024-08-24T09:47:11.650+0000] {logging_mixin.py:190} INFO - [2024-08-24T09:47:11.649+0000] {dag.py:3234} INFO - Creating ORM DAG for consume_1_or_2_with_dataset_expressions
[2024-08-24T09:47:11.651+0000] {logging_mixin.py:190} INFO - [2024-08-24T09:47:11.651+0000] {dag.py:3234} INFO - Creating ORM DAG for dataset_consumes_1
[2024-08-24T09:47:11.652+0000] {logging_mixin.py:190} INFO - [2024-08-24T09:47:11.652+0000] {dag.py:3234} INFO - Creating ORM DAG for dataset_consumes_1_never_scheduled
[2024-08-24T09:47:11.653+0000] {logging_mixin.py:190} INFO - [2024-08-24T09:47:11.653+0000] {dag.py:3234} INFO - Creating ORM DAG for dataset_consumes_1_and_2
[2024-08-24T09:47:11.654+0000] {logging_mixin.py:190} INFO - [2024-08-24T09:47:11.654+0000] {dag.py:3234} INFO - Creating ORM DAG for consume_1_or_both_2_and_3_with_dataset_expressions
[2024-08-24T09:47:11.655+0000] {logging_mixin.py:190} INFO - [2024-08-24T09:47:11.654+0000] {dag.py:3234} INFO - Creating ORM DAG for dataset_produces_1
[2024-08-24T09:47:11.656+0000] {logging_mixin.py:190} INFO - [2024-08-24T09:47:11.656+0000] {dag.py:3234} INFO - Creating ORM DAG for conditional_dataset_and_time_based_timetable
[2024-08-24T09:47:11.657+0000] {logging_mixin.py:190} INFO - [2024-08-24T09:47:11.657+0000] {dag.py:3234} INFO - Creating ORM DAG for dataset_consumes_unknown_never_scheduled
[2024-08-24T09:47:11.658+0000] {logging_mixin.py:190} INFO - [2024-08-24T09:47:11.658+0000] {dag.py:3234} INFO - Creating ORM DAG for dataset_produces_2
[2024-08-24T09:47:11.675+0000] {logging_mixin.py:190} INFO - [2024-08-24T09:47:11.674+0000] {dag.py:4138} INFO - Setting next_dagrun for conditional_dataset_and_time_based_timetable to 2024-08-21 01:00:00+00:00, run_after=2024-08-21 01:00:00+00:00
[2024-08-24T09:47:11.676+0000] {logging_mixin.py:190} INFO - [2024-08-24T09:47:11.676+0000] {dag.py:4138} INFO - Setting next_dagrun for consume_1_and_2_with_dataset_expressions to None, run_after=None
[2024-08-24T09:47:11.677+0000] {logging_mixin.py:190} INFO - [2024-08-24T09:47:11.677+0000] {dag.py:4138} INFO - Setting next_dagrun for consume_1_or_2_with_dataset_expressions to None, run_after=None
[2024-08-24T09:47:11.678+0000] {logging_mixin.py:190} INFO - [2024-08-24T09:47:11.678+0000] {dag.py:4138} INFO - Setting next_dagrun for consume_1_or_both_2_and_3_with_dataset_expressions to None, run_after=None
[2024-08-24T09:47:11.679+0000] {logging_mixin.py:190} INFO - [2024-08-24T09:47:11.678+0000] {dag.py:4138} INFO - Setting next_dagrun for dataset_consumes_1 to None, run_after=None
[2024-08-24T09:47:11.680+0000] {logging_mixin.py:190} INFO - [2024-08-24T09:47:11.679+0000] {dag.py:4138} INFO - Setting next_dagrun for dataset_consumes_1_and_2 to None, run_after=None
[2024-08-24T09:47:11.681+0000] {logging_mixin.py:190} INFO - [2024-08-24T09:47:11.680+0000] {dag.py:4138} INFO - Setting next_dagrun for dataset_consumes_1_never_scheduled to None, run_after=None
[2024-08-24T09:47:11.681+0000] {logging_mixin.py:190} INFO - [2024-08-24T09:47:11.681+0000] {dag.py:4138} INFO - Setting next_dagrun for dataset_consumes_unknown_never_scheduled to None, run_after=None
[2024-08-24T09:47:11.684+0000] {logging_mixin.py:190} INFO - [2024-08-24T09:47:11.684+0000] {dag.py:4138} INFO - Setting next_dagrun for dataset_produces_1 to 2024-08-23 00:00:00+00:00, run_after=2024-08-24 00:00:00+00:00
[2024-08-24T09:47:11.686+0000] {logging_mixin.py:190} INFO - [2024-08-24T09:47:11.685+0000] {dag.py:4138} INFO - Setting next_dagrun for dataset_produces_2 to None, run_after=None
[2024-08-24T09:47:11.743+0000] {processor.py:208} INFO - Processing /home/airflow/.local/lib/python3.12/site-packages/airflow/example_dags/example_datasets.py took 1.019 seconds
[2024-08-24T09:47:42.410+0000] {processor.py:186} INFO - Started process (PID=178) to work on /home/airflow/.local/lib/python3.12/site-packages/airflow/example_dags/example_datasets.py
[2024-08-24T09:47:42.412+0000] {processor.py:914} INFO - Processing file /home/airflow/.local/lib/python3.12/site-packages/airflow/example_dags/example_datasets.py for tasks to queue
[2024-08-24T09:47:42.414+0000] {logging_mixin.py:190} INFO - [2024-08-24T09:47:42.414+0000] {dagbag.py:587} INFO - Filling up the DagBag from /home/airflow/.local/lib/python3.12/site-packages/airflow/example_dags/example_datasets.py
[2024-08-24T09:47:42.598+0000] {processor.py:925} INFO - DAG(s) 'dataset_produces_2', 'dataset_consumes_1', 'dataset_produces_1', 'dataset_consumes_unknown_never_scheduled', 'dataset_consumes_1_and_2', 'consume_1_or_2_with_dataset_expressions', 'consume_1_and_2_with_dataset_expressions', 'conditional_dataset_and_time_based_timetable', 'consume_1_or_both_2_and_3_with_dataset_expressions', 'dataset_consumes_1_never_scheduled' retrieved from /home/airflow/.local/lib/python3.12/site-packages/airflow/example_dags/example_datasets.py
[2024-08-24T09:47:42.658+0000] {logging_mixin.py:190} INFO - [2024-08-24T09:47:42.658+0000] {dag.py:3211} INFO - Sync 10 DAGs
[2024-08-24T09:47:42.691+0000] {logging_mixin.py:190} INFO - [2024-08-24T09:47:42.690+0000] {dag.py:4138} INFO - Setting next_dagrun for conditional_dataset_and_time_based_timetable to 2024-08-21 01:00:00+00:00, run_after=2024-08-21 01:00:00+00:00
[2024-08-24T09:47:42.695+0000] {logging_mixin.py:190} INFO - [2024-08-24T09:47:42.695+0000] {dag.py:4138} INFO - Setting next_dagrun for consume_1_and_2_with_dataset_expressions to None, run_after=None
[2024-08-24T09:47:42.697+0000] {logging_mixin.py:190} INFO - [2024-08-24T09:47:42.696+0000] {dag.py:4138} INFO - Setting next_dagrun for consume_1_or_2_with_dataset_expressions to None, run_after=None
[2024-08-24T09:47:42.698+0000] {logging_mixin.py:190} INFO - [2024-08-24T09:47:42.698+0000] {dag.py:4138} INFO - Setting next_dagrun for consume_1_or_both_2_and_3_with_dataset_expressions to None, run_after=None
[2024-08-24T09:47:42.699+0000] {logging_mixin.py:190} INFO - [2024-08-24T09:47:42.699+0000] {dag.py:4138} INFO - Setting next_dagrun for dataset_consumes_1 to None, run_after=None
[2024-08-24T09:47:42.702+0000] {logging_mixin.py:190} INFO - [2024-08-24T09:47:42.702+0000] {dag.py:4138} INFO - Setting next_dagrun for dataset_consumes_1_and_2 to None, run_after=None
[2024-08-24T09:47:42.704+0000] {logging_mixin.py:190} INFO - [2024-08-24T09:47:42.704+0000] {dag.py:4138} INFO - Setting next_dagrun for dataset_consumes_1_never_scheduled to None, run_after=None
[2024-08-24T09:47:42.706+0000] {logging_mixin.py:190} INFO - [2024-08-24T09:47:42.705+0000] {dag.py:4138} INFO - Setting next_dagrun for dataset_consumes_unknown_never_scheduled to None, run_after=None
[2024-08-24T09:47:42.709+0000] {logging_mixin.py:190} INFO - [2024-08-24T09:47:42.709+0000] {dag.py:4138} INFO - Setting next_dagrun for dataset_produces_1 to 2024-08-23 00:00:00+00:00, run_after=2024-08-24 00:00:00+00:00
[2024-08-24T09:47:42.711+0000] {logging_mixin.py:190} INFO - [2024-08-24T09:47:42.711+0000] {dag.py:4138} INFO - Setting next_dagrun for dataset_produces_2 to None, run_after=None
[2024-08-24T09:47:42.771+0000] {processor.py:208} INFO - Processing /home/airflow/.local/lib/python3.12/site-packages/airflow/example_dags/example_datasets.py took 0.368 seconds
[2024-08-24T09:48:12.906+0000] {processor.py:186} INFO - Started process (PID=243) to work on /home/airflow/.local/lib/python3.12/site-packages/airflow/example_dags/example_datasets.py
[2024-08-24T09:48:12.907+0000] {processor.py:914} INFO - Processing file /home/airflow/.local/lib/python3.12/site-packages/airflow/example_dags/example_datasets.py for tasks to queue
[2024-08-24T09:48:12.911+0000] {logging_mixin.py:190} INFO - [2024-08-24T09:48:12.910+0000] {dagbag.py:587} INFO - Filling up the DagBag from /home/airflow/.local/lib/python3.12/site-packages/airflow/example_dags/example_datasets.py
[2024-08-24T09:48:13.105+0000] {processor.py:925} INFO - DAG(s) 'dataset_consumes_1_never_scheduled', 'dataset_consumes_1', 'dataset_produces_1', 'consume_1_or_2_with_dataset_expressions', 'conditional_dataset_and_time_based_timetable', 'consume_1_and_2_with_dataset_expressions', 'dataset_produces_2', 'dataset_consumes_1_and_2', 'dataset_consumes_unknown_never_scheduled', 'consume_1_or_both_2_and_3_with_dataset_expressions' retrieved from /home/airflow/.local/lib/python3.12/site-packages/airflow/example_dags/example_datasets.py
[2024-08-24T09:48:13.168+0000] {logging_mixin.py:190} INFO - [2024-08-24T09:48:13.167+0000] {dag.py:3211} INFO - Sync 10 DAGs
[2024-08-24T09:48:13.211+0000] {logging_mixin.py:190} INFO - [2024-08-24T09:48:13.210+0000] {dag.py:4138} INFO - Setting next_dagrun for conditional_dataset_and_time_based_timetable to 2024-08-21 01:00:00+00:00, run_after=2024-08-21 01:00:00+00:00
[2024-08-24T09:48:13.216+0000] {logging_mixin.py:190} INFO - [2024-08-24T09:48:13.216+0000] {dag.py:4138} INFO - Setting next_dagrun for consume_1_and_2_with_dataset_expressions to None, run_after=None
[2024-08-24T09:48:13.224+0000] {logging_mixin.py:190} INFO - [2024-08-24T09:48:13.223+0000] {dag.py:4138} INFO - Setting next_dagrun for consume_1_or_2_with_dataset_expressions to None, run_after=None
[2024-08-24T09:48:13.226+0000] {logging_mixin.py:190} INFO - [2024-08-24T09:48:13.226+0000] {dag.py:4138} INFO - Setting next_dagrun for consume_1_or_both_2_and_3_with_dataset_expressions to None, run_after=None
[2024-08-24T09:48:13.228+0000] {logging_mixin.py:190} INFO - [2024-08-24T09:48:13.228+0000] {dag.py:4138} INFO - Setting next_dagrun for dataset_consumes_1 to None, run_after=None
[2024-08-24T09:48:13.231+0000] {logging_mixin.py:190} INFO - [2024-08-24T09:48:13.230+0000] {dag.py:4138} INFO - Setting next_dagrun for dataset_consumes_1_and_2 to None, run_after=None
[2024-08-24T09:48:13.232+0000] {logging_mixin.py:190} INFO - [2024-08-24T09:48:13.232+0000] {dag.py:4138} INFO - Setting next_dagrun for dataset_consumes_1_never_scheduled to None, run_after=None
[2024-08-24T09:48:13.235+0000] {logging_mixin.py:190} INFO - [2024-08-24T09:48:13.234+0000] {dag.py:4138} INFO - Setting next_dagrun for dataset_consumes_unknown_never_scheduled to None, run_after=None
[2024-08-24T09:48:13.241+0000] {logging_mixin.py:190} INFO - [2024-08-24T09:48:13.241+0000] {dag.py:4138} INFO - Setting next_dagrun for dataset_produces_1 to 2024-08-23 00:00:00+00:00, run_after=2024-08-24 00:00:00+00:00
[2024-08-24T09:48:13.243+0000] {logging_mixin.py:190} INFO - [2024-08-24T09:48:13.243+0000] {dag.py:4138} INFO - Setting next_dagrun for dataset_produces_2 to None, run_after=None
[2024-08-24T09:48:13.294+0000] {processor.py:208} INFO - Processing /home/airflow/.local/lib/python3.12/site-packages/airflow/example_dags/example_datasets.py took 0.396 seconds
[2024-08-24T09:48:43.478+0000] {processor.py:186} INFO - Started process (PID=307) to work on /home/airflow/.local/lib/python3.12/site-packages/airflow/example_dags/example_datasets.py
[2024-08-24T09:48:43.479+0000] {processor.py:914} INFO - Processing file /home/airflow/.local/lib/python3.12/site-packages/airflow/example_dags/example_datasets.py for tasks to queue
[2024-08-24T09:48:43.482+0000] {logging_mixin.py:190} INFO - [2024-08-24T09:48:43.482+0000] {dagbag.py:587} INFO - Filling up the DagBag from /home/airflow/.local/lib/python3.12/site-packages/airflow/example_dags/example_datasets.py
[2024-08-24T09:48:43.733+0000] {processor.py:925} INFO - DAG(s) 'dataset_produces_1', 'dataset_consumes_1_never_scheduled', 'dataset_consumes_1', 'dataset_produces_2', 'conditional_dataset_and_time_based_timetable', 'dataset_consumes_unknown_never_scheduled', 'dataset_consumes_1_and_2', 'consume_1_and_2_with_dataset_expressions', 'consume_1_or_2_with_dataset_expressions', 'consume_1_or_both_2_and_3_with_dataset_expressions' retrieved from /home/airflow/.local/lib/python3.12/site-packages/airflow/example_dags/example_datasets.py
[2024-08-24T09:48:43.801+0000] {logging_mixin.py:190} INFO - [2024-08-24T09:48:43.800+0000] {dag.py:3211} INFO - Sync 10 DAGs
[2024-08-24T09:48:43.842+0000] {logging_mixin.py:190} INFO - [2024-08-24T09:48:43.842+0000] {dag.py:4138} INFO - Setting next_dagrun for conditional_dataset_and_time_based_timetable to 2024-08-21 01:00:00+00:00, run_after=2024-08-21 01:00:00+00:00
[2024-08-24T09:48:43.847+0000] {logging_mixin.py:190} INFO - [2024-08-24T09:48:43.847+0000] {dag.py:4138} INFO - Setting next_dagrun for consume_1_and_2_with_dataset_expressions to None, run_after=None
[2024-08-24T09:48:43.852+0000] {logging_mixin.py:190} INFO - [2024-08-24T09:48:43.851+0000] {dag.py:4138} INFO - Setting next_dagrun for consume_1_or_2_with_dataset_expressions to None, run_after=None
[2024-08-24T09:48:43.854+0000] {logging_mixin.py:190} INFO - [2024-08-24T09:48:43.854+0000] {dag.py:4138} INFO - Setting next_dagrun for consume_1_or_both_2_and_3_with_dataset_expressions to None, run_after=None
[2024-08-24T09:48:43.856+0000] {logging_mixin.py:190} INFO - [2024-08-24T09:48:43.855+0000] {dag.py:4138} INFO - Setting next_dagrun for dataset_consumes_1 to None, run_after=None
[2024-08-24T09:48:43.858+0000] {logging_mixin.py:190} INFO - [2024-08-24T09:48:43.857+0000] {dag.py:4138} INFO - Setting next_dagrun for dataset_consumes_1_and_2 to None, run_after=None
[2024-08-24T09:48:43.859+0000] {logging_mixin.py:190} INFO - [2024-08-24T09:48:43.859+0000] {dag.py:4138} INFO - Setting next_dagrun for dataset_consumes_1_never_scheduled to None, run_after=None
[2024-08-24T09:48:43.862+0000] {logging_mixin.py:190} INFO - [2024-08-24T09:48:43.861+0000] {dag.py:4138} INFO - Setting next_dagrun for dataset_consumes_unknown_never_scheduled to None, run_after=None
[2024-08-24T09:48:43.865+0000] {logging_mixin.py:190} INFO - [2024-08-24T09:48:43.865+0000] {dag.py:4138} INFO - Setting next_dagrun for dataset_produces_1 to 2024-08-23 00:00:00+00:00, run_after=2024-08-24 00:00:00+00:00
[2024-08-24T09:48:43.867+0000] {logging_mixin.py:190} INFO - [2024-08-24T09:48:43.867+0000] {dag.py:4138} INFO - Setting next_dagrun for dataset_produces_2 to None, run_after=None
[2024-08-24T09:48:43.910+0000] {processor.py:208} INFO - Processing /home/airflow/.local/lib/python3.12/site-packages/airflow/example_dags/example_datasets.py took 0.440 seconds
[2024-08-24T09:49:13.946+0000] {processor.py:186} INFO - Started process (PID=369) to work on /home/airflow/.local/lib/python3.12/site-packages/airflow/example_dags/example_datasets.py
[2024-08-24T09:49:13.948+0000] {processor.py:914} INFO - Processing file /home/airflow/.local/lib/python3.12/site-packages/airflow/example_dags/example_datasets.py for tasks to queue
[2024-08-24T09:49:13.950+0000] {logging_mixin.py:190} INFO - [2024-08-24T09:49:13.950+0000] {dagbag.py:587} INFO - Filling up the DagBag from /home/airflow/.local/lib/python3.12/site-packages/airflow/example_dags/example_datasets.py
[2024-08-24T09:49:14.177+0000] {processor.py:925} INFO - DAG(s) 'consume_1_or_both_2_and_3_with_dataset_expressions', 'dataset_consumes_1_never_scheduled', 'conditional_dataset_and_time_based_timetable', 'dataset_consumes_1_and_2', 'dataset_consumes_1', 'dataset_produces_2', 'dataset_consumes_unknown_never_scheduled', 'consume_1_or_2_with_dataset_expressions', 'dataset_produces_1', 'consume_1_and_2_with_dataset_expressions' retrieved from /home/airflow/.local/lib/python3.12/site-packages/airflow/example_dags/example_datasets.py
[2024-08-24T09:49:14.253+0000] {logging_mixin.py:190} INFO - [2024-08-24T09:49:14.252+0000] {dag.py:3211} INFO - Sync 10 DAGs
[2024-08-24T09:49:14.299+0000] {logging_mixin.py:190} INFO - [2024-08-24T09:49:14.299+0000] {dag.py:4138} INFO - Setting next_dagrun for conditional_dataset_and_time_based_timetable to 2024-08-21 01:00:00+00:00, run_after=2024-08-21 01:00:00+00:00
[2024-08-24T09:49:14.307+0000] {logging_mixin.py:190} INFO - [2024-08-24T09:49:14.307+0000] {dag.py:4138} INFO - Setting next_dagrun for consume_1_and_2_with_dataset_expressions to None, run_after=None
[2024-08-24T09:49:14.310+0000] {logging_mixin.py:190} INFO - [2024-08-24T09:49:14.309+0000] {dag.py:4138} INFO - Setting next_dagrun for consume_1_or_2_with_dataset_expressions to None, run_after=None
[2024-08-24T09:49:14.311+0000] {logging_mixin.py:190} INFO - [2024-08-24T09:49:14.311+0000] {dag.py:4138} INFO - Setting next_dagrun for consume_1_or_both_2_and_3_with_dataset_expressions to None, run_after=None
[2024-08-24T09:49:14.313+0000] {logging_mixin.py:190} INFO - [2024-08-24T09:49:14.313+0000] {dag.py:4138} INFO - Setting next_dagrun for dataset_consumes_1 to None, run_after=None
[2024-08-24T09:49:14.332+0000] {logging_mixin.py:190} INFO - [2024-08-24T09:49:14.331+0000] {dag.py:4138} INFO - Setting next_dagrun for dataset_consumes_1_and_2 to None, run_after=None
[2024-08-24T09:49:14.343+0000] {logging_mixin.py:190} INFO - [2024-08-24T09:49:14.343+0000] {dag.py:4138} INFO - Setting next_dagrun for dataset_consumes_1_never_scheduled to None, run_after=None
[2024-08-24T09:49:14.346+0000] {logging_mixin.py:190} INFO - [2024-08-24T09:49:14.346+0000] {dag.py:4138} INFO - Setting next_dagrun for dataset_consumes_unknown_never_scheduled to None, run_after=None
[2024-08-24T09:49:14.350+0000] {logging_mixin.py:190} INFO - [2024-08-24T09:49:14.349+0000] {dag.py:4138} INFO - Setting next_dagrun for dataset_produces_1 to 2024-08-23 00:00:00+00:00, run_after=2024-08-24 00:00:00+00:00
[2024-08-24T09:49:14.352+0000] {logging_mixin.py:190} INFO - [2024-08-24T09:49:14.351+0000] {dag.py:4138} INFO - Setting next_dagrun for dataset_produces_2 to None, run_after=None
[2024-08-24T09:49:14.394+0000] {processor.py:208} INFO - Processing /home/airflow/.local/lib/python3.12/site-packages/airflow/example_dags/example_datasets.py took 0.454 seconds
[2024-08-24T09:49:44.957+0000] {processor.py:186} INFO - Started process (PID=435) to work on /home/airflow/.local/lib/python3.12/site-packages/airflow/example_dags/example_datasets.py
[2024-08-24T09:49:44.958+0000] {processor.py:914} INFO - Processing file /home/airflow/.local/lib/python3.12/site-packages/airflow/example_dags/example_datasets.py for tasks to queue
[2024-08-24T09:49:44.961+0000] {logging_mixin.py:190} INFO - [2024-08-24T09:49:44.960+0000] {dagbag.py:587} INFO - Filling up the DagBag from /home/airflow/.local/lib/python3.12/site-packages/airflow/example_dags/example_datasets.py
[2024-08-24T09:49:45.168+0000] {processor.py:925} INFO - DAG(s) 'dataset_produces_1', 'dataset_consumes_1', 'dataset_consumes_1_and_2', 'consume_1_and_2_with_dataset_expressions', 'consume_1_or_2_with_dataset_expressions', 'dataset_consumes_unknown_never_scheduled', 'dataset_produces_2', 'dataset_consumes_1_never_scheduled', 'conditional_dataset_and_time_based_timetable', 'consume_1_or_both_2_and_3_with_dataset_expressions' retrieved from /home/airflow/.local/lib/python3.12/site-packages/airflow/example_dags/example_datasets.py
[2024-08-24T09:49:45.220+0000] {logging_mixin.py:190} INFO - [2024-08-24T09:49:45.220+0000] {dag.py:3211} INFO - Sync 10 DAGs
[2024-08-24T09:49:45.248+0000] {logging_mixin.py:190} INFO - [2024-08-24T09:49:45.248+0000] {dag.py:4138} INFO - Setting next_dagrun for conditional_dataset_and_time_based_timetable to 2024-08-21 01:00:00+00:00, run_after=2024-08-21 01:00:00+00:00
[2024-08-24T09:49:45.254+0000] {logging_mixin.py:190} INFO - [2024-08-24T09:49:45.254+0000] {dag.py:4138} INFO - Setting next_dagrun for consume_1_and_2_with_dataset_expressions to None, run_after=None
[2024-08-24T09:49:45.257+0000] {logging_mixin.py:190} INFO - [2024-08-24T09:49:45.257+0000] {dag.py:4138} INFO - Setting next_dagrun for consume_1_or_2_with_dataset_expressions to None, run_after=None
[2024-08-24T09:49:45.259+0000] {logging_mixin.py:190} INFO - [2024-08-24T09:49:45.259+0000] {dag.py:4138} INFO - Setting next_dagrun for consume_1_or_both_2_and_3_with_dataset_expressions to None, run_after=None
[2024-08-24T09:49:45.261+0000] {logging_mixin.py:190} INFO - [2024-08-24T09:49:45.261+0000] {dag.py:4138} INFO - Setting next_dagrun for dataset_consumes_1 to None, run_after=None
[2024-08-24T09:49:45.262+0000] {logging_mixin.py:190} INFO - [2024-08-24T09:49:45.262+0000] {dag.py:4138} INFO - Setting next_dagrun for dataset_consumes_1_and_2 to None, run_after=None
[2024-08-24T09:49:45.264+0000] {logging_mixin.py:190} INFO - [2024-08-24T09:49:45.264+0000] {dag.py:4138} INFO - Setting next_dagrun for dataset_consumes_1_never_scheduled to None, run_after=None
[2024-08-24T09:49:45.265+0000] {logging_mixin.py:190} INFO - [2024-08-24T09:49:45.265+0000] {dag.py:4138} INFO - Setting next_dagrun for dataset_consumes_unknown_never_scheduled to None, run_after=None
[2024-08-24T09:49:45.269+0000] {logging_mixin.py:190} INFO - [2024-08-24T09:49:45.268+0000] {dag.py:4138} INFO - Setting next_dagrun for dataset_produces_1 to 2024-08-23 00:00:00+00:00, run_after=2024-08-24 00:00:00+00:00
[2024-08-24T09:49:45.271+0000] {logging_mixin.py:190} INFO - [2024-08-24T09:49:45.271+0000] {dag.py:4138} INFO - Setting next_dagrun for dataset_produces_2 to None, run_after=None
[2024-08-24T09:49:45.312+0000] {processor.py:208} INFO - Processing /home/airflow/.local/lib/python3.12/site-packages/airflow/example_dags/example_datasets.py took 0.362 seconds
[2024-08-24T09:50:15.744+0000] {processor.py:186} INFO - Started process (PID=499) to work on /home/airflow/.local/lib/python3.12/site-packages/airflow/example_dags/example_datasets.py
[2024-08-24T09:50:15.745+0000] {processor.py:914} INFO - Processing file /home/airflow/.local/lib/python3.12/site-packages/airflow/example_dags/example_datasets.py for tasks to queue
[2024-08-24T09:50:15.748+0000] {logging_mixin.py:190} INFO - [2024-08-24T09:50:15.748+0000] {dagbag.py:587} INFO - Filling up the DagBag from /home/airflow/.local/lib/python3.12/site-packages/airflow/example_dags/example_datasets.py
[2024-08-24T09:50:15.942+0000] {processor.py:925} INFO - DAG(s) 'dataset_consumes_unknown_never_scheduled', 'dataset_consumes_1', 'consume_1_or_2_with_dataset_expressions', 'conditional_dataset_and_time_based_timetable', 'consume_1_or_both_2_and_3_with_dataset_expressions', 'dataset_produces_1', 'dataset_consumes_1_and_2', 'dataset_consumes_1_never_scheduled', 'consume_1_and_2_with_dataset_expressions', 'dataset_produces_2' retrieved from /home/airflow/.local/lib/python3.12/site-packages/airflow/example_dags/example_datasets.py
[2024-08-24T09:50:16.000+0000] {logging_mixin.py:190} INFO - [2024-08-24T09:50:16.000+0000] {dag.py:3211} INFO - Sync 10 DAGs
[2024-08-24T09:50:16.034+0000] {logging_mixin.py:190} INFO - [2024-08-24T09:50:16.034+0000] {dag.py:4138} INFO - Setting next_dagrun for conditional_dataset_and_time_based_timetable to 2024-08-21 01:00:00+00:00, run_after=2024-08-21 01:00:00+00:00
[2024-08-24T09:50:16.041+0000] {logging_mixin.py:190} INFO - [2024-08-24T09:50:16.040+0000] {dag.py:4138} INFO - Setting next_dagrun for consume_1_and_2_with_dataset_expressions to None, run_after=None
[2024-08-24T09:50:16.043+0000] {logging_mixin.py:190} INFO - [2024-08-24T09:50:16.042+0000] {dag.py:4138} INFO - Setting next_dagrun for consume_1_or_2_with_dataset_expressions to None, run_after=None
[2024-08-24T09:50:16.044+0000] {logging_mixin.py:190} INFO - [2024-08-24T09:50:16.044+0000] {dag.py:4138} INFO - Setting next_dagrun for consume_1_or_both_2_and_3_with_dataset_expressions to None, run_after=None
[2024-08-24T09:50:16.046+0000] {logging_mixin.py:190} INFO - [2024-08-24T09:50:16.046+0000] {dag.py:4138} INFO - Setting next_dagrun for dataset_consumes_1 to None, run_after=None
[2024-08-24T09:50:16.047+0000] {logging_mixin.py:190} INFO - [2024-08-24T09:50:16.047+0000] {dag.py:4138} INFO - Setting next_dagrun for dataset_consumes_1_and_2 to None, run_after=None
[2024-08-24T09:50:16.049+0000] {logging_mixin.py:190} INFO - [2024-08-24T09:50:16.049+0000] {dag.py:4138} INFO - Setting next_dagrun for dataset_consumes_1_never_scheduled to None, run_after=None
[2024-08-24T09:50:16.050+0000] {logging_mixin.py:190} INFO - [2024-08-24T09:50:16.050+0000] {dag.py:4138} INFO - Setting next_dagrun for dataset_consumes_unknown_never_scheduled to None, run_after=None
[2024-08-24T09:50:16.054+0000] {logging_mixin.py:190} INFO - [2024-08-24T09:50:16.054+0000] {dag.py:4138} INFO - Setting next_dagrun for dataset_produces_1 to 2024-08-23 00:00:00+00:00, run_after=2024-08-24 00:00:00+00:00
[2024-08-24T09:50:16.057+0000] {logging_mixin.py:190} INFO - [2024-08-24T09:50:16.056+0000] {dag.py:4138} INFO - Setting next_dagrun for dataset_produces_2 to None, run_after=None
[2024-08-24T09:50:16.109+0000] {processor.py:208} INFO - Processing /home/airflow/.local/lib/python3.12/site-packages/airflow/example_dags/example_datasets.py took 0.372 seconds
[2024-08-24T09:50:46.976+0000] {processor.py:186} INFO - Started process (PID=564) to work on /home/airflow/.local/lib/python3.12/site-packages/airflow/example_dags/example_datasets.py
[2024-08-24T09:50:46.978+0000] {processor.py:914} INFO - Processing file /home/airflow/.local/lib/python3.12/site-packages/airflow/example_dags/example_datasets.py for tasks to queue
[2024-08-24T09:50:46.981+0000] {logging_mixin.py:190} INFO - [2024-08-24T09:50:46.981+0000] {dagbag.py:587} INFO - Filling up the DagBag from /home/airflow/.local/lib/python3.12/site-packages/airflow/example_dags/example_datasets.py
[2024-08-24T09:50:47.253+0000] {processor.py:925} INFO - DAG(s) 'dataset_consumes_1_and_2', 'dataset_consumes_1_never_scheduled', 'consume_1_and_2_with_dataset_expressions', 'dataset_consumes_unknown_never_scheduled', 'dataset_consumes_1', 'dataset_produces_2', 'consume_1_or_2_with_dataset_expressions', 'consume_1_or_both_2_and_3_with_dataset_expressions', 'conditional_dataset_and_time_based_timetable', 'dataset_produces_1' retrieved from /home/airflow/.local/lib/python3.12/site-packages/airflow/example_dags/example_datasets.py
[2024-08-24T09:50:47.326+0000] {logging_mixin.py:190} INFO - [2024-08-24T09:50:47.326+0000] {dag.py:3211} INFO - Sync 10 DAGs
[2024-08-24T09:50:47.364+0000] {logging_mixin.py:190} INFO - [2024-08-24T09:50:47.364+0000] {dag.py:4138} INFO - Setting next_dagrun for conditional_dataset_and_time_based_timetable to 2024-08-21 01:00:00+00:00, run_after=2024-08-21 01:00:00+00:00
[2024-08-24T09:50:47.370+0000] {logging_mixin.py:190} INFO - [2024-08-24T09:50:47.370+0000] {dag.py:4138} INFO - Setting next_dagrun for consume_1_and_2_with_dataset_expressions to None, run_after=None
[2024-08-24T09:50:47.373+0000] {logging_mixin.py:190} INFO - [2024-08-24T09:50:47.372+0000] {dag.py:4138} INFO - Setting next_dagrun for consume_1_or_2_with_dataset_expressions to None, run_after=None
[2024-08-24T09:50:47.374+0000] {logging_mixin.py:190} INFO - [2024-08-24T09:50:47.374+0000] {dag.py:4138} INFO - Setting next_dagrun for consume_1_or_both_2_and_3_with_dataset_expressions to None, run_after=None
[2024-08-24T09:50:47.376+0000] {logging_mixin.py:190} INFO - [2024-08-24T09:50:47.376+0000] {dag.py:4138} INFO - Setting next_dagrun for dataset_consumes_1 to None, run_after=None
[2024-08-24T09:50:47.377+0000] {logging_mixin.py:190} INFO - [2024-08-24T09:50:47.377+0000] {dag.py:4138} INFO - Setting next_dagrun for dataset_consumes_1_and_2 to None, run_after=None
[2024-08-24T09:50:47.379+0000] {logging_mixin.py:190} INFO - [2024-08-24T09:50:47.379+0000] {dag.py:4138} INFO - Setting next_dagrun for dataset_consumes_1_never_scheduled to None, run_after=None
[2024-08-24T09:50:47.381+0000] {logging_mixin.py:190} INFO - [2024-08-24T09:50:47.381+0000] {dag.py:4138} INFO - Setting next_dagrun for dataset_consumes_unknown_never_scheduled to None, run_after=None
[2024-08-24T09:50:47.384+0000] {logging_mixin.py:190} INFO - [2024-08-24T09:50:47.384+0000] {dag.py:4138} INFO - Setting next_dagrun for dataset_produces_1 to 2024-08-23 00:00:00+00:00, run_after=2024-08-24 00:00:00+00:00
[2024-08-24T09:50:47.386+0000] {logging_mixin.py:190} INFO - [2024-08-24T09:50:47.385+0000] {dag.py:4138} INFO - Setting next_dagrun for dataset_produces_2 to None, run_after=None
[2024-08-24T09:50:47.444+0000] {processor.py:208} INFO - Processing /home/airflow/.local/lib/python3.12/site-packages/airflow/example_dags/example_datasets.py took 0.478 seconds
[2024-08-24T09:51:17.851+0000] {processor.py:186} INFO - Started process (PID=620) to work on /home/airflow/.local/lib/python3.12/site-packages/airflow/example_dags/example_datasets.py
[2024-08-24T09:51:17.852+0000] {processor.py:914} INFO - Processing file /home/airflow/.local/lib/python3.12/site-packages/airflow/example_dags/example_datasets.py for tasks to queue
[2024-08-24T09:51:17.859+0000] {logging_mixin.py:190} INFO - [2024-08-24T09:51:17.859+0000] {dagbag.py:587} INFO - Filling up the DagBag from /home/airflow/.local/lib/python3.12/site-packages/airflow/example_dags/example_datasets.py
[2024-08-24T09:51:18.179+0000] {processor.py:925} INFO - DAG(s) 'dataset_consumes_1_never_scheduled', 'dataset_consumes_1', 'consume_1_or_both_2_and_3_with_dataset_expressions', 'consume_1_or_2_with_dataset_expressions', 'dataset_produces_1', 'consume_1_and_2_with_dataset_expressions', 'dataset_consumes_unknown_never_scheduled', 'conditional_dataset_and_time_based_timetable', 'dataset_consumes_1_and_2', 'dataset_produces_2' retrieved from /home/airflow/.local/lib/python3.12/site-packages/airflow/example_dags/example_datasets.py
[2024-08-24T09:51:18.274+0000] {logging_mixin.py:190} INFO - [2024-08-24T09:51:18.273+0000] {dag.py:3211} INFO - Sync 10 DAGs
[2024-08-24T09:51:18.319+0000] {logging_mixin.py:190} INFO - [2024-08-24T09:51:18.319+0000] {dag.py:4138} INFO - Setting next_dagrun for conditional_dataset_and_time_based_timetable to 2024-08-21 01:00:00+00:00, run_after=2024-08-21 01:00:00+00:00
[2024-08-24T09:51:18.326+0000] {logging_mixin.py:190} INFO - [2024-08-24T09:51:18.326+0000] {dag.py:4138} INFO - Setting next_dagrun for consume_1_and_2_with_dataset_expressions to None, run_after=None
[2024-08-24T09:51:18.329+0000] {logging_mixin.py:190} INFO - [2024-08-24T09:51:18.329+0000] {dag.py:4138} INFO - Setting next_dagrun for consume_1_or_2_with_dataset_expressions to None, run_after=None
[2024-08-24T09:51:18.331+0000] {logging_mixin.py:190} INFO - [2024-08-24T09:51:18.331+0000] {dag.py:4138} INFO - Setting next_dagrun for consume_1_or_both_2_and_3_with_dataset_expressions to None, run_after=None
[2024-08-24T09:51:18.333+0000] {logging_mixin.py:190} INFO - [2024-08-24T09:51:18.333+0000] {dag.py:4138} INFO - Setting next_dagrun for dataset_consumes_1 to None, run_after=None
[2024-08-24T09:51:18.335+0000] {logging_mixin.py:190} INFO - [2024-08-24T09:51:18.335+0000] {dag.py:4138} INFO - Setting next_dagrun for dataset_consumes_1_and_2 to None, run_after=None
[2024-08-24T09:51:18.338+0000] {logging_mixin.py:190} INFO - [2024-08-24T09:51:18.338+0000] {dag.py:4138} INFO - Setting next_dagrun for dataset_consumes_1_never_scheduled to None, run_after=None
[2024-08-24T09:51:18.340+0000] {logging_mixin.py:190} INFO - [2024-08-24T09:51:18.340+0000] {dag.py:4138} INFO - Setting next_dagrun for dataset_consumes_unknown_never_scheduled to None, run_after=None
[2024-08-24T09:51:18.344+0000] {logging_mixin.py:190} INFO - [2024-08-24T09:51:18.344+0000] {dag.py:4138} INFO - Setting next_dagrun for dataset_produces_1 to 2024-08-23 00:00:00+00:00, run_after=2024-08-24 00:00:00+00:00
[2024-08-24T09:51:18.346+0000] {logging_mixin.py:190} INFO - [2024-08-24T09:51:18.346+0000] {dag.py:4138} INFO - Setting next_dagrun for dataset_produces_2 to None, run_after=None
[2024-08-24T09:51:18.409+0000] {processor.py:208} INFO - Processing /home/airflow/.local/lib/python3.12/site-packages/airflow/example_dags/example_datasets.py took 0.570 seconds
[2024-08-24T12:31:31.928+0000] {processor.py:186} INFO - Started process (PID=111) to work on /home/airflow/.local/lib/python3.12/site-packages/airflow/example_dags/example_datasets.py
[2024-08-24T12:31:31.930+0000] {processor.py:914} INFO - Processing file /home/airflow/.local/lib/python3.12/site-packages/airflow/example_dags/example_datasets.py for tasks to queue
[2024-08-24T12:31:31.933+0000] {logging_mixin.py:190} INFO - [2024-08-24T12:31:31.932+0000] {dagbag.py:587} INFO - Filling up the DagBag from /home/airflow/.local/lib/python3.12/site-packages/airflow/example_dags/example_datasets.py
[2024-08-24T12:31:32.104+0000] {processor.py:925} INFO - DAG(s) 'dataset_produces_1', 'dataset_consumes_1_and_2', 'dataset_consumes_unknown_never_scheduled', 'dataset_produces_2', 'consume_1_and_2_with_dataset_expressions', 'consume_1_or_both_2_and_3_with_dataset_expressions', 'dataset_consumes_1_never_scheduled', 'dataset_consumes_1', 'consume_1_or_2_with_dataset_expressions', 'conditional_dataset_and_time_based_timetable' retrieved from /home/airflow/.local/lib/python3.12/site-packages/airflow/example_dags/example_datasets.py
[2024-08-24T12:31:32.183+0000] {logging_mixin.py:190} INFO - [2024-08-24T12:31:32.183+0000] {dag.py:3211} INFO - Sync 10 DAGs
[2024-08-24T12:31:32.230+0000] {logging_mixin.py:190} INFO - [2024-08-24T12:31:32.229+0000] {dag.py:4138} INFO - Setting next_dagrun for conditional_dataset_and_time_based_timetable to 2024-08-21 01:00:00+00:00, run_after=2024-08-21 01:00:00+00:00
[2024-08-24T12:31:32.243+0000] {logging_mixin.py:190} INFO - [2024-08-24T12:31:32.243+0000] {dag.py:4138} INFO - Setting next_dagrun for consume_1_and_2_with_dataset_expressions to None, run_after=None
[2024-08-24T12:31:32.246+0000] {logging_mixin.py:190} INFO - [2024-08-24T12:31:32.245+0000] {dag.py:4138} INFO - Setting next_dagrun for consume_1_or_2_with_dataset_expressions to None, run_after=None
[2024-08-24T12:31:32.250+0000] {logging_mixin.py:190} INFO - [2024-08-24T12:31:32.250+0000] {dag.py:4138} INFO - Setting next_dagrun for consume_1_or_both_2_and_3_with_dataset_expressions to None, run_after=None
[2024-08-24T12:31:32.261+0000] {logging_mixin.py:190} INFO - [2024-08-24T12:31:32.261+0000] {dag.py:4138} INFO - Setting next_dagrun for dataset_consumes_1 to None, run_after=None
[2024-08-24T12:31:32.264+0000] {logging_mixin.py:190} INFO - [2024-08-24T12:31:32.263+0000] {dag.py:4138} INFO - Setting next_dagrun for dataset_consumes_1_and_2 to None, run_after=None
[2024-08-24T12:31:32.269+0000] {logging_mixin.py:190} INFO - [2024-08-24T12:31:32.268+0000] {dag.py:4138} INFO - Setting next_dagrun for dataset_consumes_1_never_scheduled to None, run_after=None
[2024-08-24T12:31:32.271+0000] {logging_mixin.py:190} INFO - [2024-08-24T12:31:32.270+0000] {dag.py:4138} INFO - Setting next_dagrun for dataset_consumes_unknown_never_scheduled to None, run_after=None
[2024-08-24T12:31:32.283+0000] {logging_mixin.py:190} INFO - [2024-08-24T12:31:32.282+0000] {dag.py:4138} INFO - Setting next_dagrun for dataset_produces_1 to 2024-08-23 00:00:00+00:00, run_after=2024-08-24 00:00:00+00:00
[2024-08-24T12:31:32.285+0000] {logging_mixin.py:190} INFO - [2024-08-24T12:31:32.285+0000] {dag.py:4138} INFO - Setting next_dagrun for dataset_produces_2 to None, run_after=None
[2024-08-24T12:31:32.363+0000] {processor.py:208} INFO - Processing /home/airflow/.local/lib/python3.12/site-packages/airflow/example_dags/example_datasets.py took 0.440 seconds
[2024-08-24T12:32:03.381+0000] {processor.py:186} INFO - Started process (PID=174) to work on /home/airflow/.local/lib/python3.12/site-packages/airflow/example_dags/example_datasets.py
[2024-08-24T12:32:03.389+0000] {processor.py:914} INFO - Processing file /home/airflow/.local/lib/python3.12/site-packages/airflow/example_dags/example_datasets.py for tasks to queue
[2024-08-24T12:32:03.394+0000] {logging_mixin.py:190} INFO - [2024-08-24T12:32:03.394+0000] {dagbag.py:587} INFO - Filling up the DagBag from /home/airflow/.local/lib/python3.12/site-packages/airflow/example_dags/example_datasets.py
[2024-08-24T12:32:03.626+0000] {processor.py:925} INFO - DAG(s) 'dataset_produces_2', 'dataset_consumes_1_and_2', 'consume_1_or_2_with_dataset_expressions', 'consume_1_or_both_2_and_3_with_dataset_expressions', 'consume_1_and_2_with_dataset_expressions', 'dataset_consumes_1_never_scheduled', 'dataset_consumes_unknown_never_scheduled', 'dataset_consumes_1', 'dataset_produces_1', 'conditional_dataset_and_time_based_timetable' retrieved from /home/airflow/.local/lib/python3.12/site-packages/airflow/example_dags/example_datasets.py
[2024-08-24T12:32:03.709+0000] {logging_mixin.py:190} INFO - [2024-08-24T12:32:03.708+0000] {dag.py:3211} INFO - Sync 10 DAGs
[2024-08-24T12:32:03.747+0000] {logging_mixin.py:190} INFO - [2024-08-24T12:32:03.747+0000] {dag.py:4138} INFO - Setting next_dagrun for conditional_dataset_and_time_based_timetable to 2024-08-21 01:00:00+00:00, run_after=2024-08-21 01:00:00+00:00
[2024-08-24T12:32:03.761+0000] {logging_mixin.py:190} INFO - [2024-08-24T12:32:03.760+0000] {dag.py:4138} INFO - Setting next_dagrun for consume_1_and_2_with_dataset_expressions to None, run_after=None
[2024-08-24T12:32:03.766+0000] {logging_mixin.py:190} INFO - [2024-08-24T12:32:03.765+0000] {dag.py:4138} INFO - Setting next_dagrun for consume_1_or_2_with_dataset_expressions to None, run_after=None
[2024-08-24T12:32:03.768+0000] {logging_mixin.py:190} INFO - [2024-08-24T12:32:03.768+0000] {dag.py:4138} INFO - Setting next_dagrun for consume_1_or_both_2_and_3_with_dataset_expressions to None, run_after=None
[2024-08-24T12:32:03.772+0000] {logging_mixin.py:190} INFO - [2024-08-24T12:32:03.771+0000] {dag.py:4138} INFO - Setting next_dagrun for dataset_consumes_1 to None, run_after=None
[2024-08-24T12:32:03.776+0000] {logging_mixin.py:190} INFO - [2024-08-24T12:32:03.776+0000] {dag.py:4138} INFO - Setting next_dagrun for dataset_consumes_1_and_2 to None, run_after=None
[2024-08-24T12:32:03.779+0000] {logging_mixin.py:190} INFO - [2024-08-24T12:32:03.779+0000] {dag.py:4138} INFO - Setting next_dagrun for dataset_consumes_1_never_scheduled to None, run_after=None
[2024-08-24T12:32:03.784+0000] {logging_mixin.py:190} INFO - [2024-08-24T12:32:03.784+0000] {dag.py:4138} INFO - Setting next_dagrun for dataset_consumes_unknown_never_scheduled to None, run_after=None
[2024-08-24T12:32:03.794+0000] {logging_mixin.py:190} INFO - [2024-08-24T12:32:03.794+0000] {dag.py:4138} INFO - Setting next_dagrun for dataset_produces_1 to 2024-08-23 00:00:00+00:00, run_after=2024-08-24 00:00:00+00:00
[2024-08-24T12:32:03.811+0000] {logging_mixin.py:190} INFO - [2024-08-24T12:32:03.810+0000] {dag.py:4138} INFO - Setting next_dagrun for dataset_produces_2 to None, run_after=None
[2024-08-24T12:32:03.923+0000] {processor.py:208} INFO - Processing /home/airflow/.local/lib/python3.12/site-packages/airflow/example_dags/example_datasets.py took 0.550 seconds
[2024-08-24T12:32:34.194+0000] {processor.py:186} INFO - Started process (PID=239) to work on /home/airflow/.local/lib/python3.12/site-packages/airflow/example_dags/example_datasets.py
[2024-08-24T12:32:34.195+0000] {processor.py:914} INFO - Processing file /home/airflow/.local/lib/python3.12/site-packages/airflow/example_dags/example_datasets.py for tasks to queue
[2024-08-24T12:32:34.198+0000] {logging_mixin.py:190} INFO - [2024-08-24T12:32:34.197+0000] {dagbag.py:587} INFO - Filling up the DagBag from /home/airflow/.local/lib/python3.12/site-packages/airflow/example_dags/example_datasets.py
[2024-08-24T12:32:34.355+0000] {processor.py:925} INFO - DAG(s) 'conditional_dataset_and_time_based_timetable', 'dataset_produces_2', 'consume_1_or_2_with_dataset_expressions', 'dataset_consumes_1', 'dataset_produces_1', 'dataset_consumes_1_never_scheduled', 'consume_1_or_both_2_and_3_with_dataset_expressions', 'dataset_consumes_unknown_never_scheduled', 'dataset_consumes_1_and_2', 'consume_1_and_2_with_dataset_expressions' retrieved from /home/airflow/.local/lib/python3.12/site-packages/airflow/example_dags/example_datasets.py
[2024-08-24T12:32:34.410+0000] {logging_mixin.py:190} INFO - [2024-08-24T12:32:34.410+0000] {dag.py:3211} INFO - Sync 10 DAGs
[2024-08-24T12:32:34.436+0000] {logging_mixin.py:190} INFO - [2024-08-24T12:32:34.436+0000] {dag.py:4138} INFO - Setting next_dagrun for conditional_dataset_and_time_based_timetable to 2024-08-21 01:00:00+00:00, run_after=2024-08-21 01:00:00+00:00
[2024-08-24T12:32:34.440+0000] {logging_mixin.py:190} INFO - [2024-08-24T12:32:34.439+0000] {dag.py:4138} INFO - Setting next_dagrun for consume_1_and_2_with_dataset_expressions to None, run_after=None
[2024-08-24T12:32:34.441+0000] {logging_mixin.py:190} INFO - [2024-08-24T12:32:34.441+0000] {dag.py:4138} INFO - Setting next_dagrun for consume_1_or_2_with_dataset_expressions to None, run_after=None
[2024-08-24T12:32:34.444+0000] {logging_mixin.py:190} INFO - [2024-08-24T12:32:34.444+0000] {dag.py:4138} INFO - Setting next_dagrun for consume_1_or_both_2_and_3_with_dataset_expressions to None, run_after=None
[2024-08-24T12:32:34.446+0000] {logging_mixin.py:190} INFO - [2024-08-24T12:32:34.445+0000] {dag.py:4138} INFO - Setting next_dagrun for dataset_consumes_1 to None, run_after=None
[2024-08-24T12:32:34.448+0000] {logging_mixin.py:190} INFO - [2024-08-24T12:32:34.448+0000] {dag.py:4138} INFO - Setting next_dagrun for dataset_consumes_1_and_2 to None, run_after=None
[2024-08-24T12:32:34.450+0000] {logging_mixin.py:190} INFO - [2024-08-24T12:32:34.450+0000] {dag.py:4138} INFO - Setting next_dagrun for dataset_consumes_1_never_scheduled to None, run_after=None
[2024-08-24T12:32:34.452+0000] {logging_mixin.py:190} INFO - [2024-08-24T12:32:34.452+0000] {dag.py:4138} INFO - Setting next_dagrun for dataset_consumes_unknown_never_scheduled to None, run_after=None
[2024-08-24T12:32:34.455+0000] {logging_mixin.py:190} INFO - [2024-08-24T12:32:34.455+0000] {dag.py:4138} INFO - Setting next_dagrun for dataset_produces_1 to 2024-08-23 00:00:00+00:00, run_after=2024-08-24 00:00:00+00:00
[2024-08-24T12:32:34.457+0000] {logging_mixin.py:190} INFO - [2024-08-24T12:32:34.456+0000] {dag.py:4138} INFO - Setting next_dagrun for dataset_produces_2 to None, run_after=None
[2024-08-24T12:32:34.490+0000] {processor.py:208} INFO - Processing /home/airflow/.local/lib/python3.12/site-packages/airflow/example_dags/example_datasets.py took 0.301 seconds
[2024-08-24T12:33:04.666+0000] {processor.py:186} INFO - Started process (PID=303) to work on /home/airflow/.local/lib/python3.12/site-packages/airflow/example_dags/example_datasets.py
[2024-08-24T12:33:04.668+0000] {processor.py:914} INFO - Processing file /home/airflow/.local/lib/python3.12/site-packages/airflow/example_dags/example_datasets.py for tasks to queue
[2024-08-24T12:33:04.670+0000] {logging_mixin.py:190} INFO - [2024-08-24T12:33:04.670+0000] {dagbag.py:587} INFO - Filling up the DagBag from /home/airflow/.local/lib/python3.12/site-packages/airflow/example_dags/example_datasets.py
[2024-08-24T12:33:04.798+0000] {processor.py:925} INFO - DAG(s) 'dataset_consumes_1_never_scheduled', 'conditional_dataset_and_time_based_timetable', 'dataset_produces_1', 'dataset_produces_2', 'dataset_consumes_1_and_2', 'dataset_consumes_unknown_never_scheduled', 'consume_1_or_both_2_and_3_with_dataset_expressions', 'consume_1_and_2_with_dataset_expressions', 'consume_1_or_2_with_dataset_expressions', 'dataset_consumes_1' retrieved from /home/airflow/.local/lib/python3.12/site-packages/airflow/example_dags/example_datasets.py
[2024-08-24T12:33:04.847+0000] {logging_mixin.py:190} INFO - [2024-08-24T12:33:04.847+0000] {dag.py:3211} INFO - Sync 10 DAGs
[2024-08-24T12:33:04.873+0000] {logging_mixin.py:190} INFO - [2024-08-24T12:33:04.873+0000] {dag.py:4138} INFO - Setting next_dagrun for conditional_dataset_and_time_based_timetable to 2024-08-21 01:00:00+00:00, run_after=2024-08-21 01:00:00+00:00
[2024-08-24T12:33:04.877+0000] {logging_mixin.py:190} INFO - [2024-08-24T12:33:04.877+0000] {dag.py:4138} INFO - Setting next_dagrun for consume_1_and_2_with_dataset_expressions to None, run_after=None
[2024-08-24T12:33:04.879+0000] {logging_mixin.py:190} INFO - [2024-08-24T12:33:04.878+0000] {dag.py:4138} INFO - Setting next_dagrun for consume_1_or_2_with_dataset_expressions to None, run_after=None
[2024-08-24T12:33:04.880+0000] {logging_mixin.py:190} INFO - [2024-08-24T12:33:04.880+0000] {dag.py:4138} INFO - Setting next_dagrun for consume_1_or_both_2_and_3_with_dataset_expressions to None, run_after=None
[2024-08-24T12:33:04.881+0000] {logging_mixin.py:190} INFO - [2024-08-24T12:33:04.881+0000] {dag.py:4138} INFO - Setting next_dagrun for dataset_consumes_1 to None, run_after=None
[2024-08-24T12:33:04.883+0000] {logging_mixin.py:190} INFO - [2024-08-24T12:33:04.883+0000] {dag.py:4138} INFO - Setting next_dagrun for dataset_consumes_1_and_2 to None, run_after=None
[2024-08-24T12:33:04.884+0000] {logging_mixin.py:190} INFO - [2024-08-24T12:33:04.884+0000] {dag.py:4138} INFO - Setting next_dagrun for dataset_consumes_1_never_scheduled to None, run_after=None
[2024-08-24T12:33:04.886+0000] {logging_mixin.py:190} INFO - [2024-08-24T12:33:04.886+0000] {dag.py:4138} INFO - Setting next_dagrun for dataset_consumes_unknown_never_scheduled to None, run_after=None
[2024-08-24T12:33:04.888+0000] {logging_mixin.py:190} INFO - [2024-08-24T12:33:04.888+0000] {dag.py:4138} INFO - Setting next_dagrun for dataset_produces_1 to 2024-08-23 00:00:00+00:00, run_after=2024-08-24 00:00:00+00:00
[2024-08-24T12:33:04.889+0000] {logging_mixin.py:190} INFO - [2024-08-24T12:33:04.889+0000] {dag.py:4138} INFO - Setting next_dagrun for dataset_produces_2 to None, run_after=None
[2024-08-24T12:33:04.924+0000] {processor.py:208} INFO - Processing /home/airflow/.local/lib/python3.12/site-packages/airflow/example_dags/example_datasets.py took 0.262 seconds
[2024-08-24T12:33:35.234+0000] {processor.py:186} INFO - Started process (PID=363) to work on /home/airflow/.local/lib/python3.12/site-packages/airflow/example_dags/example_datasets.py
[2024-08-24T12:33:35.235+0000] {processor.py:914} INFO - Processing file /home/airflow/.local/lib/python3.12/site-packages/airflow/example_dags/example_datasets.py for tasks to queue
[2024-08-24T12:33:35.237+0000] {logging_mixin.py:190} INFO - [2024-08-24T12:33:35.237+0000] {dagbag.py:587} INFO - Filling up the DagBag from /home/airflow/.local/lib/python3.12/site-packages/airflow/example_dags/example_datasets.py
[2024-08-24T12:33:35.371+0000] {processor.py:925} INFO - DAG(s) 'dataset_consumes_1_never_scheduled', 'dataset_produces_1', 'dataset_consumes_1_and_2', 'consume_1_or_2_with_dataset_expressions', 'dataset_produces_2', 'consume_1_and_2_with_dataset_expressions', 'consume_1_or_both_2_and_3_with_dataset_expressions', 'conditional_dataset_and_time_based_timetable', 'dataset_consumes_1', 'dataset_consumes_unknown_never_scheduled' retrieved from /home/airflow/.local/lib/python3.12/site-packages/airflow/example_dags/example_datasets.py
[2024-08-24T12:33:35.417+0000] {logging_mixin.py:190} INFO - [2024-08-24T12:33:35.416+0000] {dag.py:3211} INFO - Sync 10 DAGs
[2024-08-24T12:33:35.439+0000] {logging_mixin.py:190} INFO - [2024-08-24T12:33:35.439+0000] {dag.py:4138} INFO - Setting next_dagrun for conditional_dataset_and_time_based_timetable to 2024-08-21 01:00:00+00:00, run_after=2024-08-21 01:00:00+00:00
[2024-08-24T12:33:35.443+0000] {logging_mixin.py:190} INFO - [2024-08-24T12:33:35.442+0000] {dag.py:4138} INFO - Setting next_dagrun for consume_1_and_2_with_dataset_expressions to None, run_after=None
[2024-08-24T12:33:35.444+0000] {logging_mixin.py:190} INFO - [2024-08-24T12:33:35.444+0000] {dag.py:4138} INFO - Setting next_dagrun for consume_1_or_2_with_dataset_expressions to None, run_after=None
[2024-08-24T12:33:35.446+0000] {logging_mixin.py:190} INFO - [2024-08-24T12:33:35.446+0000] {dag.py:4138} INFO - Setting next_dagrun for consume_1_or_both_2_and_3_with_dataset_expressions to None, run_after=None
[2024-08-24T12:33:35.448+0000] {logging_mixin.py:190} INFO - [2024-08-24T12:33:35.448+0000] {dag.py:4138} INFO - Setting next_dagrun for dataset_consumes_1 to None, run_after=None
[2024-08-24T12:33:35.450+0000] {logging_mixin.py:190} INFO - [2024-08-24T12:33:35.450+0000] {dag.py:4138} INFO - Setting next_dagrun for dataset_consumes_1_and_2 to None, run_after=None
[2024-08-24T12:33:35.452+0000] {logging_mixin.py:190} INFO - [2024-08-24T12:33:35.452+0000] {dag.py:4138} INFO - Setting next_dagrun for dataset_consumes_1_never_scheduled to None, run_after=None
[2024-08-24T12:33:35.454+0000] {logging_mixin.py:190} INFO - [2024-08-24T12:33:35.454+0000] {dag.py:4138} INFO - Setting next_dagrun for dataset_consumes_unknown_never_scheduled to None, run_after=None
[2024-08-24T12:33:35.457+0000] {logging_mixin.py:190} INFO - [2024-08-24T12:33:35.456+0000] {dag.py:4138} INFO - Setting next_dagrun for dataset_produces_1 to 2024-08-23 00:00:00+00:00, run_after=2024-08-24 00:00:00+00:00
[2024-08-24T12:33:35.459+0000] {logging_mixin.py:190} INFO - [2024-08-24T12:33:35.458+0000] {dag.py:4138} INFO - Setting next_dagrun for dataset_produces_2 to None, run_after=None
[2024-08-24T12:33:35.493+0000] {processor.py:208} INFO - Processing /home/airflow/.local/lib/python3.12/site-packages/airflow/example_dags/example_datasets.py took 0.264 seconds
[2024-08-24T12:34:06.239+0000] {processor.py:186} INFO - Started process (PID=426) to work on /home/airflow/.local/lib/python3.12/site-packages/airflow/example_dags/example_datasets.py
[2024-08-24T12:34:06.240+0000] {processor.py:914} INFO - Processing file /home/airflow/.local/lib/python3.12/site-packages/airflow/example_dags/example_datasets.py for tasks to queue
[2024-08-24T12:34:06.242+0000] {logging_mixin.py:190} INFO - [2024-08-24T12:34:06.242+0000] {dagbag.py:587} INFO - Filling up the DagBag from /home/airflow/.local/lib/python3.12/site-packages/airflow/example_dags/example_datasets.py
[2024-08-24T12:34:06.405+0000] {processor.py:925} INFO - DAG(s) 'consume_1_or_2_with_dataset_expressions', 'conditional_dataset_and_time_based_timetable', 'consume_1_or_both_2_and_3_with_dataset_expressions', 'dataset_consumes_unknown_never_scheduled', 'dataset_consumes_1', 'dataset_consumes_1_and_2', 'dataset_consumes_1_never_scheduled', 'dataset_produces_2', 'consume_1_and_2_with_dataset_expressions', 'dataset_produces_1' retrieved from /home/airflow/.local/lib/python3.12/site-packages/airflow/example_dags/example_datasets.py
[2024-08-24T12:34:06.446+0000] {logging_mixin.py:190} INFO - [2024-08-24T12:34:06.446+0000] {dag.py:3211} INFO - Sync 10 DAGs
[2024-08-24T12:34:06.472+0000] {logging_mixin.py:190} INFO - [2024-08-24T12:34:06.471+0000] {dag.py:4138} INFO - Setting next_dagrun for conditional_dataset_and_time_based_timetable to 2024-08-21 01:00:00+00:00, run_after=2024-08-21 01:00:00+00:00
[2024-08-24T12:34:06.475+0000] {logging_mixin.py:190} INFO - [2024-08-24T12:34:06.475+0000] {dag.py:4138} INFO - Setting next_dagrun for consume_1_and_2_with_dataset_expressions to None, run_after=None
[2024-08-24T12:34:06.477+0000] {logging_mixin.py:190} INFO - [2024-08-24T12:34:06.477+0000] {dag.py:4138} INFO - Setting next_dagrun for consume_1_or_2_with_dataset_expressions to None, run_after=None
[2024-08-24T12:34:06.479+0000] {logging_mixin.py:190} INFO - [2024-08-24T12:34:06.479+0000] {dag.py:4138} INFO - Setting next_dagrun for consume_1_or_both_2_and_3_with_dataset_expressions to None, run_after=None
[2024-08-24T12:34:06.481+0000] {logging_mixin.py:190} INFO - [2024-08-24T12:34:06.481+0000] {dag.py:4138} INFO - Setting next_dagrun for dataset_consumes_1 to None, run_after=None
[2024-08-24T12:34:06.483+0000] {logging_mixin.py:190} INFO - [2024-08-24T12:34:06.483+0000] {dag.py:4138} INFO - Setting next_dagrun for dataset_consumes_1_and_2 to None, run_after=None
[2024-08-24T12:34:06.485+0000] {logging_mixin.py:190} INFO - [2024-08-24T12:34:06.485+0000] {dag.py:4138} INFO - Setting next_dagrun for dataset_consumes_1_never_scheduled to None, run_after=None
[2024-08-24T12:34:06.486+0000] {logging_mixin.py:190} INFO - [2024-08-24T12:34:06.486+0000] {dag.py:4138} INFO - Setting next_dagrun for dataset_consumes_unknown_never_scheduled to None, run_after=None
[2024-08-24T12:34:06.489+0000] {logging_mixin.py:190} INFO - [2024-08-24T12:34:06.488+0000] {dag.py:4138} INFO - Setting next_dagrun for dataset_produces_1 to 2024-08-23 00:00:00+00:00, run_after=2024-08-24 00:00:00+00:00
[2024-08-24T12:34:06.490+0000] {logging_mixin.py:190} INFO - [2024-08-24T12:34:06.490+0000] {dag.py:4138} INFO - Setting next_dagrun for dataset_produces_2 to None, run_after=None
[2024-08-24T12:34:06.525+0000] {processor.py:208} INFO - Processing /home/airflow/.local/lib/python3.12/site-packages/airflow/example_dags/example_datasets.py took 0.293 seconds
