[2024-08-24T09:47:08.205+0000] {processor.py:186} INFO - Started process (PID=103) to work on /home/airflow/.local/lib/python3.12/site-packages/airflow/example_dags/example_external_task_marker_dag.py
[2024-08-24T09:47:08.206+0000] {processor.py:914} INFO - Processing file /home/airflow/.local/lib/python3.12/site-packages/airflow/example_dags/example_external_task_marker_dag.py for tasks to queue
[2024-08-24T09:47:08.209+0000] {logging_mixin.py:190} INFO - [2024-08-24T09:47:08.209+0000] {dagbag.py:587} INFO - Filling up the DagBag from /home/airflow/.local/lib/python3.12/site-packages/airflow/example_dags/example_external_task_marker_dag.py
[2024-08-24T09:47:08.222+0000] {processor.py:925} INFO - DAG(s) 'example_external_task_marker_parent', 'example_external_task_marker_child' retrieved from /home/airflow/.local/lib/python3.12/site-packages/airflow/example_dags/example_external_task_marker_dag.py
[2024-08-24T09:47:08.389+0000] {logging_mixin.py:190} INFO - [2024-08-24T09:47:08.388+0000] {override.py:1858} INFO - Created Permission View: can delete on DAG:example_external_task_marker_parent
[2024-08-24T09:47:08.403+0000] {logging_mixin.py:190} INFO - [2024-08-24T09:47:08.403+0000] {override.py:1858} INFO - Created Permission View: can edit on DAG:example_external_task_marker_parent
[2024-08-24T09:47:08.413+0000] {logging_mixin.py:190} INFO - [2024-08-24T09:47:08.413+0000] {override.py:1858} INFO - Created Permission View: can read on DAG:example_external_task_marker_parent
[2024-08-24T09:47:08.435+0000] {logging_mixin.py:190} INFO - [2024-08-24T09:47:08.435+0000] {override.py:1858} INFO - Created Permission View: can delete on DAG:example_external_task_marker_child
[2024-08-24T09:47:08.453+0000] {logging_mixin.py:190} INFO - [2024-08-24T09:47:08.453+0000] {override.py:1858} INFO - Created Permission View: can edit on DAG:example_external_task_marker_child
[2024-08-24T09:47:08.468+0000] {logging_mixin.py:190} INFO - [2024-08-24T09:47:08.467+0000] {override.py:1858} INFO - Created Permission View: can read on DAG:example_external_task_marker_child
[2024-08-24T09:47:08.469+0000] {logging_mixin.py:190} INFO - [2024-08-24T09:47:08.469+0000] {dag.py:3211} INFO - Sync 2 DAGs
[2024-08-24T09:47:08.487+0000] {logging_mixin.py:190} INFO - [2024-08-24T09:47:08.487+0000] {dag.py:3234} INFO - Creating ORM DAG for example_external_task_marker_child
[2024-08-24T09:47:08.489+0000] {logging_mixin.py:190} INFO - [2024-08-24T09:47:08.488+0000] {dag.py:3234} INFO - Creating ORM DAG for example_external_task_marker_parent
[2024-08-24T09:47:08.490+0000] {logging_mixin.py:190} INFO - [2024-08-24T09:47:08.490+0000] {dag.py:4138} INFO - Setting next_dagrun for example_external_task_marker_child to None, run_after=None
[2024-08-24T09:47:08.492+0000] {logging_mixin.py:190} INFO - [2024-08-24T09:47:08.491+0000] {dag.py:4138} INFO - Setting next_dagrun for example_external_task_marker_parent to None, run_after=None
[2024-08-24T09:47:08.518+0000] {processor.py:208} INFO - Processing /home/airflow/.local/lib/python3.12/site-packages/airflow/example_dags/example_external_task_marker_dag.py took 0.321 seconds
[2024-08-24T09:47:39.337+0000] {processor.py:186} INFO - Started process (PID=166) to work on /home/airflow/.local/lib/python3.12/site-packages/airflow/example_dags/example_external_task_marker_dag.py
[2024-08-24T09:47:39.338+0000] {processor.py:914} INFO - Processing file /home/airflow/.local/lib/python3.12/site-packages/airflow/example_dags/example_external_task_marker_dag.py for tasks to queue
[2024-08-24T09:47:39.341+0000] {logging_mixin.py:190} INFO - [2024-08-24T09:47:39.340+0000] {dagbag.py:587} INFO - Filling up the DagBag from /home/airflow/.local/lib/python3.12/site-packages/airflow/example_dags/example_external_task_marker_dag.py
[2024-08-24T09:47:39.348+0000] {processor.py:925} INFO - DAG(s) 'example_external_task_marker_parent', 'example_external_task_marker_child' retrieved from /home/airflow/.local/lib/python3.12/site-packages/airflow/example_dags/example_external_task_marker_dag.py
[2024-08-24T09:47:39.375+0000] {logging_mixin.py:190} INFO - [2024-08-24T09:47:39.375+0000] {dag.py:3211} INFO - Sync 2 DAGs
[2024-08-24T09:47:39.389+0000] {logging_mixin.py:190} INFO - [2024-08-24T09:47:39.389+0000] {dag.py:4138} INFO - Setting next_dagrun for example_external_task_marker_child to None, run_after=None
[2024-08-24T09:47:39.393+0000] {logging_mixin.py:190} INFO - [2024-08-24T09:47:39.393+0000] {dag.py:4138} INFO - Setting next_dagrun for example_external_task_marker_parent to None, run_after=None
[2024-08-24T09:47:39.411+0000] {processor.py:208} INFO - Processing /home/airflow/.local/lib/python3.12/site-packages/airflow/example_dags/example_external_task_marker_dag.py took 0.080 seconds
[2024-08-24T09:48:09.943+0000] {processor.py:186} INFO - Started process (PID=229) to work on /home/airflow/.local/lib/python3.12/site-packages/airflow/example_dags/example_external_task_marker_dag.py
[2024-08-24T09:48:09.945+0000] {processor.py:914} INFO - Processing file /home/airflow/.local/lib/python3.12/site-packages/airflow/example_dags/example_external_task_marker_dag.py for tasks to queue
[2024-08-24T09:48:09.952+0000] {logging_mixin.py:190} INFO - [2024-08-24T09:48:09.951+0000] {dagbag.py:587} INFO - Filling up the DagBag from /home/airflow/.local/lib/python3.12/site-packages/airflow/example_dags/example_external_task_marker_dag.py
[2024-08-24T09:48:09.965+0000] {processor.py:925} INFO - DAG(s) 'example_external_task_marker_child', 'example_external_task_marker_parent' retrieved from /home/airflow/.local/lib/python3.12/site-packages/airflow/example_dags/example_external_task_marker_dag.py
[2024-08-24T09:48:10.015+0000] {logging_mixin.py:190} INFO - [2024-08-24T09:48:10.015+0000] {dag.py:3211} INFO - Sync 2 DAGs
[2024-08-24T09:48:10.043+0000] {logging_mixin.py:190} INFO - [2024-08-24T09:48:10.043+0000] {dag.py:4138} INFO - Setting next_dagrun for example_external_task_marker_child to None, run_after=None
[2024-08-24T09:48:10.050+0000] {logging_mixin.py:190} INFO - [2024-08-24T09:48:10.050+0000] {dag.py:4138} INFO - Setting next_dagrun for example_external_task_marker_parent to None, run_after=None
[2024-08-24T09:48:10.078+0000] {processor.py:208} INFO - Processing /home/airflow/.local/lib/python3.12/site-packages/airflow/example_dags/example_external_task_marker_dag.py took 0.144 seconds
[2024-08-24T09:48:40.193+0000] {processor.py:186} INFO - Started process (PID=292) to work on /home/airflow/.local/lib/python3.12/site-packages/airflow/example_dags/example_external_task_marker_dag.py
[2024-08-24T09:48:40.194+0000] {processor.py:914} INFO - Processing file /home/airflow/.local/lib/python3.12/site-packages/airflow/example_dags/example_external_task_marker_dag.py for tasks to queue
[2024-08-24T09:48:40.197+0000] {logging_mixin.py:190} INFO - [2024-08-24T09:48:40.197+0000] {dagbag.py:587} INFO - Filling up the DagBag from /home/airflow/.local/lib/python3.12/site-packages/airflow/example_dags/example_external_task_marker_dag.py
[2024-08-24T09:48:40.206+0000] {processor.py:925} INFO - DAG(s) 'example_external_task_marker_child', 'example_external_task_marker_parent' retrieved from /home/airflow/.local/lib/python3.12/site-packages/airflow/example_dags/example_external_task_marker_dag.py
[2024-08-24T09:48:40.235+0000] {logging_mixin.py:190} INFO - [2024-08-24T09:48:40.234+0000] {dag.py:3211} INFO - Sync 2 DAGs
[2024-08-24T09:48:40.263+0000] {logging_mixin.py:190} INFO - [2024-08-24T09:48:40.263+0000] {dag.py:4138} INFO - Setting next_dagrun for example_external_task_marker_child to None, run_after=None
[2024-08-24T09:48:40.270+0000] {logging_mixin.py:190} INFO - [2024-08-24T09:48:40.270+0000] {dag.py:4138} INFO - Setting next_dagrun for example_external_task_marker_parent to None, run_after=None
[2024-08-24T09:48:40.292+0000] {processor.py:208} INFO - Processing /home/airflow/.local/lib/python3.12/site-packages/airflow/example_dags/example_external_task_marker_dag.py took 0.107 seconds
[2024-08-24T09:49:10.821+0000] {processor.py:186} INFO - Started process (PID=355) to work on /home/airflow/.local/lib/python3.12/site-packages/airflow/example_dags/example_external_task_marker_dag.py
[2024-08-24T09:49:10.822+0000] {processor.py:914} INFO - Processing file /home/airflow/.local/lib/python3.12/site-packages/airflow/example_dags/example_external_task_marker_dag.py for tasks to queue
[2024-08-24T09:49:10.824+0000] {logging_mixin.py:190} INFO - [2024-08-24T09:49:10.824+0000] {dagbag.py:587} INFO - Filling up the DagBag from /home/airflow/.local/lib/python3.12/site-packages/airflow/example_dags/example_external_task_marker_dag.py
[2024-08-24T09:49:10.833+0000] {processor.py:925} INFO - DAG(s) 'example_external_task_marker_parent', 'example_external_task_marker_child' retrieved from /home/airflow/.local/lib/python3.12/site-packages/airflow/example_dags/example_external_task_marker_dag.py
[2024-08-24T09:49:10.860+0000] {logging_mixin.py:190} INFO - [2024-08-24T09:49:10.860+0000] {dag.py:3211} INFO - Sync 2 DAGs
[2024-08-24T09:49:10.875+0000] {logging_mixin.py:190} INFO - [2024-08-24T09:49:10.875+0000] {dag.py:4138} INFO - Setting next_dagrun for example_external_task_marker_child to None, run_after=None
[2024-08-24T09:49:10.879+0000] {logging_mixin.py:190} INFO - [2024-08-24T09:49:10.879+0000] {dag.py:4138} INFO - Setting next_dagrun for example_external_task_marker_parent to None, run_after=None
[2024-08-24T09:49:10.895+0000] {processor.py:208} INFO - Processing /home/airflow/.local/lib/python3.12/site-packages/airflow/example_dags/example_external_task_marker_dag.py took 0.079 seconds
[2024-08-24T09:49:41.397+0000] {processor.py:186} INFO - Started process (PID=418) to work on /home/airflow/.local/lib/python3.12/site-packages/airflow/example_dags/example_external_task_marker_dag.py
[2024-08-24T09:49:41.400+0000] {processor.py:914} INFO - Processing file /home/airflow/.local/lib/python3.12/site-packages/airflow/example_dags/example_external_task_marker_dag.py for tasks to queue
[2024-08-24T09:49:41.405+0000] {logging_mixin.py:190} INFO - [2024-08-24T09:49:41.404+0000] {dagbag.py:587} INFO - Filling up the DagBag from /home/airflow/.local/lib/python3.12/site-packages/airflow/example_dags/example_external_task_marker_dag.py
[2024-08-24T09:49:41.414+0000] {processor.py:925} INFO - DAG(s) 'example_external_task_marker_child', 'example_external_task_marker_parent' retrieved from /home/airflow/.local/lib/python3.12/site-packages/airflow/example_dags/example_external_task_marker_dag.py
[2024-08-24T09:49:41.453+0000] {logging_mixin.py:190} INFO - [2024-08-24T09:49:41.453+0000] {dag.py:3211} INFO - Sync 2 DAGs
[2024-08-24T09:49:41.478+0000] {logging_mixin.py:190} INFO - [2024-08-24T09:49:41.478+0000] {dag.py:4138} INFO - Setting next_dagrun for example_external_task_marker_child to None, run_after=None
[2024-08-24T09:49:41.488+0000] {logging_mixin.py:190} INFO - [2024-08-24T09:49:41.488+0000] {dag.py:4138} INFO - Setting next_dagrun for example_external_task_marker_parent to None, run_after=None
[2024-08-24T09:49:41.550+0000] {processor.py:208} INFO - Processing /home/airflow/.local/lib/python3.12/site-packages/airflow/example_dags/example_external_task_marker_dag.py took 0.161 seconds
[2024-08-24T09:50:12.374+0000] {processor.py:186} INFO - Started process (PID=481) to work on /home/airflow/.local/lib/python3.12/site-packages/airflow/example_dags/example_external_task_marker_dag.py
[2024-08-24T09:50:12.376+0000] {processor.py:914} INFO - Processing file /home/airflow/.local/lib/python3.12/site-packages/airflow/example_dags/example_external_task_marker_dag.py for tasks to queue
[2024-08-24T09:50:12.380+0000] {logging_mixin.py:190} INFO - [2024-08-24T09:50:12.379+0000] {dagbag.py:587} INFO - Filling up the DagBag from /home/airflow/.local/lib/python3.12/site-packages/airflow/example_dags/example_external_task_marker_dag.py
[2024-08-24T09:50:12.390+0000] {processor.py:925} INFO - DAG(s) 'example_external_task_marker_parent', 'example_external_task_marker_child' retrieved from /home/airflow/.local/lib/python3.12/site-packages/airflow/example_dags/example_external_task_marker_dag.py
[2024-08-24T09:50:12.429+0000] {logging_mixin.py:190} INFO - [2024-08-24T09:50:12.428+0000] {dag.py:3211} INFO - Sync 2 DAGs
[2024-08-24T09:50:12.454+0000] {logging_mixin.py:190} INFO - [2024-08-24T09:50:12.453+0000] {dag.py:4138} INFO - Setting next_dagrun for example_external_task_marker_child to None, run_after=None
[2024-08-24T09:50:12.461+0000] {logging_mixin.py:190} INFO - [2024-08-24T09:50:12.460+0000] {dag.py:4138} INFO - Setting next_dagrun for example_external_task_marker_parent to None, run_after=None
[2024-08-24T09:50:12.485+0000] {processor.py:208} INFO - Processing /home/airflow/.local/lib/python3.12/site-packages/airflow/example_dags/example_external_task_marker_dag.py took 0.119 seconds
[2024-08-24T09:50:42.900+0000] {processor.py:186} INFO - Started process (PID=544) to work on /home/airflow/.local/lib/python3.12/site-packages/airflow/example_dags/example_external_task_marker_dag.py
[2024-08-24T09:50:42.901+0000] {processor.py:914} INFO - Processing file /home/airflow/.local/lib/python3.12/site-packages/airflow/example_dags/example_external_task_marker_dag.py for tasks to queue
[2024-08-24T09:50:42.904+0000] {logging_mixin.py:190} INFO - [2024-08-24T09:50:42.904+0000] {dagbag.py:587} INFO - Filling up the DagBag from /home/airflow/.local/lib/python3.12/site-packages/airflow/example_dags/example_external_task_marker_dag.py
[2024-08-24T09:50:42.913+0000] {processor.py:925} INFO - DAG(s) 'example_external_task_marker_child', 'example_external_task_marker_parent' retrieved from /home/airflow/.local/lib/python3.12/site-packages/airflow/example_dags/example_external_task_marker_dag.py
[2024-08-24T09:50:42.941+0000] {logging_mixin.py:190} INFO - [2024-08-24T09:50:42.941+0000] {dag.py:3211} INFO - Sync 2 DAGs
[2024-08-24T09:50:42.959+0000] {logging_mixin.py:190} INFO - [2024-08-24T09:50:42.959+0000] {dag.py:4138} INFO - Setting next_dagrun for example_external_task_marker_child to None, run_after=None
[2024-08-24T09:50:42.964+0000] {logging_mixin.py:190} INFO - [2024-08-24T09:50:42.964+0000] {dag.py:4138} INFO - Setting next_dagrun for example_external_task_marker_parent to None, run_after=None
[2024-08-24T09:50:42.992+0000] {processor.py:208} INFO - Processing /home/airflow/.local/lib/python3.12/site-packages/airflow/example_dags/example_external_task_marker_dag.py took 0.097 seconds
[2024-08-24T09:51:13.181+0000] {processor.py:186} INFO - Started process (PID=607) to work on /home/airflow/.local/lib/python3.12/site-packages/airflow/example_dags/example_external_task_marker_dag.py
[2024-08-24T09:51:13.182+0000] {processor.py:914} INFO - Processing file /home/airflow/.local/lib/python3.12/site-packages/airflow/example_dags/example_external_task_marker_dag.py for tasks to queue
[2024-08-24T09:51:13.185+0000] {logging_mixin.py:190} INFO - [2024-08-24T09:51:13.185+0000] {dagbag.py:587} INFO - Filling up the DagBag from /home/airflow/.local/lib/python3.12/site-packages/airflow/example_dags/example_external_task_marker_dag.py
[2024-08-24T09:51:13.194+0000] {processor.py:925} INFO - DAG(s) 'example_external_task_marker_child', 'example_external_task_marker_parent' retrieved from /home/airflow/.local/lib/python3.12/site-packages/airflow/example_dags/example_external_task_marker_dag.py
[2024-08-24T09:51:13.228+0000] {logging_mixin.py:190} INFO - [2024-08-24T09:51:13.228+0000] {dag.py:3211} INFO - Sync 2 DAGs
[2024-08-24T09:51:13.244+0000] {logging_mixin.py:190} INFO - [2024-08-24T09:51:13.243+0000] {dag.py:4138} INFO - Setting next_dagrun for example_external_task_marker_child to None, run_after=None
[2024-08-24T09:51:13.248+0000] {logging_mixin.py:190} INFO - [2024-08-24T09:51:13.247+0000] {dag.py:4138} INFO - Setting next_dagrun for example_external_task_marker_parent to None, run_after=None
[2024-08-24T09:51:13.266+0000] {processor.py:208} INFO - Processing /home/airflow/.local/lib/python3.12/site-packages/airflow/example_dags/example_external_task_marker_dag.py took 0.089 seconds
