[2024-08-24T09:47:06.134+0000] {processor.py:186} INFO - Started process (PID=95) to work on /home/airflow/.local/lib/python3.12/site-packages/airflow/example_dags/example_trigger_target_dag.py
[2024-08-24T09:47:06.136+0000] {processor.py:914} INFO - Processing file /home/airflow/.local/lib/python3.12/site-packages/airflow/example_dags/example_trigger_target_dag.py for tasks to queue
[2024-08-24T09:47:06.139+0000] {logging_mixin.py:190} INFO - [2024-08-24T09:47:06.139+0000] {dagbag.py:587} INFO - Filling up the DagBag from /home/airflow/.local/lib/python3.12/site-packages/airflow/example_dags/example_trigger_target_dag.py
[2024-08-24T09:47:06.154+0000] {processor.py:925} INFO - DAG(s) 'example_trigger_target_dag' retrieved from /home/airflow/.local/lib/python3.12/site-packages/airflow/example_dags/example_trigger_target_dag.py
[2024-08-24T09:47:06.339+0000] {logging_mixin.py:190} INFO - [2024-08-24T09:47:06.337+0000] {override.py:1858} INFO - Created Permission View: can delete on DAG:example_trigger_target_dag
[2024-08-24T09:47:06.353+0000] {logging_mixin.py:190} INFO - [2024-08-24T09:47:06.353+0000] {override.py:1858} INFO - Created Permission View: can edit on DAG:example_trigger_target_dag
[2024-08-24T09:47:06.364+0000] {logging_mixin.py:190} INFO - [2024-08-24T09:47:06.364+0000] {override.py:1858} INFO - Created Permission View: can read on DAG:example_trigger_target_dag
[2024-08-24T09:47:06.366+0000] {logging_mixin.py:190} INFO - [2024-08-24T09:47:06.366+0000] {dag.py:3211} INFO - Sync 1 DAGs
[2024-08-24T09:47:06.389+0000] {logging_mixin.py:190} INFO - [2024-08-24T09:47:06.388+0000] {dag.py:3234} INFO - Creating ORM DAG for example_trigger_target_dag
[2024-08-24T09:47:06.390+0000] {logging_mixin.py:190} INFO - [2024-08-24T09:47:06.390+0000] {dag.py:4138} INFO - Setting next_dagrun for example_trigger_target_dag to None, run_after=None
[2024-08-24T09:47:06.414+0000] {processor.py:208} INFO - Processing /home/airflow/.local/lib/python3.12/site-packages/airflow/example_dags/example_trigger_target_dag.py took 0.290 seconds
[2024-08-24T09:47:36.775+0000] {processor.py:186} INFO - Started process (PID=158) to work on /home/airflow/.local/lib/python3.12/site-packages/airflow/example_dags/example_trigger_target_dag.py
[2024-08-24T09:47:36.776+0000] {processor.py:914} INFO - Processing file /home/airflow/.local/lib/python3.12/site-packages/airflow/example_dags/example_trigger_target_dag.py for tasks to queue
[2024-08-24T09:47:36.778+0000] {logging_mixin.py:190} INFO - [2024-08-24T09:47:36.778+0000] {dagbag.py:587} INFO - Filling up the DagBag from /home/airflow/.local/lib/python3.12/site-packages/airflow/example_dags/example_trigger_target_dag.py
[2024-08-24T09:47:36.788+0000] {processor.py:925} INFO - DAG(s) 'example_trigger_target_dag' retrieved from /home/airflow/.local/lib/python3.12/site-packages/airflow/example_dags/example_trigger_target_dag.py
[2024-08-24T09:47:36.815+0000] {logging_mixin.py:190} INFO - [2024-08-24T09:47:36.814+0000] {dag.py:3211} INFO - Sync 1 DAGs
[2024-08-24T09:47:36.833+0000] {logging_mixin.py:190} INFO - [2024-08-24T09:47:36.833+0000] {dag.py:4138} INFO - Setting next_dagrun for example_trigger_target_dag to None, run_after=None
[2024-08-24T09:47:36.856+0000] {processor.py:208} INFO - Processing /home/airflow/.local/lib/python3.12/site-packages/airflow/example_dags/example_trigger_target_dag.py took 0.086 seconds
[2024-08-24T09:48:07.151+0000] {processor.py:186} INFO - Started process (PID=221) to work on /home/airflow/.local/lib/python3.12/site-packages/airflow/example_dags/example_trigger_target_dag.py
[2024-08-24T09:48:07.152+0000] {processor.py:914} INFO - Processing file /home/airflow/.local/lib/python3.12/site-packages/airflow/example_dags/example_trigger_target_dag.py for tasks to queue
[2024-08-24T09:48:07.155+0000] {logging_mixin.py:190} INFO - [2024-08-24T09:48:07.155+0000] {dagbag.py:587} INFO - Filling up the DagBag from /home/airflow/.local/lib/python3.12/site-packages/airflow/example_dags/example_trigger_target_dag.py
[2024-08-24T09:48:07.164+0000] {processor.py:925} INFO - DAG(s) 'example_trigger_target_dag' retrieved from /home/airflow/.local/lib/python3.12/site-packages/airflow/example_dags/example_trigger_target_dag.py
[2024-08-24T09:48:07.194+0000] {logging_mixin.py:190} INFO - [2024-08-24T09:48:07.194+0000] {dag.py:3211} INFO - Sync 1 DAGs
[2024-08-24T09:48:07.215+0000] {logging_mixin.py:190} INFO - [2024-08-24T09:48:07.215+0000] {dag.py:4138} INFO - Setting next_dagrun for example_trigger_target_dag to None, run_after=None
[2024-08-24T09:48:07.242+0000] {processor.py:208} INFO - Processing /home/airflow/.local/lib/python3.12/site-packages/airflow/example_dags/example_trigger_target_dag.py took 0.100 seconds
[2024-08-24T09:48:38.117+0000] {processor.py:186} INFO - Started process (PID=284) to work on /home/airflow/.local/lib/python3.12/site-packages/airflow/example_dags/example_trigger_target_dag.py
[2024-08-24T09:48:38.119+0000] {processor.py:914} INFO - Processing file /home/airflow/.local/lib/python3.12/site-packages/airflow/example_dags/example_trigger_target_dag.py for tasks to queue
[2024-08-24T09:48:38.124+0000] {logging_mixin.py:190} INFO - [2024-08-24T09:48:38.123+0000] {dagbag.py:587} INFO - Filling up the DagBag from /home/airflow/.local/lib/python3.12/site-packages/airflow/example_dags/example_trigger_target_dag.py
[2024-08-24T09:48:38.137+0000] {processor.py:925} INFO - DAG(s) 'example_trigger_target_dag' retrieved from /home/airflow/.local/lib/python3.12/site-packages/airflow/example_dags/example_trigger_target_dag.py
[2024-08-24T09:48:38.172+0000] {logging_mixin.py:190} INFO - [2024-08-24T09:48:38.171+0000] {dag.py:3211} INFO - Sync 1 DAGs
[2024-08-24T09:48:38.194+0000] {logging_mixin.py:190} INFO - [2024-08-24T09:48:38.193+0000] {dag.py:4138} INFO - Setting next_dagrun for example_trigger_target_dag to None, run_after=None
[2024-08-24T09:48:38.228+0000] {processor.py:208} INFO - Processing /home/airflow/.local/lib/python3.12/site-packages/airflow/example_dags/example_trigger_target_dag.py took 0.121 seconds
[2024-08-24T09:49:09.279+0000] {processor.py:186} INFO - Started process (PID=347) to work on /home/airflow/.local/lib/python3.12/site-packages/airflow/example_dags/example_trigger_target_dag.py
[2024-08-24T09:49:09.280+0000] {processor.py:914} INFO - Processing file /home/airflow/.local/lib/python3.12/site-packages/airflow/example_dags/example_trigger_target_dag.py for tasks to queue
[2024-08-24T09:49:09.282+0000] {logging_mixin.py:190} INFO - [2024-08-24T09:49:09.282+0000] {dagbag.py:587} INFO - Filling up the DagBag from /home/airflow/.local/lib/python3.12/site-packages/airflow/example_dags/example_trigger_target_dag.py
[2024-08-24T09:49:09.295+0000] {processor.py:925} INFO - DAG(s) 'example_trigger_target_dag' retrieved from /home/airflow/.local/lib/python3.12/site-packages/airflow/example_dags/example_trigger_target_dag.py
[2024-08-24T09:49:09.320+0000] {logging_mixin.py:190} INFO - [2024-08-24T09:49:09.320+0000] {dag.py:3211} INFO - Sync 1 DAGs
[2024-08-24T09:49:09.337+0000] {logging_mixin.py:190} INFO - [2024-08-24T09:49:09.337+0000] {dag.py:4138} INFO - Setting next_dagrun for example_trigger_target_dag to None, run_after=None
[2024-08-24T09:49:09.355+0000] {processor.py:208} INFO - Processing /home/airflow/.local/lib/python3.12/site-packages/airflow/example_dags/example_trigger_target_dag.py took 0.083 seconds
[2024-08-24T09:49:39.794+0000] {processor.py:186} INFO - Started process (PID=410) to work on /home/airflow/.local/lib/python3.12/site-packages/airflow/example_dags/example_trigger_target_dag.py
[2024-08-24T09:49:39.796+0000] {processor.py:914} INFO - Processing file /home/airflow/.local/lib/python3.12/site-packages/airflow/example_dags/example_trigger_target_dag.py for tasks to queue
[2024-08-24T09:49:39.798+0000] {logging_mixin.py:190} INFO - [2024-08-24T09:49:39.798+0000] {dagbag.py:587} INFO - Filling up the DagBag from /home/airflow/.local/lib/python3.12/site-packages/airflow/example_dags/example_trigger_target_dag.py
[2024-08-24T09:49:39.806+0000] {processor.py:925} INFO - DAG(s) 'example_trigger_target_dag' retrieved from /home/airflow/.local/lib/python3.12/site-packages/airflow/example_dags/example_trigger_target_dag.py
[2024-08-24T09:49:39.828+0000] {logging_mixin.py:190} INFO - [2024-08-24T09:49:39.827+0000] {dag.py:3211} INFO - Sync 1 DAGs
[2024-08-24T09:49:39.842+0000] {logging_mixin.py:190} INFO - [2024-08-24T09:49:39.842+0000] {dag.py:4138} INFO - Setting next_dagrun for example_trigger_target_dag to None, run_after=None
[2024-08-24T09:49:39.860+0000] {processor.py:208} INFO - Processing /home/airflow/.local/lib/python3.12/site-packages/airflow/example_dags/example_trigger_target_dag.py took 0.073 seconds
[2024-08-24T09:50:10.657+0000] {processor.py:186} INFO - Started process (PID=473) to work on /home/airflow/.local/lib/python3.12/site-packages/airflow/example_dags/example_trigger_target_dag.py
[2024-08-24T09:50:10.659+0000] {processor.py:914} INFO - Processing file /home/airflow/.local/lib/python3.12/site-packages/airflow/example_dags/example_trigger_target_dag.py for tasks to queue
[2024-08-24T09:50:10.662+0000] {logging_mixin.py:190} INFO - [2024-08-24T09:50:10.662+0000] {dagbag.py:587} INFO - Filling up the DagBag from /home/airflow/.local/lib/python3.12/site-packages/airflow/example_dags/example_trigger_target_dag.py
[2024-08-24T09:50:10.674+0000] {processor.py:925} INFO - DAG(s) 'example_trigger_target_dag' retrieved from /home/airflow/.local/lib/python3.12/site-packages/airflow/example_dags/example_trigger_target_dag.py
[2024-08-24T09:50:10.703+0000] {logging_mixin.py:190} INFO - [2024-08-24T09:50:10.703+0000] {dag.py:3211} INFO - Sync 1 DAGs
[2024-08-24T09:50:10.728+0000] {logging_mixin.py:190} INFO - [2024-08-24T09:50:10.728+0000] {dag.py:4138} INFO - Setting next_dagrun for example_trigger_target_dag to None, run_after=None
[2024-08-24T09:50:10.754+0000] {processor.py:208} INFO - Processing /home/airflow/.local/lib/python3.12/site-packages/airflow/example_dags/example_trigger_target_dag.py took 0.106 seconds
[2024-08-24T09:50:41.288+0000] {processor.py:186} INFO - Started process (PID=536) to work on /home/airflow/.local/lib/python3.12/site-packages/airflow/example_dags/example_trigger_target_dag.py
[2024-08-24T09:50:41.289+0000] {processor.py:914} INFO - Processing file /home/airflow/.local/lib/python3.12/site-packages/airflow/example_dags/example_trigger_target_dag.py for tasks to queue
[2024-08-24T09:50:41.293+0000] {logging_mixin.py:190} INFO - [2024-08-24T09:50:41.293+0000] {dagbag.py:587} INFO - Filling up the DagBag from /home/airflow/.local/lib/python3.12/site-packages/airflow/example_dags/example_trigger_target_dag.py
[2024-08-24T09:50:41.303+0000] {processor.py:925} INFO - DAG(s) 'example_trigger_target_dag' retrieved from /home/airflow/.local/lib/python3.12/site-packages/airflow/example_dags/example_trigger_target_dag.py
[2024-08-24T09:50:41.333+0000] {logging_mixin.py:190} INFO - [2024-08-24T09:50:41.333+0000] {dag.py:3211} INFO - Sync 1 DAGs
[2024-08-24T09:50:41.350+0000] {logging_mixin.py:190} INFO - [2024-08-24T09:50:41.350+0000] {dag.py:4138} INFO - Setting next_dagrun for example_trigger_target_dag to None, run_after=None
[2024-08-24T09:50:41.374+0000] {processor.py:208} INFO - Processing /home/airflow/.local/lib/python3.12/site-packages/airflow/example_dags/example_trigger_target_dag.py took 0.095 seconds
[2024-08-24T09:51:11.708+0000] {processor.py:186} INFO - Started process (PID=599) to work on /home/airflow/.local/lib/python3.12/site-packages/airflow/example_dags/example_trigger_target_dag.py
[2024-08-24T09:51:11.709+0000] {processor.py:914} INFO - Processing file /home/airflow/.local/lib/python3.12/site-packages/airflow/example_dags/example_trigger_target_dag.py for tasks to queue
[2024-08-24T09:51:11.712+0000] {logging_mixin.py:190} INFO - [2024-08-24T09:51:11.712+0000] {dagbag.py:587} INFO - Filling up the DagBag from /home/airflow/.local/lib/python3.12/site-packages/airflow/example_dags/example_trigger_target_dag.py
[2024-08-24T09:51:11.722+0000] {processor.py:925} INFO - DAG(s) 'example_trigger_target_dag' retrieved from /home/airflow/.local/lib/python3.12/site-packages/airflow/example_dags/example_trigger_target_dag.py
[2024-08-24T09:51:11.752+0000] {logging_mixin.py:190} INFO - [2024-08-24T09:51:11.751+0000] {dag.py:3211} INFO - Sync 1 DAGs
[2024-08-24T09:51:11.773+0000] {logging_mixin.py:190} INFO - [2024-08-24T09:51:11.773+0000] {dag.py:4138} INFO - Setting next_dagrun for example_trigger_target_dag to None, run_after=None
[2024-08-24T09:51:11.795+0000] {processor.py:208} INFO - Processing /home/airflow/.local/lib/python3.12/site-packages/airflow/example_dags/example_trigger_target_dag.py took 0.095 seconds
[2024-08-24T12:31:30.049+0000] {processor.py:186} INFO - Started process (PID=92) to work on /home/airflow/.local/lib/python3.12/site-packages/airflow/example_dags/example_trigger_target_dag.py
[2024-08-24T12:31:30.051+0000] {processor.py:914} INFO - Processing file /home/airflow/.local/lib/python3.12/site-packages/airflow/example_dags/example_trigger_target_dag.py for tasks to queue
[2024-08-24T12:31:30.053+0000] {logging_mixin.py:190} INFO - [2024-08-24T12:31:30.053+0000] {dagbag.py:587} INFO - Filling up the DagBag from /home/airflow/.local/lib/python3.12/site-packages/airflow/example_dags/example_trigger_target_dag.py
[2024-08-24T12:31:30.065+0000] {processor.py:925} INFO - DAG(s) 'example_trigger_target_dag' retrieved from /home/airflow/.local/lib/python3.12/site-packages/airflow/example_dags/example_trigger_target_dag.py
[2024-08-24T12:31:30.100+0000] {logging_mixin.py:190} INFO - [2024-08-24T12:31:30.100+0000] {dag.py:3211} INFO - Sync 1 DAGs
[2024-08-24T12:31:30.120+0000] {logging_mixin.py:190} INFO - [2024-08-24T12:31:30.120+0000] {dag.py:4138} INFO - Setting next_dagrun for example_trigger_target_dag to None, run_after=None
[2024-08-24T12:31:30.158+0000] {processor.py:208} INFO - Processing /home/airflow/.local/lib/python3.12/site-packages/airflow/example_dags/example_trigger_target_dag.py took 0.115 seconds
[2024-08-24T12:32:00.315+0000] {processor.py:186} INFO - Started process (PID=155) to work on /home/airflow/.local/lib/python3.12/site-packages/airflow/example_dags/example_trigger_target_dag.py
[2024-08-24T12:32:00.316+0000] {processor.py:914} INFO - Processing file /home/airflow/.local/lib/python3.12/site-packages/airflow/example_dags/example_trigger_target_dag.py for tasks to queue
[2024-08-24T12:32:00.319+0000] {logging_mixin.py:190} INFO - [2024-08-24T12:32:00.319+0000] {dagbag.py:587} INFO - Filling up the DagBag from /home/airflow/.local/lib/python3.12/site-packages/airflow/example_dags/example_trigger_target_dag.py
[2024-08-24T12:32:00.326+0000] {processor.py:925} INFO - DAG(s) 'example_trigger_target_dag' retrieved from /home/airflow/.local/lib/python3.12/site-packages/airflow/example_dags/example_trigger_target_dag.py
[2024-08-24T12:32:00.348+0000] {logging_mixin.py:190} INFO - [2024-08-24T12:32:00.347+0000] {dag.py:3211} INFO - Sync 1 DAGs
[2024-08-24T12:32:00.362+0000] {logging_mixin.py:190} INFO - [2024-08-24T12:32:00.362+0000] {dag.py:4138} INFO - Setting next_dagrun for example_trigger_target_dag to None, run_after=None
[2024-08-24T12:32:00.386+0000] {processor.py:208} INFO - Processing /home/airflow/.local/lib/python3.12/site-packages/airflow/example_dags/example_trigger_target_dag.py took 0.077 seconds
[2024-08-24T12:32:30.837+0000] {processor.py:186} INFO - Started process (PID=218) to work on /home/airflow/.local/lib/python3.12/site-packages/airflow/example_dags/example_trigger_target_dag.py
[2024-08-24T12:32:30.838+0000] {processor.py:914} INFO - Processing file /home/airflow/.local/lib/python3.12/site-packages/airflow/example_dags/example_trigger_target_dag.py for tasks to queue
[2024-08-24T12:32:30.841+0000] {logging_mixin.py:190} INFO - [2024-08-24T12:32:30.841+0000] {dagbag.py:587} INFO - Filling up the DagBag from /home/airflow/.local/lib/python3.12/site-packages/airflow/example_dags/example_trigger_target_dag.py
[2024-08-24T12:32:30.848+0000] {processor.py:925} INFO - DAG(s) 'example_trigger_target_dag' retrieved from /home/airflow/.local/lib/python3.12/site-packages/airflow/example_dags/example_trigger_target_dag.py
[2024-08-24T12:32:30.872+0000] {logging_mixin.py:190} INFO - [2024-08-24T12:32:30.872+0000] {dag.py:3211} INFO - Sync 1 DAGs
[2024-08-24T12:32:30.887+0000] {logging_mixin.py:190} INFO - [2024-08-24T12:32:30.886+0000] {dag.py:4138} INFO - Setting next_dagrun for example_trigger_target_dag to None, run_after=None
[2024-08-24T12:32:30.907+0000] {processor.py:208} INFO - Processing /home/airflow/.local/lib/python3.12/site-packages/airflow/example_dags/example_trigger_target_dag.py took 0.075 seconds
[2024-08-24T12:33:01.198+0000] {processor.py:186} INFO - Started process (PID=281) to work on /home/airflow/.local/lib/python3.12/site-packages/airflow/example_dags/example_trigger_target_dag.py
[2024-08-24T12:33:01.199+0000] {processor.py:914} INFO - Processing file /home/airflow/.local/lib/python3.12/site-packages/airflow/example_dags/example_trigger_target_dag.py for tasks to queue
[2024-08-24T12:33:01.201+0000] {logging_mixin.py:190} INFO - [2024-08-24T12:33:01.201+0000] {dagbag.py:587} INFO - Filling up the DagBag from /home/airflow/.local/lib/python3.12/site-packages/airflow/example_dags/example_trigger_target_dag.py
[2024-08-24T12:33:01.207+0000] {processor.py:925} INFO - DAG(s) 'example_trigger_target_dag' retrieved from /home/airflow/.local/lib/python3.12/site-packages/airflow/example_dags/example_trigger_target_dag.py
[2024-08-24T12:33:01.226+0000] {logging_mixin.py:190} INFO - [2024-08-24T12:33:01.226+0000] {dag.py:3211} INFO - Sync 1 DAGs
[2024-08-24T12:33:01.238+0000] {logging_mixin.py:190} INFO - [2024-08-24T12:33:01.238+0000] {dag.py:4138} INFO - Setting next_dagrun for example_trigger_target_dag to None, run_after=None
[2024-08-24T12:33:01.255+0000] {processor.py:208} INFO - Processing /home/airflow/.local/lib/python3.12/site-packages/airflow/example_dags/example_trigger_target_dag.py took 0.061 seconds
[2024-08-24T12:33:32.063+0000] {processor.py:186} INFO - Started process (PID=344) to work on /home/airflow/.local/lib/python3.12/site-packages/airflow/example_dags/example_trigger_target_dag.py
[2024-08-24T12:33:32.064+0000] {processor.py:914} INFO - Processing file /home/airflow/.local/lib/python3.12/site-packages/airflow/example_dags/example_trigger_target_dag.py for tasks to queue
[2024-08-24T12:33:32.066+0000] {logging_mixin.py:190} INFO - [2024-08-24T12:33:32.066+0000] {dagbag.py:587} INFO - Filling up the DagBag from /home/airflow/.local/lib/python3.12/site-packages/airflow/example_dags/example_trigger_target_dag.py
[2024-08-24T12:33:32.072+0000] {processor.py:925} INFO - DAG(s) 'example_trigger_target_dag' retrieved from /home/airflow/.local/lib/python3.12/site-packages/airflow/example_dags/example_trigger_target_dag.py
[2024-08-24T12:33:32.092+0000] {logging_mixin.py:190} INFO - [2024-08-24T12:33:32.092+0000] {dag.py:3211} INFO - Sync 1 DAGs
[2024-08-24T12:33:32.105+0000] {logging_mixin.py:190} INFO - [2024-08-24T12:33:32.105+0000] {dag.py:4138} INFO - Setting next_dagrun for example_trigger_target_dag to None, run_after=None
[2024-08-24T12:33:32.127+0000] {processor.py:208} INFO - Processing /home/airflow/.local/lib/python3.12/site-packages/airflow/example_dags/example_trigger_target_dag.py took 0.068 seconds
[2024-08-24T12:34:03.078+0000] {processor.py:186} INFO - Started process (PID=407) to work on /home/airflow/.local/lib/python3.12/site-packages/airflow/example_dags/example_trigger_target_dag.py
[2024-08-24T12:34:03.079+0000] {processor.py:914} INFO - Processing file /home/airflow/.local/lib/python3.12/site-packages/airflow/example_dags/example_trigger_target_dag.py for tasks to queue
[2024-08-24T12:34:03.081+0000] {logging_mixin.py:190} INFO - [2024-08-24T12:34:03.081+0000] {dagbag.py:587} INFO - Filling up the DagBag from /home/airflow/.local/lib/python3.12/site-packages/airflow/example_dags/example_trigger_target_dag.py
[2024-08-24T12:34:03.091+0000] {processor.py:925} INFO - DAG(s) 'example_trigger_target_dag' retrieved from /home/airflow/.local/lib/python3.12/site-packages/airflow/example_dags/example_trigger_target_dag.py
[2024-08-24T12:34:03.113+0000] {logging_mixin.py:190} INFO - [2024-08-24T12:34:03.113+0000] {dag.py:3211} INFO - Sync 1 DAGs
[2024-08-24T12:34:03.132+0000] {logging_mixin.py:190} INFO - [2024-08-24T12:34:03.132+0000] {dag.py:4138} INFO - Setting next_dagrun for example_trigger_target_dag to None, run_after=None
[2024-08-24T12:34:03.149+0000] {processor.py:208} INFO - Processing /home/airflow/.local/lib/python3.12/site-packages/airflow/example_dags/example_trigger_target_dag.py took 0.077 seconds
