[2024-08-24T09:47:01.750+0000] {processor.py:186} INFO - Started process (PID=77) to work on /home/airflow/.local/lib/python3.12/site-packages/airflow/example_dags/example_setup_teardown.py
[2024-08-24T09:47:01.752+0000] {processor.py:914} INFO - Processing file /home/airflow/.local/lib/python3.12/site-packages/airflow/example_dags/example_setup_teardown.py for tasks to queue
[2024-08-24T09:47:01.756+0000] {logging_mixin.py:190} INFO - [2024-08-24T09:47:01.755+0000] {dagbag.py:587} INFO - Filling up the DagBag from /home/airflow/.local/lib/python3.12/site-packages/airflow/example_dags/example_setup_teardown.py
[2024-08-24T09:47:01.773+0000] {processor.py:925} INFO - DAG(s) 'example_setup_teardown' retrieved from /home/airflow/.local/lib/python3.12/site-packages/airflow/example_dags/example_setup_teardown.py
[2024-08-24T09:47:01.945+0000] {logging_mixin.py:190} INFO - [2024-08-24T09:47:01.943+0000] {override.py:1858} INFO - Created Permission View: can delete on DAG:example_setup_teardown
[2024-08-24T09:47:01.959+0000] {logging_mixin.py:190} INFO - [2024-08-24T09:47:01.958+0000] {override.py:1858} INFO - Created Permission View: can edit on DAG:example_setup_teardown
[2024-08-24T09:47:01.969+0000] {logging_mixin.py:190} INFO - [2024-08-24T09:47:01.968+0000] {override.py:1858} INFO - Created Permission View: can read on DAG:example_setup_teardown
[2024-08-24T09:47:01.970+0000] {logging_mixin.py:190} INFO - [2024-08-24T09:47:01.970+0000] {dag.py:3211} INFO - Sync 1 DAGs
[2024-08-24T09:47:01.990+0000] {logging_mixin.py:190} INFO - [2024-08-24T09:47:01.990+0000] {dag.py:3234} INFO - Creating ORM DAG for example_setup_teardown
[2024-08-24T09:47:02.007+0000] {logging_mixin.py:190} INFO - [2024-08-24T09:47:02.007+0000] {dag.py:4138} INFO - Setting next_dagrun for example_setup_teardown to 2024-08-23 00:00:00+00:00, run_after=2024-08-24 00:00:00+00:00
[2024-08-24T09:47:02.031+0000] {processor.py:208} INFO - Processing /home/airflow/.local/lib/python3.12/site-packages/airflow/example_dags/example_setup_teardown.py took 0.291 seconds
[2024-08-24T09:47:32.343+0000] {processor.py:186} INFO - Started process (PID=140) to work on /home/airflow/.local/lib/python3.12/site-packages/airflow/example_dags/example_setup_teardown.py
[2024-08-24T09:47:32.344+0000] {processor.py:914} INFO - Processing file /home/airflow/.local/lib/python3.12/site-packages/airflow/example_dags/example_setup_teardown.py for tasks to queue
[2024-08-24T09:47:32.349+0000] {logging_mixin.py:190} INFO - [2024-08-24T09:47:32.348+0000] {dagbag.py:587} INFO - Filling up the DagBag from /home/airflow/.local/lib/python3.12/site-packages/airflow/example_dags/example_setup_teardown.py
[2024-08-24T09:47:32.360+0000] {processor.py:925} INFO - DAG(s) 'example_setup_teardown' retrieved from /home/airflow/.local/lib/python3.12/site-packages/airflow/example_dags/example_setup_teardown.py
[2024-08-24T09:47:32.392+0000] {logging_mixin.py:190} INFO - [2024-08-24T09:47:32.392+0000] {dag.py:3211} INFO - Sync 1 DAGs
[2024-08-24T09:47:32.438+0000] {logging_mixin.py:190} INFO - [2024-08-24T09:47:32.437+0000] {dag.py:4138} INFO - Setting next_dagrun for example_setup_teardown to 2024-08-23 00:00:00+00:00, run_after=2024-08-24 00:00:00+00:00
[2024-08-24T09:47:32.482+0000] {processor.py:208} INFO - Processing /home/airflow/.local/lib/python3.12/site-packages/airflow/example_dags/example_setup_teardown.py took 0.149 seconds
[2024-08-24T09:48:03.055+0000] {processor.py:186} INFO - Started process (PID=203) to work on /home/airflow/.local/lib/python3.12/site-packages/airflow/example_dags/example_setup_teardown.py
[2024-08-24T09:48:03.056+0000] {processor.py:914} INFO - Processing file /home/airflow/.local/lib/python3.12/site-packages/airflow/example_dags/example_setup_teardown.py for tasks to queue
[2024-08-24T09:48:03.059+0000] {logging_mixin.py:190} INFO - [2024-08-24T09:48:03.059+0000] {dagbag.py:587} INFO - Filling up the DagBag from /home/airflow/.local/lib/python3.12/site-packages/airflow/example_dags/example_setup_teardown.py
[2024-08-24T09:48:03.070+0000] {processor.py:925} INFO - DAG(s) 'example_setup_teardown' retrieved from /home/airflow/.local/lib/python3.12/site-packages/airflow/example_dags/example_setup_teardown.py
[2024-08-24T09:48:03.100+0000] {logging_mixin.py:190} INFO - [2024-08-24T09:48:03.100+0000] {dag.py:3211} INFO - Sync 1 DAGs
[2024-08-24T09:48:03.153+0000] {logging_mixin.py:190} INFO - [2024-08-24T09:48:03.152+0000] {dag.py:4138} INFO - Setting next_dagrun for example_setup_teardown to 2024-08-23 00:00:00+00:00, run_after=2024-08-24 00:00:00+00:00
[2024-08-24T09:48:03.216+0000] {processor.py:208} INFO - Processing /home/airflow/.local/lib/python3.12/site-packages/airflow/example_dags/example_setup_teardown.py took 0.170 seconds
[2024-08-24T09:48:34.250+0000] {processor.py:186} INFO - Started process (PID=266) to work on /home/airflow/.local/lib/python3.12/site-packages/airflow/example_dags/example_setup_teardown.py
[2024-08-24T09:48:34.251+0000] {processor.py:914} INFO - Processing file /home/airflow/.local/lib/python3.12/site-packages/airflow/example_dags/example_setup_teardown.py for tasks to queue
[2024-08-24T09:48:34.254+0000] {logging_mixin.py:190} INFO - [2024-08-24T09:48:34.253+0000] {dagbag.py:587} INFO - Filling up the DagBag from /home/airflow/.local/lib/python3.12/site-packages/airflow/example_dags/example_setup_teardown.py
[2024-08-24T09:48:34.264+0000] {processor.py:925} INFO - DAG(s) 'example_setup_teardown' retrieved from /home/airflow/.local/lib/python3.12/site-packages/airflow/example_dags/example_setup_teardown.py
[2024-08-24T09:48:34.288+0000] {logging_mixin.py:190} INFO - [2024-08-24T09:48:34.288+0000] {dag.py:3211} INFO - Sync 1 DAGs
[2024-08-24T09:48:34.313+0000] {logging_mixin.py:190} INFO - [2024-08-24T09:48:34.313+0000] {dag.py:4138} INFO - Setting next_dagrun for example_setup_teardown to 2024-08-23 00:00:00+00:00, run_after=2024-08-24 00:00:00+00:00
[2024-08-24T09:48:34.338+0000] {processor.py:208} INFO - Processing /home/airflow/.local/lib/python3.12/site-packages/airflow/example_dags/example_setup_teardown.py took 0.094 seconds
[2024-08-24T09:49:04.759+0000] {processor.py:186} INFO - Started process (PID=329) to work on /home/airflow/.local/lib/python3.12/site-packages/airflow/example_dags/example_setup_teardown.py
[2024-08-24T09:49:04.760+0000] {processor.py:914} INFO - Processing file /home/airflow/.local/lib/python3.12/site-packages/airflow/example_dags/example_setup_teardown.py for tasks to queue
[2024-08-24T09:49:04.763+0000] {logging_mixin.py:190} INFO - [2024-08-24T09:49:04.763+0000] {dagbag.py:587} INFO - Filling up the DagBag from /home/airflow/.local/lib/python3.12/site-packages/airflow/example_dags/example_setup_teardown.py
[2024-08-24T09:49:04.774+0000] {processor.py:925} INFO - DAG(s) 'example_setup_teardown' retrieved from /home/airflow/.local/lib/python3.12/site-packages/airflow/example_dags/example_setup_teardown.py
[2024-08-24T09:49:04.799+0000] {logging_mixin.py:190} INFO - [2024-08-24T09:49:04.799+0000] {dag.py:3211} INFO - Sync 1 DAGs
[2024-08-24T09:49:04.827+0000] {logging_mixin.py:190} INFO - [2024-08-24T09:49:04.827+0000] {dag.py:4138} INFO - Setting next_dagrun for example_setup_teardown to 2024-08-23 00:00:00+00:00, run_after=2024-08-24 00:00:00+00:00
[2024-08-24T09:49:04.852+0000] {processor.py:208} INFO - Processing /home/airflow/.local/lib/python3.12/site-packages/airflow/example_dags/example_setup_teardown.py took 0.099 seconds
[2024-08-24T09:49:35.228+0000] {processor.py:186} INFO - Started process (PID=392) to work on /home/airflow/.local/lib/python3.12/site-packages/airflow/example_dags/example_setup_teardown.py
[2024-08-24T09:49:35.229+0000] {processor.py:914} INFO - Processing file /home/airflow/.local/lib/python3.12/site-packages/airflow/example_dags/example_setup_teardown.py for tasks to queue
[2024-08-24T09:49:35.231+0000] {logging_mixin.py:190} INFO - [2024-08-24T09:49:35.231+0000] {dagbag.py:587} INFO - Filling up the DagBag from /home/airflow/.local/lib/python3.12/site-packages/airflow/example_dags/example_setup_teardown.py
[2024-08-24T09:49:35.239+0000] {processor.py:925} INFO - DAG(s) 'example_setup_teardown' retrieved from /home/airflow/.local/lib/python3.12/site-packages/airflow/example_dags/example_setup_teardown.py
[2024-08-24T09:49:35.260+0000] {logging_mixin.py:190} INFO - [2024-08-24T09:49:35.260+0000] {dag.py:3211} INFO - Sync 1 DAGs
[2024-08-24T09:49:35.280+0000] {logging_mixin.py:190} INFO - [2024-08-24T09:49:35.280+0000] {dag.py:4138} INFO - Setting next_dagrun for example_setup_teardown to 2024-08-23 00:00:00+00:00, run_after=2024-08-24 00:00:00+00:00
[2024-08-24T09:49:35.300+0000] {processor.py:208} INFO - Processing /home/airflow/.local/lib/python3.12/site-packages/airflow/example_dags/example_setup_teardown.py took 0.077 seconds
[2024-08-24T09:50:06.087+0000] {processor.py:186} INFO - Started process (PID=455) to work on /home/airflow/.local/lib/python3.12/site-packages/airflow/example_dags/example_setup_teardown.py
[2024-08-24T09:50:06.088+0000] {processor.py:914} INFO - Processing file /home/airflow/.local/lib/python3.12/site-packages/airflow/example_dags/example_setup_teardown.py for tasks to queue
[2024-08-24T09:50:06.090+0000] {logging_mixin.py:190} INFO - [2024-08-24T09:50:06.090+0000] {dagbag.py:587} INFO - Filling up the DagBag from /home/airflow/.local/lib/python3.12/site-packages/airflow/example_dags/example_setup_teardown.py
[2024-08-24T09:50:06.098+0000] {processor.py:925} INFO - DAG(s) 'example_setup_teardown' retrieved from /home/airflow/.local/lib/python3.12/site-packages/airflow/example_dags/example_setup_teardown.py
[2024-08-24T09:50:06.122+0000] {logging_mixin.py:190} INFO - [2024-08-24T09:50:06.122+0000] {dag.py:3211} INFO - Sync 1 DAGs
[2024-08-24T09:50:06.146+0000] {logging_mixin.py:190} INFO - [2024-08-24T09:50:06.146+0000] {dag.py:4138} INFO - Setting next_dagrun for example_setup_teardown to 2024-08-23 00:00:00+00:00, run_after=2024-08-24 00:00:00+00:00
[2024-08-24T09:50:06.164+0000] {processor.py:208} INFO - Processing /home/airflow/.local/lib/python3.12/site-packages/airflow/example_dags/example_setup_teardown.py took 0.082 seconds
[2024-08-24T09:50:36.779+0000] {processor.py:186} INFO - Started process (PID=518) to work on /home/airflow/.local/lib/python3.12/site-packages/airflow/example_dags/example_setup_teardown.py
[2024-08-24T09:50:36.780+0000] {processor.py:914} INFO - Processing file /home/airflow/.local/lib/python3.12/site-packages/airflow/example_dags/example_setup_teardown.py for tasks to queue
[2024-08-24T09:50:36.783+0000] {logging_mixin.py:190} INFO - [2024-08-24T09:50:36.782+0000] {dagbag.py:587} INFO - Filling up the DagBag from /home/airflow/.local/lib/python3.12/site-packages/airflow/example_dags/example_setup_teardown.py
[2024-08-24T09:50:36.791+0000] {processor.py:925} INFO - DAG(s) 'example_setup_teardown' retrieved from /home/airflow/.local/lib/python3.12/site-packages/airflow/example_dags/example_setup_teardown.py
[2024-08-24T09:50:36.813+0000] {logging_mixin.py:190} INFO - [2024-08-24T09:50:36.813+0000] {dag.py:3211} INFO - Sync 1 DAGs
[2024-08-24T09:50:36.841+0000] {logging_mixin.py:190} INFO - [2024-08-24T09:50:36.841+0000] {dag.py:4138} INFO - Setting next_dagrun for example_setup_teardown to 2024-08-23 00:00:00+00:00, run_after=2024-08-24 00:00:00+00:00
[2024-08-24T09:50:36.864+0000] {processor.py:208} INFO - Processing /home/airflow/.local/lib/python3.12/site-packages/airflow/example_dags/example_setup_teardown.py took 0.090 seconds
[2024-08-24T09:51:07.150+0000] {processor.py:186} INFO - Started process (PID=581) to work on /home/airflow/.local/lib/python3.12/site-packages/airflow/example_dags/example_setup_teardown.py
[2024-08-24T09:51:07.152+0000] {processor.py:914} INFO - Processing file /home/airflow/.local/lib/python3.12/site-packages/airflow/example_dags/example_setup_teardown.py for tasks to queue
[2024-08-24T09:51:07.154+0000] {logging_mixin.py:190} INFO - [2024-08-24T09:51:07.153+0000] {dagbag.py:587} INFO - Filling up the DagBag from /home/airflow/.local/lib/python3.12/site-packages/airflow/example_dags/example_setup_teardown.py
[2024-08-24T09:51:07.161+0000] {processor.py:925} INFO - DAG(s) 'example_setup_teardown' retrieved from /home/airflow/.local/lib/python3.12/site-packages/airflow/example_dags/example_setup_teardown.py
[2024-08-24T09:51:07.184+0000] {logging_mixin.py:190} INFO - [2024-08-24T09:51:07.184+0000] {dag.py:3211} INFO - Sync 1 DAGs
[2024-08-24T09:51:07.209+0000] {logging_mixin.py:190} INFO - [2024-08-24T09:51:07.208+0000] {dag.py:4138} INFO - Setting next_dagrun for example_setup_teardown to 2024-08-23 00:00:00+00:00, run_after=2024-08-24 00:00:00+00:00
[2024-08-24T09:51:07.229+0000] {processor.py:208} INFO - Processing /home/airflow/.local/lib/python3.12/site-packages/airflow/example_dags/example_setup_teardown.py took 0.084 seconds
[2024-08-24T09:51:37.777+0000] {processor.py:186} INFO - Started process (PID=645) to work on /home/airflow/.local/lib/python3.12/site-packages/airflow/example_dags/example_setup_teardown.py
[2024-08-24T09:51:37.778+0000] {processor.py:914} INFO - Processing file /home/airflow/.local/lib/python3.12/site-packages/airflow/example_dags/example_setup_teardown.py for tasks to queue
[2024-08-24T09:51:37.781+0000] {logging_mixin.py:190} INFO - [2024-08-24T09:51:37.780+0000] {dagbag.py:587} INFO - Filling up the DagBag from /home/airflow/.local/lib/python3.12/site-packages/airflow/example_dags/example_setup_teardown.py
[2024-08-24T09:51:37.790+0000] {processor.py:925} INFO - DAG(s) 'example_setup_teardown' retrieved from /home/airflow/.local/lib/python3.12/site-packages/airflow/example_dags/example_setup_teardown.py
[2024-08-24T09:51:37.820+0000] {logging_mixin.py:190} INFO - [2024-08-24T09:51:37.820+0000] {dag.py:3211} INFO - Sync 1 DAGs
[2024-08-24T09:51:37.848+0000] {logging_mixin.py:190} INFO - [2024-08-24T09:51:37.847+0000] {dag.py:4138} INFO - Setting next_dagrun for example_setup_teardown to 2024-08-23 00:00:00+00:00, run_after=2024-08-24 00:00:00+00:00
[2024-08-24T09:51:37.875+0000] {processor.py:208} INFO - Processing /home/airflow/.local/lib/python3.12/site-packages/airflow/example_dags/example_setup_teardown.py took 0.103 seconds
