[2024-08-24T09:47:04.481+0000] {processor.py:186} INFO - Started process (PID=87) to work on /home/airflow/.local/lib/python3.12/site-packages/airflow/example_dags/tutorial.py
[2024-08-24T09:47:04.482+0000] {processor.py:914} INFO - Processing file /home/airflow/.local/lib/python3.12/site-packages/airflow/example_dags/tutorial.py for tasks to queue
[2024-08-24T09:47:04.486+0000] {logging_mixin.py:190} INFO - [2024-08-24T09:47:04.485+0000] {dagbag.py:587} INFO - Filling up the DagBag from /home/airflow/.local/lib/python3.12/site-packages/airflow/example_dags/tutorial.py
[2024-08-24T09:47:04.503+0000] {processor.py:925} INFO - DAG(s) 'tutorial' retrieved from /home/airflow/.local/lib/python3.12/site-packages/airflow/example_dags/tutorial.py
[2024-08-24T09:47:04.723+0000] {logging_mixin.py:190} INFO - [2024-08-24T09:47:04.722+0000] {override.py:1858} INFO - Created Permission View: can delete on DAG:tutorial
[2024-08-24T09:47:04.743+0000] {logging_mixin.py:190} INFO - [2024-08-24T09:47:04.742+0000] {override.py:1858} INFO - Created Permission View: can edit on DAG:tutorial
[2024-08-24T09:47:04.761+0000] {logging_mixin.py:190} INFO - [2024-08-24T09:47:04.760+0000] {override.py:1858} INFO - Created Permission View: can read on DAG:tutorial
[2024-08-24T09:47:04.762+0000] {logging_mixin.py:190} INFO - [2024-08-24T09:47:04.762+0000] {dag.py:3211} INFO - Sync 1 DAGs
[2024-08-24T09:47:04.791+0000] {logging_mixin.py:190} INFO - [2024-08-24T09:47:04.790+0000] {dag.py:3234} INFO - Creating ORM DAG for tutorial
[2024-08-24T09:47:04.811+0000] {logging_mixin.py:190} INFO - [2024-08-24T09:47:04.811+0000] {dag.py:4138} INFO - Setting next_dagrun for tutorial to 2024-08-23 00:00:00+00:00, run_after=2024-08-24 00:00:00+00:00
[2024-08-24T09:47:04.842+0000] {processor.py:208} INFO - Processing /home/airflow/.local/lib/python3.12/site-packages/airflow/example_dags/tutorial.py took 0.370 seconds
[2024-08-24T09:47:35.254+0000] {processor.py:186} INFO - Started process (PID=150) to work on /home/airflow/.local/lib/python3.12/site-packages/airflow/example_dags/tutorial.py
[2024-08-24T09:47:35.255+0000] {processor.py:914} INFO - Processing file /home/airflow/.local/lib/python3.12/site-packages/airflow/example_dags/tutorial.py for tasks to queue
[2024-08-24T09:47:35.258+0000] {logging_mixin.py:190} INFO - [2024-08-24T09:47:35.257+0000] {dagbag.py:587} INFO - Filling up the DagBag from /home/airflow/.local/lib/python3.12/site-packages/airflow/example_dags/tutorial.py
[2024-08-24T09:47:35.267+0000] {processor.py:925} INFO - DAG(s) 'tutorial' retrieved from /home/airflow/.local/lib/python3.12/site-packages/airflow/example_dags/tutorial.py
[2024-08-24T09:47:35.290+0000] {logging_mixin.py:190} INFO - [2024-08-24T09:47:35.290+0000] {dag.py:3211} INFO - Sync 1 DAGs
[2024-08-24T09:47:35.314+0000] {logging_mixin.py:190} INFO - [2024-08-24T09:47:35.314+0000] {dag.py:4138} INFO - Setting next_dagrun for tutorial to 2024-08-23 00:00:00+00:00, run_after=2024-08-24 00:00:00+00:00
[2024-08-24T09:47:35.336+0000] {processor.py:208} INFO - Processing /home/airflow/.local/lib/python3.12/site-packages/airflow/example_dags/tutorial.py took 0.089 seconds
[2024-08-24T09:48:06.407+0000] {processor.py:186} INFO - Started process (PID=213) to work on /home/airflow/.local/lib/python3.12/site-packages/airflow/example_dags/tutorial.py
[2024-08-24T09:48:06.408+0000] {processor.py:914} INFO - Processing file /home/airflow/.local/lib/python3.12/site-packages/airflow/example_dags/tutorial.py for tasks to queue
[2024-08-24T09:48:06.411+0000] {logging_mixin.py:190} INFO - [2024-08-24T09:48:06.411+0000] {dagbag.py:587} INFO - Filling up the DagBag from /home/airflow/.local/lib/python3.12/site-packages/airflow/example_dags/tutorial.py
[2024-08-24T09:48:06.420+0000] {processor.py:925} INFO - DAG(s) 'tutorial' retrieved from /home/airflow/.local/lib/python3.12/site-packages/airflow/example_dags/tutorial.py
[2024-08-24T09:48:06.447+0000] {logging_mixin.py:190} INFO - [2024-08-24T09:48:06.446+0000] {dag.py:3211} INFO - Sync 1 DAGs
[2024-08-24T09:48:06.475+0000] {logging_mixin.py:190} INFO - [2024-08-24T09:48:06.474+0000] {dag.py:4138} INFO - Setting next_dagrun for tutorial to 2024-08-23 00:00:00+00:00, run_after=2024-08-24 00:00:00+00:00
[2024-08-24T09:48:06.495+0000] {processor.py:208} INFO - Processing /home/airflow/.local/lib/python3.12/site-packages/airflow/example_dags/tutorial.py took 0.094 seconds
[2024-08-24T09:48:37.450+0000] {processor.py:186} INFO - Started process (PID=276) to work on /home/airflow/.local/lib/python3.12/site-packages/airflow/example_dags/tutorial.py
[2024-08-24T09:48:37.452+0000] {processor.py:914} INFO - Processing file /home/airflow/.local/lib/python3.12/site-packages/airflow/example_dags/tutorial.py for tasks to queue
[2024-08-24T09:48:37.455+0000] {logging_mixin.py:190} INFO - [2024-08-24T09:48:37.455+0000] {dagbag.py:587} INFO - Filling up the DagBag from /home/airflow/.local/lib/python3.12/site-packages/airflow/example_dags/tutorial.py
[2024-08-24T09:48:37.466+0000] {processor.py:925} INFO - DAG(s) 'tutorial' retrieved from /home/airflow/.local/lib/python3.12/site-packages/airflow/example_dags/tutorial.py
[2024-08-24T09:48:37.495+0000] {logging_mixin.py:190} INFO - [2024-08-24T09:48:37.495+0000] {dag.py:3211} INFO - Sync 1 DAGs
[2024-08-24T09:48:37.528+0000] {logging_mixin.py:190} INFO - [2024-08-24T09:48:37.528+0000] {dag.py:4138} INFO - Setting next_dagrun for tutorial to 2024-08-23 00:00:00+00:00, run_after=2024-08-24 00:00:00+00:00
[2024-08-24T09:48:37.554+0000] {processor.py:208} INFO - Processing /home/airflow/.local/lib/python3.12/site-packages/airflow/example_dags/tutorial.py took 0.111 seconds
[2024-08-24T09:49:07.660+0000] {processor.py:186} INFO - Started process (PID=339) to work on /home/airflow/.local/lib/python3.12/site-packages/airflow/example_dags/tutorial.py
[2024-08-24T09:49:07.661+0000] {processor.py:914} INFO - Processing file /home/airflow/.local/lib/python3.12/site-packages/airflow/example_dags/tutorial.py for tasks to queue
[2024-08-24T09:49:07.664+0000] {logging_mixin.py:190} INFO - [2024-08-24T09:49:07.664+0000] {dagbag.py:587} INFO - Filling up the DagBag from /home/airflow/.local/lib/python3.12/site-packages/airflow/example_dags/tutorial.py
[2024-08-24T09:49:07.672+0000] {processor.py:925} INFO - DAG(s) 'tutorial' retrieved from /home/airflow/.local/lib/python3.12/site-packages/airflow/example_dags/tutorial.py
[2024-08-24T09:49:07.693+0000] {logging_mixin.py:190} INFO - [2024-08-24T09:49:07.693+0000] {dag.py:3211} INFO - Sync 1 DAGs
[2024-08-24T09:49:07.714+0000] {logging_mixin.py:190} INFO - [2024-08-24T09:49:07.714+0000] {dag.py:4138} INFO - Setting next_dagrun for tutorial to 2024-08-23 00:00:00+00:00, run_after=2024-08-24 00:00:00+00:00
[2024-08-24T09:49:07.735+0000] {processor.py:208} INFO - Processing /home/airflow/.local/lib/python3.12/site-packages/airflow/example_dags/tutorial.py took 0.081 seconds
[2024-08-24T09:49:38.266+0000] {processor.py:186} INFO - Started process (PID=402) to work on /home/airflow/.local/lib/python3.12/site-packages/airflow/example_dags/tutorial.py
[2024-08-24T09:49:38.267+0000] {processor.py:914} INFO - Processing file /home/airflow/.local/lib/python3.12/site-packages/airflow/example_dags/tutorial.py for tasks to queue
[2024-08-24T09:49:38.273+0000] {logging_mixin.py:190} INFO - [2024-08-24T09:49:38.272+0000] {dagbag.py:587} INFO - Filling up the DagBag from /home/airflow/.local/lib/python3.12/site-packages/airflow/example_dags/tutorial.py
[2024-08-24T09:49:38.282+0000] {processor.py:925} INFO - DAG(s) 'tutorial' retrieved from /home/airflow/.local/lib/python3.12/site-packages/airflow/example_dags/tutorial.py
[2024-08-24T09:49:38.314+0000] {logging_mixin.py:190} INFO - [2024-08-24T09:49:38.314+0000] {dag.py:3211} INFO - Sync 1 DAGs
[2024-08-24T09:49:38.356+0000] {logging_mixin.py:190} INFO - [2024-08-24T09:49:38.355+0000] {dag.py:4138} INFO - Setting next_dagrun for tutorial to 2024-08-23 00:00:00+00:00, run_after=2024-08-24 00:00:00+00:00
[2024-08-24T09:49:38.383+0000] {processor.py:208} INFO - Processing /home/airflow/.local/lib/python3.12/site-packages/airflow/example_dags/tutorial.py took 0.126 seconds
[2024-08-24T09:50:08.894+0000] {processor.py:186} INFO - Started process (PID=465) to work on /home/airflow/.local/lib/python3.12/site-packages/airflow/example_dags/tutorial.py
[2024-08-24T09:50:08.896+0000] {processor.py:914} INFO - Processing file /home/airflow/.local/lib/python3.12/site-packages/airflow/example_dags/tutorial.py for tasks to queue
[2024-08-24T09:50:08.900+0000] {logging_mixin.py:190} INFO - [2024-08-24T09:50:08.899+0000] {dagbag.py:587} INFO - Filling up the DagBag from /home/airflow/.local/lib/python3.12/site-packages/airflow/example_dags/tutorial.py
[2024-08-24T09:50:08.909+0000] {processor.py:925} INFO - DAG(s) 'tutorial' retrieved from /home/airflow/.local/lib/python3.12/site-packages/airflow/example_dags/tutorial.py
[2024-08-24T09:50:08.942+0000] {logging_mixin.py:190} INFO - [2024-08-24T09:50:08.941+0000] {dag.py:3211} INFO - Sync 1 DAGs
[2024-08-24T09:50:08.969+0000] {logging_mixin.py:190} INFO - [2024-08-24T09:50:08.969+0000] {dag.py:4138} INFO - Setting next_dagrun for tutorial to 2024-08-23 00:00:00+00:00, run_after=2024-08-24 00:00:00+00:00
[2024-08-24T09:50:08.992+0000] {processor.py:208} INFO - Processing /home/airflow/.local/lib/python3.12/site-packages/airflow/example_dags/tutorial.py took 0.107 seconds
[2024-08-24T09:50:39.583+0000] {processor.py:186} INFO - Started process (PID=528) to work on /home/airflow/.local/lib/python3.12/site-packages/airflow/example_dags/tutorial.py
[2024-08-24T09:50:39.584+0000] {processor.py:914} INFO - Processing file /home/airflow/.local/lib/python3.12/site-packages/airflow/example_dags/tutorial.py for tasks to queue
[2024-08-24T09:50:39.587+0000] {logging_mixin.py:190} INFO - [2024-08-24T09:50:39.587+0000] {dagbag.py:587} INFO - Filling up the DagBag from /home/airflow/.local/lib/python3.12/site-packages/airflow/example_dags/tutorial.py
[2024-08-24T09:50:39.595+0000] {processor.py:925} INFO - DAG(s) 'tutorial' retrieved from /home/airflow/.local/lib/python3.12/site-packages/airflow/example_dags/tutorial.py
[2024-08-24T09:50:39.619+0000] {logging_mixin.py:190} INFO - [2024-08-24T09:50:39.619+0000] {dag.py:3211} INFO - Sync 1 DAGs
[2024-08-24T09:50:39.648+0000] {logging_mixin.py:190} INFO - [2024-08-24T09:50:39.647+0000] {dag.py:4138} INFO - Setting next_dagrun for tutorial to 2024-08-23 00:00:00+00:00, run_after=2024-08-24 00:00:00+00:00
[2024-08-24T09:50:39.675+0000] {processor.py:208} INFO - Processing /home/airflow/.local/lib/python3.12/site-packages/airflow/example_dags/tutorial.py took 0.098 seconds
[2024-08-24T09:51:10.012+0000] {processor.py:186} INFO - Started process (PID=591) to work on /home/airflow/.local/lib/python3.12/site-packages/airflow/example_dags/tutorial.py
[2024-08-24T09:51:10.013+0000] {processor.py:914} INFO - Processing file /home/airflow/.local/lib/python3.12/site-packages/airflow/example_dags/tutorial.py for tasks to queue
[2024-08-24T09:51:10.016+0000] {logging_mixin.py:190} INFO - [2024-08-24T09:51:10.016+0000] {dagbag.py:587} INFO - Filling up the DagBag from /home/airflow/.local/lib/python3.12/site-packages/airflow/example_dags/tutorial.py
[2024-08-24T09:51:10.026+0000] {processor.py:925} INFO - DAG(s) 'tutorial' retrieved from /home/airflow/.local/lib/python3.12/site-packages/airflow/example_dags/tutorial.py
[2024-08-24T09:51:10.051+0000] {logging_mixin.py:190} INFO - [2024-08-24T09:51:10.051+0000] {dag.py:3211} INFO - Sync 1 DAGs
[2024-08-24T09:51:10.079+0000] {logging_mixin.py:190} INFO - [2024-08-24T09:51:10.079+0000] {dag.py:4138} INFO - Setting next_dagrun for tutorial to 2024-08-23 00:00:00+00:00, run_after=2024-08-24 00:00:00+00:00
[2024-08-24T09:51:10.105+0000] {processor.py:208} INFO - Processing /home/airflow/.local/lib/python3.12/site-packages/airflow/example_dags/tutorial.py took 0.101 seconds
[2024-08-24T12:31:29.368+0000] {processor.py:186} INFO - Started process (PID=84) to work on /home/airflow/.local/lib/python3.12/site-packages/airflow/example_dags/tutorial.py
[2024-08-24T12:31:29.370+0000] {processor.py:914} INFO - Processing file /home/airflow/.local/lib/python3.12/site-packages/airflow/example_dags/tutorial.py for tasks to queue
[2024-08-24T12:31:29.373+0000] {logging_mixin.py:190} INFO - [2024-08-24T12:31:29.373+0000] {dagbag.py:587} INFO - Filling up the DagBag from /home/airflow/.local/lib/python3.12/site-packages/airflow/example_dags/tutorial.py
[2024-08-24T12:31:29.384+0000] {processor.py:925} INFO - DAG(s) 'tutorial' retrieved from /home/airflow/.local/lib/python3.12/site-packages/airflow/example_dags/tutorial.py
[2024-08-24T12:31:29.412+0000] {logging_mixin.py:190} INFO - [2024-08-24T12:31:29.412+0000] {dag.py:3211} INFO - Sync 1 DAGs
[2024-08-24T12:31:29.437+0000] {logging_mixin.py:190} INFO - [2024-08-24T12:31:29.437+0000] {dag.py:4138} INFO - Setting next_dagrun for tutorial to 2024-08-23 00:00:00+00:00, run_after=2024-08-24 00:00:00+00:00
[2024-08-24T12:31:29.459+0000] {processor.py:208} INFO - Processing /home/airflow/.local/lib/python3.12/site-packages/airflow/example_dags/tutorial.py took 0.099 seconds
[2024-08-24T12:31:59.752+0000] {processor.py:186} INFO - Started process (PID=147) to work on /home/airflow/.local/lib/python3.12/site-packages/airflow/example_dags/tutorial.py
[2024-08-24T12:31:59.753+0000] {processor.py:914} INFO - Processing file /home/airflow/.local/lib/python3.12/site-packages/airflow/example_dags/tutorial.py for tasks to queue
[2024-08-24T12:31:59.756+0000] {logging_mixin.py:190} INFO - [2024-08-24T12:31:59.755+0000] {dagbag.py:587} INFO - Filling up the DagBag from /home/airflow/.local/lib/python3.12/site-packages/airflow/example_dags/tutorial.py
[2024-08-24T12:31:59.763+0000] {processor.py:925} INFO - DAG(s) 'tutorial' retrieved from /home/airflow/.local/lib/python3.12/site-packages/airflow/example_dags/tutorial.py
[2024-08-24T12:31:59.783+0000] {logging_mixin.py:190} INFO - [2024-08-24T12:31:59.783+0000] {dag.py:3211} INFO - Sync 1 DAGs
[2024-08-24T12:31:59.804+0000] {logging_mixin.py:190} INFO - [2024-08-24T12:31:59.804+0000] {dag.py:4138} INFO - Setting next_dagrun for tutorial to 2024-08-23 00:00:00+00:00, run_after=2024-08-24 00:00:00+00:00
[2024-08-24T12:31:59.825+0000] {processor.py:208} INFO - Processing /home/airflow/.local/lib/python3.12/site-packages/airflow/example_dags/tutorial.py took 0.079 seconds
[2024-08-24T12:32:30.271+0000] {processor.py:186} INFO - Started process (PID=210) to work on /home/airflow/.local/lib/python3.12/site-packages/airflow/example_dags/tutorial.py
[2024-08-24T12:32:30.272+0000] {processor.py:914} INFO - Processing file /home/airflow/.local/lib/python3.12/site-packages/airflow/example_dags/tutorial.py for tasks to queue
[2024-08-24T12:32:30.274+0000] {logging_mixin.py:190} INFO - [2024-08-24T12:32:30.273+0000] {dagbag.py:587} INFO - Filling up the DagBag from /home/airflow/.local/lib/python3.12/site-packages/airflow/example_dags/tutorial.py
[2024-08-24T12:32:30.281+0000] {processor.py:925} INFO - DAG(s) 'tutorial' retrieved from /home/airflow/.local/lib/python3.12/site-packages/airflow/example_dags/tutorial.py
[2024-08-24T12:32:30.301+0000] {logging_mixin.py:190} INFO - [2024-08-24T12:32:30.301+0000] {dag.py:3211} INFO - Sync 1 DAGs
[2024-08-24T12:32:30.323+0000] {logging_mixin.py:190} INFO - [2024-08-24T12:32:30.323+0000] {dag.py:4138} INFO - Setting next_dagrun for tutorial to 2024-08-23 00:00:00+00:00, run_after=2024-08-24 00:00:00+00:00
[2024-08-24T12:32:30.343+0000] {processor.py:208} INFO - Processing /home/airflow/.local/lib/python3.12/site-packages/airflow/example_dags/tutorial.py took 0.077 seconds
[2024-08-24T12:33:00.667+0000] {processor.py:186} INFO - Started process (PID=273) to work on /home/airflow/.local/lib/python3.12/site-packages/airflow/example_dags/tutorial.py
[2024-08-24T12:33:00.668+0000] {processor.py:914} INFO - Processing file /home/airflow/.local/lib/python3.12/site-packages/airflow/example_dags/tutorial.py for tasks to queue
[2024-08-24T12:33:00.670+0000] {logging_mixin.py:190} INFO - [2024-08-24T12:33:00.670+0000] {dagbag.py:587} INFO - Filling up the DagBag from /home/airflow/.local/lib/python3.12/site-packages/airflow/example_dags/tutorial.py
[2024-08-24T12:33:00.676+0000] {processor.py:925} INFO - DAG(s) 'tutorial' retrieved from /home/airflow/.local/lib/python3.12/site-packages/airflow/example_dags/tutorial.py
[2024-08-24T12:33:00.696+0000] {logging_mixin.py:190} INFO - [2024-08-24T12:33:00.696+0000] {dag.py:3211} INFO - Sync 1 DAGs
[2024-08-24T12:33:00.716+0000] {logging_mixin.py:190} INFO - [2024-08-24T12:33:00.716+0000] {dag.py:4138} INFO - Setting next_dagrun for tutorial to 2024-08-23 00:00:00+00:00, run_after=2024-08-24 00:00:00+00:00
[2024-08-24T12:33:00.735+0000] {processor.py:208} INFO - Processing /home/airflow/.local/lib/python3.12/site-packages/airflow/example_dags/tutorial.py took 0.072 seconds
[2024-08-24T12:33:31.536+0000] {processor.py:186} INFO - Started process (PID=336) to work on /home/airflow/.local/lib/python3.12/site-packages/airflow/example_dags/tutorial.py
[2024-08-24T12:33:31.537+0000] {processor.py:914} INFO - Processing file /home/airflow/.local/lib/python3.12/site-packages/airflow/example_dags/tutorial.py for tasks to queue
[2024-08-24T12:33:31.539+0000] {logging_mixin.py:190} INFO - [2024-08-24T12:33:31.538+0000] {dagbag.py:587} INFO - Filling up the DagBag from /home/airflow/.local/lib/python3.12/site-packages/airflow/example_dags/tutorial.py
[2024-08-24T12:33:31.545+0000] {processor.py:925} INFO - DAG(s) 'tutorial' retrieved from /home/airflow/.local/lib/python3.12/site-packages/airflow/example_dags/tutorial.py
[2024-08-24T12:33:31.564+0000] {logging_mixin.py:190} INFO - [2024-08-24T12:33:31.564+0000] {dag.py:3211} INFO - Sync 1 DAGs
[2024-08-24T12:33:31.583+0000] {logging_mixin.py:190} INFO - [2024-08-24T12:33:31.583+0000] {dag.py:4138} INFO - Setting next_dagrun for tutorial to 2024-08-23 00:00:00+00:00, run_after=2024-08-24 00:00:00+00:00
[2024-08-24T12:33:31.603+0000] {processor.py:208} INFO - Processing /home/airflow/.local/lib/python3.12/site-packages/airflow/example_dags/tutorial.py took 0.071 seconds
[2024-08-24T12:34:02.587+0000] {processor.py:186} INFO - Started process (PID=399) to work on /home/airflow/.local/lib/python3.12/site-packages/airflow/example_dags/tutorial.py
[2024-08-24T12:34:02.588+0000] {processor.py:914} INFO - Processing file /home/airflow/.local/lib/python3.12/site-packages/airflow/example_dags/tutorial.py for tasks to queue
[2024-08-24T12:34:02.592+0000] {logging_mixin.py:190} INFO - [2024-08-24T12:34:02.591+0000] {dagbag.py:587} INFO - Filling up the DagBag from /home/airflow/.local/lib/python3.12/site-packages/airflow/example_dags/tutorial.py
[2024-08-24T12:34:02.605+0000] {processor.py:925} INFO - DAG(s) 'tutorial' retrieved from /home/airflow/.local/lib/python3.12/site-packages/airflow/example_dags/tutorial.py
[2024-08-24T12:34:02.633+0000] {logging_mixin.py:190} INFO - [2024-08-24T12:34:02.633+0000] {dag.py:3211} INFO - Sync 1 DAGs
[2024-08-24T12:34:02.660+0000] {logging_mixin.py:190} INFO - [2024-08-24T12:34:02.660+0000] {dag.py:4138} INFO - Setting next_dagrun for tutorial to 2024-08-23 00:00:00+00:00, run_after=2024-08-24 00:00:00+00:00
[2024-08-24T12:34:02.682+0000] {processor.py:208} INFO - Processing /home/airflow/.local/lib/python3.12/site-packages/airflow/example_dags/tutorial.py took 0.105 seconds
