[2024-08-24T09:46:59.929+0000] {processor.py:186} INFO - Started process (PID=68) to work on /opt/airflow/dags/main.py
[2024-08-24T09:46:59.930+0000] {processor.py:914} INFO - Processing file /opt/airflow/dags/main.py for tasks to queue
[2024-08-24T09:46:59.935+0000] {logging_mixin.py:190} INFO - [2024-08-24T09:46:59.935+0000] {dagbag.py:587} INFO - Filling up the DagBag from /opt/airflow/dags/main.py
[2024-08-24T09:46:59.981+0000] {processor.py:925} INFO - DAG(s) 'main' retrieved from /opt/airflow/dags/main.py
[2024-08-24T09:47:00.336+0000] {logging_mixin.py:190} INFO - [2024-08-24T09:47:00.335+0000] {override.py:1858} INFO - Created Permission View: can delete on DAG:main
[2024-08-24T09:47:00.349+0000] {logging_mixin.py:190} INFO - [2024-08-24T09:47:00.349+0000] {override.py:1858} INFO - Created Permission View: can edit on DAG:main
[2024-08-24T09:47:00.358+0000] {logging_mixin.py:190} INFO - [2024-08-24T09:47:00.358+0000] {override.py:1858} INFO - Created Permission View: can read on DAG:main
[2024-08-24T09:47:00.359+0000] {logging_mixin.py:190} INFO - [2024-08-24T09:47:00.359+0000] {dag.py:3211} INFO - Sync 1 DAGs
[2024-08-24T09:47:00.378+0000] {logging_mixin.py:190} INFO - [2024-08-24T09:47:00.378+0000] {dag.py:3234} INFO - Creating ORM DAG for main
[2024-08-24T09:47:00.393+0000] {logging_mixin.py:190} INFO - [2024-08-24T09:47:00.393+0000] {dag.py:4138} INFO - Setting next_dagrun for main to 2024-08-01 00:00:00+00:00, run_after=2024-08-31 00:00:00+00:00
[2024-08-24T09:47:00.416+0000] {processor.py:208} INFO - Processing /opt/airflow/dags/main.py took 0.497 seconds
[2024-08-24T09:47:30.713+0000] {processor.py:186} INFO - Started process (PID=131) to work on /opt/airflow/dags/main.py
[2024-08-24T09:47:30.715+0000] {processor.py:914} INFO - Processing file /opt/airflow/dags/main.py for tasks to queue
[2024-08-24T09:47:30.719+0000] {logging_mixin.py:190} INFO - [2024-08-24T09:47:30.718+0000] {dagbag.py:587} INFO - Filling up the DagBag from /opt/airflow/dags/main.py
[2024-08-24T09:47:30.743+0000] {processor.py:925} INFO - DAG(s) 'main' retrieved from /opt/airflow/dags/main.py
[2024-08-24T09:47:30.771+0000] {logging_mixin.py:190} INFO - [2024-08-24T09:47:30.771+0000] {dag.py:3211} INFO - Sync 1 DAGs
[2024-08-24T09:47:30.799+0000] {logging_mixin.py:190} INFO - [2024-08-24T09:47:30.798+0000] {dag.py:4138} INFO - Setting next_dagrun for main to 2024-08-01 00:00:00+00:00, run_after=2024-08-31 00:00:00+00:00
[2024-08-24T09:47:30.830+0000] {processor.py:208} INFO - Processing /opt/airflow/dags/main.py took 0.123 seconds
[2024-08-24T09:48:01.332+0000] {processor.py:186} INFO - Started process (PID=194) to work on /opt/airflow/dags/main.py
[2024-08-24T09:48:01.333+0000] {processor.py:914} INFO - Processing file /opt/airflow/dags/main.py for tasks to queue
[2024-08-24T09:48:01.336+0000] {logging_mixin.py:190} INFO - [2024-08-24T09:48:01.335+0000] {dagbag.py:587} INFO - Filling up the DagBag from /opt/airflow/dags/main.py
[2024-08-24T09:48:01.357+0000] {processor.py:925} INFO - DAG(s) 'main' retrieved from /opt/airflow/dags/main.py
[2024-08-24T09:48:01.375+0000] {logging_mixin.py:190} INFO - [2024-08-24T09:48:01.375+0000] {dag.py:3211} INFO - Sync 1 DAGs
[2024-08-24T09:48:01.405+0000] {logging_mixin.py:190} INFO - [2024-08-24T09:48:01.405+0000] {dag.py:4138} INFO - Setting next_dagrun for main to 2024-08-01 00:00:00+00:00, run_after=2024-08-31 00:00:00+00:00
[2024-08-24T09:48:01.430+0000] {processor.py:208} INFO - Processing /opt/airflow/dags/main.py took 0.105 seconds
[2024-08-24T09:48:31.621+0000] {processor.py:186} INFO - Started process (PID=257) to work on /opt/airflow/dags/main.py
[2024-08-24T09:48:31.622+0000] {processor.py:914} INFO - Processing file /opt/airflow/dags/main.py for tasks to queue
[2024-08-24T09:48:31.626+0000] {logging_mixin.py:190} INFO - [2024-08-24T09:48:31.625+0000] {dagbag.py:587} INFO - Filling up the DagBag from /opt/airflow/dags/main.py
[2024-08-24T09:48:31.651+0000] {processor.py:925} INFO - DAG(s) 'main' retrieved from /opt/airflow/dags/main.py
[2024-08-24T09:48:31.680+0000] {logging_mixin.py:190} INFO - [2024-08-24T09:48:31.680+0000] {dag.py:3211} INFO - Sync 1 DAGs
[2024-08-24T09:48:31.718+0000] {logging_mixin.py:190} INFO - [2024-08-24T09:48:31.717+0000] {dag.py:4138} INFO - Setting next_dagrun for main to 2024-08-01 00:00:00+00:00, run_after=2024-08-31 00:00:00+00:00
[2024-08-24T09:48:31.749+0000] {processor.py:208} INFO - Processing /opt/airflow/dags/main.py took 0.139 seconds
[2024-08-24T09:49:02.089+0000] {processor.py:186} INFO - Started process (PID=320) to work on /opt/airflow/dags/main.py
[2024-08-24T09:49:02.090+0000] {processor.py:914} INFO - Processing file /opt/airflow/dags/main.py for tasks to queue
[2024-08-24T09:49:02.092+0000] {logging_mixin.py:190} INFO - [2024-08-24T09:49:02.092+0000] {dagbag.py:587} INFO - Filling up the DagBag from /opt/airflow/dags/main.py
[2024-08-24T09:49:02.108+0000] {processor.py:925} INFO - DAG(s) 'main' retrieved from /opt/airflow/dags/main.py
[2024-08-24T09:49:02.127+0000] {logging_mixin.py:190} INFO - [2024-08-24T09:49:02.126+0000] {dag.py:3211} INFO - Sync 1 DAGs
[2024-08-24T09:49:02.151+0000] {logging_mixin.py:190} INFO - [2024-08-24T09:49:02.151+0000] {dag.py:4138} INFO - Setting next_dagrun for main to 2024-08-01 00:00:00+00:00, run_after=2024-08-31 00:00:00+00:00
[2024-08-24T09:49:02.179+0000] {processor.py:208} INFO - Processing /opt/airflow/dags/main.py took 0.095 seconds
[2024-08-24T09:49:32.667+0000] {processor.py:186} INFO - Started process (PID=383) to work on /opt/airflow/dags/main.py
[2024-08-24T09:49:32.668+0000] {processor.py:914} INFO - Processing file /opt/airflow/dags/main.py for tasks to queue
[2024-08-24T09:49:32.671+0000] {logging_mixin.py:190} INFO - [2024-08-24T09:49:32.671+0000] {dagbag.py:587} INFO - Filling up the DagBag from /opt/airflow/dags/main.py
[2024-08-24T09:49:32.692+0000] {processor.py:925} INFO - DAG(s) 'main' retrieved from /opt/airflow/dags/main.py
[2024-08-24T09:49:32.715+0000] {logging_mixin.py:190} INFO - [2024-08-24T09:49:32.715+0000] {dag.py:3211} INFO - Sync 1 DAGs
[2024-08-24T09:49:32.740+0000] {logging_mixin.py:190} INFO - [2024-08-24T09:49:32.740+0000] {dag.py:4138} INFO - Setting next_dagrun for main to 2024-08-01 00:00:00+00:00, run_after=2024-08-31 00:00:00+00:00
[2024-08-24T09:49:32.768+0000] {processor.py:208} INFO - Processing /opt/airflow/dags/main.py took 0.108 seconds
[2024-08-24T09:50:03.567+0000] {processor.py:186} INFO - Started process (PID=446) to work on /opt/airflow/dags/main.py
[2024-08-24T09:50:03.568+0000] {processor.py:914} INFO - Processing file /opt/airflow/dags/main.py for tasks to queue
[2024-08-24T09:50:03.574+0000] {logging_mixin.py:190} INFO - [2024-08-24T09:50:03.571+0000] {dagbag.py:587} INFO - Filling up the DagBag from /opt/airflow/dags/main.py
[2024-08-24T09:50:03.595+0000] {processor.py:925} INFO - DAG(s) 'main' retrieved from /opt/airflow/dags/main.py
[2024-08-24T09:50:03.617+0000] {logging_mixin.py:190} INFO - [2024-08-24T09:50:03.616+0000] {dag.py:3211} INFO - Sync 1 DAGs
[2024-08-24T09:50:03.642+0000] {logging_mixin.py:190} INFO - [2024-08-24T09:50:03.642+0000] {dag.py:4138} INFO - Setting next_dagrun for main to 2024-08-01 00:00:00+00:00, run_after=2024-08-31 00:00:00+00:00
[2024-08-24T09:50:03.665+0000] {processor.py:208} INFO - Processing /opt/airflow/dags/main.py took 0.105 seconds
[2024-08-24T09:50:34.225+0000] {processor.py:186} INFO - Started process (PID=509) to work on /opt/airflow/dags/main.py
[2024-08-24T09:50:34.226+0000] {processor.py:914} INFO - Processing file /opt/airflow/dags/main.py for tasks to queue
[2024-08-24T09:50:34.228+0000] {logging_mixin.py:190} INFO - [2024-08-24T09:50:34.228+0000] {dagbag.py:587} INFO - Filling up the DagBag from /opt/airflow/dags/main.py
[2024-08-24T09:50:34.248+0000] {processor.py:925} INFO - DAG(s) 'main' retrieved from /opt/airflow/dags/main.py
[2024-08-24T09:50:34.269+0000] {logging_mixin.py:190} INFO - [2024-08-24T09:50:34.269+0000] {dag.py:3211} INFO - Sync 1 DAGs
[2024-08-24T09:50:34.297+0000] {logging_mixin.py:190} INFO - [2024-08-24T09:50:34.296+0000] {dag.py:4138} INFO - Setting next_dagrun for main to 2024-08-01 00:00:00+00:00, run_after=2024-08-31 00:00:00+00:00
[2024-08-24T09:50:34.317+0000] {processor.py:208} INFO - Processing /opt/airflow/dags/main.py took 0.099 seconds
[2024-08-24T09:51:04.630+0000] {processor.py:186} INFO - Started process (PID=572) to work on /opt/airflow/dags/main.py
[2024-08-24T09:51:04.630+0000] {processor.py:914} INFO - Processing file /opt/airflow/dags/main.py for tasks to queue
[2024-08-24T09:51:04.633+0000] {logging_mixin.py:190} INFO - [2024-08-24T09:51:04.633+0000] {dagbag.py:587} INFO - Filling up the DagBag from /opt/airflow/dags/main.py
[2024-08-24T09:51:04.650+0000] {processor.py:925} INFO - DAG(s) 'main' retrieved from /opt/airflow/dags/main.py
[2024-08-24T09:51:04.668+0000] {logging_mixin.py:190} INFO - [2024-08-24T09:51:04.668+0000] {dag.py:3211} INFO - Sync 1 DAGs
[2024-08-24T09:51:04.690+0000] {logging_mixin.py:190} INFO - [2024-08-24T09:51:04.690+0000] {dag.py:4138} INFO - Setting next_dagrun for main to 2024-08-01 00:00:00+00:00, run_after=2024-08-31 00:00:00+00:00
[2024-08-24T09:51:04.710+0000] {processor.py:208} INFO - Processing /opt/airflow/dags/main.py took 0.085 seconds
[2024-08-24T09:51:35.146+0000] {processor.py:186} INFO - Started process (PID=636) to work on /opt/airflow/dags/main.py
[2024-08-24T09:51:35.148+0000] {processor.py:914} INFO - Processing file /opt/airflow/dags/main.py for tasks to queue
[2024-08-24T09:51:35.151+0000] {logging_mixin.py:190} INFO - [2024-08-24T09:51:35.150+0000] {dagbag.py:587} INFO - Filling up the DagBag from /opt/airflow/dags/main.py
[2024-08-24T09:51:35.181+0000] {processor.py:925} INFO - DAG(s) 'main' retrieved from /opt/airflow/dags/main.py
[2024-08-24T09:51:35.207+0000] {logging_mixin.py:190} INFO - [2024-08-24T09:51:35.207+0000] {dag.py:3211} INFO - Sync 1 DAGs
[2024-08-24T09:51:35.236+0000] {logging_mixin.py:190} INFO - [2024-08-24T09:51:35.235+0000] {dag.py:4138} INFO - Setting next_dagrun for main to 2024-08-01 00:00:00+00:00, run_after=2024-08-31 00:00:00+00:00
[2024-08-24T09:51:35.274+0000] {processor.py:208} INFO - Processing /opt/airflow/dags/main.py took 0.135 seconds
