[2024-09-05T14:16:43.647+0000] {processor.py:186} INFO - Started process (PID=184) to work on /opt/airflow/dags/main.py
[2024-09-05T14:16:43.648+0000] {processor.py:914} INFO - Processing file /opt/airflow/dags/main.py for tasks to queue
[2024-09-05T14:16:43.650+0000] {logging_mixin.py:190} INFO - [2024-09-05T14:16:43.650+0000] {dagbag.py:587} INFO - Filling up the DagBag from /opt/airflow/dags/main.py
[2024-09-05T14:16:43.684+0000] {processor.py:925} INFO - DAG(s) 'main' retrieved from /opt/airflow/dags/main.py
[2024-09-05T14:16:43.720+0000] {logging_mixin.py:190} INFO - [2024-09-05T14:16:43.720+0000] {dag.py:3211} INFO - Sync 1 DAGs
[2024-09-05T14:16:43.749+0000] {logging_mixin.py:190} INFO - [2024-09-05T14:16:43.749+0000] {dag.py:4138} INFO - Setting next_dagrun for main to 2024-09-01 00:00:00+00:00, run_after=2024-10-01 00:00:00+00:00
[2024-09-05T14:16:43.770+0000] {processor.py:208} INFO - Processing /opt/airflow/dags/main.py took 0.128 seconds
[2024-09-05T14:17:13.962+0000] {processor.py:186} INFO - Started process (PID=189) to work on /opt/airflow/dags/main.py
[2024-09-05T14:17:13.963+0000] {processor.py:914} INFO - Processing file /opt/airflow/dags/main.py for tasks to queue
[2024-09-05T14:17:13.964+0000] {logging_mixin.py:190} INFO - [2024-09-05T14:17:13.964+0000] {dagbag.py:587} INFO - Filling up the DagBag from /opt/airflow/dags/main.py
[2024-09-05T14:17:13.998+0000] {processor.py:925} INFO - DAG(s) 'main' retrieved from /opt/airflow/dags/main.py
[2024-09-05T14:17:14.025+0000] {logging_mixin.py:190} INFO - [2024-09-05T14:17:14.025+0000] {dag.py:3211} INFO - Sync 1 DAGs
[2024-09-05T14:17:14.046+0000] {logging_mixin.py:190} INFO - [2024-09-05T14:17:14.046+0000] {dag.py:4138} INFO - Setting next_dagrun for main to 2024-09-01 00:00:00+00:00, run_after=2024-10-01 00:00:00+00:00
[2024-09-05T14:17:14.077+0000] {processor.py:208} INFO - Processing /opt/airflow/dags/main.py took 0.120 seconds
[2024-09-05T14:17:44.355+0000] {processor.py:186} INFO - Started process (PID=194) to work on /opt/airflow/dags/main.py
[2024-09-05T14:17:44.356+0000] {processor.py:914} INFO - Processing file /opt/airflow/dags/main.py for tasks to queue
[2024-09-05T14:17:44.360+0000] {logging_mixin.py:190} INFO - [2024-09-05T14:17:44.359+0000] {dagbag.py:587} INFO - Filling up the DagBag from /opt/airflow/dags/main.py
[2024-09-05T14:17:44.387+0000] {processor.py:925} INFO - DAG(s) 'main' retrieved from /opt/airflow/dags/main.py
[2024-09-05T14:17:44.427+0000] {logging_mixin.py:190} INFO - [2024-09-05T14:17:44.427+0000] {dag.py:3211} INFO - Sync 1 DAGs
[2024-09-05T14:17:44.453+0000] {logging_mixin.py:190} INFO - [2024-09-05T14:17:44.453+0000] {dag.py:4138} INFO - Setting next_dagrun for main to 2024-09-01 00:00:00+00:00, run_after=2024-10-01 00:00:00+00:00
[2024-09-05T14:17:44.482+0000] {processor.py:208} INFO - Processing /opt/airflow/dags/main.py took 0.135 seconds
