[2024-08-24T12:50:39.172+0000] {local_task_job_runner.py:123} INFO - ::group::Pre task execution logs
[2024-08-24T12:50:39.189+0000] {taskinstance.py:2603} INFO - Dependencies all met for dep_context=non-requeueable deps ti=<TaskInstance: tutorial_taskflow_api.load manual__2024-08-24T12:50:35.565041+00:00 [queued]>
[2024-08-24T12:50:39.197+0000] {taskinstance.py:2603} INFO - Dependencies all met for dep_context=requeueable deps ti=<TaskInstance: tutorial_taskflow_api.load manual__2024-08-24T12:50:35.565041+00:00 [queued]>
[2024-08-24T12:50:39.198+0000] {taskinstance.py:2856} INFO - Starting attempt 1 of 1
[2024-08-24T12:50:39.210+0000] {taskinstance.py:2879} INFO - Executing <Task(_PythonDecoratedOperator): load> on 2024-08-24 12:50:35.565041+00:00
[2024-08-24T12:50:39.214+0000] {warnings.py:112} WARNING - /home/***/.local/lib/python3.12/site-packages/***/task/task_runner/standard_task_runner.py:70: DeprecationWarning: This process (pid=205) is multi-threaded, use of fork() may lead to deadlocks in the child.
  pid = os.fork()

[2024-08-24T12:50:39.216+0000] {standard_task_runner.py:72} INFO - Started process 206 to run task
[2024-08-24T12:50:39.216+0000] {standard_task_runner.py:104} INFO - Running: ['***', 'tasks', 'run', 'tutorial_taskflow_api', 'load', 'manual__2024-08-24T12:50:35.565041+00:00', '--job-id', '4', '--raw', '--subdir', 'DAGS_FOLDER/main.py', '--cfg-path', '/tmp/tmpfb_f3h66']
[2024-08-24T12:50:39.217+0000] {standard_task_runner.py:105} INFO - Job 4: Subtask load
[2024-08-24T12:50:39.268+0000] {task_command.py:467} INFO - Running <TaskInstance: tutorial_taskflow_api.load manual__2024-08-24T12:50:35.565041+00:00 [running]> on host d334eccfe2d9
[2024-08-24T12:50:39.353+0000] {taskinstance.py:3122} INFO - Exporting env vars: AIRFLOW_CTX_DAG_OWNER='***' AIRFLOW_CTX_DAG_ID='tutorial_taskflow_api' AIRFLOW_CTX_TASK_ID='load' AIRFLOW_CTX_EXECUTION_DATE='2024-08-24T12:50:35.565041+00:00' AIRFLOW_CTX_TRY_NUMBER='1' AIRFLOW_CTX_DAG_RUN_ID='manual__2024-08-24T12:50:35.565041+00:00'
[2024-08-24T12:50:39.355+0000] {taskinstance.py:731} INFO - ::endgroup::
[2024-08-24T12:50:39.357+0000] {logging_mixin.py:190} INFO - Total order value is: 1236.70
[2024-08-24T12:50:39.358+0000] {python.py:240} INFO - Done. Returned value was: None
[2024-08-24T12:50:39.367+0000] {taskinstance.py:340} INFO - ::group::Post task execution logs
[2024-08-24T12:50:39.368+0000] {taskinstance.py:352} INFO - Marking task as SUCCESS. dag_id=tutorial_taskflow_api, task_id=load, run_id=manual__2024-08-24T12:50:35.565041+00:00, execution_date=20240824T125035, start_date=20240824T125039, end_date=20240824T125039
[2024-08-24T12:50:39.392+0000] {local_task_job_runner.py:261} INFO - Task exited with return code 0
[2024-08-24T12:50:39.407+0000] {taskinstance.py:3891} INFO - 0 downstream tasks scheduled from follow-on schedule check
[2024-08-24T12:50:39.410+0000] {local_task_job_runner.py:240} INFO - ::endgroup::
